[0.060s] Invoking command in '/home/gkasha/Documents/maae/build/ma_interfaces': CMAKE_PREFIX_PATH=${CMAKE_PREFIX_PATH}:/home/gkasha/ros2_humble/install/rqt_bag_plugins:/home/gkasha/ros2_humble/install/rqt_bag:/home/gkasha/ros2_humble/install/ros2bag:/home/gkasha/ros2_humble/install/tracetools_test:/home/gkasha/ros2_humble/install/tracetools_launch:/home/gkasha/ros2_humble/install/topic_monitor:/home/gkasha/ros2_humble/install/tf2_tools:/home/gkasha/ros2_humble/install/examples_tf2_py:/home/gkasha/ros2_humble/install/tf2_ros_py:/home/gkasha/ros2_humble/install/sros2:/home/gkasha/ros2_humble/install/rqt_topic:/home/gkasha/ros2_humble/install/rqt_srv:/home/gkasha/ros2_humble/install/rqt_shell:/home/gkasha/ros2_humble/install/rqt_service_caller:/home/gkasha/ros2_humble/install/rqt_reconfigure:/home/gkasha/ros2_humble/install/rqt_py_console:/home/gkasha/ros2_humble/install/rqt_publisher:/home/gkasha/ros2_humble/install/rqt_plot:/home/gkasha/ros2_humble/install/rqt_action:/home/gkasha/ros2_humble/install/rqt_msg:/home/gkasha/ros2_humble/install/rqt_console:/home/gkasha/ros2_humble/install/rqt:/home/gkasha/ros2_humble/install/rqt_graph:/home/gkasha/ros2_humble/install/rqt_gui_py:/home/gkasha/ros2_humble/install/rqt_gui:/home/gkasha/ros2_humble/install/ros2trace:/home/gkasha/ros2_humble/install/ros2topic:/home/gkasha/ros2_humble/install/ros2test:/home/gkasha/ros2_humble/install/ros2component:/home/gkasha/ros2_humble/install/ros2param:/home/gkasha/ros2_humble/install/ros2lifecycle:/home/gkasha/ros2_humble/install/ros2service:/home/gkasha/ros2_humble/install/ros2run:/home/gkasha/ros2_humble/install/ros2launch:/home/gkasha/ros2_humble/install/ros2pkg:/home/gkasha/ros2_humble/install/ros2node:/home/gkasha/ros2_humble/install/ros2multicast:/home/gkasha/ros2_humble/install/ros2interface:/home/gkasha/ros2_humble/install/ros2doctor:/home/gkasha/ros2_humble/install/ros2action:/home/gkasha/ros2_humble/install/ros2cli:/home/gkasha/ros2_humble/install/quality_of_service_demo_py:/home/gkasha/ros2_humble/install/lifecycle_py:/home/gkasha/ros2_humble/install/launch_testing_ros:/home/gkasha/ros2_humble/install/launch_ros:/home/gkasha/ros2_humble/install/examples_rclpy_pointcloud_publisher:/home/gkasha/ros2_humble/install/examples_rclpy_minimal_subscriber:/home/gkasha/ros2_humble/install/examples_rclpy_minimal_service:/home/gkasha/ros2_humble/install/examples_rclpy_minimal_publisher:/home/gkasha/ros2_humble/install/examples_rclpy_minimal_client:/home/gkasha/ros2_humble/install/examples_rclpy_minimal_action_server:/home/gkasha/ros2_humble/install/examples_rclpy_minimal_action_client:/home/gkasha/ros2_humble/install/examples_rclpy_guard_conditions:/home/gkasha/ros2_humble/install/examples_rclpy_executors:/home/gkasha/ros2_humble/install/demo_nodes_py:/home/gkasha/ros2_humble/install/action_tutorials_py:/home/gkasha/ros2_humble/install/ament_uncrustify:/home/gkasha/ros2_humble/install/tracetools_trace:/home/gkasha/ros2_humble/install/tracetools_read:/home/gkasha/ros2_humble/install/test_tracetools_launch:/home/gkasha/ros2_humble/install/test_launch_ros:/home/gkasha/ros2_humble/install/sensor_msgs_py:/home/gkasha/ros2_humble/install/rpyutils:/home/gkasha/ros2_humble/install/rosidl_runtime_py:/home/gkasha/ros2_humble/install/rosidl_cli:/home/gkasha/ros2_humble/install/launch_pytest:/home/gkasha/ros2_humble/install/launch_testing:/home/gkasha/ros2_humble/install/launch_yaml:/home/gkasha/ros2_humble/install/launch_xml:/home/gkasha/ros2_humble/install/launch:/home/gkasha/ros2_humble/install/osrf_pycommon:/home/gkasha/ros2_humble/install/launch_testing_examples:/home/gkasha/ros2_humble/install/domain_coordinator:/home/gkasha/ros2_humble/install/ament_xmllint:/home/gkasha/ros2_humble/install/ament_pyflakes:/home/gkasha/ros2_humble/install/ament_pycodestyle:/home/gkasha/ros2_humble/install/ament_pep257:/home/gkasha/ros2_humble/install/ament_pclint:/home/gkasha/ros2_humble/install/ament_package:/home/gkasha/ros2_humble/install/ament_mypy:/home/gkasha/ros2_humble/install/ament_lint_cmake:/home/gkasha/ros2_humble/install/ament_flake8:/home/gkasha/ros2_humble/install/ament_copyright:/home/gkasha/ros2_humble/install/ament_lint:/home/gkasha/ros2_humble/install/ament_index_python:/home/gkasha/ros2_humble/install/ament_cpplint:/home/gkasha/ros2_humble/install/ament_cppcheck:/home/gkasha/ros2_humble/install/ament_clang_tidy:/home/gkasha/ros2_humble/install/ament_clang_format /usr/bin/cmake --build /home/gkasha/Documents/maae/build/ma_interfaces -- -j4 -l4
[0.141s] -- Found ament_cmake: 1.3.3 (/home/gkasha/ros2_humble/install/ament_cmake/share/ament_cmake/cmake)
[0.696s] -- Found rosidl_default_generators: 1.2.0 (/home/gkasha/ros2_humble/install/rosidl_default_generators/share/rosidl_default_generators/cmake)
[0.800s] -- Using all available rosidl_typesupport_c: rosidl_typesupport_introspection_c;rosidl_typesupport_fastrtps_c
[0.802s] -- Found rosidl_adapter: 3.1.4 (/home/gkasha/ros2_humble/install/rosidl_adapter/share/rosidl_adapter/cmake)
[0.870s] -- Using all available rosidl_typesupport_cpp: rosidl_typesupport_introspection_cpp;rosidl_typesupport_fastrtps_cpp
[2.084s] -- Found ament_cmake_ros: 0.10.0 (/home/gkasha/ros2_humble/install/ament_cmake_ros/share/ament_cmake_ros/cmake)
[2.613s] -- Using all available rosidl_typesupport_c: rosidl_typesupport_introspection_c;rosidl_typesupport_fastrtps_c
[3.573s] -- Using all available rosidl_typesupport_cpp: rosidl_typesupport_introspection_cpp;rosidl_typesupport_fastrtps_cpp
[3.653s] -- Found python_cmake_module: 0.10.0 (/home/gkasha/ros2_humble/install/python_cmake_module/share/python_cmake_module/cmake)
[3.735s] -- Using PYTHON_EXECUTABLE: /usr/bin/python3
[3.735s] -- Using PYTHON_INCLUDE_DIRS: /usr/include/python3.10
[3.735s] -- Using PYTHON_LIBRARIES: /usr/lib/x86_64-linux-gnu/libpython3.10.so
[3.994s] -- Found ament_lint_auto: 0.12.5 (/home/gkasha/ros2_humble/install/ament_lint_auto/share/ament_lint_auto/cmake)
[4.005s] -- Added test 'lint_cmake' to check CMake code style
[4.006s] -- Added test 'xmllint' to check XML markup files
[4.008s] -- Configuring done
[4.048s] -- Generating done
[4.053s] -- Build files have been written to: /home/gkasha/Documents/maae/build/ma_interfaces
[4.121s] [35m[1mConsolidate compiler generated dependencies of target ma_interfaces__rosidl_generator_c[0m
[4.160s] [  2%] Built target ma_interfaces__cpp
[4.161s] [ 12%] Built target ma_interfaces__rosidl_generator_c
[4.185s] [ 12%] Built target ament_cmake_python_copy_ma_interfaces
[4.200s] [35m[1mConsolidate compiler generated dependencies of target ma_interfaces__rosidl_typesupport_cpp[0m
[4.200s] [35m[1mConsolidate compiler generated dependencies of target ma_interfaces__rosidl_typesupport_fastrtps_cpp[0m
[4.201s] [35m[1mConsolidate compiler generated dependencies of target ma_interfaces__rosidl_typesupport_introspection_cpp[0m
[4.236s] [35m[1mConsolidate compiler generated dependencies of target ma_interfaces__rosidl_typesupport_introspection_c[0m
[4.244s] [ 23%] Built target ma_interfaces__rosidl_typesupport_cpp
[4.248s] [ 33%] Built target ma_interfaces__rosidl_typesupport_introspection_cpp
[4.256s] [ 43%] Built target ma_interfaces__rosidl_typesupport_fastrtps_cpp
[4.279s] [ 53%] Built target ma_interfaces__rosidl_typesupport_introspection_c
[4.285s] [35m[1mConsolidate compiler generated dependencies of target ma_interfaces__rosidl_typesupport_c[0m
[4.285s] [35m[1mConsolidate compiler generated dependencies of target ma_interfaces__rosidl_typesupport_fastrtps_c[0m
[4.320s] [ 64%] Built target ma_interfaces__rosidl_typesupport_c
[4.324s] [ 74%] Built target ma_interfaces__rosidl_typesupport_fastrtps_c
[4.396s] [ 74%] Built target ma_interfaces
[4.469s] [ 76%] Built target ma_interfaces__py
[4.507s] [35m[1mConsolidate compiler generated dependencies of target ma_interfaces__rosidl_generator_py[0m
[4.545s] [ 84%] Built target ma_interfaces__rosidl_generator_py
[4.581s] [35m[1mConsolidate compiler generated dependencies of target ma_interfaces__rosidl_typesupport_fastrtps_c__pyext[0m
[4.583s] [35m[1mConsolidate compiler generated dependencies of target ma_interfaces__rosidl_typesupport_introspection_c__pyext[0m
[4.592s] [35m[1mConsolidate compiler generated dependencies of target ma_interfaces__rosidl_typesupport_c__pyext[0m
[4.622s] [ 89%] Built target ma_interfaces__rosidl_typesupport_introspection_c__pyext
[4.623s] [ 94%] Built target ma_interfaces__rosidl_typesupport_fastrtps_c__pyext
[4.636s] [100%] Built target ma_interfaces__rosidl_typesupport_c__pyext
[4.769s] running egg_info
[4.770s] writing ma_interfaces.egg-info/PKG-INFO
[4.770s] writing dependency_links to ma_interfaces.egg-info/dependency_links.txt
[4.771s] writing top-level names to ma_interfaces.egg-info/top_level.txt
[4.773s] reading manifest file 'ma_interfaces.egg-info/SOURCES.txt'
[4.774s] writing manifest file 'ma_interfaces.egg-info/SOURCES.txt'
[4.821s] [100%] Built target ament_cmake_python_build_ma_interfaces_egg
[4.846s] Invoked command in '/home/gkasha/Documents/maae/build/ma_interfaces' returned '0': CMAKE_PREFIX_PATH=${CMAKE_PREFIX_PATH}:/home/gkasha/ros2_humble/install/rqt_bag_plugins:/home/gkasha/ros2_humble/install/rqt_bag:/home/gkasha/ros2_humble/install/ros2bag:/home/gkasha/ros2_humble/install/tracetools_test:/home/gkasha/ros2_humble/install/tracetools_launch:/home/gkasha/ros2_humble/install/topic_monitor:/home/gkasha/ros2_humble/install/tf2_tools:/home/gkasha/ros2_humble/install/examples_tf2_py:/home/gkasha/ros2_humble/install/tf2_ros_py:/home/gkasha/ros2_humble/install/sros2:/home/gkasha/ros2_humble/install/rqt_topic:/home/gkasha/ros2_humble/install/rqt_srv:/home/gkasha/ros2_humble/install/rqt_shell:/home/gkasha/ros2_humble/install/rqt_service_caller:/home/gkasha/ros2_humble/install/rqt_reconfigure:/home/gkasha/ros2_humble/install/rqt_py_console:/home/gkasha/ros2_humble/install/rqt_publisher:/home/gkasha/ros2_humble/install/rqt_plot:/home/gkasha/ros2_humble/install/rqt_action:/home/gkasha/ros2_humble/install/rqt_msg:/home/gkasha/ros2_humble/install/rqt_console:/home/gkasha/ros2_humble/install/rqt:/home/gkasha/ros2_humble/install/rqt_graph:/home/gkasha/ros2_humble/install/rqt_gui_py:/home/gkasha/ros2_humble/install/rqt_gui:/home/gkasha/ros2_humble/install/ros2trace:/home/gkasha/ros2_humble/install/ros2topic:/home/gkasha/ros2_humble/install/ros2test:/home/gkasha/ros2_humble/install/ros2component:/home/gkasha/ros2_humble/install/ros2param:/home/gkasha/ros2_humble/install/ros2lifecycle:/home/gkasha/ros2_humble/install/ros2service:/home/gkasha/ros2_humble/install/ros2run:/home/gkasha/ros2_humble/install/ros2launch:/home/gkasha/ros2_humble/install/ros2pkg:/home/gkasha/ros2_humble/install/ros2node:/home/gkasha/ros2_humble/install/ros2multicast:/home/gkasha/ros2_humble/install/ros2interface:/home/gkasha/ros2_humble/install/ros2doctor:/home/gkasha/ros2_humble/install/ros2action:/home/gkasha/ros2_humble/install/ros2cli:/home/gkasha/ros2_humble/install/quality_of_service_demo_py:/home/gkasha/ros2_humble/install/lifecycle_py:/home/gkasha/ros2_humble/install/launch_testing_ros:/home/gkasha/ros2_humble/install/launch_ros:/home/gkasha/ros2_humble/install/examples_rclpy_pointcloud_publisher:/home/gkasha/ros2_humble/install/examples_rclpy_minimal_subscriber:/home/gkasha/ros2_humble/install/examples_rclpy_minimal_service:/home/gkasha/ros2_humble/install/examples_rclpy_minimal_publisher:/home/gkasha/ros2_humble/install/examples_rclpy_minimal_client:/home/gkasha/ros2_humble/install/examples_rclpy_minimal_action_server:/home/gkasha/ros2_humble/install/examples_rclpy_minimal_action_client:/home/gkasha/ros2_humble/install/examples_rclpy_guard_conditions:/home/gkasha/ros2_humble/install/examples_rclpy_executors:/home/gkasha/ros2_humble/install/demo_nodes_py:/home/gkasha/ros2_humble/install/action_tutorials_py:/home/gkasha/ros2_humble/install/ament_uncrustify:/home/gkasha/ros2_humble/install/tracetools_trace:/home/gkasha/ros2_humble/install/tracetools_read:/home/gkasha/ros2_humble/install/test_tracetools_launch:/home/gkasha/ros2_humble/install/test_launch_ros:/home/gkasha/ros2_humble/install/sensor_msgs_py:/home/gkasha/ros2_humble/install/rpyutils:/home/gkasha/ros2_humble/install/rosidl_runtime_py:/home/gkasha/ros2_humble/install/rosidl_cli:/home/gkasha/ros2_humble/install/launch_pytest:/home/gkasha/ros2_humble/install/launch_testing:/home/gkasha/ros2_humble/install/launch_yaml:/home/gkasha/ros2_humble/install/launch_xml:/home/gkasha/ros2_humble/install/launch:/home/gkasha/ros2_humble/install/osrf_pycommon:/home/gkasha/ros2_humble/install/launch_testing_examples:/home/gkasha/ros2_humble/install/domain_coordinator:/home/gkasha/ros2_humble/install/ament_xmllint:/home/gkasha/ros2_humble/install/ament_pyflakes:/home/gkasha/ros2_humble/install/ament_pycodestyle:/home/gkasha/ros2_humble/install/ament_pep257:/home/gkasha/ros2_humble/install/ament_pclint:/home/gkasha/ros2_humble/install/ament_package:/home/gkasha/ros2_humble/install/ament_mypy:/home/gkasha/ros2_humble/install/ament_lint_cmake:/home/gkasha/ros2_humble/install/ament_flake8:/home/gkasha/ros2_humble/install/ament_copyright:/home/gkasha/ros2_humble/install/ament_lint:/home/gkasha/ros2_humble/install/ament_index_python:/home/gkasha/ros2_humble/install/ament_cpplint:/home/gkasha/ros2_humble/install/ament_cppcheck:/home/gkasha/ros2_humble/install/ament_clang_tidy:/home/gkasha/ros2_humble/install/ament_clang_format /usr/bin/cmake --build /home/gkasha/Documents/maae/build/ma_interfaces -- -j4 -l4
[5.491s] Invoking command in '/home/gkasha/Documents/maae/build/ma_interfaces': CMAKE_PREFIX_PATH=${CMAKE_PREFIX_PATH}:/home/gkasha/ros2_humble/install/rqt_bag_plugins:/home/gkasha/ros2_humble/install/rqt_bag:/home/gkasha/ros2_humble/install/ros2bag:/home/gkasha/ros2_humble/install/tracetools_test:/home/gkasha/ros2_humble/install/tracetools_launch:/home/gkasha/ros2_humble/install/topic_monitor:/home/gkasha/ros2_humble/install/tf2_tools:/home/gkasha/ros2_humble/install/examples_tf2_py:/home/gkasha/ros2_humble/install/tf2_ros_py:/home/gkasha/ros2_humble/install/sros2:/home/gkasha/ros2_humble/install/rqt_topic:/home/gkasha/ros2_humble/install/rqt_srv:/home/gkasha/ros2_humble/install/rqt_shell:/home/gkasha/ros2_humble/install/rqt_service_caller:/home/gkasha/ros2_humble/install/rqt_reconfigure:/home/gkasha/ros2_humble/install/rqt_py_console:/home/gkasha/ros2_humble/install/rqt_publisher:/home/gkasha/ros2_humble/install/rqt_plot:/home/gkasha/ros2_humble/install/rqt_action:/home/gkasha/ros2_humble/install/rqt_msg:/home/gkasha/ros2_humble/install/rqt_console:/home/gkasha/ros2_humble/install/rqt:/home/gkasha/ros2_humble/install/rqt_graph:/home/gkasha/ros2_humble/install/rqt_gui_py:/home/gkasha/ros2_humble/install/rqt_gui:/home/gkasha/ros2_humble/install/ros2trace:/home/gkasha/ros2_humble/install/ros2topic:/home/gkasha/ros2_humble/install/ros2test:/home/gkasha/ros2_humble/install/ros2component:/home/gkasha/ros2_humble/install/ros2param:/home/gkasha/ros2_humble/install/ros2lifecycle:/home/gkasha/ros2_humble/install/ros2service:/home/gkasha/ros2_humble/install/ros2run:/home/gkasha/ros2_humble/install/ros2launch:/home/gkasha/ros2_humble/install/ros2pkg:/home/gkasha/ros2_humble/install/ros2node:/home/gkasha/ros2_humble/install/ros2multicast:/home/gkasha/ros2_humble/install/ros2interface:/home/gkasha/ros2_humble/install/ros2doctor:/home/gkasha/ros2_humble/install/ros2action:/home/gkasha/ros2_humble/install/ros2cli:/home/gkasha/ros2_humble/install/quality_of_service_demo_py:/home/gkasha/ros2_humble/install/lifecycle_py:/home/gkasha/ros2_humble/install/launch_testing_ros:/home/gkasha/ros2_humble/install/launch_ros:/home/gkasha/ros2_humble/install/examples_rclpy_pointcloud_publisher:/home/gkasha/ros2_humble/install/examples_rclpy_minimal_subscriber:/home/gkasha/ros2_humble/install/examples_rclpy_minimal_service:/home/gkasha/ros2_humble/install/examples_rclpy_minimal_publisher:/home/gkasha/ros2_humble/install/examples_rclpy_minimal_client:/home/gkasha/ros2_humble/install/examples_rclpy_minimal_action_server:/home/gkasha/ros2_humble/install/examples_rclpy_minimal_action_client:/home/gkasha/ros2_humble/install/examples_rclpy_guard_conditions:/home/gkasha/ros2_humble/install/examples_rclpy_executors:/home/gkasha/ros2_humble/install/demo_nodes_py:/home/gkasha/ros2_humble/install/action_tutorials_py:/home/gkasha/ros2_humble/install/ament_uncrustify:/home/gkasha/ros2_humble/install/tracetools_trace:/home/gkasha/ros2_humble/install/tracetools_read:/home/gkasha/ros2_humble/install/test_tracetools_launch:/home/gkasha/ros2_humble/install/test_launch_ros:/home/gkasha/ros2_humble/install/sensor_msgs_py:/home/gkasha/ros2_humble/install/rpyutils:/home/gkasha/ros2_humble/install/rosidl_runtime_py:/home/gkasha/ros2_humble/install/rosidl_cli:/home/gkasha/ros2_humble/install/launch_pytest:/home/gkasha/ros2_humble/install/launch_testing:/home/gkasha/ros2_humble/install/launch_yaml:/home/gkasha/ros2_humble/install/launch_xml:/home/gkasha/ros2_humble/install/launch:/home/gkasha/ros2_humble/install/osrf_pycommon:/home/gkasha/ros2_humble/install/launch_testing_examples:/home/gkasha/ros2_humble/install/domain_coordinator:/home/gkasha/ros2_humble/install/ament_xmllint:/home/gkasha/ros2_humble/install/ament_pyflakes:/home/gkasha/ros2_humble/install/ament_pycodestyle:/home/gkasha/ros2_humble/install/ament_pep257:/home/gkasha/ros2_humble/install/ament_pclint:/home/gkasha/ros2_humble/install/ament_package:/home/gkasha/ros2_humble/install/ament_mypy:/home/gkasha/ros2_humble/install/ament_lint_cmake:/home/gkasha/ros2_humble/install/ament_flake8:/home/gkasha/ros2_humble/install/ament_copyright:/home/gkasha/ros2_humble/install/ament_lint:/home/gkasha/ros2_humble/install/ament_index_python:/home/gkasha/ros2_humble/install/ament_cpplint:/home/gkasha/ros2_humble/install/ament_cppcheck:/home/gkasha/ros2_humble/install/ament_clang_tidy:/home/gkasha/ros2_humble/install/ament_clang_format /usr/bin/cmake --install /home/gkasha/Documents/maae/build/ma_interfaces
[5.511s] -- Install configuration: ""
[5.511s] -- Up-to-date: /home/gkasha/Documents/maae/install/ma_interfaces/share/ament_index/resource_index/rosidl_interfaces/ma_interfaces
[5.511s] -- Up-to-date: /home/gkasha/Documents/maae/install/ma_interfaces/include/ma_interfaces/ma_interfaces
[5.511s] -- Up-to-date: /home/gkasha/Documents/maae/install/ma_interfaces/include/ma_interfaces/ma_interfaces/srv
[5.511s] -- Up-to-date: /home/gkasha/Documents/maae/install/ma_interfaces/include/ma_interfaces/ma_interfaces/srv/detail
[5.512s] -- Up-to-date: /home/gkasha/Documents/maae/install/ma_interfaces/include/ma_interfaces/ma_interfaces/srv/detail/auction_srv__type_support.h
[5.512s] -- Up-to-date: /home/gkasha/Documents/maae/install/ma_interfaces/include/ma_interfaces/ma_interfaces/srv/detail/auction_srv__struct.h
[5.512s] -- Up-to-date: /home/gkasha/Documents/maae/install/ma_interfaces/include/ma_interfaces/ma_interfaces/srv/detail/auction_srv__functions.c
[5.512s] -- Up-to-date: /home/gkasha/Documents/maae/install/ma_interfaces/include/ma_interfaces/ma_interfaces/srv/detail/auction_srv__functions.h
[5.512s] -- Up-to-date: /home/gkasha/Documents/maae/install/ma_interfaces/include/ma_interfaces/ma_interfaces/srv/auction_srv.h
[5.512s] -- Up-to-date: /home/gkasha/Documents/maae/install/ma_interfaces/include/ma_interfaces/ma_interfaces/msg
[5.512s] -- Up-to-date: /home/gkasha/Documents/maae/install/ma_interfaces/include/ma_interfaces/ma_interfaces/msg/rosidl_generator_c__visibility_control.h
[5.512s] -- Up-to-date: /home/gkasha/Documents/maae/install/ma_interfaces/include/ma_interfaces/ma_interfaces/msg/detail
[5.512s] -- Up-to-date: /home/gkasha/Documents/maae/install/ma_interfaces/include/ma_interfaces/ma_interfaces/msg/detail/auction_msg__functions.c
[5.513s] -- Up-to-date: /home/gkasha/Documents/maae/install/ma_interfaces/include/ma_interfaces/ma_interfaces/msg/detail/auction_msg__type_support.h
[5.513s] -- Up-to-date: /home/gkasha/Documents/maae/install/ma_interfaces/include/ma_interfaces/ma_interfaces/msg/detail/auction_msg__functions.h
[5.513s] -- Up-to-date: /home/gkasha/Documents/maae/install/ma_interfaces/include/ma_interfaces/ma_interfaces/msg/detail/auction_msg__struct.h
[5.513s] -- Up-to-date: /home/gkasha/Documents/maae/install/ma_interfaces/include/ma_interfaces/ma_interfaces/msg/auction_msg.h
[5.513s] -- Up-to-date: /home/gkasha/Documents/maae/install/ma_interfaces/share/ma_interfaces/environment/library_path.sh
[5.513s] -- Installing: /home/gkasha/Documents/maae/install/ma_interfaces/share/ma_interfaces/environment/library_path.dsv
[5.513s] -- Up-to-date: /home/gkasha/Documents/maae/install/ma_interfaces/lib/libma_interfaces__rosidl_generator_c.so
[5.513s] -- Up-to-date: /home/gkasha/Documents/maae/install/ma_interfaces/include/ma_interfaces/ma_interfaces
[5.514s] -- Up-to-date: /home/gkasha/Documents/maae/install/ma_interfaces/include/ma_interfaces/ma_interfaces/srv
[5.514s] -- Up-to-date: /home/gkasha/Documents/maae/install/ma_interfaces/include/ma_interfaces/ma_interfaces/srv/detail
[5.514s] -- Up-to-date: /home/gkasha/Documents/maae/install/ma_interfaces/include/ma_interfaces/ma_interfaces/srv/detail/auction_srv__type_support.c
[5.514s] -- Up-to-date: /home/gkasha/Documents/maae/install/ma_interfaces/include/ma_interfaces/ma_interfaces/srv/detail/auction_srv__rosidl_typesupport_introspection_c.h
[5.514s] -- Up-to-date: /home/gkasha/Documents/maae/install/ma_interfaces/include/ma_interfaces/ma_interfaces/msg
[5.514s] -- Up-to-date: /home/gkasha/Documents/maae/install/ma_interfaces/include/ma_interfaces/ma_interfaces/msg/detail
[5.514s] -- Up-to-date: /home/gkasha/Documents/maae/install/ma_interfaces/include/ma_interfaces/ma_interfaces/msg/detail/auction_msg__rosidl_typesupport_introspection_c.h
[5.514s] -- Up-to-date: /home/gkasha/Documents/maae/install/ma_interfaces/include/ma_interfaces/ma_interfaces/msg/detail/auction_msg__type_support.c
[5.514s] -- Up-to-date: /home/gkasha/Documents/maae/install/ma_interfaces/include/ma_interfaces/ma_interfaces/msg/rosidl_typesupport_introspection_c__visibility_control.h
[5.514s] -- Up-to-date: /home/gkasha/Documents/maae/install/ma_interfaces/lib/libma_interfaces__rosidl_typesupport_introspection_c.so
[5.514s] -- Up-to-date: /home/gkasha/Documents/maae/install/ma_interfaces/include/ma_interfaces/ma_interfaces
[5.514s] -- Up-to-date: /home/gkasha/Documents/maae/install/ma_interfaces/include/ma_interfaces/ma_interfaces/srv
[5.515s] -- Up-to-date: /home/gkasha/Documents/maae/install/ma_interfaces/include/ma_interfaces/ma_interfaces/srv/detail
[5.515s] -- Up-to-date: /home/gkasha/Documents/maae/install/ma_interfaces/include/ma_interfaces/ma_interfaces/srv/detail/auction_srv__rosidl_typesupport_fastrtps_c.h
[5.515s] -- Up-to-date: /home/gkasha/Documents/maae/install/ma_interfaces/include/ma_interfaces/ma_interfaces/msg
[5.515s] -- Up-to-date: /home/gkasha/Documents/maae/install/ma_interfaces/include/ma_interfaces/ma_interfaces/msg/detail
[5.515s] -- Up-to-date: /home/gkasha/Documents/maae/install/ma_interfaces/include/ma_interfaces/ma_interfaces/msg/detail/auction_msg__rosidl_typesupport_fastrtps_c.h
[5.515s] -- Up-to-date: /home/gkasha/Documents/maae/install/ma_interfaces/include/ma_interfaces/ma_interfaces/msg/rosidl_typesupport_fastrtps_c__visibility_control.h
[5.515s] -- Up-to-date: /home/gkasha/Documents/maae/install/ma_interfaces/lib/libma_interfaces__rosidl_typesupport_fastrtps_c.so
[5.516s] -- Up-to-date: /home/gkasha/Documents/maae/install/ma_interfaces/lib/libma_interfaces__rosidl_typesupport_c.so
[5.516s] -- Up-to-date: /home/gkasha/Documents/maae/install/ma_interfaces/include/ma_interfaces/ma_interfaces
[5.516s] -- Up-to-date: /home/gkasha/Documents/maae/install/ma_interfaces/include/ma_interfaces/ma_interfaces/srv
[5.516s] -- Up-to-date: /home/gkasha/Documents/maae/install/ma_interfaces/include/ma_interfaces/ma_interfaces/srv/detail
[5.516s] -- Up-to-date: /home/gkasha/Documents/maae/install/ma_interfaces/include/ma_interfaces/ma_interfaces/srv/detail/auction_srv__traits.hpp
[5.516s] -- Up-to-date: /home/gkasha/Documents/maae/install/ma_interfaces/include/ma_interfaces/ma_interfaces/srv/detail/auction_srv__builder.hpp
[5.516s] -- Up-to-date: /home/gkasha/Documents/maae/install/ma_interfaces/include/ma_interfaces/ma_interfaces/srv/detail/auction_srv__struct.hpp
[5.516s] -- Up-to-date: /home/gkasha/Documents/maae/install/ma_interfaces/include/ma_interfaces/ma_interfaces/srv/auction_srv.hpp
[5.516s] -- Up-to-date: /home/gkasha/Documents/maae/install/ma_interfaces/include/ma_interfaces/ma_interfaces/msg
[5.517s] -- Up-to-date: /home/gkasha/Documents/maae/install/ma_interfaces/include/ma_interfaces/ma_interfaces/msg/auction_msg.hpp
[5.517s] -- Up-to-date: /home/gkasha/Documents/maae/install/ma_interfaces/include/ma_interfaces/ma_interfaces/msg/detail
[5.517s] -- Up-to-date: /home/gkasha/Documents/maae/install/ma_interfaces/include/ma_interfaces/ma_interfaces/msg/detail/auction_msg__builder.hpp
[5.517s] -- Up-to-date: /home/gkasha/Documents/maae/install/ma_interfaces/include/ma_interfaces/ma_interfaces/msg/detail/auction_msg__traits.hpp
[5.517s] -- Up-to-date: /home/gkasha/Documents/maae/install/ma_interfaces/include/ma_interfaces/ma_interfaces/msg/detail/auction_msg__struct.hpp
[5.517s] -- Up-to-date: /home/gkasha/Documents/maae/install/ma_interfaces/include/ma_interfaces/ma_interfaces
[5.517s] -- Up-to-date: /home/gkasha/Documents/maae/install/ma_interfaces/include/ma_interfaces/ma_interfaces/srv
[5.517s] -- Up-to-date: /home/gkasha/Documents/maae/install/ma_interfaces/include/ma_interfaces/ma_interfaces/srv/detail
[5.517s] -- Up-to-date: /home/gkasha/Documents/maae/install/ma_interfaces/include/ma_interfaces/ma_interfaces/srv/detail/auction_srv__rosidl_typesupport_introspection_cpp.hpp
[5.518s] -- Up-to-date: /home/gkasha/Documents/maae/install/ma_interfaces/include/ma_interfaces/ma_interfaces/srv/detail/auction_srv__type_support.cpp
[5.518s] -- Up-to-date: /home/gkasha/Documents/maae/install/ma_interfaces/include/ma_interfaces/ma_interfaces/msg
[5.518s] -- Up-to-date: /home/gkasha/Documents/maae/install/ma_interfaces/include/ma_interfaces/ma_interfaces/msg/detail
[5.518s] -- Up-to-date: /home/gkasha/Documents/maae/install/ma_interfaces/include/ma_interfaces/ma_interfaces/msg/detail/auction_msg__rosidl_typesupport_introspection_cpp.hpp
[5.518s] -- Up-to-date: /home/gkasha/Documents/maae/install/ma_interfaces/include/ma_interfaces/ma_interfaces/msg/detail/auction_msg__type_support.cpp
[5.518s] -- Up-to-date: /home/gkasha/Documents/maae/install/ma_interfaces/lib/libma_interfaces__rosidl_typesupport_introspection_cpp.so
[5.518s] -- Up-to-date: /home/gkasha/Documents/maae/install/ma_interfaces/include/ma_interfaces/ma_interfaces
[5.518s] -- Up-to-date: /home/gkasha/Documents/maae/install/ma_interfaces/include/ma_interfaces/ma_interfaces/srv
[5.518s] -- Up-to-date: /home/gkasha/Documents/maae/install/ma_interfaces/include/ma_interfaces/ma_interfaces/srv/detail
[5.518s] -- Up-to-date: /home/gkasha/Documents/maae/install/ma_interfaces/include/ma_interfaces/ma_interfaces/srv/detail/dds_fastrtps
[5.518s] -- Up-to-date: /home/gkasha/Documents/maae/install/ma_interfaces/include/ma_interfaces/ma_interfaces/srv/detail/auction_srv__rosidl_typesupport_fastrtps_cpp.hpp
[5.518s] -- Up-to-date: /home/gkasha/Documents/maae/install/ma_interfaces/include/ma_interfaces/ma_interfaces/msg
[5.518s] -- Up-to-date: /home/gkasha/Documents/maae/install/ma_interfaces/include/ma_interfaces/ma_interfaces/msg/detail
[5.518s] -- Up-to-date: /home/gkasha/Documents/maae/install/ma_interfaces/include/ma_interfaces/ma_interfaces/msg/detail/dds_fastrtps
[5.518s] -- Up-to-date: /home/gkasha/Documents/maae/install/ma_interfaces/include/ma_interfaces/ma_interfaces/msg/detail/auction_msg__rosidl_typesupport_fastrtps_cpp.hpp
[5.518s] -- Up-to-date: /home/gkasha/Documents/maae/install/ma_interfaces/include/ma_interfaces/ma_interfaces/msg/rosidl_typesupport_fastrtps_cpp__visibility_control.h
[5.518s] -- Up-to-date: /home/gkasha/Documents/maae/install/ma_interfaces/lib/libma_interfaces__rosidl_typesupport_fastrtps_cpp.so
[5.518s] -- Up-to-date: /home/gkasha/Documents/maae/install/ma_interfaces/lib/libma_interfaces__rosidl_typesupport_cpp.so
[5.518s] -- Up-to-date: /home/gkasha/Documents/maae/install/ma_interfaces/share/ma_interfaces/environment/pythonpath.sh
[5.519s] -- Installing: /home/gkasha/Documents/maae/install/ma_interfaces/share/ma_interfaces/environment/pythonpath.dsv
[5.519s] -- Up-to-date: /home/gkasha/Documents/maae/install/ma_interfaces/local/lib/python3.10/dist-packages/ma_interfaces-0.0.0-py3.10.egg-info
[5.519s] -- Installing: /home/gkasha/Documents/maae/install/ma_interfaces/local/lib/python3.10/dist-packages/ma_interfaces-0.0.0-py3.10.egg-info/SOURCES.txt
[5.519s] -- Installing: /home/gkasha/Documents/maae/install/ma_interfaces/local/lib/python3.10/dist-packages/ma_interfaces-0.0.0-py3.10.egg-info/PKG-INFO
[5.519s] -- Installing: /home/gkasha/Documents/maae/install/ma_interfaces/local/lib/python3.10/dist-packages/ma_interfaces-0.0.0-py3.10.egg-info/dependency_links.txt
[5.519s] -- Installing: /home/gkasha/Documents/maae/install/ma_interfaces/local/lib/python3.10/dist-packages/ma_interfaces-0.0.0-py3.10.egg-info/top_level.txt
[5.519s] -- Up-to-date: /home/gkasha/Documents/maae/install/ma_interfaces/local/lib/python3.10/dist-packages/ma_interfaces
[5.519s] -- Up-to-date: /home/gkasha/Documents/maae/install/ma_interfaces/local/lib/python3.10/dist-packages/ma_interfaces/libma_interfaces__rosidl_generator_py.so
[5.519s] -- Up-to-date: /home/gkasha/Documents/maae/install/ma_interfaces/local/lib/python3.10/dist-packages/ma_interfaces/srv
[5.519s] -- Up-to-date: /home/gkasha/Documents/maae/install/ma_interfaces/local/lib/python3.10/dist-packages/ma_interfaces/srv/_auction_srv.py
[5.519s] -- Up-to-date: /home/gkasha/Documents/maae/install/ma_interfaces/local/lib/python3.10/dist-packages/ma_interfaces/srv/_auction_srv_s.c
[5.519s] -- Up-to-date: /home/gkasha/Documents/maae/install/ma_interfaces/local/lib/python3.10/dist-packages/ma_interfaces/srv/__init__.py
[5.519s] -- Up-to-date: /home/gkasha/Documents/maae/install/ma_interfaces/local/lib/python3.10/dist-packages/ma_interfaces/_ma_interfaces_s.ep.rosidl_typesupport_introspection_c.c
[5.519s] -- Up-to-date: /home/gkasha/Documents/maae/install/ma_interfaces/local/lib/python3.10/dist-packages/ma_interfaces/msg
[5.519s] -- Up-to-date: /home/gkasha/Documents/maae/install/ma_interfaces/local/lib/python3.10/dist-packages/ma_interfaces/msg/__init__.py
[5.519s] -- Up-to-date: /home/gkasha/Documents/maae/install/ma_interfaces/local/lib/python3.10/dist-packages/ma_interfaces/msg/_auction_msg.py
[5.519s] -- Up-to-date: /home/gkasha/Documents/maae/install/ma_interfaces/local/lib/python3.10/dist-packages/ma_interfaces/msg/_auction_msg_s.c
[5.519s] -- Installing: /home/gkasha/Documents/maae/install/ma_interfaces/local/lib/python3.10/dist-packages/ma_interfaces/__init__.py
[5.519s] -- Up-to-date: /home/gkasha/Documents/maae/install/ma_interfaces/local/lib/python3.10/dist-packages/ma_interfaces/_ma_interfaces_s.ep.rosidl_typesupport_c.c
[5.520s] -- Up-to-date: /home/gkasha/Documents/maae/install/ma_interfaces/local/lib/python3.10/dist-packages/ma_interfaces/ma_interfaces_s__rosidl_typesupport_c.cpython-310-x86_64-linux-gnu.so
[5.520s] -- Up-to-date: /home/gkasha/Documents/maae/install/ma_interfaces/local/lib/python3.10/dist-packages/ma_interfaces/ma_interfaces_s__rosidl_typesupport_fastrtps_c.cpython-310-x86_64-linux-gnu.so
[5.520s] -- Up-to-date: /home/gkasha/Documents/maae/install/ma_interfaces/local/lib/python3.10/dist-packages/ma_interfaces/ma_interfaces_s__rosidl_typesupport_introspection_c.cpython-310-x86_64-linux-gnu.so
[5.520s] -- Up-to-date: /home/gkasha/Documents/maae/install/ma_interfaces/local/lib/python3.10/dist-packages/ma_interfaces/_ma_interfaces_s.ep.rosidl_typesupport_fastrtps_c.c
[5.661s] Listing '/home/gkasha/Documents/maae/install/ma_interfaces/local/lib/python3.10/dist-packages/ma_interfaces'...
[5.661s] Compiling '/home/gkasha/Documents/maae/install/ma_interfaces/local/lib/python3.10/dist-packages/ma_interfaces/__init__.py'...
[5.661s] Listing '/home/gkasha/Documents/maae/install/ma_interfaces/local/lib/python3.10/dist-packages/ma_interfaces/msg'...
[5.661s] Listing '/home/gkasha/Documents/maae/install/ma_interfaces/local/lib/python3.10/dist-packages/ma_interfaces/srv'...
[5.667s] -- Up-to-date: /home/gkasha/Documents/maae/install/ma_interfaces/local/lib/python3.10/dist-packages/ma_interfaces/ma_interfaces_s__rosidl_typesupport_introspection_c.cpython-310-x86_64-linux-gnu.so
[5.668s] -- Up-to-date: /home/gkasha/Documents/maae/install/ma_interfaces/local/lib/python3.10/dist-packages/ma_interfaces/ma_interfaces_s__rosidl_typesupport_fastrtps_c.cpython-310-x86_64-linux-gnu.so
[5.668s] -- Up-to-date: /home/gkasha/Documents/maae/install/ma_interfaces/local/lib/python3.10/dist-packages/ma_interfaces/ma_interfaces_s__rosidl_typesupport_c.cpython-310-x86_64-linux-gnu.so
[5.668s] -- Up-to-date: /home/gkasha/Documents/maae/install/ma_interfaces/lib/libma_interfaces__rosidl_generator_py.so
[5.668s] -- Up-to-date: /home/gkasha/Documents/maae/install/ma_interfaces/share/ma_interfaces/msg/AuctionMsg.idl
[5.669s] -- Up-to-date: /home/gkasha/Documents/maae/install/ma_interfaces/share/ma_interfaces/srv/AuctionSrv.idl
[5.669s] -- Up-to-date: /home/gkasha/Documents/maae/install/ma_interfaces/share/ma_interfaces/msg/AuctionMsg.msg
[5.669s] -- Up-to-date: /home/gkasha/Documents/maae/install/ma_interfaces/share/ma_interfaces/srv/AuctionSrv.srv
[5.669s] -- Up-to-date: /home/gkasha/Documents/maae/install/ma_interfaces/share/ma_interfaces/srv/AuctionSrv_Request.msg
[5.669s] -- Up-to-date: /home/gkasha/Documents/maae/install/ma_interfaces/share/ma_interfaces/srv/AuctionSrv_Response.msg
[5.670s] -- Up-to-date: /home/gkasha/Documents/maae/install/ma_interfaces/share/ament_index/resource_index/package_run_dependencies/ma_interfaces
[5.670s] -- Up-to-date: /home/gkasha/Documents/maae/install/ma_interfaces/share/ament_index/resource_index/parent_prefix_path/ma_interfaces
[5.670s] -- Installing: /home/gkasha/Documents/maae/install/ma_interfaces/share/ma_interfaces/environment/ament_prefix_path.dsv
[5.671s] -- Installing: /home/gkasha/Documents/maae/install/ma_interfaces/share/ma_interfaces/environment/path.dsv
[5.671s] -- Up-to-date: /home/gkasha/Documents/maae/install/ma_interfaces/share/ma_interfaces/local_setup.bash
[5.671s] -- Up-to-date: /home/gkasha/Documents/maae/install/ma_interfaces/share/ma_interfaces/local_setup.sh
[5.671s] -- Up-to-date: /home/gkasha/Documents/maae/install/ma_interfaces/share/ma_interfaces/local_setup.zsh
[5.672s] -- Installing: /home/gkasha/Documents/maae/install/ma_interfaces/share/ma_interfaces/local_setup.dsv
[5.672s] -- Installing: /home/gkasha/Documents/maae/install/ma_interfaces/share/ma_interfaces/package.dsv
[5.672s] -- Up-to-date: /home/gkasha/Documents/maae/install/ma_interfaces/share/ament_index/resource_index/packages/ma_interfaces
[5.672s] -- Up-to-date: /home/gkasha/Documents/maae/install/ma_interfaces/share/ma_interfaces/cmake/export_ma_interfaces__rosidl_generator_cExport.cmake
[5.672s] -- Up-to-date: /home/gkasha/Documents/maae/install/ma_interfaces/share/ma_interfaces/cmake/export_ma_interfaces__rosidl_generator_cExport-noconfig.cmake
[5.672s] -- Up-to-date: /home/gkasha/Documents/maae/install/ma_interfaces/share/ma_interfaces/cmake/ma_interfaces__rosidl_typesupport_introspection_cExport.cmake
[5.672s] -- Up-to-date: /home/gkasha/Documents/maae/install/ma_interfaces/share/ma_interfaces/cmake/ma_interfaces__rosidl_typesupport_introspection_cExport-noconfig.cmake
[5.672s] -- Up-to-date: /home/gkasha/Documents/maae/install/ma_interfaces/share/ma_interfaces/cmake/export_ma_interfaces__rosidl_typesupport_fastrtps_cExport.cmake
[5.672s] -- Up-to-date: /home/gkasha/Documents/maae/install/ma_interfaces/share/ma_interfaces/cmake/export_ma_interfaces__rosidl_typesupport_fastrtps_cExport-noconfig.cmake
[5.672s] -- Up-to-date: /home/gkasha/Documents/maae/install/ma_interfaces/share/ma_interfaces/cmake/ma_interfaces__rosidl_typesupport_cExport.cmake
[5.672s] -- Up-to-date: /home/gkasha/Documents/maae/install/ma_interfaces/share/ma_interfaces/cmake/ma_interfaces__rosidl_typesupport_cExport-noconfig.cmake
[5.672s] -- Up-to-date: /home/gkasha/Documents/maae/install/ma_interfaces/share/ma_interfaces/cmake/export_ma_interfaces__rosidl_generator_cppExport.cmake
[5.672s] -- Up-to-date: /home/gkasha/Documents/maae/install/ma_interfaces/share/ma_interfaces/cmake/ma_interfaces__rosidl_typesupport_introspection_cppExport.cmake
[5.673s] -- Up-to-date: /home/gkasha/Documents/maae/install/ma_interfaces/share/ma_interfaces/cmake/ma_interfaces__rosidl_typesupport_introspection_cppExport-noconfig.cmake
[5.673s] -- Up-to-date: /home/gkasha/Documents/maae/install/ma_interfaces/share/ma_interfaces/cmake/export_ma_interfaces__rosidl_typesupport_fastrtps_cppExport.cmake
[5.673s] -- Up-to-date: /home/gkasha/Documents/maae/install/ma_interfaces/share/ma_interfaces/cmake/export_ma_interfaces__rosidl_typesupport_fastrtps_cppExport-noconfig.cmake
[5.673s] -- Up-to-date: /home/gkasha/Documents/maae/install/ma_interfaces/share/ma_interfaces/cmake/ma_interfaces__rosidl_typesupport_cppExport.cmake
[5.673s] -- Up-to-date: /home/gkasha/Documents/maae/install/ma_interfaces/share/ma_interfaces/cmake/ma_interfaces__rosidl_typesupport_cppExport-noconfig.cmake
[5.673s] -- Up-to-date: /home/gkasha/Documents/maae/install/ma_interfaces/share/ma_interfaces/cmake/export_ma_interfaces__rosidl_generator_pyExport.cmake
[5.673s] -- Up-to-date: /home/gkasha/Documents/maae/install/ma_interfaces/share/ma_interfaces/cmake/export_ma_interfaces__rosidl_generator_pyExport-noconfig.cmake
[5.673s] -- Up-to-date: /home/gkasha/Documents/maae/install/ma_interfaces/share/ma_interfaces/cmake/rosidl_cmake-extras.cmake
[5.673s] -- Up-to-date: /home/gkasha/Documents/maae/install/ma_interfaces/share/ma_interfaces/cmake/ament_cmake_export_include_directories-extras.cmake
[5.673s] -- Up-to-date: /home/gkasha/Documents/maae/install/ma_interfaces/share/ma_interfaces/cmake/ament_cmake_export_libraries-extras.cmake
[5.673s] -- Up-to-date: /home/gkasha/Documents/maae/install/ma_interfaces/share/ma_interfaces/cmake/ament_cmake_export_targets-extras.cmake
[5.673s] -- Up-to-date: /home/gkasha/Documents/maae/install/ma_interfaces/share/ma_interfaces/cmake/rosidl_cmake_export_typesupport_targets-extras.cmake
[5.673s] -- Up-to-date: /home/gkasha/Documents/maae/install/ma_interfaces/share/ma_interfaces/cmake/ament_cmake_export_dependencies-extras.cmake
[5.673s] -- Up-to-date: /home/gkasha/Documents/maae/install/ma_interfaces/share/ma_interfaces/cmake/rosidl_cmake_export_typesupport_libraries-extras.cmake
[5.673s] -- Up-to-date: /home/gkasha/Documents/maae/install/ma_interfaces/share/ma_interfaces/cmake/ma_interfacesConfig.cmake
[5.673s] -- Up-to-date: /home/gkasha/Documents/maae/install/ma_interfaces/share/ma_interfaces/cmake/ma_interfacesConfig-version.cmake
[5.673s] -- Up-to-date: /home/gkasha/Documents/maae/install/ma_interfaces/share/ma_interfaces/package.xml
[5.675s] Invoked command in '/home/gkasha/Documents/maae/build/ma_interfaces' returned '0': CMAKE_PREFIX_PATH=${CMAKE_PREFIX_PATH}:/home/gkasha/ros2_humble/install/rqt_bag_plugins:/home/gkasha/ros2_humble/install/rqt_bag:/home/gkasha/ros2_humble/install/ros2bag:/home/gkasha/ros2_humble/install/tracetools_test:/home/gkasha/ros2_humble/install/tracetools_launch:/home/gkasha/ros2_humble/install/topic_monitor:/home/gkasha/ros2_humble/install/tf2_tools:/home/gkasha/ros2_humble/install/examples_tf2_py:/home/gkasha/ros2_humble/install/tf2_ros_py:/home/gkasha/ros2_humble/install/sros2:/home/gkasha/ros2_humble/install/rqt_topic:/home/gkasha/ros2_humble/install/rqt_srv:/home/gkasha/ros2_humble/install/rqt_shell:/home/gkasha/ros2_humble/install/rqt_service_caller:/home/gkasha/ros2_humble/install/rqt_reconfigure:/home/gkasha/ros2_humble/install/rqt_py_console:/home/gkasha/ros2_humble/install/rqt_publisher:/home/gkasha/ros2_humble/install/rqt_plot:/home/gkasha/ros2_humble/install/rqt_action:/home/gkasha/ros2_humble/install/rqt_msg:/home/gkasha/ros2_humble/install/rqt_console:/home/gkasha/ros2_humble/install/rqt:/home/gkasha/ros2_humble/install/rqt_graph:/home/gkasha/ros2_humble/install/rqt_gui_py:/home/gkasha/ros2_humble/install/rqt_gui:/home/gkasha/ros2_humble/install/ros2trace:/home/gkasha/ros2_humble/install/ros2topic:/home/gkasha/ros2_humble/install/ros2test:/home/gkasha/ros2_humble/install/ros2component:/home/gkasha/ros2_humble/install/ros2param:/home/gkasha/ros2_humble/install/ros2lifecycle:/home/gkasha/ros2_humble/install/ros2service:/home/gkasha/ros2_humble/install/ros2run:/home/gkasha/ros2_humble/install/ros2launch:/home/gkasha/ros2_humble/install/ros2pkg:/home/gkasha/ros2_humble/install/ros2node:/home/gkasha/ros2_humble/install/ros2multicast:/home/gkasha/ros2_humble/install/ros2interface:/home/gkasha/ros2_humble/install/ros2doctor:/home/gkasha/ros2_humble/install/ros2action:/home/gkasha/ros2_humble/install/ros2cli:/home/gkasha/ros2_humble/install/quality_of_service_demo_py:/home/gkasha/ros2_humble/install/lifecycle_py:/home/gkasha/ros2_humble/install/launch_testing_ros:/home/gkasha/ros2_humble/install/launch_ros:/home/gkasha/ros2_humble/install/examples_rclpy_pointcloud_publisher:/home/gkasha/ros2_humble/install/examples_rclpy_minimal_subscriber:/home/gkasha/ros2_humble/install/examples_rclpy_minimal_service:/home/gkasha/ros2_humble/install/examples_rclpy_minimal_publisher:/home/gkasha/ros2_humble/install/examples_rclpy_minimal_client:/home/gkasha/ros2_humble/install/examples_rclpy_minimal_action_server:/home/gkasha/ros2_humble/install/examples_rclpy_minimal_action_client:/home/gkasha/ros2_humble/install/examples_rclpy_guard_conditions:/home/gkasha/ros2_humble/install/examples_rclpy_executors:/home/gkasha/ros2_humble/install/demo_nodes_py:/home/gkasha/ros2_humble/install/action_tutorials_py:/home/gkasha/ros2_humble/install/ament_uncrustify:/home/gkasha/ros2_humble/install/tracetools_trace:/home/gkasha/ros2_humble/install/tracetools_read:/home/gkasha/ros2_humble/install/test_tracetools_launch:/home/gkasha/ros2_humble/install/test_launch_ros:/home/gkasha/ros2_humble/install/sensor_msgs_py:/home/gkasha/ros2_humble/install/rpyutils:/home/gkasha/ros2_humble/install/rosidl_runtime_py:/home/gkasha/ros2_humble/install/rosidl_cli:/home/gkasha/ros2_humble/install/launch_pytest:/home/gkasha/ros2_humble/install/launch_testing:/home/gkasha/ros2_humble/install/launch_yaml:/home/gkasha/ros2_humble/install/launch_xml:/home/gkasha/ros2_humble/install/launch:/home/gkasha/ros2_humble/install/osrf_pycommon:/home/gkasha/ros2_humble/install/launch_testing_examples:/home/gkasha/ros2_humble/install/domain_coordinator:/home/gkasha/ros2_humble/install/ament_xmllint:/home/gkasha/ros2_humble/install/ament_pyflakes:/home/gkasha/ros2_humble/install/ament_pycodestyle:/home/gkasha/ros2_humble/install/ament_pep257:/home/gkasha/ros2_humble/install/ament_pclint:/home/gkasha/ros2_humble/install/ament_package:/home/gkasha/ros2_humble/install/ament_mypy:/home/gkasha/ros2_humble/install/ament_lint_cmake:/home/gkasha/ros2_humble/install/ament_flake8:/home/gkasha/ros2_humble/install/ament_copyright:/home/gkasha/ros2_humble/install/ament_lint:/home/gkasha/ros2_humble/install/ament_index_python:/home/gkasha/ros2_humble/install/ament_cpplint:/home/gkasha/ros2_humble/install/ament_cppcheck:/home/gkasha/ros2_humble/install/ament_clang_tidy:/home/gkasha/ros2_humble/install/ament_clang_format /usr/bin/cmake --install /home/gkasha/Documents/maae/build/ma_interfaces
