/usr/bin/ld: CMakeFiles/agent.dir/src/agent.cpp.o: warning: relocation against `stn' in read-only section `.text._ZN5Agent12new_tasks_cbEN13ma_interfaces3msg5Task_ISaIvEEE[_ZN5Agent12new_tasks_cbEN13ma_interfaces3msg5Task_ISaIvEEE]'
/usr/bin/ld: CMakeFiles/agent.dir/src/agent.cpp.o: in function `Agent::Agent(std::__cxx11::basic_string<char, std::char_traits<char>, std::allocator<char> >)':
agent.cpp:(.text._ZN5AgentC2ENSt7__cxx1112basic_stringIcSt11char_traitsIcESaIcEEE[_ZN5AgentC5ENSt7__cxx1112basic_stringIcSt11char_traitsIcESaIcEEE]+0xa53): undefined reference to `stn'
/usr/bin/ld: agent.cpp:(.text._ZN5AgentC2ENSt7__cxx1112basic_stringIcSt11char_traitsIcESaIcEEE[_ZN5AgentC5ENSt7__cxx1112basic_stringIcSt11char_traitsIcESaIcEEE]+0xa5b): undefined reference to `STN::add_timepoint(std::__cxx11::basic_string<char, std::char_traits<char>, std::allocator<char> >)'
/usr/bin/ld: agent.cpp:(.text._ZN5AgentC2ENSt7__cxx1112basic_stringIcSt11char_traitsIcESaIcEEE[_ZN5AgentC5ENSt7__cxx1112basic_stringIcSt11char_traitsIcESaIcEEE]+0xab9): undefined reference to `stn'
/usr/bin/ld: agent.cpp:(.text._ZN5AgentC2ENSt7__cxx1112basic_stringIcSt11char_traitsIcESaIcEEE[_ZN5AgentC5ENSt7__cxx1112basic_stringIcSt11char_traitsIcESaIcEEE]+0xac1): undefined reference to `STN::add_timepoint(std::__cxx11::basic_string<char, std::char_traits<char>, std::allocator<char> >)'
/usr/bin/ld: agent.cpp:(.text._ZN5AgentC2ENSt7__cxx1112basic_stringIcSt11char_traitsIcESaIcEEE[_ZN5AgentC5ENSt7__cxx1112basic_stringIcSt11char_traitsIcESaIcEEE]+0xb90): undefined reference to `stn'
/usr/bin/ld: agent.cpp:(.text._ZN5AgentC2ENSt7__cxx1112basic_stringIcSt11char_traitsIcESaIcEEE[_ZN5AgentC5ENSt7__cxx1112basic_stringIcSt11char_traitsIcESaIcEEE]+0xb98): undefined reference to `STN::add_constraint(std::__cxx11::basic_string<char, std::char_traits<char>, std::allocator<char> >, std::tuple<std::__cxx11::basic_string<char, std::char_traits<char>, std::allocator<char> >, std::__cxx11::basic_string<char, std::char_traits<char>, std::allocator<char> >, double, double>)'
/usr/bin/ld: CMakeFiles/agent.dir/src/agent.cpp.o: in function `Agent::find_slot(int)':
agent.cpp:(.text._ZN5Agent9find_slotEi[_ZN5Agent9find_slotEi]+0x5c): undefined reference to `stn'
/usr/bin/ld: agent.cpp:(.text._ZN5Agent9find_slotEi[_ZN5Agent9find_slotEi]+0x67): undefined reference to `STN::get_feasible_values(std::__cxx11::basic_string<char, std::char_traits<char>, std::allocator<char> >)'
/usr/bin/ld: agent.cpp:(.text._ZN5Agent9find_slotEi[_ZN5Agent9find_slotEi]+0x9c): undefined reference to `stn'
/usr/bin/ld: agent.cpp:(.text._ZN5Agent9find_slotEi[_ZN5Agent9find_slotEi]+0xa7): undefined reference to `STN::get_feasible_values(std::__cxx11::basic_string<char, std::char_traits<char>, std::allocator<char> >)'
/usr/bin/ld: CMakeFiles/agent.dir/src/agent.cpp.o: in function `Agent::new_tasks_cb(ma_interfaces::msg::Task_<std::allocator<void> >)':
agent.cpp:(.text._ZN5Agent12new_tasks_cbEN13ma_interfaces3msg5Task_ISaIvEEE[_ZN5Agent12new_tasks_cbEN13ma_interfaces3msg5Task_ISaIvEEE]+0x11d): undefined reference to `stn'
/usr/bin/ld: agent.cpp:(.text._ZN5Agent12new_tasks_cbEN13ma_interfaces3msg5Task_ISaIvEEE[_ZN5Agent12new_tasks_cbEN13ma_interfaces3msg5Task_ISaIvEEE]+0x128): undefined reference to `STN::get_feasible_values(std::__cxx11::basic_string<char, std::char_traits<char>, std::allocator<char> >)'
/usr/bin/ld: agent.cpp:(.text._ZN5Agent12new_tasks_cbEN13ma_interfaces3msg5Task_ISaIvEEE[_ZN5Agent12new_tasks_cbEN13ma_interfaces3msg5Task_ISaIvEEE]+0x76b): undefined reference to `stn'
/usr/bin/ld: agent.cpp:(.text._ZN5Agent12new_tasks_cbEN13ma_interfaces3msg5Task_ISaIvEEE[_ZN5Agent12new_tasks_cbEN13ma_interfaces3msg5Task_ISaIvEEE]+0x773): undefined reference to `STN::del_constraint(std::__cxx11::basic_string<char, std::char_traits<char>, std::allocator<char> >)'
/usr/bin/ld: agent.cpp:(.text._ZN5Agent12new_tasks_cbEN13ma_interfaces3msg5Task_ISaIvEEE[_ZN5Agent12new_tasks_cbEN13ma_interfaces3msg5Task_ISaIvEEE]+0x922): undefined reference to `stn'
/usr/bin/ld: agent.cpp:(.text._ZN5Agent12new_tasks_cbEN13ma_interfaces3msg5Task_ISaIvEEE[_ZN5Agent12new_tasks_cbEN13ma_interfaces3msg5Task_ISaIvEEE]+0x92a): undefined reference to `STN::add_timepoint(std::__cxx11::basic_string<char, std::char_traits<char>, std::allocator<char> >)'
/usr/bin/ld: agent.cpp:(.text._ZN5Agent12new_tasks_cbEN13ma_interfaces3msg5Task_ISaIvEEE[_ZN5Agent12new_tasks_cbEN13ma_interfaces3msg5Task_ISaIvEEE]+0x963): undefined reference to `stn'
/usr/bin/ld: agent.cpp:(.text._ZN5Agent12new_tasks_cbEN13ma_interfaces3msg5Task_ISaIvEEE[_ZN5Agent12new_tasks_cbEN13ma_interfaces3msg5Task_ISaIvEEE]+0x96b): undefined reference to `STN::add_timepoint(std::__cxx11::basic_string<char, std::char_traits<char>, std::allocator<char> >)'
/usr/bin/ld: agent.cpp:(.text._ZN5Agent12new_tasks_cbEN13ma_interfaces3msg5Task_ISaIvEEE[_ZN5Agent12new_tasks_cbEN13ma_interfaces3msg5Task_ISaIvEEE]+0xa0b): undefined reference to `stn'
/usr/bin/ld: agent.cpp:(.text._ZN5Agent12new_tasks_cbEN13ma_interfaces3msg5Task_ISaIvEEE[_ZN5Agent12new_tasks_cbEN13ma_interfaces3msg5Task_ISaIvEEE]+0xa13): undefined reference to `STN::add_constraint(std::__cxx11::basic_string<char, std::char_traits<char>, std::allocator<char> >, std::tuple<std::__cxx11::basic_string<char, std::char_traits<char>, std::allocator<char> >, std::__cxx11::basic_string<char, std::char_traits<char>, std::allocator<char> >, double, double>)'
/usr/bin/ld: agent.cpp:(.text._ZN5Agent12new_tasks_cbEN13ma_interfaces3msg5Task_ISaIvEEE[_ZN5Agent12new_tasks_cbEN13ma_interfaces3msg5Task_ISaIvEEE]+0xb21): undefined reference to `stn'
/usr/bin/ld: agent.cpp:(.text._ZN5Agent12new_tasks_cbEN13ma_interfaces3msg5Task_ISaIvEEE[_ZN5Agent12new_tasks_cbEN13ma_interfaces3msg5Task_ISaIvEEE]+0xb29): undefined reference to `STN::add_constraint(std::__cxx11::basic_string<char, std::char_traits<char>, std::allocator<char> >, std::tuple<std::__cxx11::basic_string<char, std::char_traits<char>, std::allocator<char> >, std::__cxx11::basic_string<char, std::char_traits<char>, std::allocator<char> >, double, double>)'
/usr/bin/ld: agent.cpp:(.text._ZN5Agent12new_tasks_cbEN13ma_interfaces3msg5Task_ISaIvEEE[_ZN5Agent12new_tasks_cbEN13ma_interfaces3msg5Task_ISaIvEEE]+0xc5a): undefined reference to `stn'
/usr/bin/ld: agent.cpp:(.text._ZN5Agent12new_tasks_cbEN13ma_interfaces3msg5Task_ISaIvEEE[_ZN5Agent12new_tasks_cbEN13ma_interfaces3msg5Task_ISaIvEEE]+0xc62): undefined reference to `STN::add_constraint(std::__cxx11::basic_string<char, std::char_traits<char>, std::allocator<char> >, std::tuple<std::__cxx11::basic_string<char, std::char_traits<char>, std::allocator<char> >, std::__cxx11::basic_string<char, std::char_traits<char>, std::allocator<char> >, double, double>)'
/usr/bin/ld: agent.cpp:(.text._ZN5Agent12new_tasks_cbEN13ma_interfaces3msg5Task_ISaIvEEE[_ZN5Agent12new_tasks_cbEN13ma_interfaces3msg5Task_ISaIvEEE]+0xfe1): undefined reference to `stn'
/usr/bin/ld: agent.cpp:(.text._ZN5Agent12new_tasks_cbEN13ma_interfaces3msg5Task_ISaIvEEE[_ZN5Agent12new_tasks_cbEN13ma_interfaces3msg5Task_ISaIvEEE]+0xfe9): undefined reference to `STN::print_graph()'
/usr/bin/ld: warning: creating DT_TEXTREL in a PIE
collect2: error: ld returned 1 exit status
gmake[2]: *** [CMakeFiles/agent.dir/build.make:159: agent] Error 1
gmake[1]: *** [CMakeFiles/Makefile2:195: CMakeFiles/agent.dir/all] Error 2
gmake: *** [Makefile:146: all] Error 2
