[35m[1mConsolidate compiler generated dependencies of target client[0m
[35m[1mConsolidate compiler generated dependencies of target server[0m
[ 25%] [32mBuilding CXX object CMakeFiles/client.dir/src/client.cpp.o[0m
[ 50%] [32mBuilding CXX object CMakeFiles/server.dir/src/auctioneer.cpp.o[0m
[01m[K/home/gkasha/Documents/maae/src/auction/src/auctioneer.cpp:7:13:[m[K [01;31m[Kerror: [m[K‘[01m[KAuctioneer[m[K’ was not declared in this scope
    7 | std::vector<[01;31m[KAuctioneer[m[K*> auctions;
      |             [01;31m[K^~~~~~~~~~[m[K
[01m[K/home/gkasha/Documents/maae/src/auction/src/auctioneer.cpp:7:24:[m[K [01;31m[Kerror: [m[Ktemplate argument 1 is invalid
    7 | std::vector<Auctioneer*[01;31m[K>[m[K auctions;
      |                        [01;31m[K^[m[K
[01m[K/home/gkasha/Documents/maae/src/auction/src/auctioneer.cpp:7:24:[m[K [01;31m[Kerror: [m[Ktemplate argument 2 is invalid
[01m[K/home/gkasha/Documents/maae/src/auction/src/auctioneer.cpp:22:9:[m[K [01;31m[Kerror: [m[K‘[01m[Kid_[m[K’ does not name a type; did you mean ‘[01m[Kid_t[m[K’?
   22 |         [01;31m[Kid_[m[K;
      |         [01;31m[K^~~[m[K
      |         [32m[Kid_t[m[K
[01m[K/home/gkasha/Documents/maae/src/auction/src/auctioneer.cpp:[m[K In constructor ‘[01m[KAuctioneer::Auctioneer(int)[m[K’:
[01m[K/home/gkasha/Documents/maae/src/auction/src/auctioneer.cpp:17:13:[m[K [01;31m[Kerror: [m[K‘[01m[Kid_[m[K’ was not declared in this scope; did you mean ‘[01m[Kid_t[m[K’?
   17 |             [01;31m[Kid_[m[K = id;
      |             [01;31m[K^~~[m[K
      |             [32m[Kid_t[m[K
[01m[K/home/gkasha/Documents/maae/src/auction/src/auctioneer.cpp:[m[K In function ‘[01m[Kvoid start_auction(std::shared_ptr<ma_interfaces::srv::AuctionSrv_Request_<std::allocator<void> > >, std::shared_ptr<ma_interfaces::srv::AuctionSrv_Response_<std::allocator<void> > >)[m[K’:
[01m[K/home/gkasha/Documents/maae/src/auction/src/auctioneer.cpp:33:14:[m[K [01;31m[Kerror: [m[Krequest for member ‘[01m[Kpush_back[m[K’ in ‘[01m[Kauctions[m[K’, which is of non-class type ‘[01m[Kint[m[K’
   33 |     auctions.[01;31m[Kpush_back[m[K(a);
      |              [01;31m[K^~~~~~~~~[m[K
[01m[K/home/gkasha/Documents/maae/src/auction/src/auctioneer.cpp:27:72:[m[K [01;35m[Kwarning: [m[Kunused parameter ‘[01m[Kreq[m[K’ [[01;35m[K]8;;https://gcc.gnu.org/onlinedocs/gcc/Warning-Options.html#index-Wunused-parameter-Wunused-parameter]8;;[m[K]
   27 |         [01;35m[Kconst std::shared_ptr<ma_interfaces::srv::AuctionSrv::Request> req[m[K,
      |         [01;35m[K~~~~~~~~~~~~~~~~~~~~~~~~~~~~~~~~~~~~~~~~~~~~~~~~~~~~~~~~~~~~~~~^~~[m[K
[01m[K/home/gkasha/Documents/maae/src/auction/src/client.cpp:[m[K In function ‘[01m[Kint main(int, char**)[m[K’:
[01m[K/home/gkasha/Documents/maae/src/auction/src/client.cpp:24:60:[m[K [01;31m[Kerror: [m[Kexpected unqualified-id before numeric constant
   24 |     while (!client->wait_for_service(std::chrono_literals::[01;31m[K1s[m[K)){
      |                                                            [01;31m[K^~[m[K
[01m[K/home/gkasha/Documents/maae/src/auction/src/client.cpp:34:17:[m[K [01;31m[Kerror: [m[K‘[01m[Kspin_until_future_compelte[m[K’ is not a member of ‘[01m[Krclcpp[m[K’; did you mean ‘[01m[Kspin_until_future_complete[m[K’?
   34 |     if (rclcpp::[01;31m[Kspin_until_future_compelte[m[K(node, result) ==
      |                 [01;31m[K^~~~~~~~~~~~~~~~~~~~~~~~~~[m[K
      |                 [32m[Kspin_until_future_complete[m[K
[01m[K/home/gkasha/Documents/maae/src/auction/src/client.cpp:34:50:[m[K [01;31m[Kerror: [m[K‘[01m[Kresult[m[K’ was not declared in this scope
   34 |     if (rclcpp::spin_until_future_compelte(node, [01;31m[Kresult[m[K) ==
      |                                                  [01;31m[K^~~~~~[m[K
gmake[2]: *** [CMakeFiles/client.dir/build.make:76: CMakeFiles/client.dir/src/client.cpp.o] Error 1
gmake[1]: *** [CMakeFiles/Makefile2:165: CMakeFiles/client.dir/all] Error 2
gmake[1]: *** Waiting for unfinished jobs....
gmake[2]: *** [CMakeFiles/server.dir/build.make:76: CMakeFiles/server.dir/src/auctioneer.cpp.o] Error 1
gmake[1]: *** [CMakeFiles/Makefile2:139: CMakeFiles/server.dir/all] Error 2
gmake: *** [Makefile:146: all] Error 2
