[01m[K/home/gkasha/Documents/maae/src/auction/src/goal_manager.cpp:[m[K In member function ‘[01m[Kvoid ListenerNode::add_goals_cb(ma_interfaces::msg::Goal)[m[K’:
[01m[K/home/gkasha/Documents/maae/src/auction/src/goal_manager.cpp:82:38:[m[K [01;31m[Kerror: [m[Kno match for ‘[01m[Koperator=[m[K’ (operand types are ‘[01m[Kconst _owner_type[m[K’ {aka ‘[01m[Kconst std::__cxx11::basic_string<char>[m[K’} and ‘[01m[Kma_interfaces::msg::Bid_<std::allocator<void> >::_agent_id_type[m[K’ {aka ‘[01m[Kstd::__cxx11::basic_string<char>[m[K’})
   82 |             goal.owner = winning_bid.[01;31m[Kagent_id[m[K;
      |                                      [01;31m[K^~~~~~~~[m[K
In file included from [01m[K/usr/include/c++/11/string:55[m[K,
                 from [01m[K/usr/include/c++/11/stdexcept:39[m[K,
                 from [01m[K/usr/include/c++/11/system_error:41[m[K,
                 from [01m[K/usr/include/c++/11/mutex:42[m[K,
                 from [01m[K/usr/include/c++/11/future:38[m[K,
                 from [01m[K/home/gkasha/ros2_humble/install/rclcpp/include/rclcpp/rclcpp/executors.hpp:18[m[K,
                 from [01m[K/home/gkasha/ros2_humble/install/rclcpp/include/rclcpp/rclcpp/rclcpp.hpp:155[m[K,
                 from [01m[K/home/gkasha/Documents/maae/src/auction/src/goal_manager.cpp:1[m[K:
[01m[K/usr/include/c++/11/bits/basic_string.h:799:8:[m[K [01;36m[Knote: [m[Kcandidate: ‘[01m[Ktemplate<class _Tp> std::__cxx11::basic_string<_CharT, _Traits, _Alloc>::_If_sv<_Tp, std::__cxx11::basic_string<_CharT, _Traits, _Alloc>&> std::__cxx11::basic_string<_CharT, _Traits, _Alloc>::operator=(const _Tp&) [with _Tp = _Tp; _CharT = char; _Traits = std::char_traits<char>; _Alloc = std::allocator<char>][m[K’
  799 |        [01;36m[Koperator[m[K=(const _Tp& __svt)
      |        [01;36m[K^~~~~~~~[m[K
[01m[K/usr/include/c++/11/bits/basic_string.h:799:8:[m[K [01;36m[Knote: [m[K  template argument deduction/substitution failed:
In file included from [01m[K/usr/include/c++/11/bits/move.h:57[m[K,
                 from [01m[K/usr/include/c++/11/bits/stl_pair.h:59[m[K,
                 from [01m[K/usr/include/c++/11/bits/stl_algobase.h:64[m[K,
                 from [01m[K/usr/include/c++/11/memory:63[m[K,
                 from [01m[K/home/gkasha/ros2_humble/install/rclcpp/include/rclcpp/rclcpp/rclcpp.hpp:153[m[K,
                 from [01m[K/home/gkasha/Documents/maae/src/auction/src/goal_manager.cpp:1[m[K:
/usr/include/c++/11/type_traits: In substitution of ‘[01m[Ktemplate<bool _Cond, class _Tp> using enable_if_t = typename std::enable_if::type [with bool _Cond = false; _Tp = std::__cxx11::basic_string<char>&][m[K’:
[01m[K/usr/include/c++/11/bits/basic_string.h:125:8:[m[K   required by substitution of ‘[01m[Ktemplate<class _CharT, class _Traits, class _Alloc> template<class _Tp, class _Res> using _If_sv = std::enable_if_t<std::__and_<std::is_convertible<const _Tp&, std::basic_string_view<_CharT, _Traits> >, std::__not_<std::is_convertible<const _Tp*, const std::__cxx11::basic_string<_CharT, _Traits, _Alloc>*> >, std::__not_<std::is_convertible<const _Tp&, const _CharT*> > >::value, _Res> [with _Tp = std::__cxx11::basic_string<char>; _Res = std::__cxx11::basic_string<char>&; _CharT = char; _Traits = std::char_traits<char>; _Alloc = std::allocator<char>][m[K’
[01m[K/usr/include/c++/11/bits/basic_string.h:799:8:[m[K   required by substitution of ‘[01m[Ktemplate<class _Tp> std::__cxx11::basic_string<char>::_If_sv<_Tp, std::__cxx11::basic_string<char>&> std::__cxx11::basic_string<char>::operator=<_Tp>(const _Tp&) [with _Tp = std::__cxx11::basic_string<char>][m[K’
[01m[K/home/gkasha/Documents/maae/src/auction/src/goal_manager.cpp:82:38:[m[K   required from here
[01m[K/usr/include/c++/11/type_traits:2585:11:[m[K [01;31m[Kerror: [m[Kno type named ‘[01m[Ktype[m[K’ in ‘[01m[Kstruct std::enable_if<false, std::__cxx11::basic_string<char>&>[m[K’
 2585 |     using [01;31m[Kenable_if_t[m[K = typename enable_if<_Cond, _Tp>::type;
      |           [01;31m[K^~~~~~~~~~~[m[K
In file included from [01m[K/usr/include/c++/11/string:55[m[K,
                 from [01m[K/usr/include/c++/11/stdexcept:39[m[K,
                 from [01m[K/usr/include/c++/11/system_error:41[m[K,
                 from [01m[K/usr/include/c++/11/mutex:42[m[K,
                 from [01m[K/usr/include/c++/11/future:38[m[K,
                 from [01m[K/home/gkasha/ros2_humble/install/rclcpp/include/rclcpp/rclcpp/executors.hpp:18[m[K,
                 from [01m[K/home/gkasha/ros2_humble/install/rclcpp/include/rclcpp/rclcpp/rclcpp.hpp:155[m[K,
                 from [01m[K/home/gkasha/Documents/maae/src/auction/src/goal_manager.cpp:1[m[K:
[01m[K/usr/include/c++/11/bits/basic_string.h:679:7:[m[K [01;36m[Knote: [m[Kcandidate: ‘[01m[Kstd::__cxx11::basic_string<_CharT, _Traits, _Alloc>& std::__cxx11::basic_string<_CharT, _Traits, _Alloc>::operator=(const std::__cxx11::basic_string<_CharT, _Traits, _Alloc>&) [with _CharT = char; _Traits = std::char_traits<char>; _Alloc = std::allocator<char>][m[K’ (near match)
  679 |       [01;36m[Koperator[m[K=(const basic_string& __str)
      |       [01;36m[K^~~~~~~~[m[K
[01m[K/usr/include/c++/11/bits/basic_string.h:679:7:[m[K [01;36m[Knote: [m[K  passing ‘[01m[Kconst _owner_type*[m[K’ {aka ‘[01m[Kconst std::__cxx11::basic_string<char>*[m[K’} as ‘[01m[Kthis[m[K’ argument discards qualifiers
[01m[K/usr/include/c++/11/bits/basic_string.h:689:7:[m[K [01;36m[Knote: [m[Kcandidate: ‘[01m[Kstd::__cxx11::basic_string<_CharT, _Traits, _Alloc>& std::__cxx11::basic_string<_CharT, _Traits, _Alloc>::operator=(const _CharT*) [with _CharT = char; _Traits = std::char_traits<char>; _Alloc = std::allocator<char>][m[K’
  689 |       [01;36m[Koperator[m[K=(const _CharT* __s)
      |       [01;36m[K^~~~~~~~[m[K
[01m[K/usr/include/c++/11/bits/basic_string.h:689:31:[m[K [01;36m[Knote: [m[K  no known conversion for argument 1 from ‘[01m[Kma_interfaces::msg::Bid_<std::allocator<void> >::_agent_id_type[m[K’ {aka ‘[01m[Kstd::__cxx11::basic_string<char>[m[K’} to ‘[01m[Kconst char*[m[K’
  689 |       operator=([01;36m[Kconst _CharT* __s[m[K)
      |                 [01;36m[K~~~~~~~~~~~~~~^~~[m[K
[01m[K/usr/include/c++/11/bits/basic_string.h:700:7:[m[K [01;36m[Knote: [m[Kcandidate: ‘[01m[Kstd::__cxx11::basic_string<_CharT, _Traits, _Alloc>& std::__cxx11::basic_string<_CharT, _Traits, _Alloc>::operator=(_CharT) [with _CharT = char; _Traits = std::char_traits<char>; _Alloc = std::allocator<char>][m[K’
  700 |       [01;36m[Koperator[m[K=(_CharT __c)
      |       [01;36m[K^~~~~~~~[m[K
[01m[K/usr/include/c++/11/bits/basic_string.h:700:24:[m[K [01;36m[Knote: [m[K  no known conversion for argument 1 from ‘[01m[Kma_interfaces::msg::Bid_<std::allocator<void> >::_agent_id_type[m[K’ {aka ‘[01m[Kstd::__cxx11::basic_string<char>[m[K’} to ‘[01m[Kchar[m[K’
  700 |       operator=([01;36m[K_CharT __c[m[K)
      |                 [01;36m[K~~~~~~~^~~[m[K
[01m[K/usr/include/c++/11/bits/basic_string.h:717:7:[m[K [01;36m[Knote: [m[Kcandidate: ‘[01m[Kstd::__cxx11::basic_string<_CharT, _Traits, _Alloc>& std::__cxx11::basic_string<_CharT, _Traits, _Alloc>::operator=(std::__cxx11::basic_string<_CharT, _Traits, _Alloc>&&) [with _CharT = char; _Traits = std::char_traits<char>; _Alloc = std::allocator<char>][m[K’ (near match)
  717 |       [01;36m[Koperator[m[K=(basic_string&& __str)
      |       [01;36m[K^~~~~~~~[m[K
[01m[K/usr/include/c++/11/bits/basic_string.h:717:7:[m[K [01;36m[Knote: [m[K  conversion of argument 1 would be ill-formed:
[01m[K/home/gkasha/Documents/maae/src/auction/src/goal_manager.cpp:82:38:[m[K [01;31m[Kerror: [m[Kcannot bind rvalue reference of type ‘[01m[Kstd::__cxx11::basic_string<char>&&[m[K’ to lvalue of type ‘[01m[Kma_interfaces::msg::Bid_<std::allocator<void> >::_agent_id_type[m[K’ {aka ‘[01m[Kstd::__cxx11::basic_string<char>[m[K’}
   82 |             goal.owner = [01;31m[Kwinning_bid.agent_id[m[K;
      |                          [01;31m[K~~~~~~~~~~~~^~~~~~~~[m[K
In file included from [01m[K/usr/include/c++/11/string:55[m[K,
                 from [01m[K/usr/include/c++/11/stdexcept:39[m[K,
                 from [01m[K/usr/include/c++/11/system_error:41[m[K,
                 from [01m[K/usr/include/c++/11/mutex:42[m[K,
                 from [01m[K/usr/include/c++/11/future:38[m[K,
                 from [01m[K/home/gkasha/ros2_humble/install/rclcpp/include/rclcpp/rclcpp/executors.hpp:18[m[K,
                 from [01m[K/home/gkasha/ros2_humble/install/rclcpp/include/rclcpp/rclcpp/rclcpp.hpp:155[m[K,
                 from [01m[K/home/gkasha/Documents/maae/src/auction/src/goal_manager.cpp:1[m[K:
[01m[K/usr/include/c++/11/bits/basic_string.h:785:7:[m[K [01;36m[Knote: [m[Kcandidate: ‘[01m[Kstd::__cxx11::basic_string<_CharT, _Traits, _Alloc>& std::__cxx11::basic_string<_CharT, _Traits, _Alloc>::operator=(std::initializer_list<_Tp>) [with _CharT = char; _Traits = std::char_traits<char>; _Alloc = std::allocator<char>][m[K’
  785 |       [01;36m[Koperator[m[K=(initializer_list<_CharT> __l)
      |       [01;36m[K^~~~~~~~[m[K
[01m[K/usr/include/c++/11/bits/basic_string.h:785:42:[m[K [01;36m[Knote: [m[K  no known conversion for argument 1 from ‘[01m[Kma_interfaces::msg::Bid_<std::allocator<void> >::_agent_id_type[m[K’ {aka ‘[01m[Kstd::__cxx11::basic_string<char>[m[K’} to ‘[01m[Kstd::initializer_list<char>[m[K’
  785 |       operator=([01;36m[Kinitializer_list<_CharT> __l[m[K)
      |                 [01;36m[K~~~~~~~~~~~~~~~~~~~~~~~~~^~~[m[K
gmake[2]: *** [CMakeFiles/goal_manager.dir/build.make:76: CMakeFiles/goal_manager.dir/src/goal_manager.cpp.o] Error 1
gmake[1]: *** [CMakeFiles/Makefile2:221: CMakeFiles/goal_manager.dir/all] Error 2
gmake: *** [Makefile:146: all] Error 2
