[35m[1mConsolidate compiler generated dependencies of target agent[0m
[ 25%] Built target client
[ 37%] [32mBuilding CXX object CMakeFiles/agent.dir/src/agent.cpp.o[0m
[ 62%] Built target server
[ 87%] Built target goal_manager
[01m[K/home/gkasha/Documents/maae/src/auction/src/agent.cpp:[m[K In function ‘[01m[Kvoid start_auction(std::shared_ptr<ma_interfaces::srv::AuctionSrv_Request_<std::allocator<void> > >, std::shared_ptr<ma_interfaces::srv::AuctionSrv_Response_<std::allocator<void> > >)[m[K’:
[01m[K/home/gkasha/Documents/maae/src/auction/src/agent.cpp:57:72:[m[K [01;35m[Kwarning: [m[Kunused parameter ‘[01m[Ktmp_req[m[K’ [[01;35m[K]8;;https://gcc.gnu.org/onlinedocs/gcc/Warning-Options.html#index-Wunused-parameter-Wunused-parameter]8;;[m[K]
   57 |         [01;35m[Kconst std::shared_ptr<ma_interfaces::srv::AuctionSrv::Request> tmp_req[m[K,
      |         [01;35m[K~~~~~~~~~~~~~~~~~~~~~~~~~~~~~~~~~~~~~~~~~~~~~~~~~~~~~~~~~~~~~~~^~~~~~~[m[K
[01m[K/home/gkasha/Documents/maae/src/auction/src/agent.cpp:58:67:[m[K [01;35m[Kwarning: [m[Kunused parameter ‘[01m[Ktmp_rep[m[K’ [[01;35m[K]8;;https://gcc.gnu.org/onlinedocs/gcc/Warning-Options.html#index-Wunused-parameter-Wunused-parameter]8;;[m[K]
   58 |         [01;35m[Kstd::shared_ptr<ma_interfaces::srv::AuctionSrv::Response> tmp_rep[m[K)
      |         [01;35m[K~~~~~~~~~~~~~~~~~~~~~~~~~~~~~~~~~~~~~~~~~~~~~~~~~~~~~~~~~~^~~~~~~[m[K
[01m[K/home/gkasha/Documents/maae/src/auction/src/agent.cpp:[m[K In function ‘[01m[Kint main(int, char**)[m[K’:
[01m[K/home/gkasha/Documents/maae/src/auction/src/agent.cpp:156:65:[m[K [01;31m[Kerror: [m[K‘[01m[Kget_bid[m[K’ is not a member of ‘[01m[KAgent[m[K’
  156 |                 "get_bid_"+std::to_string(master->id_), &Agent::[01;31m[Kget_bid[m[K);
      |                                                                 [01;31m[K^~~~~~~[m[K
[01m[K/home/gkasha/Documents/maae/src/auction/src/agent.cpp:159:71:[m[K [01;31m[Kerror: [m[K‘[01m[Kstart_auction[m[K’ is not a member of ‘[01m[KAgent[m[K’
  159 |                 "start_auction_"+std::to_string(master->id_), &Agent::[01;31m[Kstart_auction[m[K);
      |                                                                       [01;31m[K^~~~~~~~~~~~~[m[K
gmake[2]: *** [CMakeFiles/agent.dir/build.make:76: CMakeFiles/agent.dir/src/agent.cpp.o] Error 1
gmake[1]: *** [CMakeFiles/Makefile2:195: CMakeFiles/agent.dir/all] Error 2
gmake: *** [Makefile:146: all] Error 2
