[0.069s] Invoking command in '/home/gkasha/Documents/maae/build/ma_interfaces': CMAKE_PREFIX_PATH=${CMAKE_PREFIX_PATH}:/home/gkasha/ros2_humble/install/rqt_bag_plugins:/home/gkasha/ros2_humble/install/rqt_bag:/home/gkasha/ros2_humble/install/ros2bag:/home/gkasha/ros2_humble/install/tracetools_test:/home/gkasha/ros2_humble/install/tracetools_launch:/home/gkasha/ros2_humble/install/topic_monitor:/home/gkasha/ros2_humble/install/tf2_tools:/home/gkasha/ros2_humble/install/examples_tf2_py:/home/gkasha/ros2_humble/install/tf2_ros_py:/home/gkasha/ros2_humble/install/sros2:/home/gkasha/ros2_humble/install/rqt_topic:/home/gkasha/ros2_humble/install/rqt_srv:/home/gkasha/ros2_humble/install/rqt_shell:/home/gkasha/ros2_humble/install/rqt_service_caller:/home/gkasha/ros2_humble/install/rqt_reconfigure:/home/gkasha/ros2_humble/install/rqt_py_console:/home/gkasha/ros2_humble/install/rqt_publisher:/home/gkasha/ros2_humble/install/rqt_plot:/home/gkasha/ros2_humble/install/rqt_action:/home/gkasha/ros2_humble/install/rqt_msg:/home/gkasha/ros2_humble/install/rqt_console:/home/gkasha/ros2_humble/install/rqt:/home/gkasha/ros2_humble/install/rqt_graph:/home/gkasha/ros2_humble/install/rqt_gui_py:/home/gkasha/ros2_humble/install/rqt_gui:/home/gkasha/ros2_humble/install/ros2trace:/home/gkasha/ros2_humble/install/ros2topic:/home/gkasha/ros2_humble/install/ros2test:/home/gkasha/ros2_humble/install/ros2component:/home/gkasha/ros2_humble/install/ros2param:/home/gkasha/ros2_humble/install/ros2lifecycle:/home/gkasha/ros2_humble/install/ros2service:/home/gkasha/ros2_humble/install/ros2run:/home/gkasha/ros2_humble/install/ros2launch:/home/gkasha/ros2_humble/install/ros2pkg:/home/gkasha/ros2_humble/install/ros2node:/home/gkasha/ros2_humble/install/ros2multicast:/home/gkasha/ros2_humble/install/ros2interface:/home/gkasha/ros2_humble/install/ros2doctor:/home/gkasha/ros2_humble/install/ros2action:/home/gkasha/ros2_humble/install/ros2cli:/home/gkasha/ros2_humble/install/quality_of_service_demo_py:/home/gkasha/ros2_humble/install/lifecycle_py:/home/gkasha/ros2_humble/install/launch_testing_ros:/home/gkasha/ros2_humble/install/launch_ros:/home/gkasha/ros2_humble/install/examples_rclpy_pointcloud_publisher:/home/gkasha/ros2_humble/install/examples_rclpy_minimal_subscriber:/home/gkasha/ros2_humble/install/examples_rclpy_minimal_service:/home/gkasha/ros2_humble/install/examples_rclpy_minimal_publisher:/home/gkasha/ros2_humble/install/examples_rclpy_minimal_client:/home/gkasha/ros2_humble/install/examples_rclpy_minimal_action_server:/home/gkasha/ros2_humble/install/examples_rclpy_minimal_action_client:/home/gkasha/ros2_humble/install/examples_rclpy_guard_conditions:/home/gkasha/ros2_humble/install/examples_rclpy_executors:/home/gkasha/ros2_humble/install/demo_nodes_py:/home/gkasha/ros2_humble/install/action_tutorials_py:/home/gkasha/ros2_humble/install/ament_uncrustify:/home/gkasha/ros2_humble/install/tracetools_trace:/home/gkasha/ros2_humble/install/tracetools_read:/home/gkasha/ros2_humble/install/test_tracetools_launch:/home/gkasha/ros2_humble/install/test_launch_ros:/home/gkasha/ros2_humble/install/sensor_msgs_py:/home/gkasha/ros2_humble/install/rpyutils:/home/gkasha/ros2_humble/install/rosidl_runtime_py:/home/gkasha/ros2_humble/install/rosidl_cli:/home/gkasha/ros2_humble/install/launch_pytest:/home/gkasha/ros2_humble/install/launch_testing:/home/gkasha/ros2_humble/install/launch_yaml:/home/gkasha/ros2_humble/install/launch_xml:/home/gkasha/ros2_humble/install/launch:/home/gkasha/ros2_humble/install/osrf_pycommon:/home/gkasha/ros2_humble/install/launch_testing_examples:/home/gkasha/ros2_humble/install/domain_coordinator:/home/gkasha/ros2_humble/install/ament_xmllint:/home/gkasha/ros2_humble/install/ament_pyflakes:/home/gkasha/ros2_humble/install/ament_pycodestyle:/home/gkasha/ros2_humble/install/ament_pep257:/home/gkasha/ros2_humble/install/ament_pclint:/home/gkasha/ros2_humble/install/ament_package:/home/gkasha/ros2_humble/install/ament_mypy:/home/gkasha/ros2_humble/install/ament_lint_cmake:/home/gkasha/ros2_humble/install/ament_flake8:/home/gkasha/ros2_humble/install/ament_copyright:/home/gkasha/ros2_humble/install/ament_lint:/home/gkasha/ros2_humble/install/ament_index_python:/home/gkasha/ros2_humble/install/ament_cpplint:/home/gkasha/ros2_humble/install/ament_cppcheck:/home/gkasha/ros2_humble/install/ament_clang_tidy:/home/gkasha/ros2_humble/install/ament_clang_format /usr/bin/cmake --build /home/gkasha/Documents/maae/build/ma_interfaces -- -j4 -l4
[0.262s] -- Found ament_cmake: 1.3.3 (/home/gkasha/ros2_humble/install/ament_cmake/share/ament_cmake/cmake)
[0.769s] -- Found rosidl_default_generators: 1.2.0 (/home/gkasha/ros2_humble/install/rosidl_default_generators/share/rosidl_default_generators/cmake)
[0.876s] -- Using all available rosidl_typesupport_c: rosidl_typesupport_introspection_c;rosidl_typesupport_fastrtps_c
[0.883s] -- Found rosidl_adapter: 3.1.4 (/home/gkasha/ros2_humble/install/rosidl_adapter/share/rosidl_adapter/cmake)
[1.019s] -- Using all available rosidl_typesupport_cpp: rosidl_typesupport_introspection_cpp;rosidl_typesupport_fastrtps_cpp
[2.115s] -- Found ament_cmake_ros: 0.10.0 (/home/gkasha/ros2_humble/install/ament_cmake_ros/share/ament_cmake_ros/cmake)
[2.539s] -- Using all available rosidl_typesupport_c: rosidl_typesupport_introspection_c;rosidl_typesupport_fastrtps_c
[3.360s] -- Using all available rosidl_typesupport_cpp: rosidl_typesupport_introspection_cpp;rosidl_typesupport_fastrtps_cpp
[3.450s] -- Found python_cmake_module: 0.10.0 (/home/gkasha/ros2_humble/install/python_cmake_module/share/python_cmake_module/cmake)
[3.531s] -- Using PYTHON_EXECUTABLE: /usr/bin/python3
[3.531s] -- Using PYTHON_INCLUDE_DIRS: /usr/include/python3.10
[3.532s] -- Using PYTHON_LIBRARIES: /usr/lib/x86_64-linux-gnu/libpython3.10.so
[3.855s] -- Found ament_lint_auto: 0.12.5 (/home/gkasha/ros2_humble/install/ament_lint_auto/share/ament_lint_auto/cmake)
[3.880s] -- Added test 'lint_cmake' to check CMake code style
[3.882s] -- Added test 'xmllint' to check XML markup files
[3.887s] -- Configuring done
[4.068s] -- Generating done
[4.074s] -- Build files have been written to: /home/gkasha/Documents/maae/build/ma_interfaces
[4.177s] [35m[1mConsolidate compiler generated dependencies of target ma_interfaces__rosidl_generator_c[0m
[4.222s] [  0%] Built target ma_interfaces__cpp
[4.243s] [ 12%] Built target ma_interfaces__rosidl_generator_c
[4.300s] [ 12%] Built target ament_cmake_python_copy_ma_interfaces
[4.315s] [35m[1mConsolidate compiler generated dependencies of target ma_interfaces__rosidl_typesupport_cpp[0m
[4.324s] [35m[1mConsolidate compiler generated dependencies of target ma_interfaces__rosidl_typesupport_introspection_cpp[0m
[4.348s] [35m[1mConsolidate compiler generated dependencies of target ma_interfaces__rosidl_typesupport_fastrtps_cpp[0m
[4.371s] [35m[1mConsolidate compiler generated dependencies of target ma_interfaces__rosidl_typesupport_introspection_c[0m
[4.399s] [ 24%] Built target ma_interfaces__rosidl_typesupport_introspection_cpp
[4.407s] [ 35%] Built target ma_interfaces__rosidl_typesupport_fastrtps_cpp
[4.409s] [ 47%] Built target ma_interfaces__rosidl_typesupport_cpp
[4.440s] [ 59%] Built target ma_interfaces__rosidl_typesupport_introspection_c
[4.453s] [35m[1mConsolidate compiler generated dependencies of target ma_interfaces__rosidl_typesupport_fastrtps_c[0m
[4.472s] [35m[1mConsolidate compiler generated dependencies of target ma_interfaces__rosidl_typesupport_c[0m
[4.522s] [ 71%] Built target ma_interfaces__rosidl_typesupport_fastrtps_c
[4.524s] [ 83%] Built target ma_interfaces__rosidl_typesupport_c
[4.608s] [ 83%] Built target ma_interfaces
[4.699s] [ 84%] Built target ma_interfaces__py
[4.744s] [35m[1mConsolidate compiler generated dependencies of target ma_interfaces__rosidl_generator_py[0m
[4.802s] [ 95%] Built target ma_interfaces__rosidl_generator_py
[4.855s] [35m[1mConsolidate compiler generated dependencies of target ma_interfaces__rosidl_typesupport_introspection_c__pyext[0m
[4.857s] [35m[1mConsolidate compiler generated dependencies of target ma_interfaces__rosidl_typesupport_c__pyext[0m
[4.873s] [35m[1mConsolidate compiler generated dependencies of target ma_interfaces__rosidl_typesupport_fastrtps_c__pyext[0m
[4.912s] [ 96%] Built target ma_interfaces__rosidl_typesupport_c__pyext
[4.923s] [ 98%] Built target ma_interfaces__rosidl_typesupport_fastrtps_c__pyext
[4.929s] [100%] Built target ma_interfaces__rosidl_typesupport_introspection_c__pyext
[5.098s] running egg_info
[5.099s] writing ma_interfaces.egg-info/PKG-INFO
[5.099s] writing dependency_links to ma_interfaces.egg-info/dependency_links.txt
[5.100s] writing top-level names to ma_interfaces.egg-info/top_level.txt
[5.106s] reading manifest file 'ma_interfaces.egg-info/SOURCES.txt'
[5.107s] writing manifest file 'ma_interfaces.egg-info/SOURCES.txt'
[5.155s] [100%] Built target ament_cmake_python_build_ma_interfaces_egg
[5.190s] Invoked command in '/home/gkasha/Documents/maae/build/ma_interfaces' returned '0': CMAKE_PREFIX_PATH=${CMAKE_PREFIX_PATH}:/home/gkasha/ros2_humble/install/rqt_bag_plugins:/home/gkasha/ros2_humble/install/rqt_bag:/home/gkasha/ros2_humble/install/ros2bag:/home/gkasha/ros2_humble/install/tracetools_test:/home/gkasha/ros2_humble/install/tracetools_launch:/home/gkasha/ros2_humble/install/topic_monitor:/home/gkasha/ros2_humble/install/tf2_tools:/home/gkasha/ros2_humble/install/examples_tf2_py:/home/gkasha/ros2_humble/install/tf2_ros_py:/home/gkasha/ros2_humble/install/sros2:/home/gkasha/ros2_humble/install/rqt_topic:/home/gkasha/ros2_humble/install/rqt_srv:/home/gkasha/ros2_humble/install/rqt_shell:/home/gkasha/ros2_humble/install/rqt_service_caller:/home/gkasha/ros2_humble/install/rqt_reconfigure:/home/gkasha/ros2_humble/install/rqt_py_console:/home/gkasha/ros2_humble/install/rqt_publisher:/home/gkasha/ros2_humble/install/rqt_plot:/home/gkasha/ros2_humble/install/rqt_action:/home/gkasha/ros2_humble/install/rqt_msg:/home/gkasha/ros2_humble/install/rqt_console:/home/gkasha/ros2_humble/install/rqt:/home/gkasha/ros2_humble/install/rqt_graph:/home/gkasha/ros2_humble/install/rqt_gui_py:/home/gkasha/ros2_humble/install/rqt_gui:/home/gkasha/ros2_humble/install/ros2trace:/home/gkasha/ros2_humble/install/ros2topic:/home/gkasha/ros2_humble/install/ros2test:/home/gkasha/ros2_humble/install/ros2component:/home/gkasha/ros2_humble/install/ros2param:/home/gkasha/ros2_humble/install/ros2lifecycle:/home/gkasha/ros2_humble/install/ros2service:/home/gkasha/ros2_humble/install/ros2run:/home/gkasha/ros2_humble/install/ros2launch:/home/gkasha/ros2_humble/install/ros2pkg:/home/gkasha/ros2_humble/install/ros2node:/home/gkasha/ros2_humble/install/ros2multicast:/home/gkasha/ros2_humble/install/ros2interface:/home/gkasha/ros2_humble/install/ros2doctor:/home/gkasha/ros2_humble/install/ros2action:/home/gkasha/ros2_humble/install/ros2cli:/home/gkasha/ros2_humble/install/quality_of_service_demo_py:/home/gkasha/ros2_humble/install/lifecycle_py:/home/gkasha/ros2_humble/install/launch_testing_ros:/home/gkasha/ros2_humble/install/launch_ros:/home/gkasha/ros2_humble/install/examples_rclpy_pointcloud_publisher:/home/gkasha/ros2_humble/install/examples_rclpy_minimal_subscriber:/home/gkasha/ros2_humble/install/examples_rclpy_minimal_service:/home/gkasha/ros2_humble/install/examples_rclpy_minimal_publisher:/home/gkasha/ros2_humble/install/examples_rclpy_minimal_client:/home/gkasha/ros2_humble/install/examples_rclpy_minimal_action_server:/home/gkasha/ros2_humble/install/examples_rclpy_minimal_action_client:/home/gkasha/ros2_humble/install/examples_rclpy_guard_conditions:/home/gkasha/ros2_humble/install/examples_rclpy_executors:/home/gkasha/ros2_humble/install/demo_nodes_py:/home/gkasha/ros2_humble/install/action_tutorials_py:/home/gkasha/ros2_humble/install/ament_uncrustify:/home/gkasha/ros2_humble/install/tracetools_trace:/home/gkasha/ros2_humble/install/tracetools_read:/home/gkasha/ros2_humble/install/test_tracetools_launch:/home/gkasha/ros2_humble/install/test_launch_ros:/home/gkasha/ros2_humble/install/sensor_msgs_py:/home/gkasha/ros2_humble/install/rpyutils:/home/gkasha/ros2_humble/install/rosidl_runtime_py:/home/gkasha/ros2_humble/install/rosidl_cli:/home/gkasha/ros2_humble/install/launch_pytest:/home/gkasha/ros2_humble/install/launch_testing:/home/gkasha/ros2_humble/install/launch_yaml:/home/gkasha/ros2_humble/install/launch_xml:/home/gkasha/ros2_humble/install/launch:/home/gkasha/ros2_humble/install/osrf_pycommon:/home/gkasha/ros2_humble/install/launch_testing_examples:/home/gkasha/ros2_humble/install/domain_coordinator:/home/gkasha/ros2_humble/install/ament_xmllint:/home/gkasha/ros2_humble/install/ament_pyflakes:/home/gkasha/ros2_humble/install/ament_pycodestyle:/home/gkasha/ros2_humble/install/ament_pep257:/home/gkasha/ros2_humble/install/ament_pclint:/home/gkasha/ros2_humble/install/ament_package:/home/gkasha/ros2_humble/install/ament_mypy:/home/gkasha/ros2_humble/install/ament_lint_cmake:/home/gkasha/ros2_humble/install/ament_flake8:/home/gkasha/ros2_humble/install/ament_copyright:/home/gkasha/ros2_humble/install/ament_lint:/home/gkasha/ros2_humble/install/ament_index_python:/home/gkasha/ros2_humble/install/ament_cpplint:/home/gkasha/ros2_humble/install/ament_cppcheck:/home/gkasha/ros2_humble/install/ament_clang_tidy:/home/gkasha/ros2_humble/install/ament_clang_format /usr/bin/cmake --build /home/gkasha/Documents/maae/build/ma_interfaces -- -j4 -l4
[7.494s] Invoking command in '/home/gkasha/Documents/maae/build/ma_interfaces': CMAKE_PREFIX_PATH=${CMAKE_PREFIX_PATH}:/home/gkasha/ros2_humble/install/rqt_bag_plugins:/home/gkasha/ros2_humble/install/rqt_bag:/home/gkasha/ros2_humble/install/ros2bag:/home/gkasha/ros2_humble/install/tracetools_test:/home/gkasha/ros2_humble/install/tracetools_launch:/home/gkasha/ros2_humble/install/topic_monitor:/home/gkasha/ros2_humble/install/tf2_tools:/home/gkasha/ros2_humble/install/examples_tf2_py:/home/gkasha/ros2_humble/install/tf2_ros_py:/home/gkasha/ros2_humble/install/sros2:/home/gkasha/ros2_humble/install/rqt_topic:/home/gkasha/ros2_humble/install/rqt_srv:/home/gkasha/ros2_humble/install/rqt_shell:/home/gkasha/ros2_humble/install/rqt_service_caller:/home/gkasha/ros2_humble/install/rqt_reconfigure:/home/gkasha/ros2_humble/install/rqt_py_console:/home/gkasha/ros2_humble/install/rqt_publisher:/home/gkasha/ros2_humble/install/rqt_plot:/home/gkasha/ros2_humble/install/rqt_action:/home/gkasha/ros2_humble/install/rqt_msg:/home/gkasha/ros2_humble/install/rqt_console:/home/gkasha/ros2_humble/install/rqt:/home/gkasha/ros2_humble/install/rqt_graph:/home/gkasha/ros2_humble/install/rqt_gui_py:/home/gkasha/ros2_humble/install/rqt_gui:/home/gkasha/ros2_humble/install/ros2trace:/home/gkasha/ros2_humble/install/ros2topic:/home/gkasha/ros2_humble/install/ros2test:/home/gkasha/ros2_humble/install/ros2component:/home/gkasha/ros2_humble/install/ros2param:/home/gkasha/ros2_humble/install/ros2lifecycle:/home/gkasha/ros2_humble/install/ros2service:/home/gkasha/ros2_humble/install/ros2run:/home/gkasha/ros2_humble/install/ros2launch:/home/gkasha/ros2_humble/install/ros2pkg:/home/gkasha/ros2_humble/install/ros2node:/home/gkasha/ros2_humble/install/ros2multicast:/home/gkasha/ros2_humble/install/ros2interface:/home/gkasha/ros2_humble/install/ros2doctor:/home/gkasha/ros2_humble/install/ros2action:/home/gkasha/ros2_humble/install/ros2cli:/home/gkasha/ros2_humble/install/quality_of_service_demo_py:/home/gkasha/ros2_humble/install/lifecycle_py:/home/gkasha/ros2_humble/install/launch_testing_ros:/home/gkasha/ros2_humble/install/launch_ros:/home/gkasha/ros2_humble/install/examples_rclpy_pointcloud_publisher:/home/gkasha/ros2_humble/install/examples_rclpy_minimal_subscriber:/home/gkasha/ros2_humble/install/examples_rclpy_minimal_service:/home/gkasha/ros2_humble/install/examples_rclpy_minimal_publisher:/home/gkasha/ros2_humble/install/examples_rclpy_minimal_client:/home/gkasha/ros2_humble/install/examples_rclpy_minimal_action_server:/home/gkasha/ros2_humble/install/examples_rclpy_minimal_action_client:/home/gkasha/ros2_humble/install/examples_rclpy_guard_conditions:/home/gkasha/ros2_humble/install/examples_rclpy_executors:/home/gkasha/ros2_humble/install/demo_nodes_py:/home/gkasha/ros2_humble/install/action_tutorials_py:/home/gkasha/ros2_humble/install/ament_uncrustify:/home/gkasha/ros2_humble/install/tracetools_trace:/home/gkasha/ros2_humble/install/tracetools_read:/home/gkasha/ros2_humble/install/test_tracetools_launch:/home/gkasha/ros2_humble/install/test_launch_ros:/home/gkasha/ros2_humble/install/sensor_msgs_py:/home/gkasha/ros2_humble/install/rpyutils:/home/gkasha/ros2_humble/install/rosidl_runtime_py:/home/gkasha/ros2_humble/install/rosidl_cli:/home/gkasha/ros2_humble/install/launch_pytest:/home/gkasha/ros2_humble/install/launch_testing:/home/gkasha/ros2_humble/install/launch_yaml:/home/gkasha/ros2_humble/install/launch_xml:/home/gkasha/ros2_humble/install/launch:/home/gkasha/ros2_humble/install/osrf_pycommon:/home/gkasha/ros2_humble/install/launch_testing_examples:/home/gkasha/ros2_humble/install/domain_coordinator:/home/gkasha/ros2_humble/install/ament_xmllint:/home/gkasha/ros2_humble/install/ament_pyflakes:/home/gkasha/ros2_humble/install/ament_pycodestyle:/home/gkasha/ros2_humble/install/ament_pep257:/home/gkasha/ros2_humble/install/ament_pclint:/home/gkasha/ros2_humble/install/ament_package:/home/gkasha/ros2_humble/install/ament_mypy:/home/gkasha/ros2_humble/install/ament_lint_cmake:/home/gkasha/ros2_humble/install/ament_flake8:/home/gkasha/ros2_humble/install/ament_copyright:/home/gkasha/ros2_humble/install/ament_lint:/home/gkasha/ros2_humble/install/ament_index_python:/home/gkasha/ros2_humble/install/ament_cpplint:/home/gkasha/ros2_humble/install/ament_cppcheck:/home/gkasha/ros2_humble/install/ament_clang_tidy:/home/gkasha/ros2_humble/install/ament_clang_format /usr/bin/cmake --install /home/gkasha/Documents/maae/build/ma_interfaces
[7.517s] -- Install configuration: ""
[7.518s] -- Up-to-date: /home/gkasha/Documents/maae/install/ma_interfaces/share/ament_index/resource_index/rosidl_interfaces/ma_interfaces
[7.519s] -- Up-to-date: /home/gkasha/Documents/maae/install/ma_interfaces/include/ma_interfaces/ma_interfaces
[7.519s] -- Up-to-date: /home/gkasha/Documents/maae/install/ma_interfaces/include/ma_interfaces/ma_interfaces/srv
[7.519s] -- Up-to-date: /home/gkasha/Documents/maae/install/ma_interfaces/include/ma_interfaces/ma_interfaces/srv/detail
[7.520s] -- Up-to-date: /home/gkasha/Documents/maae/install/ma_interfaces/include/ma_interfaces/ma_interfaces/srv/detail/add_goal__functions.c
[7.520s] -- Up-to-date: /home/gkasha/Documents/maae/install/ma_interfaces/include/ma_interfaces/ma_interfaces/srv/detail/auction_srv__type_support.h
[7.520s] -- Up-to-date: /home/gkasha/Documents/maae/install/ma_interfaces/include/ma_interfaces/ma_interfaces/srv/detail/auction_result__type_support.h
[7.520s] -- Up-to-date: /home/gkasha/Documents/maae/install/ma_interfaces/include/ma_interfaces/ma_interfaces/srv/detail/get_goal__functions.c
[7.520s] -- Up-to-date: /home/gkasha/Documents/maae/install/ma_interfaces/include/ma_interfaces/ma_interfaces/srv/detail/add_goal__struct.h
[7.521s] -- Up-to-date: /home/gkasha/Documents/maae/install/ma_interfaces/include/ma_interfaces/ma_interfaces/srv/detail/add_goal__type_support.h
[7.521s] -- Up-to-date: /home/gkasha/Documents/maae/install/ma_interfaces/include/ma_interfaces/ma_interfaces/srv/detail/get_bid__functions.h
[7.521s] -- Up-to-date: /home/gkasha/Documents/maae/install/ma_interfaces/include/ma_interfaces/ma_interfaces/srv/detail/auction_srv__struct.h
[7.521s] -- Up-to-date: /home/gkasha/Documents/maae/install/ma_interfaces/include/ma_interfaces/ma_interfaces/srv/detail/get_bid__struct.h
[7.521s] -- Up-to-date: /home/gkasha/Documents/maae/install/ma_interfaces/include/ma_interfaces/ma_interfaces/srv/detail/get_goal__struct.h
[7.521s] -- Up-to-date: /home/gkasha/Documents/maae/install/ma_interfaces/include/ma_interfaces/ma_interfaces/srv/detail/get_bid__type_support.h
[7.521s] -- Up-to-date: /home/gkasha/Documents/maae/install/ma_interfaces/include/ma_interfaces/ma_interfaces/srv/detail/auction_result__functions.c
[7.521s] -- Up-to-date: /home/gkasha/Documents/maae/install/ma_interfaces/include/ma_interfaces/ma_interfaces/srv/detail/auction_result__struct.h
[7.524s] -- Up-to-date: /home/gkasha/Documents/maae/install/ma_interfaces/include/ma_interfaces/ma_interfaces/srv/detail/register__type_support.h
[7.524s] -- Up-to-date: /home/gkasha/Documents/maae/install/ma_interfaces/include/ma_interfaces/ma_interfaces/srv/detail/auction_srv__functions.c
[7.524s] -- Up-to-date: /home/gkasha/Documents/maae/install/ma_interfaces/include/ma_interfaces/ma_interfaces/srv/detail/add_goal__functions.h
[7.524s] -- Up-to-date: /home/gkasha/Documents/maae/install/ma_interfaces/include/ma_interfaces/ma_interfaces/srv/detail/register__struct.h
[7.525s] -- Up-to-date: /home/gkasha/Documents/maae/install/ma_interfaces/include/ma_interfaces/ma_interfaces/srv/detail/get_goal__functions.h
[7.525s] -- Up-to-date: /home/gkasha/Documents/maae/install/ma_interfaces/include/ma_interfaces/ma_interfaces/srv/detail/register__functions.h
[7.525s] -- Up-to-date: /home/gkasha/Documents/maae/install/ma_interfaces/include/ma_interfaces/ma_interfaces/srv/detail/get_goal__type_support.h
[7.525s] -- Up-to-date: /home/gkasha/Documents/maae/install/ma_interfaces/include/ma_interfaces/ma_interfaces/srv/detail/get_bid__functions.c
[7.525s] -- Up-to-date: /home/gkasha/Documents/maae/install/ma_interfaces/include/ma_interfaces/ma_interfaces/srv/detail/auction_result__functions.h
[7.525s] -- Up-to-date: /home/gkasha/Documents/maae/install/ma_interfaces/include/ma_interfaces/ma_interfaces/srv/detail/auction_srv__functions.h
[7.525s] -- Up-to-date: /home/gkasha/Documents/maae/install/ma_interfaces/include/ma_interfaces/ma_interfaces/srv/detail/register__functions.c
[7.526s] -- Up-to-date: /home/gkasha/Documents/maae/install/ma_interfaces/include/ma_interfaces/ma_interfaces/srv/auction_result.h
[7.526s] -- Up-to-date: /home/gkasha/Documents/maae/install/ma_interfaces/include/ma_interfaces/ma_interfaces/srv/register.h
[7.526s] -- Up-to-date: /home/gkasha/Documents/maae/install/ma_interfaces/include/ma_interfaces/ma_interfaces/srv/add_goal.h
[7.526s] -- Up-to-date: /home/gkasha/Documents/maae/install/ma_interfaces/include/ma_interfaces/ma_interfaces/srv/auction_srv.h
[7.526s] -- Up-to-date: /home/gkasha/Documents/maae/install/ma_interfaces/include/ma_interfaces/ma_interfaces/srv/get_bid.h
[7.526s] -- Up-to-date: /home/gkasha/Documents/maae/install/ma_interfaces/include/ma_interfaces/ma_interfaces/srv/get_goal.h
[7.526s] -- Up-to-date: /home/gkasha/Documents/maae/install/ma_interfaces/include/ma_interfaces/ma_interfaces/msg
[7.526s] -- Up-to-date: /home/gkasha/Documents/maae/install/ma_interfaces/include/ma_interfaces/ma_interfaces/msg/goal.h
[7.526s] -- Up-to-date: /home/gkasha/Documents/maae/install/ma_interfaces/include/ma_interfaces/ma_interfaces/msg/rosidl_generator_c__visibility_control.h
[7.526s] -- Up-to-date: /home/gkasha/Documents/maae/install/ma_interfaces/include/ma_interfaces/ma_interfaces/msg/detail
[7.526s] -- Up-to-date: /home/gkasha/Documents/maae/install/ma_interfaces/include/ma_interfaces/ma_interfaces/msg/detail/bid__functions.h
[7.527s] -- Up-to-date: /home/gkasha/Documents/maae/install/ma_interfaces/include/ma_interfaces/ma_interfaces/msg/detail/action_feedback__struct.h
[7.527s] -- Up-to-date: /home/gkasha/Documents/maae/install/ma_interfaces/include/ma_interfaces/ma_interfaces/msg/detail/node__type_support.h
[7.527s] -- Up-to-date: /home/gkasha/Documents/maae/install/ma_interfaces/include/ma_interfaces/ma_interfaces/msg/detail/goal__struct.h
[7.527s] -- Up-to-date: /home/gkasha/Documents/maae/install/ma_interfaces/include/ma_interfaces/ma_interfaces/msg/detail/action_feedback__functions.h
[7.527s] -- Up-to-date: /home/gkasha/Documents/maae/install/ma_interfaces/include/ma_interfaces/ma_interfaces/msg/detail/bid__type_support.h
[7.527s] -- Up-to-date: /home/gkasha/Documents/maae/install/ma_interfaces/include/ma_interfaces/ma_interfaces/msg/detail/bid__struct.h
[7.527s] -- Up-to-date: /home/gkasha/Documents/maae/install/ma_interfaces/include/ma_interfaces/ma_interfaces/msg/detail/node__functions.h
[7.527s] -- Up-to-date: /home/gkasha/Documents/maae/install/ma_interfaces/include/ma_interfaces/ma_interfaces/msg/detail/goal__functions.c
[7.527s] -- Up-to-date: /home/gkasha/Documents/maae/install/ma_interfaces/include/ma_interfaces/ma_interfaces/msg/detail/auction_msg__functions.c
[7.527s] -- Up-to-date: /home/gkasha/Documents/maae/install/ma_interfaces/include/ma_interfaces/ma_interfaces/msg/detail/goal__type_support.h
[7.527s] -- Up-to-date: /home/gkasha/Documents/maae/install/ma_interfaces/include/ma_interfaces/ma_interfaces/msg/detail/task__functions.h
[7.527s] -- Up-to-date: /home/gkasha/Documents/maae/install/ma_interfaces/include/ma_interfaces/ma_interfaces/msg/detail/node__functions.c
[7.527s] -- Up-to-date: /home/gkasha/Documents/maae/install/ma_interfaces/include/ma_interfaces/ma_interfaces/msg/detail/action_dispatch__functions.h
[7.527s] -- Up-to-date: /home/gkasha/Documents/maae/install/ma_interfaces/include/ma_interfaces/ma_interfaces/msg/detail/action_dispatch__functions.c
[7.527s] -- Up-to-date: /home/gkasha/Documents/maae/install/ma_interfaces/include/ma_interfaces/ma_interfaces/msg/detail/bid__functions.c
[7.527s] -- Up-to-date: /home/gkasha/Documents/maae/install/ma_interfaces/include/ma_interfaces/ma_interfaces/msg/detail/goal__functions.h
[7.527s] -- Up-to-date: /home/gkasha/Documents/maae/install/ma_interfaces/include/ma_interfaces/ma_interfaces/msg/detail/action_dispatch__struct.h
[7.527s] -- Up-to-date: /home/gkasha/Documents/maae/install/ma_interfaces/include/ma_interfaces/ma_interfaces/msg/detail/action_feedback__type_support.h
[7.528s] -- Up-to-date: /home/gkasha/Documents/maae/install/ma_interfaces/include/ma_interfaces/ma_interfaces/msg/detail/action_feedback__functions.c
[7.528s] -- Up-to-date: /home/gkasha/Documents/maae/install/ma_interfaces/include/ma_interfaces/ma_interfaces/msg/detail/task__type_support.h
[7.528s] -- Up-to-date: /home/gkasha/Documents/maae/install/ma_interfaces/include/ma_interfaces/ma_interfaces/msg/detail/task__functions.c
[7.528s] -- Up-to-date: /home/gkasha/Documents/maae/install/ma_interfaces/include/ma_interfaces/ma_interfaces/msg/detail/task__struct.h
[7.528s] -- Up-to-date: /home/gkasha/Documents/maae/install/ma_interfaces/include/ma_interfaces/ma_interfaces/msg/detail/auction_msg__type_support.h
[7.528s] -- Up-to-date: /home/gkasha/Documents/maae/install/ma_interfaces/include/ma_interfaces/ma_interfaces/msg/detail/node__struct.h
[7.528s] -- Up-to-date: /home/gkasha/Documents/maae/install/ma_interfaces/include/ma_interfaces/ma_interfaces/msg/detail/action_dispatch__type_support.h
[7.528s] -- Up-to-date: /home/gkasha/Documents/maae/install/ma_interfaces/include/ma_interfaces/ma_interfaces/msg/detail/auction_msg__functions.h
[7.528s] -- Up-to-date: /home/gkasha/Documents/maae/install/ma_interfaces/include/ma_interfaces/ma_interfaces/msg/detail/auction_msg__struct.h
[7.528s] -- Up-to-date: /home/gkasha/Documents/maae/install/ma_interfaces/include/ma_interfaces/ma_interfaces/msg/task.h
[7.528s] -- Up-to-date: /home/gkasha/Documents/maae/install/ma_interfaces/include/ma_interfaces/ma_interfaces/msg/bid.h
[7.528s] -- Up-to-date: /home/gkasha/Documents/maae/install/ma_interfaces/include/ma_interfaces/ma_interfaces/msg/action_feedback.h
[7.528s] -- Up-to-date: /home/gkasha/Documents/maae/install/ma_interfaces/include/ma_interfaces/ma_interfaces/msg/action_dispatch.h
[7.528s] -- Up-to-date: /home/gkasha/Documents/maae/install/ma_interfaces/include/ma_interfaces/ma_interfaces/msg/auction_msg.h
[7.528s] -- Up-to-date: /home/gkasha/Documents/maae/install/ma_interfaces/include/ma_interfaces/ma_interfaces/msg/node.h
[7.528s] -- Up-to-date: /home/gkasha/Documents/maae/install/ma_interfaces/share/ma_interfaces/environment/library_path.sh
[7.529s] -- Installing: /home/gkasha/Documents/maae/install/ma_interfaces/share/ma_interfaces/environment/library_path.dsv
[7.529s] -- Up-to-date: /home/gkasha/Documents/maae/install/ma_interfaces/lib/libma_interfaces__rosidl_generator_c.so
[7.529s] -- Up-to-date: /home/gkasha/Documents/maae/install/ma_interfaces/include/ma_interfaces/ma_interfaces
[7.529s] -- Up-to-date: /home/gkasha/Documents/maae/install/ma_interfaces/include/ma_interfaces/ma_interfaces/srv
[7.529s] -- Up-to-date: /home/gkasha/Documents/maae/install/ma_interfaces/include/ma_interfaces/ma_interfaces/srv/detail
[7.529s] -- Up-to-date: /home/gkasha/Documents/maae/install/ma_interfaces/include/ma_interfaces/ma_interfaces/srv/detail/get_goal__type_support.c
[7.529s] -- Up-to-date: /home/gkasha/Documents/maae/install/ma_interfaces/include/ma_interfaces/ma_interfaces/srv/detail/register__rosidl_typesupport_introspection_c.h
[7.529s] -- Up-to-date: /home/gkasha/Documents/maae/install/ma_interfaces/include/ma_interfaces/ma_interfaces/srv/detail/auction_srv__type_support.c
[7.529s] -- Up-to-date: /home/gkasha/Documents/maae/install/ma_interfaces/include/ma_interfaces/ma_interfaces/srv/detail/auction_result__rosidl_typesupport_introspection_c.h
[7.530s] -- Up-to-date: /home/gkasha/Documents/maae/install/ma_interfaces/include/ma_interfaces/ma_interfaces/srv/detail/add_goal__rosidl_typesupport_introspection_c.h
[7.530s] -- Up-to-date: /home/gkasha/Documents/maae/install/ma_interfaces/include/ma_interfaces/ma_interfaces/srv/detail/get_goal__rosidl_typesupport_introspection_c.h
[7.530s] -- Up-to-date: /home/gkasha/Documents/maae/install/ma_interfaces/include/ma_interfaces/ma_interfaces/srv/detail/get_bid__type_support.c
[7.530s] -- Up-to-date: /home/gkasha/Documents/maae/install/ma_interfaces/include/ma_interfaces/ma_interfaces/srv/detail/auction_result__type_support.c
[7.530s] -- Up-to-date: /home/gkasha/Documents/maae/install/ma_interfaces/include/ma_interfaces/ma_interfaces/srv/detail/register__type_support.c
[7.530s] -- Up-to-date: /home/gkasha/Documents/maae/install/ma_interfaces/include/ma_interfaces/ma_interfaces/srv/detail/auction_srv__rosidl_typesupport_introspection_c.h
[7.530s] -- Up-to-date: /home/gkasha/Documents/maae/install/ma_interfaces/include/ma_interfaces/ma_interfaces/srv/detail/get_bid__rosidl_typesupport_introspection_c.h
[7.530s] -- Up-to-date: /home/gkasha/Documents/maae/install/ma_interfaces/include/ma_interfaces/ma_interfaces/srv/detail/add_goal__type_support.c
[7.531s] -- Up-to-date: /home/gkasha/Documents/maae/install/ma_interfaces/include/ma_interfaces/ma_interfaces/msg
[7.531s] -- Up-to-date: /home/gkasha/Documents/maae/install/ma_interfaces/include/ma_interfaces/ma_interfaces/msg/detail
[7.531s] -- Up-to-date: /home/gkasha/Documents/maae/install/ma_interfaces/include/ma_interfaces/ma_interfaces/msg/detail/node__rosidl_typesupport_introspection_c.h
[7.531s] -- Up-to-date: /home/gkasha/Documents/maae/install/ma_interfaces/include/ma_interfaces/ma_interfaces/msg/detail/node__type_support.c
[7.531s] -- Up-to-date: /home/gkasha/Documents/maae/install/ma_interfaces/include/ma_interfaces/ma_interfaces/msg/detail/action_feedback__rosidl_typesupport_introspection_c.h
[7.531s] -- Up-to-date: /home/gkasha/Documents/maae/install/ma_interfaces/include/ma_interfaces/ma_interfaces/msg/detail/action_dispatch__type_support.c
[7.531s] -- Up-to-date: /home/gkasha/Documents/maae/install/ma_interfaces/include/ma_interfaces/ma_interfaces/msg/detail/action_feedback__type_support.c
[7.532s] -- Up-to-date: /home/gkasha/Documents/maae/install/ma_interfaces/include/ma_interfaces/ma_interfaces/msg/detail/action_dispatch__rosidl_typesupport_introspection_c.h
[7.532s] -- Up-to-date: /home/gkasha/Documents/maae/install/ma_interfaces/include/ma_interfaces/ma_interfaces/msg/detail/bid__rosidl_typesupport_introspection_c.h
[7.532s] -- Up-to-date: /home/gkasha/Documents/maae/install/ma_interfaces/include/ma_interfaces/ma_interfaces/msg/detail/goal__rosidl_typesupport_introspection_c.h
[7.532s] -- Up-to-date: /home/gkasha/Documents/maae/install/ma_interfaces/include/ma_interfaces/ma_interfaces/msg/detail/bid__type_support.c
[7.532s] -- Up-to-date: /home/gkasha/Documents/maae/install/ma_interfaces/include/ma_interfaces/ma_interfaces/msg/detail/goal__type_support.c
[7.532s] -- Up-to-date: /home/gkasha/Documents/maae/install/ma_interfaces/include/ma_interfaces/ma_interfaces/msg/detail/task__type_support.c
[7.532s] -- Up-to-date: /home/gkasha/Documents/maae/install/ma_interfaces/include/ma_interfaces/ma_interfaces/msg/detail/task__rosidl_typesupport_introspection_c.h
[7.532s] -- Up-to-date: /home/gkasha/Documents/maae/install/ma_interfaces/include/ma_interfaces/ma_interfaces/msg/detail/auction_msg__rosidl_typesupport_introspection_c.h
[7.533s] -- Up-to-date: /home/gkasha/Documents/maae/install/ma_interfaces/include/ma_interfaces/ma_interfaces/msg/detail/auction_msg__type_support.c
[7.533s] -- Up-to-date: /home/gkasha/Documents/maae/install/ma_interfaces/include/ma_interfaces/ma_interfaces/msg/rosidl_typesupport_introspection_c__visibility_control.h
[7.533s] -- Up-to-date: /home/gkasha/Documents/maae/install/ma_interfaces/lib/libma_interfaces__rosidl_typesupport_introspection_c.so
[7.533s] -- Up-to-date: /home/gkasha/Documents/maae/install/ma_interfaces/include/ma_interfaces/ma_interfaces
[7.533s] -- Up-to-date: /home/gkasha/Documents/maae/install/ma_interfaces/include/ma_interfaces/ma_interfaces/srv
[7.533s] -- Up-to-date: /home/gkasha/Documents/maae/install/ma_interfaces/include/ma_interfaces/ma_interfaces/srv/detail
[7.533s] -- Up-to-date: /home/gkasha/Documents/maae/install/ma_interfaces/include/ma_interfaces/ma_interfaces/srv/detail/register__rosidl_typesupport_fastrtps_c.h
[7.534s] -- Up-to-date: /home/gkasha/Documents/maae/install/ma_interfaces/include/ma_interfaces/ma_interfaces/srv/detail/get_bid__rosidl_typesupport_fastrtps_c.h
[7.534s] -- Up-to-date: /home/gkasha/Documents/maae/install/ma_interfaces/include/ma_interfaces/ma_interfaces/srv/detail/add_goal__rosidl_typesupport_fastrtps_c.h
[7.534s] -- Up-to-date: /home/gkasha/Documents/maae/install/ma_interfaces/include/ma_interfaces/ma_interfaces/srv/detail/auction_result__rosidl_typesupport_fastrtps_c.h
[7.534s] -- Up-to-date: /home/gkasha/Documents/maae/install/ma_interfaces/include/ma_interfaces/ma_interfaces/srv/detail/get_goal__rosidl_typesupport_fastrtps_c.h
[7.534s] -- Up-to-date: /home/gkasha/Documents/maae/install/ma_interfaces/include/ma_interfaces/ma_interfaces/srv/detail/auction_srv__rosidl_typesupport_fastrtps_c.h
[7.534s] -- Up-to-date: /home/gkasha/Documents/maae/install/ma_interfaces/include/ma_interfaces/ma_interfaces/msg
[7.534s] -- Up-to-date: /home/gkasha/Documents/maae/install/ma_interfaces/include/ma_interfaces/ma_interfaces/msg/detail
[7.534s] -- Up-to-date: /home/gkasha/Documents/maae/install/ma_interfaces/include/ma_interfaces/ma_interfaces/msg/detail/bid__rosidl_typesupport_fastrtps_c.h
[7.535s] -- Up-to-date: /home/gkasha/Documents/maae/install/ma_interfaces/include/ma_interfaces/ma_interfaces/msg/detail/goal__rosidl_typesupport_fastrtps_c.h
[7.535s] -- Up-to-date: /home/gkasha/Documents/maae/install/ma_interfaces/include/ma_interfaces/ma_interfaces/msg/detail/task__rosidl_typesupport_fastrtps_c.h
[7.535s] -- Up-to-date: /home/gkasha/Documents/maae/install/ma_interfaces/include/ma_interfaces/ma_interfaces/msg/detail/node__rosidl_typesupport_fastrtps_c.h
[7.535s] -- Up-to-date: /home/gkasha/Documents/maae/install/ma_interfaces/include/ma_interfaces/ma_interfaces/msg/detail/action_dispatch__rosidl_typesupport_fastrtps_c.h
[7.535s] -- Up-to-date: /home/gkasha/Documents/maae/install/ma_interfaces/include/ma_interfaces/ma_interfaces/msg/detail/auction_msg__rosidl_typesupport_fastrtps_c.h
[7.535s] -- Up-to-date: /home/gkasha/Documents/maae/install/ma_interfaces/include/ma_interfaces/ma_interfaces/msg/detail/action_feedback__rosidl_typesupport_fastrtps_c.h
[7.535s] -- Up-to-date: /home/gkasha/Documents/maae/install/ma_interfaces/include/ma_interfaces/ma_interfaces/msg/rosidl_typesupport_fastrtps_c__visibility_control.h
[7.535s] -- Up-to-date: /home/gkasha/Documents/maae/install/ma_interfaces/lib/libma_interfaces__rosidl_typesupport_fastrtps_c.so
[7.536s] -- Up-to-date: /home/gkasha/Documents/maae/install/ma_interfaces/lib/libma_interfaces__rosidl_typesupport_c.so
[7.536s] -- Up-to-date: /home/gkasha/Documents/maae/install/ma_interfaces/include/ma_interfaces/ma_interfaces
[7.537s] -- Up-to-date: /home/gkasha/Documents/maae/install/ma_interfaces/include/ma_interfaces/ma_interfaces/srv
[7.538s] -- Up-to-date: /home/gkasha/Documents/maae/install/ma_interfaces/include/ma_interfaces/ma_interfaces/srv/detail
[7.538s] -- Up-to-date: /home/gkasha/Documents/maae/install/ma_interfaces/include/ma_interfaces/ma_interfaces/srv/detail/auction_result__traits.hpp
[7.538s] -- Up-to-date: /home/gkasha/Documents/maae/install/ma_interfaces/include/ma_interfaces/ma_interfaces/srv/detail/add_goal__builder.hpp
[7.538s] -- Up-to-date: /home/gkasha/Documents/maae/install/ma_interfaces/include/ma_interfaces/ma_interfaces/srv/detail/register__builder.hpp
[7.538s] -- Up-to-date: /home/gkasha/Documents/maae/install/ma_interfaces/include/ma_interfaces/ma_interfaces/srv/detail/register__traits.hpp
[7.539s] -- Up-to-date: /home/gkasha/Documents/maae/install/ma_interfaces/include/ma_interfaces/ma_interfaces/srv/detail/auction_result__builder.hpp
[7.539s] -- Up-to-date: /home/gkasha/Documents/maae/install/ma_interfaces/include/ma_interfaces/ma_interfaces/srv/detail/auction_result__struct.hpp
[7.539s] -- Up-to-date: /home/gkasha/Documents/maae/install/ma_interfaces/include/ma_interfaces/ma_interfaces/srv/detail/auction_srv__traits.hpp
[7.539s] -- Up-to-date: /home/gkasha/Documents/maae/install/ma_interfaces/include/ma_interfaces/ma_interfaces/srv/detail/get_bid__struct.hpp
[7.539s] -- Up-to-date: /home/gkasha/Documents/maae/install/ma_interfaces/include/ma_interfaces/ma_interfaces/srv/detail/get_goal__traits.hpp
[7.539s] -- Up-to-date: /home/gkasha/Documents/maae/install/ma_interfaces/include/ma_interfaces/ma_interfaces/srv/detail/auction_srv__builder.hpp
[7.539s] -- Up-to-date: /home/gkasha/Documents/maae/install/ma_interfaces/include/ma_interfaces/ma_interfaces/srv/detail/get_goal__builder.hpp
[7.539s] -- Up-to-date: /home/gkasha/Documents/maae/install/ma_interfaces/include/ma_interfaces/ma_interfaces/srv/detail/get_bid__builder.hpp
[7.539s] -- Up-to-date: /home/gkasha/Documents/maae/install/ma_interfaces/include/ma_interfaces/ma_interfaces/srv/detail/get_bid__traits.hpp
[7.539s] -- Up-to-date: /home/gkasha/Documents/maae/install/ma_interfaces/include/ma_interfaces/ma_interfaces/srv/detail/get_goal__struct.hpp
[7.539s] -- Up-to-date: /home/gkasha/Documents/maae/install/ma_interfaces/include/ma_interfaces/ma_interfaces/srv/detail/auction_srv__struct.hpp
[7.539s] -- Up-to-date: /home/gkasha/Documents/maae/install/ma_interfaces/include/ma_interfaces/ma_interfaces/srv/detail/add_goal__traits.hpp
[7.539s] -- Up-to-date: /home/gkasha/Documents/maae/install/ma_interfaces/include/ma_interfaces/ma_interfaces/srv/detail/add_goal__struct.hpp
[7.540s] -- Up-to-date: /home/gkasha/Documents/maae/install/ma_interfaces/include/ma_interfaces/ma_interfaces/srv/detail/register__struct.hpp
[7.540s] -- Up-to-date: /home/gkasha/Documents/maae/install/ma_interfaces/include/ma_interfaces/ma_interfaces/srv/register.hpp
[7.540s] -- Up-to-date: /home/gkasha/Documents/maae/install/ma_interfaces/include/ma_interfaces/ma_interfaces/srv/get_goal.hpp
[7.540s] -- Up-to-date: /home/gkasha/Documents/maae/install/ma_interfaces/include/ma_interfaces/ma_interfaces/srv/get_bid.hpp
[7.540s] -- Up-to-date: /home/gkasha/Documents/maae/install/ma_interfaces/include/ma_interfaces/ma_interfaces/srv/auction_result.hpp
[7.540s] -- Up-to-date: /home/gkasha/Documents/maae/install/ma_interfaces/include/ma_interfaces/ma_interfaces/srv/add_goal.hpp
[7.540s] -- Up-to-date: /home/gkasha/Documents/maae/install/ma_interfaces/include/ma_interfaces/ma_interfaces/srv/auction_srv.hpp
[7.541s] -- Up-to-date: /home/gkasha/Documents/maae/install/ma_interfaces/include/ma_interfaces/ma_interfaces/msg
[7.541s] -- Up-to-date: /home/gkasha/Documents/maae/install/ma_interfaces/include/ma_interfaces/ma_interfaces/msg/auction_msg.hpp
[7.541s] -- Up-to-date: /home/gkasha/Documents/maae/install/ma_interfaces/include/ma_interfaces/ma_interfaces/msg/detail
[7.541s] -- Up-to-date: /home/gkasha/Documents/maae/install/ma_interfaces/include/ma_interfaces/ma_interfaces/msg/detail/node__builder.hpp
[7.541s] -- Up-to-date: /home/gkasha/Documents/maae/install/ma_interfaces/include/ma_interfaces/ma_interfaces/msg/detail/bid__struct.hpp
[7.541s] -- Up-to-date: /home/gkasha/Documents/maae/install/ma_interfaces/include/ma_interfaces/ma_interfaces/msg/detail/action_feedback__builder.hpp
[7.541s] -- Up-to-date: /home/gkasha/Documents/maae/install/ma_interfaces/include/ma_interfaces/ma_interfaces/msg/detail/goal__traits.hpp
[7.541s] -- Up-to-date: /home/gkasha/Documents/maae/install/ma_interfaces/include/ma_interfaces/ma_interfaces/msg/detail/action_dispatch__traits.hpp
[7.541s] -- Up-to-date: /home/gkasha/Documents/maae/install/ma_interfaces/include/ma_interfaces/ma_interfaces/msg/detail/auction_msg__builder.hpp
[7.541s] -- Up-to-date: /home/gkasha/Documents/maae/install/ma_interfaces/include/ma_interfaces/ma_interfaces/msg/detail/auction_msg__traits.hpp
[7.541s] -- Up-to-date: /home/gkasha/Documents/maae/install/ma_interfaces/include/ma_interfaces/ma_interfaces/msg/detail/auction_msg__struct.hpp
[7.541s] -- Up-to-date: /home/gkasha/Documents/maae/install/ma_interfaces/include/ma_interfaces/ma_interfaces/msg/detail/task__traits.hpp
[7.542s] -- Up-to-date: /home/gkasha/Documents/maae/install/ma_interfaces/include/ma_interfaces/ma_interfaces/msg/detail/task__builder.hpp
[7.542s] -- Up-to-date: /home/gkasha/Documents/maae/install/ma_interfaces/include/ma_interfaces/ma_interfaces/msg/detail/goal__builder.hpp
[7.542s] -- Up-to-date: /home/gkasha/Documents/maae/install/ma_interfaces/include/ma_interfaces/ma_interfaces/msg/detail/action_feedback__traits.hpp
[7.542s] -- Up-to-date: /home/gkasha/Documents/maae/install/ma_interfaces/include/ma_interfaces/ma_interfaces/msg/detail/bid__traits.hpp
[7.542s] -- Up-to-date: /home/gkasha/Documents/maae/install/ma_interfaces/include/ma_interfaces/ma_interfaces/msg/detail/node__struct.hpp
[7.542s] -- Up-to-date: /home/gkasha/Documents/maae/install/ma_interfaces/include/ma_interfaces/ma_interfaces/msg/detail/bid__builder.hpp
[7.542s] -- Up-to-date: /home/gkasha/Documents/maae/install/ma_interfaces/include/ma_interfaces/ma_interfaces/msg/detail/action_dispatch__struct.hpp
[7.542s] -- Up-to-date: /home/gkasha/Documents/maae/install/ma_interfaces/include/ma_interfaces/ma_interfaces/msg/detail/action_dispatch__builder.hpp
[7.542s] -- Up-to-date: /home/gkasha/Documents/maae/install/ma_interfaces/include/ma_interfaces/ma_interfaces/msg/detail/task__struct.hpp
[7.542s] -- Up-to-date: /home/gkasha/Documents/maae/install/ma_interfaces/include/ma_interfaces/ma_interfaces/msg/detail/goal__struct.hpp
[7.542s] -- Up-to-date: /home/gkasha/Documents/maae/install/ma_interfaces/include/ma_interfaces/ma_interfaces/msg/detail/action_feedback__struct.hpp
[7.542s] -- Up-to-date: /home/gkasha/Documents/maae/install/ma_interfaces/include/ma_interfaces/ma_interfaces/msg/detail/node__traits.hpp
[7.542s] -- Up-to-date: /home/gkasha/Documents/maae/install/ma_interfaces/include/ma_interfaces/ma_interfaces/msg/action_feedback.hpp
[7.542s] -- Up-to-date: /home/gkasha/Documents/maae/install/ma_interfaces/include/ma_interfaces/ma_interfaces/msg/bid.hpp
[7.542s] -- Up-to-date: /home/gkasha/Documents/maae/install/ma_interfaces/include/ma_interfaces/ma_interfaces/msg/goal.hpp
[7.543s] -- Up-to-date: /home/gkasha/Documents/maae/install/ma_interfaces/include/ma_interfaces/ma_interfaces/msg/task.hpp
[7.543s] -- Up-to-date: /home/gkasha/Documents/maae/install/ma_interfaces/include/ma_interfaces/ma_interfaces/msg/node.hpp
[7.543s] -- Up-to-date: /home/gkasha/Documents/maae/install/ma_interfaces/include/ma_interfaces/ma_interfaces/msg/action_dispatch.hpp
[7.543s] -- Up-to-date: /home/gkasha/Documents/maae/install/ma_interfaces/include/ma_interfaces/ma_interfaces
[7.543s] -- Up-to-date: /home/gkasha/Documents/maae/install/ma_interfaces/include/ma_interfaces/ma_interfaces/srv
[7.543s] -- Up-to-date: /home/gkasha/Documents/maae/install/ma_interfaces/include/ma_interfaces/ma_interfaces/srv/detail
[7.543s] -- Up-to-date: /home/gkasha/Documents/maae/install/ma_interfaces/include/ma_interfaces/ma_interfaces/srv/detail/get_bid__rosidl_typesupport_introspection_cpp.hpp
[7.543s] -- Up-to-date: /home/gkasha/Documents/maae/install/ma_interfaces/include/ma_interfaces/ma_interfaces/srv/detail/get_goal__rosidl_typesupport_introspection_cpp.hpp
[7.543s] -- Up-to-date: /home/gkasha/Documents/maae/install/ma_interfaces/include/ma_interfaces/ma_interfaces/srv/detail/register__type_support.cpp
[7.543s] -- Up-to-date: /home/gkasha/Documents/maae/install/ma_interfaces/include/ma_interfaces/ma_interfaces/srv/detail/add_goal__type_support.cpp
[7.544s] -- Up-to-date: /home/gkasha/Documents/maae/install/ma_interfaces/include/ma_interfaces/ma_interfaces/srv/detail/get_goal__type_support.cpp
[7.544s] -- Up-to-date: /home/gkasha/Documents/maae/install/ma_interfaces/include/ma_interfaces/ma_interfaces/srv/detail/auction_result__rosidl_typesupport_introspection_cpp.hpp
[7.544s] -- Up-to-date: /home/gkasha/Documents/maae/install/ma_interfaces/include/ma_interfaces/ma_interfaces/srv/detail/auction_srv__rosidl_typesupport_introspection_cpp.hpp
[7.544s] -- Up-to-date: /home/gkasha/Documents/maae/install/ma_interfaces/include/ma_interfaces/ma_interfaces/srv/detail/get_bid__type_support.cpp
[7.544s] -- Up-to-date: /home/gkasha/Documents/maae/install/ma_interfaces/include/ma_interfaces/ma_interfaces/srv/detail/auction_srv__type_support.cpp
[7.544s] -- Up-to-date: /home/gkasha/Documents/maae/install/ma_interfaces/include/ma_interfaces/ma_interfaces/srv/detail/add_goal__rosidl_typesupport_introspection_cpp.hpp
[7.544s] -- Up-to-date: /home/gkasha/Documents/maae/install/ma_interfaces/include/ma_interfaces/ma_interfaces/srv/detail/register__rosidl_typesupport_introspection_cpp.hpp
[7.544s] -- Up-to-date: /home/gkasha/Documents/maae/install/ma_interfaces/include/ma_interfaces/ma_interfaces/srv/detail/auction_result__type_support.cpp
[7.544s] -- Up-to-date: /home/gkasha/Documents/maae/install/ma_interfaces/include/ma_interfaces/ma_interfaces/msg
[7.545s] -- Up-to-date: /home/gkasha/Documents/maae/install/ma_interfaces/include/ma_interfaces/ma_interfaces/msg/detail
[7.545s] -- Up-to-date: /home/gkasha/Documents/maae/install/ma_interfaces/include/ma_interfaces/ma_interfaces/msg/detail/bid__type_support.cpp
[7.545s] -- Up-to-date: /home/gkasha/Documents/maae/install/ma_interfaces/include/ma_interfaces/ma_interfaces/msg/detail/goal__rosidl_typesupport_introspection_cpp.hpp
[7.545s] -- Up-to-date: /home/gkasha/Documents/maae/install/ma_interfaces/include/ma_interfaces/ma_interfaces/msg/detail/task__type_support.cpp
[7.545s] -- Up-to-date: /home/gkasha/Documents/maae/install/ma_interfaces/include/ma_interfaces/ma_interfaces/msg/detail/action_dispatch__rosidl_typesupport_introspection_cpp.hpp
[7.545s] -- Up-to-date: /home/gkasha/Documents/maae/install/ma_interfaces/include/ma_interfaces/ma_interfaces/msg/detail/action_feedback__rosidl_typesupport_introspection_cpp.hpp
[7.545s] -- Up-to-date: /home/gkasha/Documents/maae/install/ma_interfaces/include/ma_interfaces/ma_interfaces/msg/detail/action_dispatch__type_support.cpp
[7.545s] -- Up-to-date: /home/gkasha/Documents/maae/install/ma_interfaces/include/ma_interfaces/ma_interfaces/msg/detail/bid__rosidl_typesupport_introspection_cpp.hpp
[7.545s] -- Up-to-date: /home/gkasha/Documents/maae/install/ma_interfaces/include/ma_interfaces/ma_interfaces/msg/detail/auction_msg__rosidl_typesupport_introspection_cpp.hpp
[7.545s] -- Up-to-date: /home/gkasha/Documents/maae/install/ma_interfaces/include/ma_interfaces/ma_interfaces/msg/detail/node__rosidl_typesupport_introspection_cpp.hpp
[7.545s] -- Up-to-date: /home/gkasha/Documents/maae/install/ma_interfaces/include/ma_interfaces/ma_interfaces/msg/detail/action_feedback__type_support.cpp
[7.545s] -- Up-to-date: /home/gkasha/Documents/maae/install/ma_interfaces/include/ma_interfaces/ma_interfaces/msg/detail/node__type_support.cpp
[7.545s] -- Up-to-date: /home/gkasha/Documents/maae/install/ma_interfaces/include/ma_interfaces/ma_interfaces/msg/detail/goal__type_support.cpp
[7.545s] -- Up-to-date: /home/gkasha/Documents/maae/install/ma_interfaces/include/ma_interfaces/ma_interfaces/msg/detail/task__rosidl_typesupport_introspection_cpp.hpp
[7.545s] -- Up-to-date: /home/gkasha/Documents/maae/install/ma_interfaces/include/ma_interfaces/ma_interfaces/msg/detail/auction_msg__type_support.cpp
[7.545s] -- Up-to-date: /home/gkasha/Documents/maae/install/ma_interfaces/lib/libma_interfaces__rosidl_typesupport_introspection_cpp.so
[7.546s] -- Up-to-date: /home/gkasha/Documents/maae/install/ma_interfaces/include/ma_interfaces/ma_interfaces
[7.546s] -- Up-to-date: /home/gkasha/Documents/maae/install/ma_interfaces/include/ma_interfaces/ma_interfaces/srv
[7.546s] -- Up-to-date: /home/gkasha/Documents/maae/install/ma_interfaces/include/ma_interfaces/ma_interfaces/srv/detail
[7.546s] -- Up-to-date: /home/gkasha/Documents/maae/install/ma_interfaces/include/ma_interfaces/ma_interfaces/srv/detail/dds_fastrtps
[7.546s] -- Up-to-date: /home/gkasha/Documents/maae/install/ma_interfaces/include/ma_interfaces/ma_interfaces/srv/detail/auction_srv__rosidl_typesupport_fastrtps_cpp.hpp
[7.546s] -- Up-to-date: /home/gkasha/Documents/maae/install/ma_interfaces/include/ma_interfaces/ma_interfaces/srv/detail/register__rosidl_typesupport_fastrtps_cpp.hpp
[7.546s] -- Up-to-date: /home/gkasha/Documents/maae/install/ma_interfaces/include/ma_interfaces/ma_interfaces/srv/detail/get_goal__rosidl_typesupport_fastrtps_cpp.hpp
[7.546s] -- Up-to-date: /home/gkasha/Documents/maae/install/ma_interfaces/include/ma_interfaces/ma_interfaces/srv/detail/auction_result__rosidl_typesupport_fastrtps_cpp.hpp
[7.546s] -- Up-to-date: /home/gkasha/Documents/maae/install/ma_interfaces/include/ma_interfaces/ma_interfaces/srv/detail/get_bid__rosidl_typesupport_fastrtps_cpp.hpp
[7.546s] -- Up-to-date: /home/gkasha/Documents/maae/install/ma_interfaces/include/ma_interfaces/ma_interfaces/srv/detail/add_goal__rosidl_typesupport_fastrtps_cpp.hpp
[7.546s] -- Up-to-date: /home/gkasha/Documents/maae/install/ma_interfaces/include/ma_interfaces/ma_interfaces/msg
[7.546s] -- Up-to-date: /home/gkasha/Documents/maae/install/ma_interfaces/include/ma_interfaces/ma_interfaces/msg/detail
[7.546s] -- Up-to-date: /home/gkasha/Documents/maae/install/ma_interfaces/include/ma_interfaces/ma_interfaces/msg/detail/goal__rosidl_typesupport_fastrtps_cpp.hpp
[7.546s] -- Up-to-date: /home/gkasha/Documents/maae/install/ma_interfaces/include/ma_interfaces/ma_interfaces/msg/detail/action_dispatch__rosidl_typesupport_fastrtps_cpp.hpp
[7.546s] -- Up-to-date: /home/gkasha/Documents/maae/install/ma_interfaces/include/ma_interfaces/ma_interfaces/msg/detail/dds_fastrtps
[7.546s] -- Up-to-date: /home/gkasha/Documents/maae/install/ma_interfaces/include/ma_interfaces/ma_interfaces/msg/detail/bid__rosidl_typesupport_fastrtps_cpp.hpp
[7.547s] -- Up-to-date: /home/gkasha/Documents/maae/install/ma_interfaces/include/ma_interfaces/ma_interfaces/msg/detail/node__rosidl_typesupport_fastrtps_cpp.hpp
[7.547s] -- Up-to-date: /home/gkasha/Documents/maae/install/ma_interfaces/include/ma_interfaces/ma_interfaces/msg/detail/task__rosidl_typesupport_fastrtps_cpp.hpp
[7.547s] -- Up-to-date: /home/gkasha/Documents/maae/install/ma_interfaces/include/ma_interfaces/ma_interfaces/msg/detail/auction_msg__rosidl_typesupport_fastrtps_cpp.hpp
[7.547s] -- Up-to-date: /home/gkasha/Documents/maae/install/ma_interfaces/include/ma_interfaces/ma_interfaces/msg/detail/action_feedback__rosidl_typesupport_fastrtps_cpp.hpp
[7.547s] -- Up-to-date: /home/gkasha/Documents/maae/install/ma_interfaces/include/ma_interfaces/ma_interfaces/msg/rosidl_typesupport_fastrtps_cpp__visibility_control.h
[7.547s] -- Up-to-date: /home/gkasha/Documents/maae/install/ma_interfaces/lib/libma_interfaces__rosidl_typesupport_fastrtps_cpp.so
[7.547s] -- Up-to-date: /home/gkasha/Documents/maae/install/ma_interfaces/lib/libma_interfaces__rosidl_typesupport_cpp.so
[7.547s] -- Up-to-date: /home/gkasha/Documents/maae/install/ma_interfaces/share/ma_interfaces/environment/pythonpath.sh
[7.547s] -- Installing: /home/gkasha/Documents/maae/install/ma_interfaces/share/ma_interfaces/environment/pythonpath.dsv
[7.547s] -- Up-to-date: /home/gkasha/Documents/maae/install/ma_interfaces/local/lib/python3.10/dist-packages/ma_interfaces-0.0.0-py3.10.egg-info
[7.547s] -- Installing: /home/gkasha/Documents/maae/install/ma_interfaces/local/lib/python3.10/dist-packages/ma_interfaces-0.0.0-py3.10.egg-info/SOURCES.txt
[7.548s] -- Installing: /home/gkasha/Documents/maae/install/ma_interfaces/local/lib/python3.10/dist-packages/ma_interfaces-0.0.0-py3.10.egg-info/PKG-INFO
[7.548s] -- Installing: /home/gkasha/Documents/maae/install/ma_interfaces/local/lib/python3.10/dist-packages/ma_interfaces-0.0.0-py3.10.egg-info/dependency_links.txt
[7.549s] -- Installing: /home/gkasha/Documents/maae/install/ma_interfaces/local/lib/python3.10/dist-packages/ma_interfaces-0.0.0-py3.10.egg-info/top_level.txt
[7.550s] -- Up-to-date: /home/gkasha/Documents/maae/install/ma_interfaces/local/lib/python3.10/dist-packages/ma_interfaces
[7.551s] -- Up-to-date: /home/gkasha/Documents/maae/install/ma_interfaces/local/lib/python3.10/dist-packages/ma_interfaces/libma_interfaces__rosidl_generator_py.so
[7.551s] -- Up-to-date: /home/gkasha/Documents/maae/install/ma_interfaces/local/lib/python3.10/dist-packages/ma_interfaces/srv
[7.551s] -- Up-to-date: /home/gkasha/Documents/maae/install/ma_interfaces/local/lib/python3.10/dist-packages/ma_interfaces/srv/_auction_srv.py
[7.551s] -- Up-to-date: /home/gkasha/Documents/maae/install/ma_interfaces/local/lib/python3.10/dist-packages/ma_interfaces/srv/_register.py
[7.552s] -- Up-to-date: /home/gkasha/Documents/maae/install/ma_interfaces/local/lib/python3.10/dist-packages/ma_interfaces/srv/_auction_srv_s.c
[7.552s] -- Up-to-date: /home/gkasha/Documents/maae/install/ma_interfaces/local/lib/python3.10/dist-packages/ma_interfaces/srv/_add_goal.py
[7.552s] -- Up-to-date: /home/gkasha/Documents/maae/install/ma_interfaces/local/lib/python3.10/dist-packages/ma_interfaces/srv/_get_goal.py
[7.552s] -- Up-to-date: /home/gkasha/Documents/maae/install/ma_interfaces/local/lib/python3.10/dist-packages/ma_interfaces/srv/_auction_result.py
[7.553s] -- Up-to-date: /home/gkasha/Documents/maae/install/ma_interfaces/local/lib/python3.10/dist-packages/ma_interfaces/srv/_auction_result_s.c
[7.553s] -- Up-to-date: /home/gkasha/Documents/maae/install/ma_interfaces/local/lib/python3.10/dist-packages/ma_interfaces/srv/_get_bid_s.c
[7.553s] -- Up-to-date: /home/gkasha/Documents/maae/install/ma_interfaces/local/lib/python3.10/dist-packages/ma_interfaces/srv/__init__.py
[7.553s] -- Up-to-date: /home/gkasha/Documents/maae/install/ma_interfaces/local/lib/python3.10/dist-packages/ma_interfaces/srv/_add_goal_s.c
[7.553s] -- Up-to-date: /home/gkasha/Documents/maae/install/ma_interfaces/local/lib/python3.10/dist-packages/ma_interfaces/srv/_register_s.c
[7.553s] -- Up-to-date: /home/gkasha/Documents/maae/install/ma_interfaces/local/lib/python3.10/dist-packages/ma_interfaces/srv/_get_bid.py
[7.553s] -- Up-to-date: /home/gkasha/Documents/maae/install/ma_interfaces/local/lib/python3.10/dist-packages/ma_interfaces/srv/_get_goal_s.c
[7.553s] -- Up-to-date: /home/gkasha/Documents/maae/install/ma_interfaces/local/lib/python3.10/dist-packages/ma_interfaces/_ma_interfaces_s.ep.rosidl_typesupport_introspection_c.c
[7.553s] -- Up-to-date: /home/gkasha/Documents/maae/install/ma_interfaces/local/lib/python3.10/dist-packages/ma_interfaces/msg
[7.553s] -- Up-to-date: /home/gkasha/Documents/maae/install/ma_interfaces/local/lib/python3.10/dist-packages/ma_interfaces/msg/_task.py
[7.554s] -- Up-to-date: /home/gkasha/Documents/maae/install/ma_interfaces/local/lib/python3.10/dist-packages/ma_interfaces/msg/_bid.py
[7.554s] -- Up-to-date: /home/gkasha/Documents/maae/install/ma_interfaces/local/lib/python3.10/dist-packages/ma_interfaces/msg/_goal_s.c
[7.554s] -- Up-to-date: /home/gkasha/Documents/maae/install/ma_interfaces/local/lib/python3.10/dist-packages/ma_interfaces/msg/_action_feedback_s.c
[7.554s] -- Up-to-date: /home/gkasha/Documents/maae/install/ma_interfaces/local/lib/python3.10/dist-packages/ma_interfaces/msg/_action_dispatch_s.c
[7.554s] -- Up-to-date: /home/gkasha/Documents/maae/install/ma_interfaces/local/lib/python3.10/dist-packages/ma_interfaces/msg/_task_s.c
[7.554s] -- Up-to-date: /home/gkasha/Documents/maae/install/ma_interfaces/local/lib/python3.10/dist-packages/ma_interfaces/msg/_action_dispatch.py
[7.554s] -- Up-to-date: /home/gkasha/Documents/maae/install/ma_interfaces/local/lib/python3.10/dist-packages/ma_interfaces/msg/_bid_s.c
[7.554s] -- Up-to-date: /home/gkasha/Documents/maae/install/ma_interfaces/local/lib/python3.10/dist-packages/ma_interfaces/msg/__init__.py
[7.554s] -- Up-to-date: /home/gkasha/Documents/maae/install/ma_interfaces/local/lib/python3.10/dist-packages/ma_interfaces/msg/_node.py
[7.555s] -- Up-to-date: /home/gkasha/Documents/maae/install/ma_interfaces/local/lib/python3.10/dist-packages/ma_interfaces/msg/_action_feedback.py
[7.555s] -- Up-to-date: /home/gkasha/Documents/maae/install/ma_interfaces/local/lib/python3.10/dist-packages/ma_interfaces/msg/_auction_msg.py
[7.555s] -- Up-to-date: /home/gkasha/Documents/maae/install/ma_interfaces/local/lib/python3.10/dist-packages/ma_interfaces/msg/_node_s.c
[7.555s] -- Up-to-date: /home/gkasha/Documents/maae/install/ma_interfaces/local/lib/python3.10/dist-packages/ma_interfaces/msg/_auction_msg_s.c
[7.555s] -- Up-to-date: /home/gkasha/Documents/maae/install/ma_interfaces/local/lib/python3.10/dist-packages/ma_interfaces/msg/_goal.py
[7.555s] -- Installing: /home/gkasha/Documents/maae/install/ma_interfaces/local/lib/python3.10/dist-packages/ma_interfaces/__init__.py
[7.555s] -- Up-to-date: /home/gkasha/Documents/maae/install/ma_interfaces/local/lib/python3.10/dist-packages/ma_interfaces/_ma_interfaces_s.ep.rosidl_typesupport_c.c
[7.555s] -- Up-to-date: /home/gkasha/Documents/maae/install/ma_interfaces/local/lib/python3.10/dist-packages/ma_interfaces/ma_interfaces_s__rosidl_typesupport_c.cpython-310-x86_64-linux-gnu.so
[7.555s] -- Up-to-date: /home/gkasha/Documents/maae/install/ma_interfaces/local/lib/python3.10/dist-packages/ma_interfaces/ma_interfaces_s__rosidl_typesupport_fastrtps_c.cpython-310-x86_64-linux-gnu.so
[7.555s] -- Up-to-date: /home/gkasha/Documents/maae/install/ma_interfaces/local/lib/python3.10/dist-packages/ma_interfaces/ma_interfaces_s__rosidl_typesupport_introspection_c.cpython-310-x86_64-linux-gnu.so
[7.555s] -- Up-to-date: /home/gkasha/Documents/maae/install/ma_interfaces/local/lib/python3.10/dist-packages/ma_interfaces/_ma_interfaces_s.ep.rosidl_typesupport_fastrtps_c.c
[7.716s] Listing '/home/gkasha/Documents/maae/install/ma_interfaces/local/lib/python3.10/dist-packages/ma_interfaces'...
[7.716s] Compiling '/home/gkasha/Documents/maae/install/ma_interfaces/local/lib/python3.10/dist-packages/ma_interfaces/__init__.py'...
[7.716s] Listing '/home/gkasha/Documents/maae/install/ma_interfaces/local/lib/python3.10/dist-packages/ma_interfaces/msg'...
[7.717s] Listing '/home/gkasha/Documents/maae/install/ma_interfaces/local/lib/python3.10/dist-packages/ma_interfaces/srv'...
[7.721s] -- Up-to-date: /home/gkasha/Documents/maae/install/ma_interfaces/local/lib/python3.10/dist-packages/ma_interfaces/ma_interfaces_s__rosidl_typesupport_introspection_c.cpython-310-x86_64-linux-gnu.so
[7.722s] -- Up-to-date: /home/gkasha/Documents/maae/install/ma_interfaces/local/lib/python3.10/dist-packages/ma_interfaces/ma_interfaces_s__rosidl_typesupport_fastrtps_c.cpython-310-x86_64-linux-gnu.so
[7.724s] -- Up-to-date: /home/gkasha/Documents/maae/install/ma_interfaces/local/lib/python3.10/dist-packages/ma_interfaces/ma_interfaces_s__rosidl_typesupport_c.cpython-310-x86_64-linux-gnu.so
[7.725s] -- Up-to-date: /home/gkasha/Documents/maae/install/ma_interfaces/lib/libma_interfaces__rosidl_generator_py.so
[7.725s] -- Up-to-date: /home/gkasha/Documents/maae/install/ma_interfaces/share/ma_interfaces/msg/ActionDispatch.idl
[7.725s] -- Up-to-date: /home/gkasha/Documents/maae/install/ma_interfaces/share/ma_interfaces/msg/ActionFeedback.idl
[7.726s] -- Up-to-date: /home/gkasha/Documents/maae/install/ma_interfaces/share/ma_interfaces/msg/Node.idl
[7.726s] -- Up-to-date: /home/gkasha/Documents/maae/install/ma_interfaces/share/ma_interfaces/msg/Bid.idl
[7.726s] -- Up-to-date: /home/gkasha/Documents/maae/install/ma_interfaces/share/ma_interfaces/msg/Task.idl
[7.726s] -- Up-to-date: /home/gkasha/Documents/maae/install/ma_interfaces/share/ma_interfaces/msg/Goal.idl
[7.726s] -- Up-to-date: /home/gkasha/Documents/maae/install/ma_interfaces/share/ma_interfaces/srv/Register.idl
[7.726s] -- Up-to-date: /home/gkasha/Documents/maae/install/ma_interfaces/share/ma_interfaces/srv/AuctionSrv.idl
[7.726s] -- Up-to-date: /home/gkasha/Documents/maae/install/ma_interfaces/share/ma_interfaces/srv/AuctionResult.idl
[7.727s] -- Up-to-date: /home/gkasha/Documents/maae/install/ma_interfaces/share/ma_interfaces/srv/GetGoal.idl
[7.727s] -- Up-to-date: /home/gkasha/Documents/maae/install/ma_interfaces/share/ma_interfaces/srv/GetBid.idl
[7.727s] -- Up-to-date: /home/gkasha/Documents/maae/install/ma_interfaces/share/ma_interfaces/srv/AddGoal.idl
[7.727s] -- Installing: /home/gkasha/Documents/maae/install/ma_interfaces/share/ma_interfaces/msg/ActionDispatch.msg
[7.728s] -- Up-to-date: /home/gkasha/Documents/maae/install/ma_interfaces/share/ma_interfaces/msg/ActionFeedback.msg
[7.728s] -- Up-to-date: /home/gkasha/Documents/maae/install/ma_interfaces/share/ma_interfaces/msg/Node.msg
[7.728s] -- Up-to-date: /home/gkasha/Documents/maae/install/ma_interfaces/share/ma_interfaces/msg/Bid.msg
[7.728s] -- Up-to-date: /home/gkasha/Documents/maae/install/ma_interfaces/share/ma_interfaces/msg/Task.msg
[7.728s] -- Up-to-date: /home/gkasha/Documents/maae/install/ma_interfaces/share/ma_interfaces/msg/Goal.msg
[7.730s] -- Up-to-date: /home/gkasha/Documents/maae/install/ma_interfaces/share/ma_interfaces/srv/Register.srv
[7.730s] -- Up-to-date: /home/gkasha/Documents/maae/install/ma_interfaces/share/ma_interfaces/srv/Register_Request.msg
[7.730s] -- Up-to-date: /home/gkasha/Documents/maae/install/ma_interfaces/share/ma_interfaces/srv/Register_Response.msg
[7.730s] -- Up-to-date: /home/gkasha/Documents/maae/install/ma_interfaces/share/ma_interfaces/srv/AuctionSrv.srv
[7.731s] -- Up-to-date: /home/gkasha/Documents/maae/install/ma_interfaces/share/ma_interfaces/srv/AuctionSrv_Request.msg
[7.731s] -- Up-to-date: /home/gkasha/Documents/maae/install/ma_interfaces/share/ma_interfaces/srv/AuctionSrv_Response.msg
[7.731s] -- Up-to-date: /home/gkasha/Documents/maae/install/ma_interfaces/share/ma_interfaces/srv/AuctionResult.srv
[7.731s] -- Up-to-date: /home/gkasha/Documents/maae/install/ma_interfaces/share/ma_interfaces/srv/AuctionResult_Request.msg
[7.731s] -- Up-to-date: /home/gkasha/Documents/maae/install/ma_interfaces/share/ma_interfaces/srv/AuctionResult_Response.msg
[7.731s] -- Up-to-date: /home/gkasha/Documents/maae/install/ma_interfaces/share/ma_interfaces/srv/GetGoal.srv
[7.732s] -- Up-to-date: /home/gkasha/Documents/maae/install/ma_interfaces/share/ma_interfaces/srv/GetGoal_Request.msg
[7.732s] -- Up-to-date: /home/gkasha/Documents/maae/install/ma_interfaces/share/ma_interfaces/srv/GetGoal_Response.msg
[7.732s] -- Up-to-date: /home/gkasha/Documents/maae/install/ma_interfaces/share/ma_interfaces/srv/GetBid.srv
[7.733s] -- Up-to-date: /home/gkasha/Documents/maae/install/ma_interfaces/share/ma_interfaces/srv/GetBid_Request.msg
[7.733s] -- Up-to-date: /home/gkasha/Documents/maae/install/ma_interfaces/share/ma_interfaces/srv/GetBid_Response.msg
[7.733s] -- Up-to-date: /home/gkasha/Documents/maae/install/ma_interfaces/share/ma_interfaces/srv/AddGoal.srv
[7.733s] -- Up-to-date: /home/gkasha/Documents/maae/install/ma_interfaces/share/ma_interfaces/srv/AddGoal_Request.msg
[7.733s] -- Up-to-date: /home/gkasha/Documents/maae/install/ma_interfaces/share/ma_interfaces/srv/AddGoal_Response.msg
[7.734s] -- Up-to-date: /home/gkasha/Documents/maae/install/ma_interfaces/share/ament_index/resource_index/package_run_dependencies/ma_interfaces
[7.734s] -- Up-to-date: /home/gkasha/Documents/maae/install/ma_interfaces/share/ament_index/resource_index/parent_prefix_path/ma_interfaces
[7.734s] -- Installing: /home/gkasha/Documents/maae/install/ma_interfaces/share/ma_interfaces/environment/ament_prefix_path.dsv
[7.734s] -- Installing: /home/gkasha/Documents/maae/install/ma_interfaces/share/ma_interfaces/environment/path.dsv
[7.734s] -- Up-to-date: /home/gkasha/Documents/maae/install/ma_interfaces/share/ma_interfaces/local_setup.bash
[7.734s] -- Up-to-date: /home/gkasha/Documents/maae/install/ma_interfaces/share/ma_interfaces/local_setup.sh
[7.735s] -- Up-to-date: /home/gkasha/Documents/maae/install/ma_interfaces/share/ma_interfaces/local_setup.zsh
[7.735s] -- Installing: /home/gkasha/Documents/maae/install/ma_interfaces/share/ma_interfaces/local_setup.dsv
[7.735s] -- Installing: /home/gkasha/Documents/maae/install/ma_interfaces/share/ma_interfaces/package.dsv
[7.735s] -- Up-to-date: /home/gkasha/Documents/maae/install/ma_interfaces/share/ament_index/resource_index/packages/ma_interfaces
[7.735s] -- Up-to-date: /home/gkasha/Documents/maae/install/ma_interfaces/share/ma_interfaces/cmake/export_ma_interfaces__rosidl_generator_cExport.cmake
[7.735s] -- Up-to-date: /home/gkasha/Documents/maae/install/ma_interfaces/share/ma_interfaces/cmake/export_ma_interfaces__rosidl_generator_cExport-noconfig.cmake
[7.735s] -- Up-to-date: /home/gkasha/Documents/maae/install/ma_interfaces/share/ma_interfaces/cmake/ma_interfaces__rosidl_typesupport_introspection_cExport.cmake
[7.735s] -- Up-to-date: /home/gkasha/Documents/maae/install/ma_interfaces/share/ma_interfaces/cmake/ma_interfaces__rosidl_typesupport_introspection_cExport-noconfig.cmake
[7.735s] -- Up-to-date: /home/gkasha/Documents/maae/install/ma_interfaces/share/ma_interfaces/cmake/export_ma_interfaces__rosidl_typesupport_fastrtps_cExport.cmake
[7.735s] -- Up-to-date: /home/gkasha/Documents/maae/install/ma_interfaces/share/ma_interfaces/cmake/export_ma_interfaces__rosidl_typesupport_fastrtps_cExport-noconfig.cmake
[7.735s] -- Up-to-date: /home/gkasha/Documents/maae/install/ma_interfaces/share/ma_interfaces/cmake/ma_interfaces__rosidl_typesupport_cExport.cmake
[7.735s] -- Up-to-date: /home/gkasha/Documents/maae/install/ma_interfaces/share/ma_interfaces/cmake/ma_interfaces__rosidl_typesupport_cExport-noconfig.cmake
[7.736s] -- Up-to-date: /home/gkasha/Documents/maae/install/ma_interfaces/share/ma_interfaces/cmake/export_ma_interfaces__rosidl_generator_cppExport.cmake
[7.736s] -- Up-to-date: /home/gkasha/Documents/maae/install/ma_interfaces/share/ma_interfaces/cmake/ma_interfaces__rosidl_typesupport_introspection_cppExport.cmake
[7.736s] -- Up-to-date: /home/gkasha/Documents/maae/install/ma_interfaces/share/ma_interfaces/cmake/ma_interfaces__rosidl_typesupport_introspection_cppExport-noconfig.cmake
[7.736s] -- Up-to-date: /home/gkasha/Documents/maae/install/ma_interfaces/share/ma_interfaces/cmake/export_ma_interfaces__rosidl_typesupport_fastrtps_cppExport.cmake
[7.736s] -- Up-to-date: /home/gkasha/Documents/maae/install/ma_interfaces/share/ma_interfaces/cmake/export_ma_interfaces__rosidl_typesupport_fastrtps_cppExport-noconfig.cmake
[7.736s] -- Up-to-date: /home/gkasha/Documents/maae/install/ma_interfaces/share/ma_interfaces/cmake/ma_interfaces__rosidl_typesupport_cppExport.cmake
[7.736s] -- Up-to-date: /home/gkasha/Documents/maae/install/ma_interfaces/share/ma_interfaces/cmake/ma_interfaces__rosidl_typesupport_cppExport-noconfig.cmake
[7.736s] -- Up-to-date: /home/gkasha/Documents/maae/install/ma_interfaces/share/ma_interfaces/cmake/export_ma_interfaces__rosidl_generator_pyExport.cmake
[7.736s] -- Up-to-date: /home/gkasha/Documents/maae/install/ma_interfaces/share/ma_interfaces/cmake/export_ma_interfaces__rosidl_generator_pyExport-noconfig.cmake
[7.736s] -- Up-to-date: /home/gkasha/Documents/maae/install/ma_interfaces/share/ma_interfaces/cmake/rosidl_cmake-extras.cmake
[7.737s] -- Up-to-date: /home/gkasha/Documents/maae/install/ma_interfaces/share/ma_interfaces/cmake/ament_cmake_export_include_directories-extras.cmake
[7.737s] -- Up-to-date: /home/gkasha/Documents/maae/install/ma_interfaces/share/ma_interfaces/cmake/ament_cmake_export_libraries-extras.cmake
[7.737s] -- Up-to-date: /home/gkasha/Documents/maae/install/ma_interfaces/share/ma_interfaces/cmake/ament_cmake_export_targets-extras.cmake
[7.737s] -- Up-to-date: /home/gkasha/Documents/maae/install/ma_interfaces/share/ma_interfaces/cmake/rosidl_cmake_export_typesupport_targets-extras.cmake
[7.737s] -- Up-to-date: /home/gkasha/Documents/maae/install/ma_interfaces/share/ma_interfaces/cmake/ament_cmake_export_dependencies-extras.cmake
[7.737s] -- Up-to-date: /home/gkasha/Documents/maae/install/ma_interfaces/share/ma_interfaces/cmake/rosidl_cmake_export_typesupport_libraries-extras.cmake
[7.737s] -- Up-to-date: /home/gkasha/Documents/maae/install/ma_interfaces/share/ma_interfaces/cmake/ma_interfacesConfig.cmake
[7.737s] -- Up-to-date: /home/gkasha/Documents/maae/install/ma_interfaces/share/ma_interfaces/cmake/ma_interfacesConfig-version.cmake
[7.738s] -- Up-to-date: /home/gkasha/Documents/maae/install/ma_interfaces/share/ma_interfaces/package.xml
[7.741s] Invoked command in '/home/gkasha/Documents/maae/build/ma_interfaces' returned '0': CMAKE_PREFIX_PATH=${CMAKE_PREFIX_PATH}:/home/gkasha/ros2_humble/install/rqt_bag_plugins:/home/gkasha/ros2_humble/install/rqt_bag:/home/gkasha/ros2_humble/install/ros2bag:/home/gkasha/ros2_humble/install/tracetools_test:/home/gkasha/ros2_humble/install/tracetools_launch:/home/gkasha/ros2_humble/install/topic_monitor:/home/gkasha/ros2_humble/install/tf2_tools:/home/gkasha/ros2_humble/install/examples_tf2_py:/home/gkasha/ros2_humble/install/tf2_ros_py:/home/gkasha/ros2_humble/install/sros2:/home/gkasha/ros2_humble/install/rqt_topic:/home/gkasha/ros2_humble/install/rqt_srv:/home/gkasha/ros2_humble/install/rqt_shell:/home/gkasha/ros2_humble/install/rqt_service_caller:/home/gkasha/ros2_humble/install/rqt_reconfigure:/home/gkasha/ros2_humble/install/rqt_py_console:/home/gkasha/ros2_humble/install/rqt_publisher:/home/gkasha/ros2_humble/install/rqt_plot:/home/gkasha/ros2_humble/install/rqt_action:/home/gkasha/ros2_humble/install/rqt_msg:/home/gkasha/ros2_humble/install/rqt_console:/home/gkasha/ros2_humble/install/rqt:/home/gkasha/ros2_humble/install/rqt_graph:/home/gkasha/ros2_humble/install/rqt_gui_py:/home/gkasha/ros2_humble/install/rqt_gui:/home/gkasha/ros2_humble/install/ros2trace:/home/gkasha/ros2_humble/install/ros2topic:/home/gkasha/ros2_humble/install/ros2test:/home/gkasha/ros2_humble/install/ros2component:/home/gkasha/ros2_humble/install/ros2param:/home/gkasha/ros2_humble/install/ros2lifecycle:/home/gkasha/ros2_humble/install/ros2service:/home/gkasha/ros2_humble/install/ros2run:/home/gkasha/ros2_humble/install/ros2launch:/home/gkasha/ros2_humble/install/ros2pkg:/home/gkasha/ros2_humble/install/ros2node:/home/gkasha/ros2_humble/install/ros2multicast:/home/gkasha/ros2_humble/install/ros2interface:/home/gkasha/ros2_humble/install/ros2doctor:/home/gkasha/ros2_humble/install/ros2action:/home/gkasha/ros2_humble/install/ros2cli:/home/gkasha/ros2_humble/install/quality_of_service_demo_py:/home/gkasha/ros2_humble/install/lifecycle_py:/home/gkasha/ros2_humble/install/launch_testing_ros:/home/gkasha/ros2_humble/install/launch_ros:/home/gkasha/ros2_humble/install/examples_rclpy_pointcloud_publisher:/home/gkasha/ros2_humble/install/examples_rclpy_minimal_subscriber:/home/gkasha/ros2_humble/install/examples_rclpy_minimal_service:/home/gkasha/ros2_humble/install/examples_rclpy_minimal_publisher:/home/gkasha/ros2_humble/install/examples_rclpy_minimal_client:/home/gkasha/ros2_humble/install/examples_rclpy_minimal_action_server:/home/gkasha/ros2_humble/install/examples_rclpy_minimal_action_client:/home/gkasha/ros2_humble/install/examples_rclpy_guard_conditions:/home/gkasha/ros2_humble/install/examples_rclpy_executors:/home/gkasha/ros2_humble/install/demo_nodes_py:/home/gkasha/ros2_humble/install/action_tutorials_py:/home/gkasha/ros2_humble/install/ament_uncrustify:/home/gkasha/ros2_humble/install/tracetools_trace:/home/gkasha/ros2_humble/install/tracetools_read:/home/gkasha/ros2_humble/install/test_tracetools_launch:/home/gkasha/ros2_humble/install/test_launch_ros:/home/gkasha/ros2_humble/install/sensor_msgs_py:/home/gkasha/ros2_humble/install/rpyutils:/home/gkasha/ros2_humble/install/rosidl_runtime_py:/home/gkasha/ros2_humble/install/rosidl_cli:/home/gkasha/ros2_humble/install/launch_pytest:/home/gkasha/ros2_humble/install/launch_testing:/home/gkasha/ros2_humble/install/launch_yaml:/home/gkasha/ros2_humble/install/launch_xml:/home/gkasha/ros2_humble/install/launch:/home/gkasha/ros2_humble/install/osrf_pycommon:/home/gkasha/ros2_humble/install/launch_testing_examples:/home/gkasha/ros2_humble/install/domain_coordinator:/home/gkasha/ros2_humble/install/ament_xmllint:/home/gkasha/ros2_humble/install/ament_pyflakes:/home/gkasha/ros2_humble/install/ament_pycodestyle:/home/gkasha/ros2_humble/install/ament_pep257:/home/gkasha/ros2_humble/install/ament_pclint:/home/gkasha/ros2_humble/install/ament_package:/home/gkasha/ros2_humble/install/ament_mypy:/home/gkasha/ros2_humble/install/ament_lint_cmake:/home/gkasha/ros2_humble/install/ament_flake8:/home/gkasha/ros2_humble/install/ament_copyright:/home/gkasha/ros2_humble/install/ament_lint:/home/gkasha/ros2_humble/install/ament_index_python:/home/gkasha/ros2_humble/install/ament_cpplint:/home/gkasha/ros2_humble/install/ament_cppcheck:/home/gkasha/ros2_humble/install/ament_clang_tidy:/home/gkasha/ros2_humble/install/ament_clang_format /usr/bin/cmake --install /home/gkasha/Documents/maae/build/ma_interfaces
