[35m[1mConsolidate compiler generated dependencies of target client[0m
[ 25%] [32mBuilding CXX object CMakeFiles/server.dir/src/auctioneer.cpp.o[0m
[ 75%] Built target client
[100%] [32m[1mLinking CXX executable server[0m
[100%] Built target server
-- Install configuration: ""
-- Installing: /home/gkasha/Documents/maae/install/auction/lib/auction/server
-- Set runtime path of "/home/gkasha/Documents/maae/install/auction/lib/auction/server" to ""
-- Up-to-date: /home/gkasha/Documents/maae/install/auction/lib/auction/client
-- Up-to-date: /home/gkasha/Documents/maae/install/auction/share/ament_index/resource_index/package_run_dependencies/auction
-- Up-to-date: /home/gkasha/Documents/maae/install/auction/share/ament_index/resource_index/parent_prefix_path/auction
-- Up-to-date: /home/gkasha/Documents/maae/install/auction/share/auction/environment/ament_prefix_path.dsv
-- Up-to-date: /home/gkasha/Documents/maae/install/auction/share/auction/environment/path.dsv
-- Up-to-date: /home/gkasha/Documents/maae/install/auction/share/auction/local_setup.bash
-- Up-to-date: /home/gkasha/Documents/maae/install/auction/share/auction/local_setup.sh
-- Up-to-date: /home/gkasha/Documents/maae/install/auction/share/auction/local_setup.zsh
-- Up-to-date: /home/gkasha/Documents/maae/install/auction/share/auction/local_setup.dsv
-- Installing: /home/gkasha/Documents/maae/install/auction/share/auction/package.dsv
-- Up-to-date: /home/gkasha/Documents/maae/install/auction/share/ament_index/resource_index/packages/auction
-- Up-to-date: /home/gkasha/Documents/maae/install/auction/share/auction/cmake/auctionConfig.cmake
-- Up-to-date: /home/gkasha/Documents/maae/install/auction/share/auction/cmake/auctionConfig-version.cmake
-- Up-to-date: /home/gkasha/Documents/maae/install/auction/share/auction/package.xml
