[01m[K/home/gkasha/Documents/maae/src/auction/src/agent.cpp:3:1:[m[K [01;31m[Kerror: [m[K‘[01m[Kverbose_1[m[K’ does not name a type
    3 | [01;31m[Kverbose_1[m[K = true; // Higher-level messages, pub/sub
      | [01;31m[K^~~~~~~~~[m[K
[01m[K/home/gkasha/Documents/maae/src/auction/src/agent.cpp:4:1:[m[K [01;31m[Kerror: [m[K‘[01m[Kverbose_2[m[K’ does not name a type
    4 | [01;31m[Kverbose_2[m[K = false; // Lower-level, searches, etc.
      | [01;31m[K^~~~~~~~~[m[K
[01m[K/home/gkasha/Documents/maae/src/auction/src/agent.cpp:[m[K In member function ‘[01m[Kvoid Agent::new_goals_cb(ma_interfaces::msg::Goal)[m[K’:
[01m[K/home/gkasha/Documents/maae/src/auction/src/agent.cpp:35:13:[m[K [01;31m[Kerror: [m[K‘[01m[Kverbose_1[m[K’ was not declared in this scope
   35 |         if ([01;31m[Kverbose_1[m[K) RCLCPP_INFO(rclcpp::get_logger("rclcpp"), "Publishing bid for goal %s", goal.id.c_str());
      |             [01;31m[K^~~~~~~~~[m[K
[01m[K/home/gkasha/Documents/maae/src/auction/src/agent.cpp:39:13:[m[K [01;31m[Kerror: [m[K‘[01m[Kverbose_1[m[K’ was not declared in this scope
   39 |         if ([01;31m[Kverbose_1[m[K) RCLCPP_INFO(rclcpp::get_logger("rclcpp"), "Won goal: %s", goal.id.c_str());
      |             [01;31m[K^~~~~~~~~[m[K
[01m[K/home/gkasha/Documents/maae/src/auction/src/agent.cpp:49:13:[m[K [01;31m[Kerror: [m[K‘[01m[Kverbose_1[m[K’ was not declared in this scope
   49 |         if ([01;31m[Kverbose_1[m[K) RCLCPP_INFO(rclcpp::get_logger("rclcpp"), "Publishing auction for task %s", task.id.c_str());
      |             [01;31m[K^~~~~~~~~[m[K
[01m[K/home/gkasha/Documents/maae/src/auction/src/agent.cpp:76:17:[m[K [01;31m[Kerror: [m[K‘[01m[Kverbose_1[m[K’ was not declared in this scope
   76 |             if ([01;31m[Kverbose_1[m[K) RCLCPP_INFO(rclcpp::get_logger("rclcpp"), "Publishing winner for auction %s: agent %s", task.id.c_str(), winning_bid.agent_id.c_str());
      |                 [01;31m[K^~~~~~~~~[m[K
[01m[K/home/gkasha/Documents/maae/src/auction/src/agent.cpp:79:17:[m[K [01;31m[Kerror: [m[K‘[01m[Kverbose_1[m[K’ was not declared in this scope
   79 |             if ([01;31m[Kverbose_1[m[K) RCLCPP_INFO(rclcpp::get_logger("rclcpp"), "No bids, closing auction %s", task.id.c_str());
      |                 [01;31m[K^~~~~~~~~[m[K
[01m[K/home/gkasha/Documents/maae/src/auction/src/agent.cpp:[m[K In member function ‘[01m[Kvoid Agent::new_tasks_cb(ma_interfaces::msg::Task)[m[K’:
[01m[K/home/gkasha/Documents/maae/src/auction/src/agent.cpp:136:17:[m[K [01;31m[Kerror: [m[K‘[01m[Kverbose_2[m[K’ was not declared in this scope
  136 |             if ([01;31m[Kverbose_2[m[K) RCLCPP_INFO(rclcpp::get_logger("rclcpp"), "Couldn't find slot");
      |                 [01;31m[K^~~~~~~~~[m[K
[01m[K/home/gkasha/Documents/maae/src/auction/src/agent.cpp:138:17:[m[K [01;31m[Kerror: [m[K‘[01m[Kverbose_2[m[K’ was not declared in this scope
  138 |             if ([01;31m[Kverbose_2[m[K) RCLCPP_INFO(rclcpp::get_logger("rclcpp"), "Found slot: %s=(%s,%s)", slot_head->name_.c_str(),slot_head->stp_.c_str(),slot_head->etp_.c_str());
      |                 [01;31m[K^~~~~~~~~[m[K
[01m[K/home/gkasha/Documents/maae/src/auction/src/agent.cpp:154:17:[m[K [01;31m[Kerror: [m[K‘[01m[Kverbose_1[m[K’ was not declared in this scope
  154 |             if ([01;31m[Kverbose_1[m[K) RCLCPP_INFO(rclcpp::get_logger("rclcpp"), "Publishing bid for auction %s", bid.auction_id.c_str());
      |                 [01;31m[K^~~~~~~~~[m[K
[01m[K/home/gkasha/Documents/maae/src/auction/src/agent.cpp:159:13:[m[K [01;31m[Kerror: [m[K‘[01m[Kverbose_1[m[K’ was not declared in this scope
  159 |         if ([01;31m[Kverbose_1[m[K) RCLCPP_INFO(rclcpp::get_logger("rclcpp"), "Won the bid for auction %s", task.id.c_str());
      |             [01;31m[K^~~~~~~~~[m[K
[01m[K/home/gkasha/Documents/maae/src/auction/src/agent.cpp:187:17:[m[K [01;31m[Kerror: [m[K‘[01m[Kverbose_2[m[K’ was not declared in this scope
  187 |             if ([01;31m[Kverbose_2[m[K) RCLCPP_INFO(rclcpp::get_logger("rclcpp"), "Task added successfully: %s", task.id.c_str());
      |                 [01;31m[K^~~~~~~~~[m[K
[01m[K/home/gkasha/Documents/maae/src/auction/src/agent.cpp:198:17:[m[K [01;31m[Kerror: [m[K‘[01m[Kverbose_1[m[K’ was not declared in this scope
  198 |             if ([01;31m[Kverbose_1[m[K) RCLCPP_INFO(rclcpp::get_logger("rclcpp"), "Publishing scheduling confirmation of task: %s", task.id.c_str());
      |                 [01;31m[K^~~~~~~~~[m[K
[01m[K/home/gkasha/Documents/maae/src/auction/src/agent.cpp:206:17:[m[K [01;31m[Kerror: [m[K‘[01m[Kverbose_2[m[K’ was not declared in this scope
  206 |             if ([01;31m[Kverbose_2[m[K) RCLCPP_INFO(rclcpp::get_logger("rclcpp"), "Couldn't add task: %s", task.id.c_str());
      |                 [01;31m[K^~~~~~~~~[m[K
[01m[K/home/gkasha/Documents/maae/src/auction/src/agent.cpp:221:17:[m[K [01;31m[Kerror: [m[K‘[01m[Kverbose_1[m[K’ was not declared in this scope
  221 |             if ([01;31m[Kverbose_1[m[K) RCLCPP_INFO(rclcpp::get_logger("rclcpp"), "Publishing scheduling failure of task: %s", task.id.c_str());
      |                 [01;31m[K^~~~~~~~~[m[K
[01m[K/home/gkasha/Documents/maae/src/auction/src/agent.cpp:[m[K In member function ‘[01m[Kvoid Agent::check_dispatch()[m[K’:
[01m[K/home/gkasha/Documents/maae/src/auction/src/agent.cpp:232:17:[m[K [01;31m[Kerror: [m[K‘[01m[Kverbose_2[m[K’ was not declared in this scope
  232 |             if ([01;31m[Kverbose_2[m[K) RCLCPP_INFO(this->get_logger(), "Found task to dispatch: %s", curr->name_.c_str());
      |                 [01;31m[K^~~~~~~~~[m[K
[01m[K/home/gkasha/Documents/maae/src/auction/src/agent.cpp:244:17:[m[K [01;31m[Kerror: [m[K‘[01m[Kverbose_2[m[K’ was not declared in this scope
  244 |             if ([01;31m[Kverbose_2[m[K) RCLCPP_INFO(this->get_logger(), "Start time: %f, duration: %f", msg.start_time, msg.duration);
      |                 [01;31m[K^~~~~~~~~[m[K
[01m[K/home/gkasha/Documents/maae/src/auction/src/agent.cpp:246:17:[m[K [01;31m[Kerror: [m[K‘[01m[Kverbose_1[m[K’ was not declared in this scope
  246 |             if ([01;31m[Kverbose_1[m[K) RCLCPP_INFO(rclcpp::get_logger("rclcpp"), "Dispatching action: %s", msg.action_id.c_str());
      |                 [01;31m[K^~~~~~~~~[m[K
[01m[K/home/gkasha/Documents/maae/src/auction/src/agent.cpp:[m[K In member function ‘[01m[Kvoid Agent::new_bids_cb(ma_interfaces::msg::Bid)[m[K’:
[01m[K/home/gkasha/Documents/maae/src/auction/src/agent.cpp:280:21:[m[K [01;31m[Kerror: [m[K‘[01m[Kverbose_1[m[K’ was not declared in this scope
  280 |                 if ([01;31m[Kverbose_1[m[K) RCLCPP_INFO(rclcpp::get_logger("rclcpp"), "Publishing winner for auction %s: agent %s", bid.auction_id.c_str(), winning_bid.agent_id.c_str());
      |                     [01;31m[K^~~~~~~~~[m[K
[01m[K/home/gkasha/Documents/maae/src/auction/src/agent.cpp:284:21:[m[K [01;31m[Kerror: [m[K‘[01m[Kverbose_1[m[K’ was not declared in this scope
  284 |                 if ([01;31m[Kverbose_1[m[K) RCLCPP_INFO(rclcpp::get_logger("rclcpp"), "No bids, closing auction %s", bid.auction_id.c_str());
      |                     [01;31m[K^~~~~~~~~[m[K
[01m[K/home/gkasha/Documents/maae/src/auction/src/agent.cpp:289:17:[m[K [01;31m[Kerror: [m[K‘[01m[Kverbose_1[m[K’ was not declared in this scope
  289 |             if ([01;31m[Kverbose_1[m[K) RCLCPP_INFO(rclcpp::get_logger("rclcpp"), "Task <%s> was successfuly scheduled by agent %s, closing auction.", bid.auction_id.c_str(), bid.agent_id.c_str());
      |                 [01;31m[K^~~~~~~~~[m[K
[01m[K/home/gkasha/Documents/maae/src/auction/src/agent.cpp:293:17:[m[K [01;31m[Kerror: [m[K‘[01m[Kverbose_1[m[K’ was not declared in this scope
  293 |             if ([01;31m[Kverbose_1[m[K) RCLCPP_INFO(rclcpp::get_logger("rclcpp"), "Added bid from agent %s to auction %s", bid.agent_id.c_str(), bid.auction_id.c_str());
      |                 [01;31m[K^~~~~~~~~[m[K
[01m[K/home/gkasha/Documents/maae/src/auction/src/agent.cpp:[m[K In member function ‘[01m[Kvoid Agent::action_feedback_cb(ma_interfaces::msg::ActionFeedback)[m[K’:
[01m[K/home/gkasha/Documents/maae/src/auction/src/agent.cpp:310:25:[m[K [01;31m[Kerror: [m[K‘[01m[Kverbose_2[m[K’ was not declared in this scope
  310 |                     if ([01;31m[Kverbose_2[m[K) RCLCPP_INFO(rclcpp::get_logger("rclcpp"), "Action executing: %s", action.action_id.c_str());
      |                         [01;31m[K^~~~~~~~~[m[K
[01m[K/home/gkasha/Documents/maae/src/auction/src/agent.cpp:312:25:[m[K [01;31m[Kerror: [m[K‘[01m[Kverbose_2[m[K’ was not declared in this scope
  312 |                     if ([01;31m[Kverbose_2[m[K) RCLCPP_INFO(rclcpp::get_logger("rclcpp"),"Unable to add start constraint to timeline for action %s", action.action_id.c_str());
      |                         [01;31m[K^~~~~~~~~[m[K
[01m[K/home/gkasha/Documents/maae/src/auction/src/agent.cpp:319:25:[m[K [01;31m[Kerror: [m[K‘[01m[Kverbose_2[m[K’ was not declared in this scope
  319 |                     if ([01;31m[Kverbose_2[m[K) RCLCPP_INFO(rclcpp::get_logger("rclcpp"), "Action complete: %s", action.action_id.c_str());
      |                         [01;31m[K^~~~~~~~~[m[K
[01m[K/home/gkasha/Documents/maae/src/auction/src/agent.cpp:321:25:[m[K [01;31m[Kerror: [m[K‘[01m[Kverbose_2[m[K’ was not declared in this scope
  321 |                     if ([01;31m[Kverbose_2[m[K) RCLCPP_INFO(rclcpp::get_logger("rclcpp"), "Unable to add end constraint to timeline for action %s, expected: (%f, %f),  actual: %f",
      |                         [01;31m[K^~~~~~~~~[m[K
[01m[K/home/gkasha/Documents/maae/src/auction/src/agent.cpp:325:21:[m[K [01;31m[Kerror: [m[K‘[01m[Kverbose_2[m[K’ was not declared in this scope
  325 |                 if ([01;31m[Kverbose_2[m[K) RCLCPP_INFO(rclcpp::get_logger("rclcpp"), "Action failed: %s", action.action_id.c_str());
      |                     [01;31m[K^~~~~~~~~[m[K
gmake[2]: *** [CMakeFiles/agent.dir/build.make:76: CMakeFiles/agent.dir/src/agent.cpp.o] Error 1
gmake[1]: *** [CMakeFiles/Makefile2:195: CMakeFiles/agent.dir/all] Error 2
gmake: *** [Makefile:146: all] Error 2
