[35m[1mConsolidate compiler generated dependencies of target goal_manager[0m
[35m[1mConsolidate compiler generated dependencies of target agent[0m
[ 11%] [32mBuilding CXX object CMakeFiles/agent.dir/src/agent.cpp.o[0m
[ 33%] Built target client
[ 55%] Built target execution_interface
[ 77%] Built target goal_manager
[01m[K/home/gkasha/Documents/maae/src/auction/src/agent.cpp:[m[K In member function ‘[01m[Kstd::vector<ma_interfaces::msg::Bid_<std::allocator<void> > > Agent::choose_winners(ma_interfaces::msg::Task)[m[K’:
[01m[K/home/gkasha/Documents/maae/src/auction/src/agent.cpp:96:14:[m[K [01;35m[Kwarning: [m[Kvariable ‘[01m[Kmap_overlaps[m[K’ set but not used [[01;35m[K]8;;https://gcc.gnu.org/onlinedocs/gcc/Warning-Options.html#index-Wunused-but-set-variable-Wunused-but-set-variable]8;;[m[K]
   96 |         auto [01;35m[Kmap_overlaps[m[K = std::transform(bids.begin(),bids.end(),std::back_inserter(overlaps),[](ma_interfaces::msg::Bid b){std::vector<ma_interfaces::msg::Bid> res{b}; return res;});
      |              [01;35m[K^~~~~~~~~~~~[m[K
[01m[K/home/gkasha/Documents/maae/src/auction/src/agent.cpp:[m[K In member function ‘[01m[Kbool Agent::schedule_task(ma_interfaces::msg::Task)[m[K’:
[01m[K/home/gkasha/Documents/maae/src/auction/src/agent.cpp:204:16:[m[K [01;35m[Kwarning: [m[Kunused variable ‘[01m[Kst[m[K’ [[01;35m[K]8;;https://gcc.gnu.org/onlinedocs/gcc/Warning-Options.html#index-Wunused-variable-Wunused-variable]8;;[m[K]
  204 |         double [01;35m[Kst[m[K = -1*std::get<0>(stn.get_feasible_values(curr->etp_));
      |                [01;35m[K^~[m[K
[ 88%] [32m[1mLinking CXX executable agent[0m
[100%] Built target agent
-- Install configuration: ""
-- Up-to-date: /home/gkasha/Documents/maae/install/auction/include/auction/
-- Up-to-date: /home/gkasha/Documents/maae/install/auction/include/auction//execution_interface.hpp
-- Up-to-date: /home/gkasha/Documents/maae/install/auction/include/auction//stn.hpp
-- Up-to-date: /home/gkasha/Documents/maae/install/auction/include/auction//agent.hpp
-- Up-to-date: /home/gkasha/Documents/maae/install/auction/lib/auction/execution_interface
-- Up-to-date: /home/gkasha/Documents/maae/install/auction/lib/auction/client
-- Installing: /home/gkasha/Documents/maae/install/auction/lib/auction/agent
-- Set runtime path of "/home/gkasha/Documents/maae/install/auction/lib/auction/agent" to ""
-- Up-to-date: /home/gkasha/Documents/maae/install/auction/lib/auction/goal_manager
-- Up-to-date: /home/gkasha/Documents/maae/install/auction/share/ament_index/resource_index/package_run_dependencies/auction
-- Up-to-date: /home/gkasha/Documents/maae/install/auction/share/ament_index/resource_index/parent_prefix_path/auction
-- Up-to-date: /home/gkasha/Documents/maae/install/auction/share/auction/environment/ament_prefix_path.dsv
-- Up-to-date: /home/gkasha/Documents/maae/install/auction/share/auction/environment/path.dsv
-- Up-to-date: /home/gkasha/Documents/maae/install/auction/share/auction/local_setup.bash
-- Up-to-date: /home/gkasha/Documents/maae/install/auction/share/auction/local_setup.sh
-- Up-to-date: /home/gkasha/Documents/maae/install/auction/share/auction/local_setup.zsh
-- Up-to-date: /home/gkasha/Documents/maae/install/auction/share/auction/local_setup.dsv
-- Installing: /home/gkasha/Documents/maae/install/auction/share/auction/package.dsv
-- Up-to-date: /home/gkasha/Documents/maae/install/auction/share/ament_index/resource_index/packages/auction
-- Up-to-date: /home/gkasha/Documents/maae/install/auction/share/auction/cmake/ament_cmake_export_include_directories-extras.cmake
-- Up-to-date: /home/gkasha/Documents/maae/install/auction/share/auction/cmake/auctionConfig.cmake
-- Up-to-date: /home/gkasha/Documents/maae/install/auction/share/auction/cmake/auctionConfig-version.cmake
-- Up-to-date: /home/gkasha/Documents/maae/install/auction/share/auction/package.xml
