[ 45%] [32mBuilding CXX object CMakeFiles/execution_interface.dir/src/execution_interface.cpp.o[0m
[ 54%] Built target goal_manager
[ 54%] Built target client
[ 72%] Built target agent
[35m[1mConsolidate compiler generated dependencies of target clock[0m
[ 90%] Built target clock
[100%] [32m[1mLinking CXX executable execution_interface[0m
[100%] Built target execution_interface
-- Install configuration: ""
-- Up-to-date: /home/gkasha/Documents/maae/install/auction/include/auction/
-- Up-to-date: /home/gkasha/Documents/maae/install/auction/include/auction//execution_interface.hpp
-- Up-to-date: /home/gkasha/Documents/maae/install/auction/include/auction//stn.hpp
-- Up-to-date: /home/gkasha/Documents/maae/install/auction/include/auction//agent.hpp
-- Installing: /home/gkasha/Documents/maae/install/auction/lib/auction/execution_interface
-- Set runtime path of "/home/gkasha/Documents/maae/install/auction/lib/auction/execution_interface" to ""
-- Up-to-date: /home/gkasha/Documents/maae/install/auction/lib/auction/client
-- Up-to-date: /home/gkasha/Documents/maae/install/auction/lib/auction/agent
-- Up-to-date: /home/gkasha/Documents/maae/install/auction/lib/auction/goal_manager
-- Up-to-date: /home/gkasha/Documents/maae/install/auction/lib/auction/clock
-- Up-to-date: /home/gkasha/Documents/maae/install/auction/share/ament_index/resource_index/package_run_dependencies/auction
-- Up-to-date: /home/gkasha/Documents/maae/install/auction/share/ament_index/resource_index/parent_prefix_path/auction
-- Up-to-date: /home/gkasha/Documents/maae/install/auction/share/auction/environment/ament_prefix_path.dsv
-- Up-to-date: /home/gkasha/Documents/maae/install/auction/share/auction/environment/path.dsv
-- Up-to-date: /home/gkasha/Documents/maae/install/auction/share/auction/local_setup.bash
-- Up-to-date: /home/gkasha/Documents/maae/install/auction/share/auction/local_setup.sh
-- Up-to-date: /home/gkasha/Documents/maae/install/auction/share/auction/local_setup.zsh
-- Up-to-date: /home/gkasha/Documents/maae/install/auction/share/auction/local_setup.dsv
-- Installing: /home/gkasha/Documents/maae/install/auction/share/auction/package.dsv
-- Up-to-date: /home/gkasha/Documents/maae/install/auction/share/ament_index/resource_index/packages/auction
-- Up-to-date: /home/gkasha/Documents/maae/install/auction/share/auction/cmake/ament_cmake_export_include_directories-extras.cmake
-- Up-to-date: /home/gkasha/Documents/maae/install/auction/share/auction/cmake/auctionConfig.cmake
-- Up-to-date: /home/gkasha/Documents/maae/install/auction/share/auction/cmake/auctionConfig-version.cmake
-- Up-to-date: /home/gkasha/Documents/maae/install/auction/share/auction/package.xml
