[01m[K/home/gkasha/Documents/maae/src/auction/src/agent.cpp:36:47:[m[K [01;31m[Kerror: [m[K‘[01m[Kstring[m[K’ has not been declared
   36 |         TNode(int st, int et, bool scheduled, [01;31m[Kstring[m[K name) {
      |                                               [01;31m[K^~~~~~[m[K
[01m[K/home/gkasha/Documents/maae/src/auction/src/agent.cpp:46:9:[m[K [01;31m[Kerror: [m[K‘[01m[Kstring[m[K’ does not name a type; did you mean ‘[01m[Kstdin[m[K’?
   46 |         [01;31m[Kstring[m[K name_;
      |         [01;31m[K^~~~~~[m[K
      |         [32m[Kstdin[m[K
[01m[K/home/gkasha/Documents/maae/src/auction/src/agent.cpp:[m[K In constructor ‘[01m[KTNode::TNode(int, int, bool, int)[m[K’:
[01m[K/home/gkasha/Documents/maae/src/auction/src/agent.cpp:40:13:[m[K [01;31m[Kerror: [m[K‘[01m[Kname_[m[K’ was not declared in this scope; did you mean ‘[01m[Kname[m[K’?
   40 |             [01;31m[Kname_[m[K = name;
      |             [01;31m[K^~~~~[m[K
      |             [32m[Kname[m[K
[01m[K/home/gkasha/Documents/maae/src/auction/src/agent.cpp:[m[K At global scope:
[01m[K/home/gkasha/Documents/maae/src/auction/src/agent.cpp:61:45:[m[K [01;31m[Kerror: [m[K‘[01m[KAuctionResult[m[K’ is not a member of ‘[01m[Kma_interfaces::srv[m[K’
   61 |         rclcpp::Service<ma_interfaces::srv::[01;31m[KAuctionResult[m[K>::SharedPtr auction_result_service_;
      |                                             [01;31m[K^~~~~~~~~~~~~[m[K
[01m[K/home/gkasha/Documents/maae/src/auction/src/agent.cpp:61:58:[m[K [01;31m[Kerror: [m[Ktemplate argument 1 is invalid
   61 |         rclcpp::Service<ma_interfaces::srv::AuctionResult[01;31m[K>[m[K::SharedPtr auction_result_service_;
      |                                                          [01;31m[K^[m[K
[01m[K/home/gkasha/Documents/maae/src/auction/src/agent.cpp:61:61:[m[K [01;31m[Kerror: [m[Kexpected ‘[01m[K;[m[K’ at end of member declaration
   61 |         rclcpp::Service<ma_interfaces::srv::AuctionResult>::[01;31m[KSharedPtr[m[K auction_result_service_;
      |                                                             [01;31m[K^~~~~~~~~[m[K
      |                                                                      [32m[K;[m[K
[01m[K/home/gkasha/Documents/maae/src/auction/src/agent.cpp:61:71:[m[K [01;31m[Kerror: [m[K‘[01m[Kauction_result_service_[m[K’ does not name a type
   61 |         rclcpp::Service<ma_interfaces::srv::AuctionResult>::SharedPtr [01;31m[Kauction_result_service_[m[K;
      |                                                                       [01;31m[K^~~~~~~~~~~~~~~~~~~~~~~[m[K
[01m[K/home/gkasha/Documents/maae/src/auction/src/agent.cpp:[m[K In function ‘[01m[Kvoid print_timeline()[m[K’:
[01m[K/home/gkasha/Documents/maae/src/auction/src/agent.cpp:74:5:[m[K [01;31m[Kerror: [m[K‘[01m[Kstring[m[K’ was not declared in this scope
   74 |     [01;31m[Kstring[m[K timeline = "";
      |     [01;31m[K^~~~~~[m[K
[01m[K/home/gkasha/Documents/maae/src/auction/src/agent.cpp:74:5:[m[K [01;36m[Knote: [m[Ksuggested alternatives:
In file included from [01m[K/usr/include/c++/11/iosfwd:39[m[K,
                 from [01m[K/usr/include/c++/11/bits/shared_ptr.h:52[m[K,
                 from [01m[K/usr/include/c++/11/memory:77[m[K,
                 from [01m[K/home/gkasha/ros2_humble/install/rclcpp/include/rclcpp/rclcpp/rclcpp.hpp:153[m[K,
                 from [01m[K/home/gkasha/Documents/maae/src/auction/src/agent.cpp:1[m[K:
[01m[K/usr/include/c++/11/bits/stringfwd.h:79:33:[m[K [01;36m[Knote: [m[K  ‘[01m[Kstd::string[m[K’
   79 |   typedef basic_string<char>    [01;36m[Kstring[m[K;
      |                                 [01;36m[K^~~~~~[m[K
In file included from [01m[K/usr/include/c++/11/stdexcept:39[m[K,
                 from [01m[K/usr/include/c++/11/system_error:41[m[K,
                 from [01m[K/usr/include/c++/11/mutex:42[m[K,
                 from [01m[K/usr/include/c++/11/future:38[m[K,
                 from [01m[K/home/gkasha/ros2_humble/install/rclcpp/include/rclcpp/rclcpp/executors.hpp:18[m[K,
                 from [01m[K/home/gkasha/ros2_humble/install/rclcpp/include/rclcpp/rclcpp/rclcpp.hpp:155[m[K,
                 from [01m[K/home/gkasha/Documents/maae/src/auction/src/agent.cpp:1[m[K:
[01m[K/usr/include/c++/11/string:67:11:[m[K [01;36m[Knote: [m[K  ‘[01m[Kstd::pmr::string[m[K’
   67 |     using [01;36m[Kstring[m[K    = basic_string<char>;
      |           [01;36m[K^~~~~~[m[K
[01m[K/home/gkasha/Documents/maae/src/auction/src/agent.cpp:77:15:[m[K [01;31m[Kerror: [m[Kexpected ‘[01m[K;[m[K’ before ‘[01m[Ktemp[m[K’
   77 |         string[01;31m[K [m[K[32m[Ktemp[m[K = "(" + curr->name_
      |               [01;31m[K^[m[K[32m[K~~~~[m[K
      |               [32m[K;[m[K
[01m[K/home/gkasha/Documents/maae/src/auction/src/agent.cpp:82:9:[m[K [01;31m[Kerror: [m[K‘[01m[Ktimeline[m[K’ was not declared in this scope; did you mean ‘[01m[Ktimezone[m[K’?
   82 |         [01;31m[Ktimeline[m[K += temp;
      |         [01;31m[K^~~~~~~~[m[K
      |         [32m[Ktimezone[m[K
[01m[K/home/gkasha/Documents/maae/src/auction/src/agent.cpp:82:21:[m[K [01;31m[Kerror: [m[K‘[01m[Ktemp[m[K’ was not declared in this scope; did you mean ‘[01m[Ktm[m[K’?
   82 |         timeline += [01;31m[Ktemp[m[K;
      |                     [01;31m[K^~~~[m[K
      |                     [32m[Ktm[m[K
In file included from [01m[K/home/gkasha/ros2_humble/build/rclcpp/include/rclcpp/logging.hpp:24[m[K,
                 from [01m[K/home/gkasha/ros2_humble/install/rclcpp/include/rclcpp/rclcpp/client.hpp:40[m[K,
                 from [01m[K/home/gkasha/ros2_humble/install/rclcpp/include/rclcpp/rclcpp/callback_group.hpp:24[m[K,
                 from [01m[K/home/gkasha/ros2_humble/install/rclcpp/include/rclcpp/rclcpp/any_executable.hpp:20[m[K,
                 from [01m[K/home/gkasha/ros2_humble/install/rclcpp/include/rclcpp/rclcpp/memory_strategy.hpp:25[m[K,
                 from [01m[K/home/gkasha/ros2_humble/install/rclcpp/include/rclcpp/rclcpp/memory_strategies.hpp:18[m[K,
                 from [01m[K/home/gkasha/ros2_humble/install/rclcpp/include/rclcpp/rclcpp/executor_options.hpp:20[m[K,
                 from [01m[K/home/gkasha/ros2_humble/install/rclcpp/include/rclcpp/rclcpp/executor.hpp:37[m[K,
                 from [01m[K/home/gkasha/ros2_humble/install/rclcpp/include/rclcpp/rclcpp/executors/multi_threaded_executor.hpp:25[m[K,
                 from [01m[K/home/gkasha/ros2_humble/install/rclcpp/include/rclcpp/rclcpp/executors.hpp:21[m[K,
                 from [01m[K/home/gkasha/ros2_humble/install/rclcpp/include/rclcpp/rclcpp/rclcpp.hpp:155[m[K,
                 from [01m[K/home/gkasha/Documents/maae/src/auction/src/agent.cpp:1[m[K:
[01m[K/home/gkasha/Documents/maae/src/auction/src/agent.cpp:84:71:[m[K [01;31m[Kerror: [m[K‘[01m[Ktimeline[m[K’ was not declared in this scope; did you mean ‘[01m[Ktimezone[m[K’?
   84 |     RCLCPP_INFO(rclcpp::get_logger("rclcpp"),"Agent %d timeline: %s", [01;31m[Ktimeline[m[K.c_str());
      |                                                                       [01;31m[K^~~~~~~~[m[K
[01m[K/home/gkasha/Documents/maae/src/auction/src/agent.cpp:[m[K At global scope:
[01m[K/home/gkasha/Documents/maae/src/auction/src/agent.cpp:89:51:[m[K [01;31m[Kerror: [m[K‘[01m[KAuctionResult[m[K’ is not a member of ‘[01m[Kma_interfaces::srv[m[K’
   89 |         const std::shared_ptr<ma_interfaces::srv::[01;31m[KAuctionResult[m[K::Request> req,
      |                                                   [01;31m[K^~~~~~~~~~~~~[m[K
[01m[K/home/gkasha/Documents/maae/src/auction/src/agent.cpp:89:73:[m[K [01;31m[Kerror: [m[Ktemplate argument 1 is invalid
   89 |         const std::shared_ptr<ma_interfaces::srv::AuctionResult::Request[01;31m[K>[m[K req,
      |                                                                         [01;31m[K^[m[K
[01m[K/home/gkasha/Documents/maae/src/auction/src/agent.cpp:89:51:[m[K [01;31m[Kerror: [m[K‘[01m[KAuctionResult[m[K’ is not a member of ‘[01m[Kma_interfaces::srv[m[K’
   89 |         const std::shared_ptr<ma_interfaces::srv::[01;31m[KAuctionResult[m[K::Request> req,
      |                                                   [01;31m[K^~~~~~~~~~~~~[m[K
[01m[K/home/gkasha/Documents/maae/src/auction/src/agent.cpp:89:73:[m[K [01;31m[Kerror: [m[Ktemplate argument 1 is invalid
   89 |         const std::shared_ptr<ma_interfaces::srv::AuctionResult::Request[01;31m[K>[m[K req,
      |                                                                         [01;31m[K^[m[K
[01m[K/home/gkasha/Documents/maae/src/auction/src/agent.cpp:89:51:[m[K [01;31m[Kerror: [m[K‘[01m[KAuctionResult[m[K’ is not a member of ‘[01m[Kma_interfaces::srv[m[K’
   89 |         const std::shared_ptr<ma_interfaces::srv::[01;31m[KAuctionResult[m[K::Request> req,
      |                                                   [01;31m[K^~~~~~~~~~~~~[m[K
[01m[K/home/gkasha/Documents/maae/src/auction/src/agent.cpp:89:73:[m[K [01;31m[Kerror: [m[Ktemplate argument 1 is invalid
   89 |         const std::shared_ptr<ma_interfaces::srv::AuctionResult::Request[01;31m[K>[m[K req,
      |                                                                         [01;31m[K^[m[K
[01m[K/home/gkasha/Documents/maae/src/auction/src/agent.cpp:89:15:[m[K [01;31m[Kerror: [m[Kinvalid template-id
   89 |         const [01;31m[Kstd[m[K::shared_ptr<ma_interfaces::srv::AuctionResult::Request> req,
      |               [01;31m[K^~~[m[K
[01m[K/home/gkasha/Documents/maae/src/auction/src/agent.cpp:89:51:[m[K [01;31m[Kerror: [m[K‘[01m[KAuctionResult[m[K’ is not a member of ‘[01m[Kma_interfaces::srv[m[K’
   89 |         const std::shared_ptr<ma_interfaces::srv::[01;31m[KAuctionResult[m[K::Request> req,
      |                                                   [01;31m[K^~~~~~~~~~~~~[m[K
[01m[K/home/gkasha/Documents/maae/src/auction/src/agent.cpp:88:6:[m[K [01;31m[Kerror: [m[Kvariable or field ‘[01m[Ksend_auction_result[m[K’ declared void
   88 | void [01;31m[Ksend_auction_result[m[K(
      |      [01;31m[K^~~~~~~~~~~~~~~~~~~[m[K
[01m[K/home/gkasha/Documents/maae/src/auction/src/agent.cpp:89:9:[m[K [01;31m[Kerror: [m[Kexpected primary-expression before ‘[01m[Kconst[m[K’
   89 |         [01;31m[Kconst[m[K std::shared_ptr<ma_interfaces::srv::AuctionResult::Request> req,
      |         [01;31m[K^~~~~[m[K
[01m[K/home/gkasha/Documents/maae/src/auction/src/agent.cpp:90:45:[m[K [01;31m[Kerror: [m[K‘[01m[KAuctionResult[m[K’ is not a member of ‘[01m[Kma_interfaces::srv[m[K’
   90 |         std::shared_ptr<ma_interfaces::srv::[01;31m[KAuctionResult[m[K::Response> rep)
      |                                             [01;31m[K^~~~~~~~~~~~~[m[K
[01m[K/home/gkasha/Documents/maae/src/auction/src/agent.cpp:90:68:[m[K [01;31m[Kerror: [m[Ktemplate argument 1 is invalid
   90 |         std::shared_ptr<ma_interfaces::srv::AuctionResult::Response[01;31m[K>[m[K rep)
      |                                                                    [01;31m[K^[m[K
[01m[K/home/gkasha/Documents/maae/src/auction/src/agent.cpp:[m[K In function ‘[01m[Kvoid get_bid(std::shared_ptr<ma_interfaces::srv::GetBid_Request_<std::allocator<void> > >, std::shared_ptr<ma_interfaces::srv::GetBid_Response_<std::allocator<void> > >)[m[K’:
[01m[K/home/gkasha/Documents/maae/src/auction/src/agent.cpp:129:40:[m[K [01;31m[Kerror: [m[K‘[01m[Kusing _t_type = struct ma_interfaces::msg::Task_<std::allocator<void> >[m[K’ {aka ‘[01m[Kstruct ma_interfaces::msg::Task_<std::allocator<void> >[m[K’} has no member named ‘[01m[Kduration[m[K’
  129 |         bid_node = new TNode(0, req->t.[01;31m[Kduration[m[K, false, req->t.name);
      |                                        [01;31m[K^~~~~~~~[m[K
[01m[K/home/gkasha/Documents/maae/src/auction/src/agent.cpp:136:29:[m[K [01;31m[Kerror: [m[K‘[01m[Kclass TNode[m[K’ has no member named ‘[01m[Kst[m[K’; did you mean ‘[01m[Kst_[m[K’?
  136 |             if (curr->next->[01;31m[Kst[m[K - curr->et >= req->t.duration) {
      |                             [01;31m[K^~[m[K
      |                             [32m[Kst_[m[K
[01m[K/home/gkasha/Documents/maae/src/auction/src/agent.cpp:136:40:[m[K [01;31m[Kerror: [m[K‘[01m[Kclass TNode[m[K’ has no member named ‘[01m[Ket[m[K’; did you mean ‘[01m[Ket_[m[K’?
  136 |             if (curr->next->st - curr->[01;31m[Ket[m[K >= req->t.duration) {
      |                                        [01;31m[K^~[m[K
      |                                        [32m[Ket_[m[K
[01m[K/home/gkasha/Documents/maae/src/auction/src/agent.cpp:136:53:[m[K [01;31m[Kerror: [m[K‘[01m[Kusing _t_type = struct ma_interfaces::msg::Task_<std::allocator<void> >[m[K’ {aka ‘[01m[Kstruct ma_interfaces::msg::Task_<std::allocator<void> >[m[K’} has no member named ‘[01m[Kduration[m[K’
  136 |             if (curr->next->st - curr->et >= req->t.[01;31m[Kduration[m[K) {
      |                                                     [01;31m[K^~~~~~~~[m[K
[01m[K/home/gkasha/Documents/maae/src/auction/src/agent.cpp:137:44:[m[K [01;31m[Kerror: [m[K‘[01m[Kclass TNode[m[K’ has no member named ‘[01m[Ket[m[K’; did you mean ‘[01m[Ket_[m[K’?
  137 |                 bid_node = new TNode(curr->[01;31m[Ket[m[K, curr->et+req->t.duration, false, req->t.name);
      |                                            [01;31m[K^~[m[K
      |                                            [32m[Ket_[m[K
[01m[K/home/gkasha/Documents/maae/src/auction/src/agent.cpp:137:54:[m[K [01;31m[Kerror: [m[K‘[01m[Kclass TNode[m[K’ has no member named ‘[01m[Ket[m[K’; did you mean ‘[01m[Ket_[m[K’?
  137 |                 bid_node = new TNode(curr->et, curr->[01;31m[Ket[m[K+req->t.duration, false, req->t.name);
      |                                                      [01;31m[K^~[m[K
      |                                                      [32m[Ket_[m[K
[01m[K/home/gkasha/Documents/maae/src/auction/src/agent.cpp:137:64:[m[K [01;31m[Kerror: [m[K‘[01m[Kusing _t_type = struct ma_interfaces::msg::Task_<std::allocator<void> >[m[K’ {aka ‘[01m[Kstruct ma_interfaces::msg::Task_<std::allocator<void> >[m[K’} has no member named ‘[01m[Kduration[m[K’
  137 |                 bid_node = new TNode(curr->et, curr->et+req->t.[01;31m[Kduration[m[K, false, req->t.name);
      |                                                                [01;31m[K^~~~~~~~[m[K
[01m[K/home/gkasha/Documents/maae/src/auction/src/agent.cpp:147:40:[m[K [01;31m[Kerror: [m[K‘[01m[Kclass TNode[m[K’ has no member named ‘[01m[Ket[m[K’; did you mean ‘[01m[Ket_[m[K’?
  147 |             bid_node = new TNode(curr->[01;31m[Ket[m[K, curr->et+req->t.duration, false, req->t.name);
      |                                        [01;31m[K^~[m[K
      |                                        [32m[Ket_[m[K
[01m[K/home/gkasha/Documents/maae/src/auction/src/agent.cpp:147:50:[m[K [01;31m[Kerror: [m[K‘[01m[Kclass TNode[m[K’ has no member named ‘[01m[Ket[m[K’; did you mean ‘[01m[Ket_[m[K’?
  147 |             bid_node = new TNode(curr->et, curr->[01;31m[Ket[m[K+req->t.duration, false, req->t.name);
      |                                                  [01;31m[K^~[m[K
      |                                                  [32m[Ket_[m[K
[01m[K/home/gkasha/Documents/maae/src/auction/src/agent.cpp:147:60:[m[K [01;31m[Kerror: [m[K‘[01m[Kusing _t_type = struct ma_interfaces::msg::Task_<std::allocator<void> >[m[K’ {aka ‘[01m[Kstruct ma_interfaces::msg::Task_<std::allocator<void> >[m[K’} has no member named ‘[01m[Kduration[m[K’
  147 |             bid_node = new TNode(curr->et, curr->et+req->t.[01;31m[Kduration[m[K, false, req->t.name);
      |                                                            [01;31m[K^~~~~~~~[m[K
[01m[K/home/gkasha/Documents/maae/src/auction/src/agent.cpp:154:9:[m[K [01;31m[Kerror: [m[K‘[01m[Kstruct ma_interfaces::msg::Bid_<std::allocator<void> >[m[K’ has no member named ‘[01m[Kst[m[K’
  154 |     bid.[01;31m[Kst[m[K = bid_node->st;
      |         [01;31m[K^~[m[K
[01m[K/home/gkasha/Documents/maae/src/auction/src/agent.cpp:154:24:[m[K [01;31m[Kerror: [m[K‘[01m[Kclass TNode[m[K’ has no member named ‘[01m[Kst[m[K’; did you mean ‘[01m[Kst_[m[K’?
  154 |     bid.st = bid_node->[01;31m[Kst[m[K;
      |                        [01;31m[K^~[m[K
      |                        [32m[Kst_[m[K
[01m[K/home/gkasha/Documents/maae/src/auction/src/agent.cpp:155:9:[m[K [01;31m[Kerror: [m[K‘[01m[Kstruct ma_interfaces::msg::Bid_<std::allocator<void> >[m[K’ has no member named ‘[01m[Ket[m[K’
  155 |     bid.[01;31m[Ket[m[K = bid_node->et;
      |         [01;31m[K^~[m[K
[01m[K/home/gkasha/Documents/maae/src/auction/src/agent.cpp:155:24:[m[K [01;31m[Kerror: [m[K‘[01m[Kclass TNode[m[K’ has no member named ‘[01m[Ket[m[K’; did you mean ‘[01m[Ket_[m[K’?
  155 |     bid.et = bid_node->[01;31m[Ket[m[K;
      |                        [01;31m[K^~[m[K
      |                        [32m[Ket_[m[K
[01m[K/home/gkasha/Documents/maae/src/auction/src/agent.cpp:156:9:[m[K [01;31m[Kerror: [m[K‘[01m[Kstruct ma_interfaces::msg::Bid_<std::allocator<void> >[m[K’ has no member named ‘[01m[Kvalue[m[K’; did you mean ‘[01m[Kval[m[K’?
  156 |     bid.[01;31m[Kvalue[m[K = req->t.value;
      |         [01;31m[K^~~~~[m[K
      |         [32m[Kval[m[K
[01m[K/home/gkasha/Documents/maae/src/auction/src/agent.cpp:156:24:[m[K [01;31m[Kerror: [m[K‘[01m[Kusing _t_type = struct ma_interfaces::msg::Task_<std::allocator<void> >[m[K’ {aka ‘[01m[Kstruct ma_interfaces::msg::Task_<std::allocator<void> >[m[K’} has no member named ‘[01m[Kvalue[m[K’
  156 |     bid.value = req->t.[01;31m[Kvalue[m[K;
      |                        [01;31m[K^~~~~[m[K
In file included from [01m[K/home/gkasha/ros2_humble/build/rclcpp/include/rclcpp/logging.hpp:24[m[K,
                 from [01m[K/home/gkasha/ros2_humble/install/rclcpp/include/rclcpp/rclcpp/client.hpp:40[m[K,
                 from [01m[K/home/gkasha/ros2_humble/install/rclcpp/include/rclcpp/rclcpp/callback_group.hpp:24[m[K,
                 from [01m[K/home/gkasha/ros2_humble/install/rclcpp/include/rclcpp/rclcpp/any_executable.hpp:20[m[K,
                 from [01m[K/home/gkasha/ros2_humble/install/rclcpp/include/rclcpp/rclcpp/memory_strategy.hpp:25[m[K,
                 from [01m[K/home/gkasha/ros2_humble/install/rclcpp/include/rclcpp/rclcpp/memory_strategies.hpp:18[m[K,
                 from [01m[K/home/gkasha/ros2_humble/install/rclcpp/include/rclcpp/rclcpp/executor_options.hpp:20[m[K,
                 from [01m[K/home/gkasha/ros2_humble/install/rclcpp/include/rclcpp/rclcpp/executor.hpp:37[m[K,
                 from [01m[K/home/gkasha/ros2_humble/install/rclcpp/include/rclcpp/rclcpp/executors/multi_threaded_executor.hpp:25[m[K,
                 from [01m[K/home/gkasha/ros2_humble/install/rclcpp/include/rclcpp/rclcpp/executors.hpp:21[m[K,
                 from [01m[K/home/gkasha/ros2_humble/install/rclcpp/include/rclcpp/rclcpp/rclcpp.hpp:155[m[K,
                 from [01m[K/home/gkasha/Documents/maae/src/auction/src/agent.cpp:1[m[K:
[01m[K/home/gkasha/Documents/maae/src/auction/src/agent.cpp:159:95:[m[K [01;31m[Kerror: [m[K‘[01m[Kstruct ma_interfaces::msg::Bid_<std::allocator<void> >[m[K’ has no member named ‘[01m[Kvalue[m[K’; did you mean ‘[01m[Kval[m[K’?
  159 |     RCLCPP_INFO(rclcpp::get_logger("rclcpp"), "Generated a bid of value %ld for task %s", bid.[01;31m[Kvalue[m[K, bid.name.c_str());
      |                                                                                               [01;31m[K^~~~~[m[K
[01m[K/home/gkasha/Documents/maae/src/auction/src/agent.cpp:[m[K At global scope:
[01m[K/home/gkasha/Documents/maae/src/auction/src/agent.cpp:163:95:[m[K [01;31m[Kerror: [m[K‘[01m[Kema_interfaces[m[K’ has not been declared
  163 | std::vector<ma_interfaces::msg::Bid> get_agent_bids(std::shared_ptr<rclcpp::Node> client_nod, [01;31m[Kema_interfaces[m[K::msg::Goal g, int num_agents) {
      |                                                                                               [01;31m[K^~~~~~~~~~~~~~[m[K
[01m[K/home/gkasha/Documents/maae/src/auction/src/agent.cpp:163:121:[m[K [01;31m[Kerror: [m[Kexpected ‘[01m[K,[m[K’ or ‘[01m[K...[m[K’ before ‘[01m[Kg[m[K’
  163 | std::vector<ma_interfaces::msg::Bid> get_agent_bids(std::shared_ptr<rclcpp::Node> client_nod, ema_interfaces::msg::Goal [01;31m[Kg[m[K, int num_agents) {
      |                                                                                                                         [01;31m[K^[m[K
[01m[K/home/gkasha/Documents/maae/src/auction/src/agent.cpp:[m[K In function ‘[01m[Kstd::vector<ma_interfaces::msg::Bid_<std::allocator<void> > > get_agent_bids(std::shared_ptr<rclcpp::Node>, int)[m[K’:
[01m[K/home/gkasha/Documents/maae/src/auction/src/agent.cpp:170:14:[m[K [01;31m[Kerror: [m[K‘[01m[Kg[m[K’ was not declared in this scope
  170 |     t.name = [01;31m[Kg[m[K.name;
      |              [01;31m[K^[m[K
[01m[K/home/gkasha/Documents/maae/src/auction/src/agent.cpp:171:7:[m[K [01;31m[Kerror: [m[K‘[01m[Kstruct ma_interfaces::msg::Task_<std::allocator<void> >[m[K’ has no member named ‘[01m[Kduration[m[K’
  171 |     t.[01;31m[Kduration[m[K = 10; // Default duration
      |       [01;31m[K^~~~~~~~[m[K
[01m[K/home/gkasha/Documents/maae/src/auction/src/agent.cpp:172:7:[m[K [01;31m[Kerror: [m[K‘[01m[Kstruct ma_interfaces::msg::Task_<std::allocator<void> >[m[K’ has no member named ‘[01m[Kvalue[m[K’
  172 |     t.[01;31m[Kvalue[m[K = 10; // Default value
      |       [01;31m[K^~~~~[m[K
[01m[K/home/gkasha/Documents/maae/src/auction/src/agent.cpp:176:25:[m[K [01;31m[Kerror: [m[K‘[01m[Knum_agents[m[K’ was not declared in this scope
  176 |     for (int i = 0; i < [01;31m[Knum_agents[m[K; i++) {
      |                         [01;31m[K^~~~~~~~~~[m[K
[01m[K/home/gkasha/Documents/maae/src/auction/src/agent.cpp:181:17:[m[K [01;31m[Kerror: [m[K‘[01m[Kclient_node[m[K’ was not declared in this scope; did you mean ‘[01m[Kclient_nod[m[K’?
  181 |                 [01;31m[Kclient_node[m[K->create_client<ma_interfaces::srv::GetBid>("get_bid_"+std::to_string(i));
      |                 [01;31m[K^~~~~~~~~~~[m[K
      |                 [32m[Kclient_nod[m[K
[01m[K/home/gkasha/Documents/maae/src/auction/src/agent.cpp:181:70:[m[K [01;31m[Kerror: [m[Kexpected primary-expression before ‘[01m[K>[m[K’ token
  181 |                 client_node->create_client<ma_interfaces::srv::GetBid[01;31m[K>[m[K("get_bid_"+std::to_string(i));
      |                                                                      [01;31m[K^[m[K
[01m[K/home/gkasha/Documents/maae/src/auction/src/agent.cpp:163:83:[m[K [01;35m[Kwarning: [m[Kunused parameter ‘[01m[Kclient_nod[m[K’ [[01;35m[K]8;;https://gcc.gnu.org/onlinedocs/gcc/Warning-Options.html#index-Wunused-parameter-Wunused-parameter]8;;[m[K]
  163 | std::vector<ma_interfaces::msg::Bid> get_agent_bids([01;35m[Kstd::shared_ptr<rclcpp::Node> client_nod[m[K, ema_interfaces::msg::Goal g, int num_agents) {
      |                                                     [01;35m[K~~~~~~~~~~~~~~~~~~~~~~~~~~~~~~^~~~~~~~~~[m[K
[01m[K/home/gkasha/Documents/maae/src/auction/src/agent.cpp:163:116:[m[K [01;35m[Kwarning: [m[Kunused parameter ‘[01m[KGoal[m[K’ [[01;35m[K]8;;https://gcc.gnu.org/onlinedocs/gcc/Warning-Options.html#index-Wunused-parameter-Wunused-parameter]8;;[m[K]
  163 | std::vector<ma_interfaces::msg::Bid> get_agent_bids(std::shared_ptr<rclcpp::Node> client_nod, [01;35m[Kema_interfaces::msg::Goal[m[K g, int num_agents) {
      |                                                                                               [01;35m[K~~~~~~~~~~~~~~~~~~~~~^~~~[m[K
[01m[K/home/gkasha/Documents/maae/src/auction/src/agent.cpp:[m[K In function ‘[01m[Kvoid publish_auction_winner(std::shared_ptr<rclcpp::Node>, ma_interfaces::msg::Task, std::vector<ma_interfaces::msg::Bid_<std::allocator<void> > >, ma_interfaces::msg::Bid)[m[K’:
[01m[K/home/gkasha/Documents/maae/src/auction/src/agent.cpp:211:64:[m[K [01;31m[Kerror: [m[K‘[01m[KAuctionResult[m[K’ is not a member of ‘[01m[Kma_interfaces::srv[m[K’
  211 |     auto auction_result = std::make_shared<ma_interfaces::srv::[01;31m[KAuctionResult[m[K::Request>();
      |                                                                [01;31m[K^~~~~~~~~~~~~[m[K
[01m[K/home/gkasha/Documents/maae/src/auction/src/agent.cpp:211:32:[m[K [01;31m[Kerror: [m[Kparse error in template argument list
  211 |     auto auction_result = std::[01;31m[Kmake_shared<ma_interfaces::srv::AuctionResult::Request>[m[K();
      |                                [01;31m[K^~~~~~~~~~~~~~~~~~~~~~~~~~~~~~~~~~~~~~~~~~~~~~~~~~~~~~~[m[K
[01m[K/home/gkasha/Documents/maae/src/auction/src/agent.cpp:211:87:[m[K [01;31m[Kerror: [m[Kno matching function for call to ‘[01m[Kmake_shared<<expression error> >()[m[K’
  211 |     auto auction_result = [01;31m[Kstd::make_shared<ma_interfaces::srv::AuctionResult::Request>()[m[K;
      |                           [01;31m[K~~~~~~~~~~~~~~~~~~~~~~~~~~~~~~~~~~~~~~~~~~~~~~~~~~~~~~~~~~~~^~[m[K
In file included from [01m[K/usr/include/c++/11/memory:77[m[K,
                 from [01m[K/home/gkasha/ros2_humble/install/rclcpp/include/rclcpp/rclcpp/rclcpp.hpp:153[m[K,
                 from [01m[K/home/gkasha/Documents/maae/src/auction/src/agent.cpp:1[m[K:
[01m[K/usr/include/c++/11/bits/shared_ptr.h:875:5:[m[K [01;36m[Knote: [m[Kcandidate: ‘[01m[Ktemplate<class _Tp, class ... _Args> std::shared_ptr<_Tp> std::make_shared(_Args&& ...)[m[K’
  875 |     [01;36m[Kmake_shared[m[K(_Args&&... __args)
      |     [01;36m[K^~~~~~~~~~~[m[K
[01m[K/usr/include/c++/11/bits/shared_ptr.h:875:5:[m[K [01;36m[Knote: [m[K  template argument deduction/substitution failed:
[01m[K/home/gkasha/Documents/maae/src/auction/src/agent.cpp:211:87:[m[K [01;31m[Kerror: [m[Ktemplate argument 1 is invalid
  211 |     auto auction_result = [01;31m[Kstd::make_shared<ma_interfaces::srv::AuctionResult::Request>()[m[K;
      |                           [01;31m[K~~~~~~~~~~~~~~~~~~~~~~~~~~~~~~~~~~~~~~~~~~~~~~~~~~~~~~~~~~~~^~[m[K
[01m[K/home/gkasha/Documents/maae/src/auction/src/agent.cpp:212:5:[m[K [01;31m[Kerror: [m[K‘[01m[Kresult[m[K’ was not declared in this scope
  212 |     [01;31m[Kresult[m[K.t = t;
      |     [01;31m[K^~~~~~[m[K
[01m[K/home/gkasha/Documents/maae/src/auction/src/agent.cpp:216:44:[m[K [01;31m[Kerror: [m[K‘[01m[KAuctionResult[m[K’ is not a member of ‘[01m[Kma_interfaces::srv[m[K’
  216 |         rclcpp::Client<ma_interfaces::srv::[01;31m[KAuctionResult[m[K>::ShreadPtr result_client =
      |                                            [01;31m[K^~~~~~~~~~~~~[m[K
[01m[K/home/gkasha/Documents/maae/src/auction/src/agent.cpp:216:57:[m[K [01;31m[Kerror: [m[Ktemplate argument 1 is invalid
  216 |         rclcpp::Client<ma_interfaces::srv::AuctionResult[01;31m[K>[m[K::ShreadPtr result_client =
      |                                                         [01;31m[K^[m[K
[01m[K/home/gkasha/Documents/maae/src/auction/src/agent.cpp:216:70:[m[K [01;31m[Kerror: [m[Kexpected initializer before ‘[01m[Kresult_client[m[K’
  216 |         rclcpp::Client<ma_interfaces::srv::AuctionResult>::ShreadPtr [01;31m[Kresult_client[m[K =
      |                                                                      [01;31m[K^~~~~~~~~~~~~[m[K
[01m[K/home/gkasha/Documents/maae/src/auction/src/agent.cpp:219:17:[m[K [01;31m[Kerror: [m[K‘[01m[Kresult_client[m[K’ was not declared in this scope
  219 |         while (![01;31m[Kresult_client[m[K->wait_for_service(1s)) {
      |                 [01;31m[K^~~~~~~~~~~~~[m[K
[01m[K/home/gkasha/Documents/maae/src/auction/src/agent.cpp:227:20:[m[K [01;31m[Kerror: [m[K‘[01m[Kresult_client[m[K’ was not declared in this scope
  227 |         auto res = [01;31m[Kresult_client[m[K->async_send_request(auction_result);
      |                    [01;31m[K^~~~~~~~~~~~~[m[K
In file included from [01m[K/home/gkasha/ros2_humble/build/rclcpp/include/rclcpp/logging.hpp:24[m[K,
                 from [01m[K/home/gkasha/ros2_humble/install/rclcpp/include/rclcpp/rclcpp/client.hpp:40[m[K,
                 from [01m[K/home/gkasha/ros2_humble/install/rclcpp/include/rclcpp/rclcpp/callback_group.hpp:24[m[K,
                 from [01m[K/home/gkasha/ros2_humble/install/rclcpp/include/rclcpp/rclcpp/any_executable.hpp:20[m[K,
                 from [01m[K/home/gkasha/ros2_humble/install/rclcpp/include/rclcpp/rclcpp/memory_strategy.hpp:25[m[K,
                 from [01m[K/home/gkasha/ros2_humble/install/rclcpp/include/rclcpp/rclcpp/memory_strategies.hpp:18[m[K,
                 from [01m[K/home/gkasha/ros2_humble/install/rclcpp/include/rclcpp/rclcpp/executor_options.hpp:20[m[K,
                 from [01m[K/home/gkasha/ros2_humble/install/rclcpp/include/rclcpp/rclcpp/executor.hpp:37[m[K,
                 from [01m[K/home/gkasha/ros2_humble/install/rclcpp/include/rclcpp/rclcpp/executors/multi_threaded_executor.hpp:25[m[K,
                 from [01m[K/home/gkasha/ros2_humble/install/rclcpp/include/rclcpp/rclcpp/executors.hpp:21[m[K,
                 from [01m[K/home/gkasha/ros2_humble/install/rclcpp/include/rclcpp/rclcpp/rclcpp.hpp:155[m[K,
                 from [01m[K/home/gkasha/Documents/maae/src/auction/src/agent.cpp:1[m[K:
[01m[K/home/gkasha/Documents/maae/src/auction/src/agent.cpp:233:93:[m[K [01;31m[Kerror: [m[K‘[01m[Ki[m[K’ was not declared in this scope
  233 |             RCLCPP_ERROR(rclcpp::get_logger("rclcpp"), "Failed to call bid service for %d", [01;31m[Ki[m[K);
      |                                                                                             [01;31m[K^[m[K
[01m[K/home/gkasha/Documents/maae/src/auction/src/agent.cpp:[m[K In function ‘[01m[Kvoid start_auction(std::shared_ptr<ma_interfaces::srv::AuctionSrv_Request_<std::allocator<void> > >, std::shared_ptr<ma_interfaces::srv::AuctionSrv_Response_<std::allocator<void> > >)[m[K’:
[01m[K/home/gkasha/Documents/maae/src/auction/src/agent.cpp:259:13:[m[K [01;31m[Kerror: [m[Kno match for ‘[01m[Koperator~[m[K’ (operand type is ‘[01m[Kstd::shared_ptr<rclcpp::Node>[m[K’)
  259 |             [01;31m[K~client_node[m[K;
      |             [01;31m[K^~~~~~~~~~~~[m[K
[01m[K/home/gkasha/Documents/maae/src/auction/src/agent.cpp:259:13:[m[K [01;36m[Knote: [m[Kcandidate: ‘[01m[Koperator~(int)[m[K’ (built-in)
[01m[K/home/gkasha/Documents/maae/src/auction/src/agent.cpp:259:13:[m[K [01;36m[Knote: [m[K  no known conversion for argument 1 from ‘[01m[Kstd::shared_ptr<rclcpp::Node>[m[K’ to ‘[01m[Kint[m[K’
In file included from [01m[K/home/gkasha/ros2_humble/install/rclcpp/include/rclcpp/rclcpp/executors.hpp:18[m[K,
                 from [01m[K/home/gkasha/ros2_humble/install/rclcpp/include/rclcpp/rclcpp/rclcpp.hpp:155[m[K,
                 from [01m[K/home/gkasha/Documents/maae/src/auction/src/agent.cpp:1[m[K:
[01m[K/usr/include/c++/11/future:160:20:[m[K [01;36m[Knote: [m[Kcandidate: ‘[01m[Kconstexpr std::launch std::operator~(std::launch)[m[K’
  160 |   constexpr launch [01;36m[Koperator[m[K~(launch __x)
      |                    [01;36m[K^~~~~~~~[m[K
[01m[K/usr/include/c++/11/future:160:37:[m[K [01;36m[Knote: [m[K  no known conversion for argument 1 from ‘[01m[Kstd::shared_ptr<rclcpp::Node>[m[K’ to ‘[01m[Kstd::launch[m[K’
  160 |   constexpr launch operator~([01;36m[Klaunch __x[m[K)
      |                              [01;36m[K~~~~~~~^~~[m[K
In file included from [01m[K/usr/include/c++/11/ios:42[m[K,
                 from [01m[K/usr/include/c++/11/ostream:38[m[K,
                 from [01m[K/usr/include/c++/11/iostream:39[m[K,
                 from [01m[K/home/gkasha/ros2_humble/install/rclcpp/include/rclcpp/rclcpp/executor.hpp:22[m[K,
                 from [01m[K/home/gkasha/ros2_humble/install/rclcpp/include/rclcpp/rclcpp/executors/multi_threaded_executor.hpp:25[m[K,
                 from [01m[K/home/gkasha/ros2_humble/install/rclcpp/include/rclcpp/rclcpp/executors.hpp:21[m[K,
                 from [01m[K/home/gkasha/ros2_humble/install/rclcpp/include/rclcpp/rclcpp/rclcpp.hpp:155[m[K,
                 from [01m[K/home/gkasha/Documents/maae/src/auction/src/agent.cpp:1[m[K:
[01m[K/usr/include/c++/11/bits/ios_base.h:95:3:[m[K [01;36m[Knote: [m[Kcandidate: ‘[01m[Kconstexpr std::_Ios_Fmtflags std::operator~(std::_Ios_Fmtflags)[m[K’
   95 |   [01;36m[Koperator[m[K~(_Ios_Fmtflags __a)
      |   [01;36m[K^~~~~~~~[m[K
[01m[K/usr/include/c++/11/bits/ios_base.h:95:27:[m[K [01;36m[Knote: [m[K  no known conversion for argument 1 from ‘[01m[Kstd::shared_ptr<rclcpp::Node>[m[K’ to ‘[01m[Kstd::_Ios_Fmtflags[m[K’
   95 |   operator~([01;36m[K_Ios_Fmtflags __a[m[K)
      |             [01;36m[K~~~~~~~~~~~~~~^~~[m[K
[01m[K/usr/include/c++/11/bits/ios_base.h:137:3:[m[K [01;36m[Knote: [m[Kcandidate: ‘[01m[Kconstexpr std::_Ios_Openmode std::operator~(std::_Ios_Openmode)[m[K’
  137 |   [01;36m[Koperator[m[K~(_Ios_Openmode __a)
      |   [01;36m[K^~~~~~~~[m[K
[01m[K/usr/include/c++/11/bits/ios_base.h:137:27:[m[K [01;36m[Knote: [m[K  no known conversion for argument 1 from ‘[01m[Kstd::shared_ptr<rclcpp::Node>[m[K’ to ‘[01m[Kstd::_Ios_Openmode[m[K’
  137 |   operator~([01;36m[K_Ios_Openmode __a[m[K)
      |             [01;36m[K~~~~~~~~~~~~~~^~~[m[K
[01m[K/usr/include/c++/11/bits/ios_base.h:177:3:[m[K [01;36m[Knote: [m[Kcandidate: ‘[01m[Kconstexpr std::_Ios_Iostate std::operator~(std::_Ios_Iostate)[m[K’
  177 |   [01;36m[Koperator[m[K~(_Ios_Iostate __a)
      |   [01;36m[K^~~~~~~~[m[K
[01m[K/usr/include/c++/11/bits/ios_base.h:177:26:[m[K [01;36m[Knote: [m[K  no known conversion for argument 1 from ‘[01m[Kstd::shared_ptr<rclcpp::Node>[m[K’ to ‘[01m[Kstd::_Ios_Iostate[m[K’
  177 |   operator~([01;36m[K_Ios_Iostate __a[m[K)
      |             [01;36m[K~~~~~~~~~~~~~^~~[m[K
[01m[K/home/gkasha/Documents/maae/src/auction/src/agent.cpp:278:91:[m[K [01;31m[Kerror: [m[Kcannot convert ‘[01m[Kma_interfaces::srv::GetGoal_Response_<std::allocator<void> >::_g_type[m[K’ {aka ‘[01m[Kma_interfaces::msg::Goal_<std::allocator<void> >[m[K’} to ‘[01m[Kint[m[K’
  278 |         std::vector<ma_interfaces::msg::Bid> bids = get_agent_bids(client_node, [01;31m[Kgoal_res->g[m[K, goal_res->num_agents);
      |                                                                                 [01;31m[K~~~~~~~~~~^[m[K
      |                                                                                           [01;31m[K|[m[K
      |                                                                                           [01;31m[Kma_interfaces::srv::GetGoal_Response_<std::allocator<void> >::_g_type {aka ma_interfaces::msg::Goal_<std::allocator<void> >}[m[K
[01m[K/home/gkasha/Documents/maae/src/auction/src/agent.cpp:163:116:[m[K [01;36m[Knote: [m[K  initializing argument 2 of ‘[01m[Kstd::vector<ma_interfaces::msg::Bid_<std::allocator<void> > > get_agent_bids(std::shared_ptr<rclcpp::Node>, int)[m[K’
  163 | std::vector<ma_interfaces::msg::Bid> get_agent_bids(std::shared_ptr<rclcpp::Node> client_nod, [01;36m[Kema_interfaces::msg::Goal[m[K g, int num_agents) {
      |                                                                                               [01;36m[K~~~~~~~~~~~~~~~~~~~~~^~~~[m[K
[01m[K/home/gkasha/Documents/maae/src/auction/src/agent.cpp:284:21:[m[K [01;31m[Kerror: [m[Kcould not convert ‘[01m[Kwinning_bid[m[K’ from ‘[01m[Kma_interfaces::msg::Bid[m[K’ {aka ‘[01m[Kma_interfaces::msg::Bid_<std::allocator<void> >[m[K’} to ‘[01m[Kbool[m[K’
  284 |                 if ([01;31m[Kwinning_bid[m[K) {
      |                     [01;31m[K^~~~~~~~~~~[m[K
      |                     [01;31m[K|[m[K
      |                     [01;31m[Kma_interfaces::msg::Bid {aka ma_interfaces::msg::Bid_<std::allocator<void> >}[m[K
[01m[K/home/gkasha/Documents/maae/src/auction/src/agent.cpp:285:29:[m[K [01;31m[Kerror: [m[K‘[01m[Kstruct ma_interfaces::msg::Bid_<std::allocator<void> >[m[K’ has no member named ‘[01m[Kst[m[K’
  285 |                     if (bid.[01;31m[Kst[m[K < winning_bid.st) {
      |                             [01;31m[K^~[m[K
[01m[K/home/gkasha/Documents/maae/src/auction/src/agent.cpp:285:46:[m[K [01;31m[Kerror: [m[K‘[01m[Kusing Bid = struct ma_interfaces::msg::Bid_<std::allocator<void> >[m[K’ {aka ‘[01m[Kstruct ma_interfaces::msg::Bid_<std::allocator<void> >[m[K’} has no member named ‘[01m[Kst[m[K’
  285 |                     if (bid.st < winning_bid.[01;31m[Kst[m[K) {
      |                                              [01;31m[K^~[m[K
[01m[K/home/gkasha/Documents/maae/src/auction/src/agent.cpp:287:36:[m[K [01;31m[Kerror: [m[K‘[01m[Kstruct ma_interfaces::msg::Bid_<std::allocator<void> >[m[K’ has no member named ‘[01m[Kst[m[K’
  287 |                     } else if (bid.[01;31m[Kst[m[K == winning_bid.st && bid.value < winning_bid.value) {
      |                                    [01;31m[K^~[m[K
[01m[K/home/gkasha/Documents/maae/src/auction/src/agent.cpp:287:54:[m[K [01;31m[Kerror: [m[K‘[01m[Kusing Bid = struct ma_interfaces::msg::Bid_<std::allocator<void> >[m[K’ {aka ‘[01m[Kstruct ma_interfaces::msg::Bid_<std::allocator<void> >[m[K’} has no member named ‘[01m[Kst[m[K’
  287 |                     } else if (bid.st == winning_bid.[01;31m[Kst[m[K && bid.value < winning_bid.value) {
      |                                                      [01;31m[K^~[m[K
[01m[K/home/gkasha/Documents/maae/src/auction/src/agent.cpp:287:64:[m[K [01;31m[Kerror: [m[K‘[01m[Kstruct ma_interfaces::msg::Bid_<std::allocator<void> >[m[K’ has no member named ‘[01m[Kvalue[m[K’; did you mean ‘[01m[Kval[m[K’?
  287 |                     } else if (bid.st == winning_bid.st && bid.[01;31m[Kvalue[m[K < winning_bid.value) {
      |                                                                [01;31m[K^~~~~[m[K
      |                                                                [32m[Kval[m[K
[01m[K/home/gkasha/Documents/maae/src/auction/src/agent.cpp:287:84:[m[K [01;31m[Kerror: [m[K‘[01m[Kusing Bid = struct ma_interfaces::msg::Bid_<std::allocator<void> >[m[K’ {aka ‘[01m[Kstruct ma_interfaces::msg::Bid_<std::allocator<void> >[m[K’} has no member named ‘[01m[Kvalue[m[K’; did you mean ‘[01m[Kval[m[K’?
  287 |                     } else if (bid.st == winning_bid.st && bid.value < winning_bid.[01;31m[Kvalue[m[K) {
      |                                                                                    [01;31m[K^~~~~[m[K
      |                                                                                    [32m[Kval[m[K
In file included from [01m[K/home/gkasha/ros2_humble/build/rclcpp/include/rclcpp/logging.hpp:24[m[K,
                 from [01m[K/home/gkasha/ros2_humble/install/rclcpp/include/rclcpp/rclcpp/client.hpp:40[m[K,
                 from [01m[K/home/gkasha/ros2_humble/install/rclcpp/include/rclcpp/rclcpp/callback_group.hpp:24[m[K,
                 from [01m[K/home/gkasha/ros2_humble/install/rclcpp/include/rclcpp/rclcpp/any_executable.hpp:20[m[K,
                 from [01m[K/home/gkasha/ros2_humble/install/rclcpp/include/rclcpp/rclcpp/memory_strategy.hpp:25[m[K,
                 from [01m[K/home/gkasha/ros2_humble/install/rclcpp/include/rclcpp/rclcpp/memory_strategies.hpp:18[m[K,
                 from [01m[K/home/gkasha/ros2_humble/install/rclcpp/include/rclcpp/rclcpp/executor_options.hpp:20[m[K,
                 from [01m[K/home/gkasha/ros2_humble/install/rclcpp/include/rclcpp/rclcpp/executor.hpp:37[m[K,
                 from [01m[K/home/gkasha/ros2_humble/install/rclcpp/include/rclcpp/rclcpp/executors/multi_threaded_executor.hpp:25[m[K,
                 from [01m[K/home/gkasha/ros2_humble/install/rclcpp/include/rclcpp/rclcpp/executors.hpp:21[m[K,
                 from [01m[K/home/gkasha/ros2_humble/install/rclcpp/include/rclcpp/rclcpp/rclcpp.hpp:155[m[K,
                 from [01m[K/home/gkasha/Documents/maae/src/auction/src/agent.cpp:1[m[K:
[01m[K/home/gkasha/Documents/maae/src/auction/src/agent.cpp:296:21:[m[K [01;31m[Kerror: [m[K‘[01m[Kt[m[K’ was not declared in this scope; did you mean ‘[01m[Ktm[m[K’?
  296 |                     [01;31m[Kt[m[K.name.c_str(), winning_bid.id.c_str(), winning_bid.val);
      |                     [01;31m[K^[m[K
[01m[K/home/gkasha/Documents/maae/src/auction/src/agent.cpp:297:36:[m[K [01;31m[Kerror: [m[K‘[01m[Kt[m[K’ was not declared in this scope; did you mean ‘[01m[Ktm[m[K’?
  297 |             publish_auction_winner([01;31m[Kt[m[K, bids, winning_bid);
      |                                    [01;31m[K^[m[K
      |                                    [32m[Ktm[m[K
[01m[K/home/gkasha/Documents/maae/src/auction/src/agent.cpp:300:5:[m[K [01;31m[Kerror: [m[Kno match for ‘[01m[Koperator~[m[K’ (operand type is ‘[01m[Kstd::shared_ptr<rclcpp::Node>[m[K’)
  300 |     [01;31m[K~client_node[m[K;
      |     [01;31m[K^~~~~~~~~~~~[m[K
[01m[K/home/gkasha/Documents/maae/src/auction/src/agent.cpp:300:5:[m[K [01;36m[Knote: [m[Kcandidate: ‘[01m[Koperator~(int)[m[K’ (built-in)
[01m[K/home/gkasha/Documents/maae/src/auction/src/agent.cpp:300:5:[m[K [01;36m[Knote: [m[K  no known conversion for argument 1 from ‘[01m[Kstd::shared_ptr<rclcpp::Node>[m[K’ to ‘[01m[Kint[m[K’
In file included from [01m[K/home/gkasha/ros2_humble/install/rclcpp/include/rclcpp/rclcpp/executors.hpp:18[m[K,
                 from [01m[K/home/gkasha/ros2_humble/install/rclcpp/include/rclcpp/rclcpp/rclcpp.hpp:155[m[K,
                 from [01m[K/home/gkasha/Documents/maae/src/auction/src/agent.cpp:1[m[K:
[01m[K/usr/include/c++/11/future:160:20:[m[K [01;36m[Knote: [m[Kcandidate: ‘[01m[Kconstexpr std::launch std::operator~(std::launch)[m[K’
  160 |   constexpr launch [01;36m[Koperator[m[K~(launch __x)
      |                    [01;36m[K^~~~~~~~[m[K
[01m[K/usr/include/c++/11/future:160:37:[m[K [01;36m[Knote: [m[K  no known conversion for argument 1 from ‘[01m[Kstd::shared_ptr<rclcpp::Node>[m[K’ to ‘[01m[Kstd::launch[m[K’
  160 |   constexpr launch operator~([01;36m[Klaunch __x[m[K)
      |                              [01;36m[K~~~~~~~^~~[m[K
In file included from [01m[K/usr/include/c++/11/ios:42[m[K,
                 from [01m[K/usr/include/c++/11/ostream:38[m[K,
                 from [01m[K/usr/include/c++/11/iostream:39[m[K,
                 from [01m[K/home/gkasha/ros2_humble/install/rclcpp/include/rclcpp/rclcpp/executor.hpp:22[m[K,
                 from [01m[K/home/gkasha/ros2_humble/install/rclcpp/include/rclcpp/rclcpp/executors/multi_threaded_executor.hpp:25[m[K,
                 from [01m[K/home/gkasha/ros2_humble/install/rclcpp/include/rclcpp/rclcpp/executors.hpp:21[m[K,
                 from [01m[K/home/gkasha/ros2_humble/install/rclcpp/include/rclcpp/rclcpp/rclcpp.hpp:155[m[K,
                 from [01m[K/home/gkasha/Documents/maae/src/auction/src/agent.cpp:1[m[K:
[01m[K/usr/include/c++/11/bits/ios_base.h:95:3:[m[K [01;36m[Knote: [m[Kcandidate: ‘[01m[Kconstexpr std::_Ios_Fmtflags std::operator~(std::_Ios_Fmtflags)[m[K’
   95 |   [01;36m[Koperator[m[K~(_Ios_Fmtflags __a)
      |   [01;36m[K^~~~~~~~[m[K
[01m[K/usr/include/c++/11/bits/ios_base.h:95:27:[m[K [01;36m[Knote: [m[K  no known conversion for argument 1 from ‘[01m[Kstd::shared_ptr<rclcpp::Node>[m[K’ to ‘[01m[Kstd::_Ios_Fmtflags[m[K’
   95 |   operator~([01;36m[K_Ios_Fmtflags __a[m[K)
      |             [01;36m[K~~~~~~~~~~~~~~^~~[m[K
[01m[K/usr/include/c++/11/bits/ios_base.h:137:3:[m[K [01;36m[Knote: [m[Kcandidate: ‘[01m[Kconstexpr std::_Ios_Openmode std::operator~(std::_Ios_Openmode)[m[K’
  137 |   [01;36m[Koperator[m[K~(_Ios_Openmode __a)
      |   [01;36m[K^~~~~~~~[m[K
[01m[K/usr/include/c++/11/bits/ios_base.h:137:27:[m[K [01;36m[Knote: [m[K  no known conversion for argument 1 from ‘[01m[Kstd::shared_ptr<rclcpp::Node>[m[K’ to ‘[01m[Kstd::_Ios_Openmode[m[K’
  137 |   operator~([01;36m[K_Ios_Openmode __a[m[K)
      |             [01;36m[K~~~~~~~~~~~~~~^~~[m[K
[01m[K/usr/include/c++/11/bits/ios_base.h:177:3:[m[K [01;36m[Knote: [m[Kcandidate: ‘[01m[Kconstexpr std::_Ios_Iostate std::operator~(std::_Ios_Iostate)[m[K’
  177 |   [01;36m[Koperator[m[K~(_Ios_Iostate __a)
      |   [01;36m[K^~~~~~~~[m[K
[01m[K/usr/include/c++/11/bits/ios_base.h:177:26:[m[K [01;36m[Knote: [m[K  no known conversion for argument 1 from ‘[01m[Kstd::shared_ptr<rclcpp::Node>[m[K’ to ‘[01m[Kstd::_Ios_Iostate[m[K’
  177 |   operator~([01;36m[K_Ios_Iostate __a[m[K)
      |             [01;36m[K~~~~~~~~~~~~~^~~[m[K
[01m[K/home/gkasha/Documents/maae/src/auction/src/agent.cpp:241:72:[m[K [01;35m[Kwarning: [m[Kunused parameter ‘[01m[Ktmp_req[m[K’ [[01;35m[K]8;;https://gcc.gnu.org/onlinedocs/gcc/Warning-Options.html#index-Wunused-parameter-Wunused-parameter]8;;[m[K]
  241 |         [01;35m[Kconst std::shared_ptr<ma_interfaces::srv::AuctionSrv::Request> tmp_req[m[K,
      |         [01;35m[K~~~~~~~~~~~~~~~~~~~~~~~~~~~~~~~~~~~~~~~~~~~~~~~~~~~~~~~~~~~~~~~^~~~~~~[m[K
[01m[K/home/gkasha/Documents/maae/src/auction/src/agent.cpp:242:67:[m[K [01;35m[Kwarning: [m[Kunused parameter ‘[01m[Ktmp_rep[m[K’ [[01;35m[K]8;;https://gcc.gnu.org/onlinedocs/gcc/Warning-Options.html#index-Wunused-parameter-Wunused-parameter]8;;[m[K]
  242 |         [01;35m[Kstd::shared_ptr<ma_interfaces::srv::AuctionSrv::Response> tmp_rep[m[K)
      |         [01;35m[K~~~~~~~~~~~~~~~~~~~~~~~~~~~~~~~~~~~~~~~~~~~~~~~~~~~~~~~~~~^~~~~~~[m[K
[01m[K/home/gkasha/Documents/maae/src/auction/src/agent.cpp:[m[K In function ‘[01m[Kint main(int, char**)[m[K’:
[01m[K/home/gkasha/Documents/maae/src/auction/src/agent.cpp:336:13:[m[K [01;31m[Kerror: [m[K‘[01m[Kusing element_type = class Agent[m[K’ {aka ‘[01m[Kclass Agent[m[K’} has no member named ‘[01m[Kauction_result_service_[m[K’; did you mean ‘[01m[Kauction_service_[m[K’?
  336 |     master->[01;31m[Kauction_result_service_[m[K =
      |             [01;31m[K^~~~~~~~~~~~~~~~~~~~~~~[m[K
      |             [32m[Kauction_service_[m[K
[01m[K/home/gkasha/Documents/maae/src/auction/src/agent.cpp:337:52:[m[K [01;31m[Kerror: [m[K‘[01m[KAuctionResult[m[K’ is not a member of ‘[01m[Kma_interfaces::srv[m[K’
  337 |         master->create_service<ma_interfaces::srv::[01;31m[KAuctionResult[m[K>(
      |                                                    [01;31m[K^~~~~~~~~~~~~[m[K
[01m[K/home/gkasha/Documents/maae/src/auction/src/agent.cpp:338:70:[m[K [01;31m[Kerror: [m[K‘[01m[Ksend_auction_result[m[K’ was not declared in this scope
  338 |                 "send_auction_result_"+std::to_string(master->id_), &[01;31m[Ksend_auction_result[m[K);
      |                                                                      [01;31m[K^~~~~~~~~~~~~~~~~~~[m[K
gmake[2]: *** [CMakeFiles/agent.dir/build.make:76: CMakeFiles/agent.dir/src/agent.cpp.o] Error 1
gmake[1]: *** [CMakeFiles/Makefile2:195: CMakeFiles/agent.dir/all] Error 2
gmake: *** [Makefile:146: all] Error 2
