[01m[K/home/gkasha/Documents/maae/src/auction/src/agent.cpp:133:3:[m[K [01;31m[Kerror: [m[Kunterminated argument list invoking macro "RCLCPP_INFO"
  133 | };
      |   [01;31m[K^[m[K
[01m[K/home/gkasha/Documents/maae/src/auction/src/agent.cpp:25:47:[m[K [01;31m[Kerror: [m[K‘[01m[KAuctionMsg[m[K’ is not a member of ‘[01m[Kma_interfaces::msg[m[K’
   25 |         rclcpp::Publisher<ma_interfaces::msg::[01;31m[KAuctionMsg[m[K>::SharedPtr publisher_;
      |                                               [01;31m[K^~~~~~~~~~[m[K
[01m[K/home/gkasha/Documents/maae/src/auction/src/agent.cpp:25:57:[m[K [01;31m[Kerror: [m[Ktemplate argument 1 is invalid
   25 |         rclcpp::Publisher<ma_interfaces::msg::AuctionMsg[01;31m[K>[m[K::SharedPtr publisher_;
      |                                                         [01;31m[K^[m[K
[01m[K/home/gkasha/Documents/maae/src/auction/src/agent.cpp:25:60:[m[K [01;31m[Kerror: [m[Kexpected ‘[01m[K;[m[K’ at end of member declaration
   25 |         rclcpp::Publisher<ma_interfaces::msg::AuctionMsg>::[01;31m[KSharedPtr[m[K publisher_;
      |                                                            [01;31m[K^~~~~~~~~[m[K
      |                                                                     [32m[K;[m[K
[01m[K/home/gkasha/Documents/maae/src/auction/src/agent.cpp:25:70:[m[K [01;31m[Kerror: [m[K‘[01m[Kpublisher_[m[K’ does not name a type; did you mean ‘[01m[Krmw_publisher_t[m[K’?
   25 |         rclcpp::Publisher<ma_interfaces::msg::AuctionMsg>::SharedPtr [01;31m[Kpublisher_[m[K;
      |                                                                      [01;31m[K^~~~~~~~~~[m[K
      |                                                                      [32m[Krmw_publisher_t[m[K
[01m[K/home/gkasha/Documents/maae/src/auction/src/goal_manager.cpp:14:1:[m[K [01;31m[Kerror: [m[Kexpected initializer before ‘[01m[Kvoid[m[K’
   14 | [01;31m[Kvoid[m[K add_goal(const std::shared_ptr<ma_interfaces::srv::GetGoal::Request> request,
      | [01;31m[K^~~~[m[K
[01m[K/home/gkasha/Documents/maae/src/auction/src/goal_manager.cpp:[m[K In function ‘[01m[Kvoid get_goal(std::shared_ptr<ma_interfaces::srv::GetGoal_Request_<std::allocator<void> > >, std::shared_ptr<ma_interfaces::srv::GetGoal_Response_<std::allocator<void> > >)[m[K’:
[01m[K/home/gkasha/Documents/maae/src/auction/src/goal_manager.cpp:24:9:[m[K [01;31m[Kerror: [m[K‘[01m[Kgoals[m[K’ was not declared in this scope
   24 |     if ([01;31m[Kgoals[m[K.size() > 0) {
      |         [01;31m[K^~~~~[m[K
[01m[K/home/gkasha/Documents/maae/src/auction/src/goal_manager.cpp:27:32:[m[K [01;31m[Kerror: [m[K‘[01m[Kros[m[K’ has not been declared
   27 |         response->num_agents = [01;31m[Kros[m[K::Publisher::getNumSubscribers();
      |                                [01;31m[K^~~[m[K
[01m[K/home/gkasha/Documents/maae/src/auction/src/goal_manager.cpp:21:75:[m[K [01;35m[Kwarning: [m[Kunused parameter ‘[01m[Krequest[m[K’ [[01;35m[K]8;;https://gcc.gnu.org/onlinedocs/gcc/Warning-Options.html#index-Wunused-parameter-Wunused-parameter]8;;[m[K]
   21 | void get_goal([01;35m[Kconst std::shared_ptr<ma_interfaces::srv::GetGoal::Request> request[m[K,
      |               [01;35m[K~~~~~~~~~~~~~~~~~~~~~~~~~~~~~~~~~~~~~~~~~~~~~~~~~~~~~~~~~~~~^~~~~~~[m[K
[01m[K/home/gkasha/Documents/maae/src/auction/src/goal_manager.cpp:[m[K In function ‘[01m[Kint main(int, char**)[m[K’:
[01m[K/home/gkasha/Documents/maae/src/auction/src/goal_manager.cpp:39:41:[m[K [01;31m[Kerror: [m[K‘[01m[KAddGoal[m[K’ is not a member of ‘[01m[Kma_interfaces::srv[m[K’
   39 |     rclcpp::Service<ma_interfaces::srv::[01;31m[KAddGoal[m[K>::SharedPtr add_service =
      |                                         [01;31m[K^~~~~~~[m[K
[01m[K/home/gkasha/Documents/maae/src/auction/src/goal_manager.cpp:39:48:[m[K [01;31m[Kerror: [m[Ktemplate argument 1 is invalid
   39 |     rclcpp::Service<ma_interfaces::srv::AddGoal[01;31m[K>[m[K::SharedPtr add_service =
      |                                                [01;31m[K^[m[K
[01m[K/home/gkasha/Documents/maae/src/auction/src/goal_manager.cpp:39:61:[m[K [01;31m[Kerror: [m[Kexpected initializer before ‘[01m[Kadd_service[m[K’
   39 |     rclcpp::Service<ma_interfaces::srv::AddGoal>::SharedPtr [01;31m[Kadd_service[m[K =
      |                                                             [01;31m[K^~~~~~~~~~~[m[K
[01m[K/home/gkasha/Documents/maae/src/auction/src/agent.cpp:[m[K In constructor ‘[01m[KAgent::Agent(int)[m[K’:
[01m[K/home/gkasha/Documents/maae/src/auction/src/agent.cpp:19:13:[m[K [01;31m[Kerror: [m[K‘[01m[Kpublisher_[m[K’ was not declared in this scope; did you mean ‘[01m[Krmw_publisher_t[m[K’?
   19 |             [01;31m[Kpublisher_[m[K = this->create_publisher<ma_interfaces::msg::Task>(
      |             [01;31m[K^~~~~~~~~~[m[K
      |             [32m[Krmw_publisher_t[m[K
[01m[K/home/gkasha/Documents/maae/src/auction/src/agent.cpp:[m[K At global scope:
[01m[K/home/gkasha/Documents/maae/src/auction/src/agent.cpp:37:62:[m[K [01;31m[Kerror: [m[Ktemplate argument 1 is invalid
   37 |         std::shared_ptr<ma_interfaces::srv::GetBid::Response [01;31m[Krep[m[K)
      |                                                              [01;31m[K^~~[m[K
[01m[K/home/gkasha/Documents/maae/src/auction/src/agent.cpp:37:62:[m[K [01;31m[Kerror: [m[Ktemplate argument 1 is invalid
[01m[K/home/gkasha/Documents/maae/src/auction/src/agent.cpp:37:62:[m[K [01;31m[Kerror: [m[Ktemplate argument 1 is invalid
[01m[K/home/gkasha/Documents/maae/src/auction/src/agent.cpp:37:9:[m[K [01;31m[Kerror: [m[Kinvalid template-id
   37 |         [01;31m[Kstd[m[K::shared_ptr<ma_interfaces::srv::GetBid::Response rep)
      |         [01;31m[K^~~[m[K
[01m[K/home/gkasha/Documents/maae/src/auction/src/agent.cpp:37:62:[m[K [01;31m[Kerror: [m[Kexpected primary-expression before ‘[01m[Krep[m[K’
   37 |         std::shared_ptr<ma_interfaces::srv::GetBid::Response [01;31m[Krep[m[K)
      |                                                              [01;31m[K^~~[m[K
[01m[K/home/gkasha/Documents/maae/src/auction/src/agent.cpp:37:62:[m[K [01;31m[Kerror: [m[Kexpected ‘[01m[K>[m[K’ before ‘[01m[Krep[m[K’
[01m[K/home/gkasha/Documents/maae/src/auction/src/agent.cpp:37:9:[m[K [01;31m[Kerror: [m[Kclass template placeholder ‘[01m[Kstd::shared_ptr[m[K’ not permitted in this context
   37 |         [01;31m[Kstd[m[K::shared_ptr<ma_interfaces::srv::GetBid::Response rep)
      |         [01;31m[K^~~[m[K
In file included from [01m[K/home/gkasha/ros2_humble/build/rclcpp/include/rclcpp/logging.hpp:24[m[K,
                 from [01m[K/home/gkasha/ros2_humble/install/rclcpp/include/rclcpp/rclcpp/client.hpp:40[m[K,
                 from [01m[K/home/gkasha/ros2_humble/install/rclcpp/include/rclcpp/rclcpp/callback_group.hpp:24[m[K,
                 from [01m[K/home/gkasha/ros2_humble/install/rclcpp/include/rclcpp/rclcpp/any_executable.hpp:20[m[K,
                 from [01m[K/home/gkasha/ros2_humble/install/rclcpp/include/rclcpp/rclcpp/memory_strategy.hpp:25[m[K,
                 from [01m[K/home/gkasha/ros2_humble/install/rclcpp/include/rclcpp/rclcpp/memory_strategies.hpp:18[m[K,
                 from [01m[K/home/gkasha/ros2_humble/install/rclcpp/include/rclcpp/rclcpp/executor_options.hpp:20[m[K,
                 from [01m[K/home/gkasha/ros2_humble/install/rclcpp/include/rclcpp/rclcpp/executor.hpp:37[m[K,
                 from [01m[K/home/gkasha/ros2_humble/install/rclcpp/include/rclcpp/rclcpp/executors/multi_threaded_executor.hpp:25[m[K,
                 from [01m[K/home/gkasha/ros2_humble/install/rclcpp/include/rclcpp/rclcpp/executors.hpp:21[m[K,
                 from [01m[K/home/gkasha/ros2_humble/install/rclcpp/include/rclcpp/rclcpp/rclcpp.hpp:155[m[K,
                 from [01m[K/home/gkasha/Documents/maae/src/auction/src/agent.cpp:1[m[K:
[01m[K/home/gkasha/Documents/maae/src/auction/src/agent.cpp:[m[K In function ‘[01m[Kvoid get_bid(...)[m[K’:
[01m[K/home/gkasha/Documents/maae/src/auction/src/agent.cpp:39:79:[m[K [01;31m[Kerror: [m[K‘[01m[Kusing element_type = struct ma_interfaces::srv::GetBid_Request_<std::allocator<void> >[m[K’ {aka ‘[01m[Kstruct ma_interfaces::srv::GetBid_Request_<std::allocator<void> >[m[K’} has no member named ‘[01m[Kname[m[K’
   39 |     RCLCPP_INFO(rclcpp::get_logger("rclcpp"), "Generating a bid for %s", req->[01;31m[Kname[m[K.c_str());
      |                                                                               [01;31m[K^~~~[m[K
[01m[K/home/gkasha/Documents/maae/src/auction/src/agent.cpp:43:9:[m[K [01;31m[Kerror: [m[K‘[01m[Kstruct ma_interfaces::msg::Bid_<std::allocator<void> >[m[K’ has no member named ‘[01m[Kid[m[K’; did you mean ‘[01m[KBid_[m[K’?
   43 |     bid.[01;31m[Kid[m[K = master->id_;
      |         [01;31m[K^~[m[K
      |         [32m[KBid_[m[K
[01m[K/home/gkasha/Documents/maae/src/auction/src/agent.cpp:47:5:[m[K [01;31m[Kerror: [m[K‘[01m[Krep[m[K’ was not declared in this scope; did you mean ‘[01m[Kreq[m[K’?
   47 |     [01;31m[Krep[m[K->b = bid;
      |     [01;31m[K^~~[m[K
      |     [32m[Kreq[m[K
[01m[K/home/gkasha/Documents/maae/src/auction/src/agent.cpp:[m[K At global scope:
[01m[K/home/gkasha/Documents/maae/src/auction/src/agent.cpp:54:51:[m[K [01;31m[Kerror: [m[K‘[01m[KAuctionSrv[m[K’ is not a member of ‘[01m[Kma_interfaces::srv[m[K’
   54 |         const std::shared_ptr<ma_interfaces::srv::[01;31m[KAuctionSrv[m[K::Request> tmp_req,
      |                                                   [01;31m[K^~~~~~~~~~[m[K
[01m[K/home/gkasha/Documents/maae/src/auction/src/agent.cpp:54:70:[m[K [01;31m[Kerror: [m[Ktemplate argument 1 is invalid
   54 |         const std::shared_ptr<ma_interfaces::srv::AuctionSrv::Request[01;31m[K>[m[K tmp_req,
      |                                                                      [01;31m[K^[m[K
[01m[K/home/gkasha/Documents/maae/src/auction/src/agent.cpp:54:51:[m[K [01;31m[Kerror: [m[K‘[01m[KAuctionSrv[m[K’ is not a member of ‘[01m[Kma_interfaces::srv[m[K’
   54 |         const std::shared_ptr<ma_interfaces::srv::[01;31m[KAuctionSrv[m[K::Request> tmp_req,
      |                                                   [01;31m[K^~~~~~~~~~[m[K
[01m[K/home/gkasha/Documents/maae/src/auction/src/agent.cpp:54:70:[m[K [01;31m[Kerror: [m[Ktemplate argument 1 is invalid
   54 |         const std::shared_ptr<ma_interfaces::srv::AuctionSrv::Request[01;31m[K>[m[K tmp_req,
      |                                                                      [01;31m[K^[m[K
[01m[K/home/gkasha/Documents/maae/src/auction/src/agent.cpp:54:51:[m[K [01;31m[Kerror: [m[K‘[01m[KAuctionSrv[m[K’ is not a member of ‘[01m[Kma_interfaces::srv[m[K’
   54 |         const std::shared_ptr<ma_interfaces::srv::[01;31m[KAuctionSrv[m[K::Request> tmp_req,
      |                                                   [01;31m[K^~~~~~~~~~[m[K
[01m[K/home/gkasha/Documents/maae/src/auction/src/agent.cpp:54:70:[m[K [01;31m[Kerror: [m[Ktemplate argument 1 is invalid
   54 |         const std::shared_ptr<ma_interfaces::srv::AuctionSrv::Request[01;31m[K>[m[K tmp_req,
      |                                                                      [01;31m[K^[m[K
[01m[K/home/gkasha/Documents/maae/src/auction/src/agent.cpp:54:15:[m[K [01;31m[Kerror: [m[Kinvalid template-id
   54 |         const [01;31m[Kstd[m[K::shared_ptr<ma_interfaces::srv::AuctionSrv::Request> tmp_req,
      |               [01;31m[K^~~[m[K
[01m[K/home/gkasha/Documents/maae/src/auction/src/agent.cpp:54:51:[m[K [01;31m[Kerror: [m[K‘[01m[KAuctionSrv[m[K’ is not a member of ‘[01m[Kma_interfaces::srv[m[K’
   54 |         const std::shared_ptr<ma_interfaces::srv::[01;31m[KAuctionSrv[m[K::Request> tmp_req,
      |                                                   [01;31m[K^~~~~~~~~~[m[K
[01m[K/home/gkasha/Documents/maae/src/auction/src/agent.cpp:53:6:[m[K [01;31m[Kerror: [m[Kvariable or field ‘[01m[Kstart_auction[m[K’ declared void
   53 | void [01;31m[Kstart_auction[m[K(
      |      [01;31m[K^~~~~~~~~~~~~[m[K
[01m[K/home/gkasha/Documents/maae/src/auction/src/agent.cpp:54:9:[m[K [01;31m[Kerror: [m[Kexpected primary-expression before ‘[01m[Kconst[m[K’
   54 |         [01;31m[Kconst[m[K std::shared_ptr<ma_interfaces::srv::AuctionSrv::Request> tmp_req,
      |         [01;31m[K^~~~~[m[K
[01m[K/home/gkasha/Documents/maae/src/auction/src/agent.cpp:55:45:[m[K [01;31m[Kerror: [m[K‘[01m[KAuctionSrv[m[K’ is not a member of ‘[01m[Kma_interfaces::srv[m[K’
   55 |         std::shared_ptr<ma_interfaces::srv::[01;31m[KAuctionSrv[m[K::Response> tmp_rep)
      |                                             [01;31m[K^~~~~~~~~~[m[K
[01m[K/home/gkasha/Documents/maae/src/auction/src/agent.cpp:55:65:[m[K [01;31m[Kerror: [m[Ktemplate argument 1 is invalid
   55 |         std::shared_ptr<ma_interfaces::srv::AuctionSrv::Response[01;31m[K>[m[K tmp_rep)
      |                                                                 [01;31m[K^[m[K
gmake[2]: *** [CMakeFiles/goal_manager.dir/build.make:76: CMakeFiles/goal_manager.dir/src/goal_manager.cpp.o] Error 1
gmake[1]: *** [CMakeFiles/Makefile2:221: CMakeFiles/goal_manager.dir/all] Error 2
gmake[1]: *** Waiting for unfinished jobs....
gmake[2]: *** [CMakeFiles/agent.dir/build.make:76: CMakeFiles/agent.dir/src/agent.cpp.o] Error 1
gmake[1]: *** [CMakeFiles/Makefile2:195: CMakeFiles/agent.dir/all] Error 2
gmake: *** [Makefile:146: all] Error 2
