[0.048s] Invoking command in '/home/gkasha/Documents/maae/build/ma_interfaces': CMAKE_PREFIX_PATH=${CMAKE_PREFIX_PATH}:/home/gkasha/ros2_humble/install/rqt_bag_plugins:/home/gkasha/ros2_humble/install/rqt_bag:/home/gkasha/ros2_humble/install/ros2bag:/home/gkasha/ros2_humble/install/tracetools_test:/home/gkasha/ros2_humble/install/tracetools_launch:/home/gkasha/ros2_humble/install/topic_monitor:/home/gkasha/ros2_humble/install/tf2_tools:/home/gkasha/ros2_humble/install/examples_tf2_py:/home/gkasha/ros2_humble/install/tf2_ros_py:/home/gkasha/ros2_humble/install/sros2:/home/gkasha/ros2_humble/install/rqt_topic:/home/gkasha/ros2_humble/install/rqt_srv:/home/gkasha/ros2_humble/install/rqt_shell:/home/gkasha/ros2_humble/install/rqt_service_caller:/home/gkasha/ros2_humble/install/rqt_reconfigure:/home/gkasha/ros2_humble/install/rqt_py_console:/home/gkasha/ros2_humble/install/rqt_publisher:/home/gkasha/ros2_humble/install/rqt_plot:/home/gkasha/ros2_humble/install/rqt_action:/home/gkasha/ros2_humble/install/rqt_msg:/home/gkasha/ros2_humble/install/rqt_console:/home/gkasha/ros2_humble/install/rqt:/home/gkasha/ros2_humble/install/rqt_graph:/home/gkasha/ros2_humble/install/rqt_gui_py:/home/gkasha/ros2_humble/install/rqt_gui:/home/gkasha/ros2_humble/install/ros2trace:/home/gkasha/ros2_humble/install/ros2topic:/home/gkasha/ros2_humble/install/ros2test:/home/gkasha/ros2_humble/install/ros2component:/home/gkasha/ros2_humble/install/ros2param:/home/gkasha/ros2_humble/install/ros2lifecycle:/home/gkasha/ros2_humble/install/ros2service:/home/gkasha/ros2_humble/install/ros2run:/home/gkasha/ros2_humble/install/ros2launch:/home/gkasha/ros2_humble/install/ros2pkg:/home/gkasha/ros2_humble/install/ros2node:/home/gkasha/ros2_humble/install/ros2multicast:/home/gkasha/ros2_humble/install/ros2interface:/home/gkasha/ros2_humble/install/ros2doctor:/home/gkasha/ros2_humble/install/ros2action:/home/gkasha/ros2_humble/install/ros2cli:/home/gkasha/ros2_humble/install/quality_of_service_demo_py:/home/gkasha/ros2_humble/install/lifecycle_py:/home/gkasha/ros2_humble/install/launch_testing_ros:/home/gkasha/ros2_humble/install/launch_ros:/home/gkasha/ros2_humble/install/examples_rclpy_pointcloud_publisher:/home/gkasha/ros2_humble/install/examples_rclpy_minimal_subscriber:/home/gkasha/ros2_humble/install/examples_rclpy_minimal_service:/home/gkasha/ros2_humble/install/examples_rclpy_minimal_publisher:/home/gkasha/ros2_humble/install/examples_rclpy_minimal_client:/home/gkasha/ros2_humble/install/examples_rclpy_minimal_action_server:/home/gkasha/ros2_humble/install/examples_rclpy_minimal_action_client:/home/gkasha/ros2_humble/install/examples_rclpy_guard_conditions:/home/gkasha/ros2_humble/install/examples_rclpy_executors:/home/gkasha/ros2_humble/install/demo_nodes_py:/home/gkasha/ros2_humble/install/action_tutorials_py:/home/gkasha/ros2_humble/install/ament_uncrustify:/home/gkasha/ros2_humble/install/tracetools_trace:/home/gkasha/ros2_humble/install/tracetools_read:/home/gkasha/ros2_humble/install/test_tracetools_launch:/home/gkasha/ros2_humble/install/test_launch_ros:/home/gkasha/ros2_humble/install/sensor_msgs_py:/home/gkasha/ros2_humble/install/rpyutils:/home/gkasha/ros2_humble/install/rosidl_runtime_py:/home/gkasha/ros2_humble/install/rosidl_cli:/home/gkasha/ros2_humble/install/launch_pytest:/home/gkasha/ros2_humble/install/launch_testing:/home/gkasha/ros2_humble/install/launch_yaml:/home/gkasha/ros2_humble/install/launch_xml:/home/gkasha/ros2_humble/install/launch:/home/gkasha/ros2_humble/install/osrf_pycommon:/home/gkasha/ros2_humble/install/launch_testing_examples:/home/gkasha/ros2_humble/install/domain_coordinator:/home/gkasha/ros2_humble/install/ament_xmllint:/home/gkasha/ros2_humble/install/ament_pyflakes:/home/gkasha/ros2_humble/install/ament_pycodestyle:/home/gkasha/ros2_humble/install/ament_pep257:/home/gkasha/ros2_humble/install/ament_pclint:/home/gkasha/ros2_humble/install/ament_package:/home/gkasha/ros2_humble/install/ament_mypy:/home/gkasha/ros2_humble/install/ament_lint_cmake:/home/gkasha/ros2_humble/install/ament_flake8:/home/gkasha/ros2_humble/install/ament_copyright:/home/gkasha/ros2_humble/install/ament_lint:/home/gkasha/ros2_humble/install/ament_index_python:/home/gkasha/ros2_humble/install/ament_cpplint:/home/gkasha/ros2_humble/install/ament_cppcheck:/home/gkasha/ros2_humble/install/ament_clang_tidy:/home/gkasha/ros2_humble/install/ament_clang_format /usr/bin/cmake --build /home/gkasha/Documents/maae/build/ma_interfaces -- -j4 -l4
[0.127s] -- Found ament_cmake: 1.3.3 (/home/gkasha/ros2_humble/install/ament_cmake/share/ament_cmake/cmake)
[0.657s] -- Found rosidl_default_generators: 1.2.0 (/home/gkasha/ros2_humble/install/rosidl_default_generators/share/rosidl_default_generators/cmake)
[0.755s] -- Using all available rosidl_typesupport_c: rosidl_typesupport_introspection_c;rosidl_typesupport_fastrtps_c
[0.758s] -- Found rosidl_adapter: 3.1.4 (/home/gkasha/ros2_humble/install/rosidl_adapter/share/rosidl_adapter/cmake)
[0.857s] -- Using all available rosidl_typesupport_cpp: rosidl_typesupport_introspection_cpp;rosidl_typesupport_fastrtps_cpp
[1.876s] -- Found ament_cmake_ros: 0.10.0 (/home/gkasha/ros2_humble/install/ament_cmake_ros/share/ament_cmake_ros/cmake)
[2.265s] -- Using all available rosidl_typesupport_c: rosidl_typesupport_introspection_c;rosidl_typesupport_fastrtps_c
[3.006s] -- Using all available rosidl_typesupport_cpp: rosidl_typesupport_introspection_cpp;rosidl_typesupport_fastrtps_cpp
[3.079s] -- Found python_cmake_module: 0.10.0 (/home/gkasha/ros2_humble/install/python_cmake_module/share/python_cmake_module/cmake)
[3.152s] -- Using PYTHON_EXECUTABLE: /usr/bin/python3
[3.152s] -- Using PYTHON_INCLUDE_DIRS: /usr/include/python3.10
[3.152s] -- Using PYTHON_LIBRARIES: /usr/lib/x86_64-linux-gnu/libpython3.10.so
[3.401s] -- Found ament_lint_auto: 0.12.5 (/home/gkasha/ros2_humble/install/ament_lint_auto/share/ament_lint_auto/cmake)
[3.420s] -- Added test 'lint_cmake' to check CMake code style
[3.421s] -- Added test 'xmllint' to check XML markup files
[3.423s] -- Configuring done
[3.596s] -- Generating done
[3.608s] -- Build files have been written to: /home/gkasha/Documents/maae/build/ma_interfaces
[3.677s] [  1%] [34m[1mGenerating C code for ROS interfaces[0m
[3.709s] [  1%] [34m[1mGenerating C++ code for ROS interfaces[0m
[3.764s] [  1%] Built target ament_cmake_python_copy_ma_interfaces
[4.260s] running egg_info
[4.260s] writing ma_interfaces.egg-info/PKG-INFO
[4.261s] writing dependency_links to ma_interfaces.egg-info/dependency_links.txt
[4.261s] writing top-level names to ma_interfaces.egg-info/top_level.txt
[4.264s] reading manifest file 'ma_interfaces.egg-info/SOURCES.txt'
[4.264s] writing manifest file 'ma_interfaces.egg-info/SOURCES.txt'
[4.318s] [  1%] Built target ament_cmake_python_build_ma_interfaces_egg
[5.198s] [  1%] Built target ma_interfaces__cpp
[5.233s] [  2%] [34m[1mGenerating C++ type support dispatch for ROS interfaces[0m
[5.392s] [  3%] [34m[1mGenerating C++ introspection for ROS interfaces[0m
[5.413s] [35m[1mConsolidate compiler generated dependencies of target ma_interfaces__rosidl_generator_c[0m
[5.426s] [  3%] [34m[1mGenerating C++ type support for eProsima Fast-RTPS[0m
[5.455s] [  4%] [32mBuilding C object CMakeFiles/ma_interfaces__rosidl_generator_c.dir/rosidl_generator_c/ma_interfaces/msg/detail/action_dispatch__functions.c.o[0m
[5.550s] [  5%] [32mBuilding C object CMakeFiles/ma_interfaces__rosidl_generator_c.dir/rosidl_generator_c/ma_interfaces/msg/detail/action_feedback__functions.c.o[0m
[5.637s] [  6%] [32mBuilding C object CMakeFiles/ma_interfaces__rosidl_generator_c.dir/rosidl_generator_c/ma_interfaces/msg/detail/node__functions.c.o[0m
[5.725s] [  6%] [32mBuilding C object CMakeFiles/ma_interfaces__rosidl_generator_c.dir/rosidl_generator_c/ma_interfaces/msg/detail/bid__functions.c.o[0m
[5.813s] [  7%] [32mBuilding C object CMakeFiles/ma_interfaces__rosidl_generator_c.dir/rosidl_generator_c/ma_interfaces/msg/detail/task__functions.c.o[0m
[5.941s] [  8%] [32mBuilding C object CMakeFiles/ma_interfaces__rosidl_generator_c.dir/rosidl_generator_c/ma_interfaces/msg/detail/goal__functions.c.o[0m
[6.028s] [  9%] [32mBuilding C object CMakeFiles/ma_interfaces__rosidl_generator_c.dir/rosidl_generator_c/ma_interfaces/srv/detail/register__functions.c.o[0m
[6.126s] [ 10%] [32mBuilding C object CMakeFiles/ma_interfaces__rosidl_generator_c.dir/rosidl_generator_c/ma_interfaces/srv/detail/auction_srv__functions.c.o[0m
[6.240s] [ 11%] [32mBuilding C object CMakeFiles/ma_interfaces__rosidl_generator_c.dir/rosidl_generator_c/ma_interfaces/srv/detail/auction_result__functions.c.o[0m
[6.246s] [35m[1mConsolidate compiler generated dependencies of target ma_interfaces__rosidl_typesupport_cpp[0m
[6.290s] [ 12%] [32mBuilding CXX object CMakeFiles/ma_interfaces__rosidl_typesupport_cpp.dir/rosidl_typesupport_cpp/ma_interfaces/msg/action_dispatch__type_support.cpp.o[0m
[6.354s] [ 12%] [32mBuilding C object CMakeFiles/ma_interfaces__rosidl_generator_c.dir/rosidl_generator_c/ma_interfaces/srv/detail/get_goal__functions.c.o[0m
[6.458s] [ 13%] [32mBuilding C object CMakeFiles/ma_interfaces__rosidl_generator_c.dir/rosidl_generator_c/ma_interfaces/srv/detail/get_bid__functions.c.o[0m
[6.556s] [ 14%] [32mBuilding C object CMakeFiles/ma_interfaces__rosidl_generator_c.dir/rosidl_generator_c/ma_interfaces/srv/detail/add_goal__functions.c.o[0m
[6.636s] [ 15%] [32mBuilding CXX object CMakeFiles/ma_interfaces__rosidl_typesupport_cpp.dir/rosidl_typesupport_cpp/ma_interfaces/msg/action_feedback__type_support.cpp.o[0m
[6.660s] [ 16%] [32m[1mLinking C shared library libma_interfaces__rosidl_generator_c.so[0m
[6.783s] [ 16%] Built target ma_interfaces__rosidl_generator_c
[6.808s] [35m[1mConsolidate compiler generated dependencies of target ma_interfaces__rosidl_typesupport_introspection_cpp[0m
[6.819s] [ 17%] [34m[1mGenerating C introspection for ROS interfaces[0m
[6.857s] [ 17%] [32mBuilding CXX object CMakeFiles/ma_interfaces__rosidl_typesupport_introspection_cpp.dir/rosidl_typesupport_introspection_cpp/ma_interfaces/msg/detail/action_dispatch__type_support.cpp.o[0m
[6.962s] [ 18%] [32mBuilding CXX object CMakeFiles/ma_interfaces__rosidl_typesupport_cpp.dir/rosidl_typesupport_cpp/ma_interfaces/msg/node__type_support.cpp.o[0m
[6.978s] [35m[1mConsolidate compiler generated dependencies of target ma_interfaces__rosidl_typesupport_fastrtps_cpp[0m
[7.033s] [ 19%] [32mBuilding CXX object CMakeFiles/ma_interfaces__rosidl_typesupport_fastrtps_cpp.dir/rosidl_typesupport_fastrtps_cpp/ma_interfaces/msg/detail/dds_fastrtps/action_dispatch__type_support.cpp.o[0m
[7.318s] [ 20%] [32mBuilding CXX object CMakeFiles/ma_interfaces__rosidl_typesupport_introspection_cpp.dir/rosidl_typesupport_introspection_cpp/ma_interfaces/msg/detail/action_feedback__type_support.cpp.o[0m
[7.338s] [ 21%] [32mBuilding CXX object CMakeFiles/ma_interfaces__rosidl_typesupport_cpp.dir/rosidl_typesupport_cpp/ma_interfaces/msg/bid__type_support.cpp.o[0m
[7.537s] [ 22%] [32mBuilding CXX object CMakeFiles/ma_interfaces__rosidl_typesupport_fastrtps_cpp.dir/rosidl_typesupport_fastrtps_cpp/ma_interfaces/msg/detail/dds_fastrtps/action_feedback__type_support.cpp.o[0m
[7.656s] [ 22%] [32mBuilding CXX object CMakeFiles/ma_interfaces__rosidl_typesupport_cpp.dir/rosidl_typesupport_cpp/ma_interfaces/msg/task__type_support.cpp.o[0m
[7.743s] [ 23%] [32mBuilding CXX object CMakeFiles/ma_interfaces__rosidl_typesupport_introspection_cpp.dir/rosidl_typesupport_introspection_cpp/ma_interfaces/msg/detail/node__type_support.cpp.o[0m
[8.079s] [ 24%] [32mBuilding CXX object CMakeFiles/ma_interfaces__rosidl_typesupport_cpp.dir/rosidl_typesupport_cpp/ma_interfaces/msg/goal__type_support.cpp.o[0m
[8.095s] [ 25%] [32mBuilding CXX object CMakeFiles/ma_interfaces__rosidl_typesupport_fastrtps_cpp.dir/rosidl_typesupport_fastrtps_cpp/ma_interfaces/msg/detail/dds_fastrtps/node__type_support.cpp.o[0m
[8.371s] [ 26%] [32mBuilding CXX object CMakeFiles/ma_interfaces__rosidl_typesupport_introspection_cpp.dir/rosidl_typesupport_introspection_cpp/ma_interfaces/msg/detail/bid__type_support.cpp.o[0m
[8.426s] [ 27%] [32mBuilding CXX object CMakeFiles/ma_interfaces__rosidl_typesupport_cpp.dir/rosidl_typesupport_cpp/ma_interfaces/srv/register__type_support.cpp.o[0m
[8.462s] [35m[1mConsolidate compiler generated dependencies of target ma_interfaces__rosidl_typesupport_introspection_c[0m
[8.503s] [ 28%] [32mBuilding C object CMakeFiles/ma_interfaces__rosidl_typesupport_introspection_c.dir/rosidl_typesupport_introspection_c/ma_interfaces/msg/detail/action_dispatch__type_support.c.o[0m
[8.595s] [ 29%] [32mBuilding C object CMakeFiles/ma_interfaces__rosidl_typesupport_introspection_c.dir/rosidl_typesupport_introspection_c/ma_interfaces/msg/detail/action_feedback__type_support.c.o[0m
[8.642s] [ 30%] [32mBuilding CXX object CMakeFiles/ma_interfaces__rosidl_typesupport_fastrtps_cpp.dir/rosidl_typesupport_fastrtps_cpp/ma_interfaces/msg/detail/dds_fastrtps/bid__type_support.cpp.o[0m
[8.670s] [ 31%] [32mBuilding C object CMakeFiles/ma_interfaces__rosidl_typesupport_introspection_c.dir/rosidl_typesupport_introspection_c/ma_interfaces/msg/detail/node__type_support.c.o[0m
[8.752s] [ 31%] [32mBuilding C object CMakeFiles/ma_interfaces__rosidl_typesupport_introspection_c.dir/rosidl_typesupport_introspection_c/ma_interfaces/msg/detail/bid__type_support.c.o[0m
[8.766s] [ 32%] [32mBuilding CXX object CMakeFiles/ma_interfaces__rosidl_typesupport_cpp.dir/rosidl_typesupport_cpp/ma_interfaces/srv/auction_srv__type_support.cpp.o[0m
[8.828s] [ 33%] [32mBuilding C object CMakeFiles/ma_interfaces__rosidl_typesupport_introspection_c.dir/rosidl_typesupport_introspection_c/ma_interfaces/msg/detail/task__type_support.c.o[0m
[8.844s] [ 34%] [32mBuilding CXX object CMakeFiles/ma_interfaces__rosidl_typesupport_introspection_cpp.dir/rosidl_typesupport_introspection_cpp/ma_interfaces/msg/detail/task__type_support.cpp.o[0m
[8.911s] [ 35%] [32mBuilding C object CMakeFiles/ma_interfaces__rosidl_typesupport_introspection_c.dir/rosidl_typesupport_introspection_c/ma_interfaces/msg/detail/goal__type_support.c.o[0m
[8.996s] [ 36%] [32mBuilding C object CMakeFiles/ma_interfaces__rosidl_typesupport_introspection_c.dir/rosidl_typesupport_introspection_c/ma_interfaces/srv/detail/register__type_support.c.o[0m
[9.207s] [ 37%] [32mBuilding C object CMakeFiles/ma_interfaces__rosidl_typesupport_introspection_c.dir/rosidl_typesupport_introspection_c/ma_interfaces/srv/detail/auction_srv__type_support.c.o[0m
[9.244s] [ 38%] [32mBuilding CXX object CMakeFiles/ma_interfaces__rosidl_typesupport_fastrtps_cpp.dir/rosidl_typesupport_fastrtps_cpp/ma_interfaces/msg/detail/dds_fastrtps/task__type_support.cpp.o[0m
[9.285s] [ 39%] [32mBuilding CXX object CMakeFiles/ma_interfaces__rosidl_typesupport_cpp.dir/rosidl_typesupport_cpp/ma_interfaces/srv/auction_result__type_support.cpp.o[0m
[9.373s] [ 40%] [32mBuilding C object CMakeFiles/ma_interfaces__rosidl_typesupport_introspection_c.dir/rosidl_typesupport_introspection_c/ma_interfaces/srv/detail/auction_result__type_support.c.o[0m
[9.488s] [ 41%] [32mBuilding CXX object CMakeFiles/ma_interfaces__rosidl_typesupport_introspection_cpp.dir/rosidl_typesupport_introspection_cpp/ma_interfaces/msg/detail/goal__type_support.cpp.o[0m
[9.513s] [ 42%] [32mBuilding C object CMakeFiles/ma_interfaces__rosidl_typesupport_introspection_c.dir/rosidl_typesupport_introspection_c/ma_interfaces/srv/detail/get_goal__type_support.c.o[0m
[9.659s] [ 42%] [32mBuilding C object CMakeFiles/ma_interfaces__rosidl_typesupport_introspection_c.dir/rosidl_typesupport_introspection_c/ma_interfaces/srv/detail/get_bid__type_support.c.o[0m
[9.745s] [ 43%] [32mBuilding CXX object CMakeFiles/ma_interfaces__rosidl_typesupport_cpp.dir/rosidl_typesupport_cpp/ma_interfaces/srv/get_goal__type_support.cpp.o[0m
[9.841s] [ 44%] [32mBuilding C object CMakeFiles/ma_interfaces__rosidl_typesupport_introspection_c.dir/rosidl_typesupport_introspection_c/ma_interfaces/srv/detail/add_goal__type_support.c.o[0m
[10.038s] [ 45%] [32m[1mLinking C shared library libma_interfaces__rosidl_typesupport_introspection_c.so[0m
[10.113s] [ 45%] [32mBuilding CXX object CMakeFiles/ma_interfaces__rosidl_typesupport_fastrtps_cpp.dir/rosidl_typesupport_fastrtps_cpp/ma_interfaces/msg/detail/dds_fastrtps/goal__type_support.cpp.o[0m
[10.201s] [ 45%] Built target ma_interfaces__rosidl_typesupport_introspection_c
[10.240s] [ 45%] [32mBuilding CXX object CMakeFiles/ma_interfaces__rosidl_typesupport_cpp.dir/rosidl_typesupport_cpp/ma_interfaces/srv/get_bid__type_support.cpp.o[0m
[10.246s] [ 46%] [34m[1mGenerating C type support for eProsima Fast-RTPS[0m
[10.246s] [ 46%] [32mBuilding CXX object CMakeFiles/ma_interfaces__rosidl_typesupport_introspection_cpp.dir/rosidl_typesupport_introspection_cpp/ma_interfaces/srv/detail/register__type_support.cpp.o[0m
[10.630s] [ 47%] [32mBuilding CXX object CMakeFiles/ma_interfaces__rosidl_typesupport_cpp.dir/rosidl_typesupport_cpp/ma_interfaces/srv/add_goal__type_support.cpp.o[0m
[10.702s] [ 48%] [32mBuilding CXX object CMakeFiles/ma_interfaces__rosidl_typesupport_fastrtps_cpp.dir/rosidl_typesupport_fastrtps_cpp/ma_interfaces/srv/detail/dds_fastrtps/register__type_support.cpp.o[0m
[10.961s] [ 49%] [32mBuilding CXX object CMakeFiles/ma_interfaces__rosidl_typesupport_introspection_cpp.dir/rosidl_typesupport_introspection_cpp/ma_interfaces/srv/detail/auction_srv__type_support.cpp.o[0m
[11.011s] [ 50%] [32m[1mLinking CXX shared library libma_interfaces__rosidl_typesupport_cpp.so[0m
[11.139s] [ 50%] Built target ma_interfaces__rosidl_typesupport_cpp
[11.194s] [ 51%] [34m[1mGenerating C type support dispatch for ROS interfaces[0m
[11.261s] [ 52%] [32mBuilding CXX object CMakeFiles/ma_interfaces__rosidl_typesupport_fastrtps_cpp.dir/rosidl_typesupport_fastrtps_cpp/ma_interfaces/srv/detail/dds_fastrtps/auction_srv__type_support.cpp.o[0m
[11.433s] [ 53%] [32mBuilding CXX object CMakeFiles/ma_interfaces__rosidl_typesupport_introspection_cpp.dir/rosidl_typesupport_introspection_cpp/ma_interfaces/srv/detail/auction_result__type_support.cpp.o[0m
[11.755s] [ 54%] [32mBuilding CXX object CMakeFiles/ma_interfaces__rosidl_typesupport_fastrtps_cpp.dir/rosidl_typesupport_fastrtps_cpp/ma_interfaces/srv/detail/dds_fastrtps/auction_result__type_support.cpp.o[0m
[11.885s] [ 55%] [32mBuilding CXX object CMakeFiles/ma_interfaces__rosidl_typesupport_introspection_cpp.dir/rosidl_typesupport_introspection_cpp/ma_interfaces/srv/detail/get_goal__type_support.cpp.o[0m
[12.109s] [35m[1mConsolidate compiler generated dependencies of target ma_interfaces__rosidl_typesupport_fastrtps_c[0m
[12.165s] [ 56%] [32mBuilding CXX object CMakeFiles/ma_interfaces__rosidl_typesupport_fastrtps_c.dir/rosidl_typesupport_fastrtps_c/ma_interfaces/msg/detail/action_dispatch__type_support_c.cpp.o[0m
[12.212s] [35m[1mConsolidate compiler generated dependencies of target ma_interfaces__rosidl_typesupport_c[0m
[12.217s] [ 57%] [32mBuilding CXX object CMakeFiles/ma_interfaces__rosidl_typesupport_fastrtps_cpp.dir/rosidl_typesupport_fastrtps_cpp/ma_interfaces/srv/detail/dds_fastrtps/get_goal__type_support.cpp.o[0m
[12.253s] [ 58%] [32mBuilding CXX object CMakeFiles/ma_interfaces__rosidl_typesupport_c.dir/rosidl_typesupport_c/ma_interfaces/msg/action_dispatch__type_support.cpp.o[0m
[12.327s] [ 58%] [32mBuilding CXX object CMakeFiles/ma_interfaces__rosidl_typesupport_c.dir/rosidl_typesupport_c/ma_interfaces/msg/action_feedback__type_support.cpp.o[0m
[12.333s] [ 59%] [32mBuilding CXX object CMakeFiles/ma_interfaces__rosidl_typesupport_introspection_cpp.dir/rosidl_typesupport_introspection_cpp/ma_interfaces/srv/detail/get_bid__type_support.cpp.o[0m
[12.398s] [ 60%] [32mBuilding CXX object CMakeFiles/ma_interfaces__rosidl_typesupport_c.dir/rosidl_typesupport_c/ma_interfaces/msg/node__type_support.cpp.o[0m
[12.473s] [ 61%] [32mBuilding CXX object CMakeFiles/ma_interfaces__rosidl_typesupport_c.dir/rosidl_typesupport_c/ma_interfaces/msg/bid__type_support.cpp.o[0m
[12.552s] [ 62%] [32mBuilding CXX object CMakeFiles/ma_interfaces__rosidl_typesupport_c.dir/rosidl_typesupport_c/ma_interfaces/msg/task__type_support.cpp.o[0m
[12.572s] [ 63%] [32mBuilding CXX object CMakeFiles/ma_interfaces__rosidl_typesupport_fastrtps_c.dir/rosidl_typesupport_fastrtps_c/ma_interfaces/msg/detail/action_feedback__type_support_c.cpp.o[0m
[12.630s] [ 64%] [32mBuilding CXX object CMakeFiles/ma_interfaces__rosidl_typesupport_c.dir/rosidl_typesupport_c/ma_interfaces/msg/goal__type_support.cpp.o[0m
[12.683s] [ 65%] [32mBuilding CXX object CMakeFiles/ma_interfaces__rosidl_typesupport_fastrtps_cpp.dir/rosidl_typesupport_fastrtps_cpp/ma_interfaces/srv/detail/dds_fastrtps/get_bid__type_support.cpp.o[0m
[12.705s] [ 66%] [32mBuilding CXX object CMakeFiles/ma_interfaces__rosidl_typesupport_c.dir/rosidl_typesupport_c/ma_interfaces/srv/register__type_support.cpp.o[0m
[12.777s] [ 67%] [32mBuilding CXX object CMakeFiles/ma_interfaces__rosidl_typesupport_introspection_cpp.dir/rosidl_typesupport_introspection_cpp/ma_interfaces/srv/detail/add_goal__type_support.cpp.o[0m
[12.781s] [ 67%] [32mBuilding CXX object CMakeFiles/ma_interfaces__rosidl_typesupport_c.dir/rosidl_typesupport_c/ma_interfaces/srv/auction_srv__type_support.cpp.o[0m
[12.855s] [ 68%] [32mBuilding CXX object CMakeFiles/ma_interfaces__rosidl_typesupport_c.dir/rosidl_typesupport_c/ma_interfaces/srv/auction_result__type_support.cpp.o[0m
[12.933s] [ 69%] [32mBuilding CXX object CMakeFiles/ma_interfaces__rosidl_typesupport_c.dir/rosidl_typesupport_c/ma_interfaces/srv/get_goal__type_support.cpp.o[0m
[12.965s] [ 69%] [32mBuilding CXX object CMakeFiles/ma_interfaces__rosidl_typesupport_fastrtps_c.dir/rosidl_typesupport_fastrtps_c/ma_interfaces/msg/detail/node__type_support_c.cpp.o[0m
[13.009s] [ 70%] [32mBuilding CXX object CMakeFiles/ma_interfaces__rosidl_typesupport_c.dir/rosidl_typesupport_c/ma_interfaces/srv/get_bid__type_support.cpp.o[0m
[13.089s] [ 71%] [32mBuilding CXX object CMakeFiles/ma_interfaces__rosidl_typesupport_c.dir/rosidl_typesupport_c/ma_interfaces/srv/add_goal__type_support.cpp.o[0m
[13.153s] [ 71%] [32mBuilding CXX object CMakeFiles/ma_interfaces__rosidl_typesupport_fastrtps_cpp.dir/rosidl_typesupport_fastrtps_cpp/ma_interfaces/srv/detail/dds_fastrtps/add_goal__type_support.cpp.o[0m
[13.170s] [ 72%] [32m[1mLinking CXX shared library libma_interfaces__rosidl_typesupport_c.so[0m
[13.240s] [ 73%] [32m[1mLinking CXX shared library libma_interfaces__rosidl_typesupport_introspection_cpp.so[0m
[13.285s] [ 73%] Built target ma_interfaces__rosidl_typesupport_c
[13.323s] [ 74%] [32mBuilding CXX object CMakeFiles/ma_interfaces__rosidl_typesupport_fastrtps_c.dir/rosidl_typesupport_fastrtps_c/ma_interfaces/msg/detail/bid__type_support_c.cpp.o[0m
[13.389s] [ 75%] [32mBuilding CXX object CMakeFiles/ma_interfaces__rosidl_typesupport_fastrtps_c.dir/rosidl_typesupport_fastrtps_c/ma_interfaces/msg/detail/task__type_support_c.cpp.o[0m
[13.409s] [ 75%] Built target ma_interfaces__rosidl_typesupport_introspection_cpp
[13.438s] [ 76%] [32mBuilding CXX object CMakeFiles/ma_interfaces__rosidl_typesupport_fastrtps_c.dir/rosidl_typesupport_fastrtps_c/ma_interfaces/msg/detail/goal__type_support_c.cpp.o[0m
[13.614s] [ 77%] [32m[1mLinking CXX shared library libma_interfaces__rosidl_typesupport_fastrtps_cpp.so[0m
[13.758s] [ 78%] [32mBuilding CXX object CMakeFiles/ma_interfaces__rosidl_typesupport_fastrtps_c.dir/rosidl_typesupport_fastrtps_c/ma_interfaces/srv/detail/register__type_support_c.cpp.o[0m
[13.785s] [ 78%] Built target ma_interfaces__rosidl_typesupport_fastrtps_cpp
[13.808s] [ 79%] [32mBuilding CXX object CMakeFiles/ma_interfaces__rosidl_typesupport_fastrtps_c.dir/rosidl_typesupport_fastrtps_c/ma_interfaces/srv/detail/auction_srv__type_support_c.cpp.o[0m
[13.814s] [ 79%] [32mBuilding CXX object CMakeFiles/ma_interfaces__rosidl_typesupport_fastrtps_c.dir/rosidl_typesupport_fastrtps_c/ma_interfaces/srv/detail/auction_result__type_support_c.cpp.o[0m
[13.898s] [ 80%] [32mBuilding CXX object CMakeFiles/ma_interfaces__rosidl_typesupport_fastrtps_c.dir/rosidl_typesupport_fastrtps_c/ma_interfaces/srv/detail/get_goal__type_support_c.cpp.o[0m
[14.153s] [ 81%] [32mBuilding CXX object CMakeFiles/ma_interfaces__rosidl_typesupport_fastrtps_c.dir/rosidl_typesupport_fastrtps_c/ma_interfaces/srv/detail/get_bid__type_support_c.cpp.o[0m
[14.215s] [ 82%] [32mBuilding CXX object CMakeFiles/ma_interfaces__rosidl_typesupport_fastrtps_c.dir/rosidl_typesupport_fastrtps_c/ma_interfaces/srv/detail/add_goal__type_support_c.cpp.o[0m
[14.571s] [ 83%] [32m[1mLinking CXX shared library libma_interfaces__rosidl_typesupport_fastrtps_c.so[0m
[14.708s] [ 83%] Built target ma_interfaces__rosidl_typesupport_fastrtps_c
[14.776s] [ 83%] Built target ma_interfaces
[14.846s] [ 84%] [34m[1mGenerating Python code for ROS interfaces[0m
[16.506s] [ 84%] Built target ma_interfaces__py
[16.544s] [35m[1mConsolidate compiler generated dependencies of target ma_interfaces__rosidl_generator_py[0m
[16.592s] [ 85%] [32mBuilding C object CMakeFiles/ma_interfaces__rosidl_generator_py.dir/rosidl_generator_py/ma_interfaces/msg/_action_dispatch_s.c.o[0m
[16.592s] [ 85%] [32mBuilding C object CMakeFiles/ma_interfaces__rosidl_generator_py.dir/rosidl_generator_py/ma_interfaces/msg/_node_s.c.o[0m
[16.592s] [ 86%] [32mBuilding C object CMakeFiles/ma_interfaces__rosidl_generator_py.dir/rosidl_generator_py/ma_interfaces/msg/_bid_s.c.o[0m
[16.592s] [ 87%] [32mBuilding C object CMakeFiles/ma_interfaces__rosidl_generator_py.dir/rosidl_generator_py/ma_interfaces/msg/_action_feedback_s.c.o[0m
[16.737s] [ 88%] [32mBuilding C object CMakeFiles/ma_interfaces__rosidl_generator_py.dir/rosidl_generator_py/ma_interfaces/msg/_task_s.c.o[0m
[16.739s] [ 89%] [32mBuilding C object CMakeFiles/ma_interfaces__rosidl_generator_py.dir/rosidl_generator_py/ma_interfaces/srv/_auction_srv_s.c.o[0m
[16.740s] [ 90%] [32mBuilding C object CMakeFiles/ma_interfaces__rosidl_generator_py.dir/rosidl_generator_py/ma_interfaces/srv/_register_s.c.o[0m
[16.755s] [ 91%] [32mBuilding C object CMakeFiles/ma_interfaces__rosidl_generator_py.dir/rosidl_generator_py/ma_interfaces/msg/_goal_s.c.o[0m
[16.876s] [ 92%] [32mBuilding C object CMakeFiles/ma_interfaces__rosidl_generator_py.dir/rosidl_generator_py/ma_interfaces/srv/_auction_result_s.c.o[0m
[16.883s] [ 92%] [32mBuilding C object CMakeFiles/ma_interfaces__rosidl_generator_py.dir/rosidl_generator_py/ma_interfaces/srv/_get_goal_s.c.o[0m
[16.896s] [ 93%] [32mBuilding C object CMakeFiles/ma_interfaces__rosidl_generator_py.dir/rosidl_generator_py/ma_interfaces/srv/_get_bid_s.c.o[0m
[16.911s] [ 94%] [32mBuilding C object CMakeFiles/ma_interfaces__rosidl_generator_py.dir/rosidl_generator_py/ma_interfaces/srv/_add_goal_s.c.o[0m
[17.052s] [ 95%] [32m[1mLinking C shared library rosidl_generator_py/ma_interfaces/libma_interfaces__rosidl_generator_py.so[0m
[17.144s] [ 95%] Built target ma_interfaces__rosidl_generator_py
[17.179s] [35m[1mConsolidate compiler generated dependencies of target ma_interfaces__rosidl_typesupport_introspection_c__pyext[0m
[17.179s] [35m[1mConsolidate compiler generated dependencies of target ma_interfaces__rosidl_typesupport_fastrtps_c__pyext[0m
[17.179s] [35m[1mConsolidate compiler generated dependencies of target ma_interfaces__rosidl_typesupport_c__pyext[0m
[17.216s] [ 97%] [32mBuilding C object CMakeFiles/ma_interfaces__rosidl_typesupport_introspection_c__pyext.dir/rosidl_generator_py/ma_interfaces/_ma_interfaces_s.ep.rosidl_typesupport_introspection_c.c.o[0m
[17.216s] [ 97%] [32mBuilding C object CMakeFiles/ma_interfaces__rosidl_typesupport_c__pyext.dir/rosidl_generator_py/ma_interfaces/_ma_interfaces_s.ep.rosidl_typesupport_c.c.o[0m
[17.216s] [ 97%] [32mBuilding C object CMakeFiles/ma_interfaces__rosidl_typesupport_fastrtps_c__pyext.dir/rosidl_generator_py/ma_interfaces/_ma_interfaces_s.ep.rosidl_typesupport_fastrtps_c.c.o[0m
[17.399s] [ 99%] [32m[1mLinking C shared library rosidl_generator_py/ma_interfaces/ma_interfaces_s__rosidl_typesupport_fastrtps_c.cpython-310-x86_64-linux-gnu.so[0m
[17.399s] [ 99%] [32m[1mLinking C shared library rosidl_generator_py/ma_interfaces/ma_interfaces_s__rosidl_typesupport_introspection_c.cpython-310-x86_64-linux-gnu.so[0m
[17.403s] [100%] [32m[1mLinking C shared library rosidl_generator_py/ma_interfaces/ma_interfaces_s__rosidl_typesupport_c.cpython-310-x86_64-linux-gnu.so[0m
[17.481s] [100%] Built target ma_interfaces__rosidl_typesupport_introspection_c__pyext
[17.482s] [100%] Built target ma_interfaces__rosidl_typesupport_fastrtps_c__pyext
[17.483s] [100%] Built target ma_interfaces__rosidl_typesupport_c__pyext
[17.511s] Invoked command in '/home/gkasha/Documents/maae/build/ma_interfaces' returned '0': CMAKE_PREFIX_PATH=${CMAKE_PREFIX_PATH}:/home/gkasha/ros2_humble/install/rqt_bag_plugins:/home/gkasha/ros2_humble/install/rqt_bag:/home/gkasha/ros2_humble/install/ros2bag:/home/gkasha/ros2_humble/install/tracetools_test:/home/gkasha/ros2_humble/install/tracetools_launch:/home/gkasha/ros2_humble/install/topic_monitor:/home/gkasha/ros2_humble/install/tf2_tools:/home/gkasha/ros2_humble/install/examples_tf2_py:/home/gkasha/ros2_humble/install/tf2_ros_py:/home/gkasha/ros2_humble/install/sros2:/home/gkasha/ros2_humble/install/rqt_topic:/home/gkasha/ros2_humble/install/rqt_srv:/home/gkasha/ros2_humble/install/rqt_shell:/home/gkasha/ros2_humble/install/rqt_service_caller:/home/gkasha/ros2_humble/install/rqt_reconfigure:/home/gkasha/ros2_humble/install/rqt_py_console:/home/gkasha/ros2_humble/install/rqt_publisher:/home/gkasha/ros2_humble/install/rqt_plot:/home/gkasha/ros2_humble/install/rqt_action:/home/gkasha/ros2_humble/install/rqt_msg:/home/gkasha/ros2_humble/install/rqt_console:/home/gkasha/ros2_humble/install/rqt:/home/gkasha/ros2_humble/install/rqt_graph:/home/gkasha/ros2_humble/install/rqt_gui_py:/home/gkasha/ros2_humble/install/rqt_gui:/home/gkasha/ros2_humble/install/ros2trace:/home/gkasha/ros2_humble/install/ros2topic:/home/gkasha/ros2_humble/install/ros2test:/home/gkasha/ros2_humble/install/ros2component:/home/gkasha/ros2_humble/install/ros2param:/home/gkasha/ros2_humble/install/ros2lifecycle:/home/gkasha/ros2_humble/install/ros2service:/home/gkasha/ros2_humble/install/ros2run:/home/gkasha/ros2_humble/install/ros2launch:/home/gkasha/ros2_humble/install/ros2pkg:/home/gkasha/ros2_humble/install/ros2node:/home/gkasha/ros2_humble/install/ros2multicast:/home/gkasha/ros2_humble/install/ros2interface:/home/gkasha/ros2_humble/install/ros2doctor:/home/gkasha/ros2_humble/install/ros2action:/home/gkasha/ros2_humble/install/ros2cli:/home/gkasha/ros2_humble/install/quality_of_service_demo_py:/home/gkasha/ros2_humble/install/lifecycle_py:/home/gkasha/ros2_humble/install/launch_testing_ros:/home/gkasha/ros2_humble/install/launch_ros:/home/gkasha/ros2_humble/install/examples_rclpy_pointcloud_publisher:/home/gkasha/ros2_humble/install/examples_rclpy_minimal_subscriber:/home/gkasha/ros2_humble/install/examples_rclpy_minimal_service:/home/gkasha/ros2_humble/install/examples_rclpy_minimal_publisher:/home/gkasha/ros2_humble/install/examples_rclpy_minimal_client:/home/gkasha/ros2_humble/install/examples_rclpy_minimal_action_server:/home/gkasha/ros2_humble/install/examples_rclpy_minimal_action_client:/home/gkasha/ros2_humble/install/examples_rclpy_guard_conditions:/home/gkasha/ros2_humble/install/examples_rclpy_executors:/home/gkasha/ros2_humble/install/demo_nodes_py:/home/gkasha/ros2_humble/install/action_tutorials_py:/home/gkasha/ros2_humble/install/ament_uncrustify:/home/gkasha/ros2_humble/install/tracetools_trace:/home/gkasha/ros2_humble/install/tracetools_read:/home/gkasha/ros2_humble/install/test_tracetools_launch:/home/gkasha/ros2_humble/install/test_launch_ros:/home/gkasha/ros2_humble/install/sensor_msgs_py:/home/gkasha/ros2_humble/install/rpyutils:/home/gkasha/ros2_humble/install/rosidl_runtime_py:/home/gkasha/ros2_humble/install/rosidl_cli:/home/gkasha/ros2_humble/install/launch_pytest:/home/gkasha/ros2_humble/install/launch_testing:/home/gkasha/ros2_humble/install/launch_yaml:/home/gkasha/ros2_humble/install/launch_xml:/home/gkasha/ros2_humble/install/launch:/home/gkasha/ros2_humble/install/osrf_pycommon:/home/gkasha/ros2_humble/install/launch_testing_examples:/home/gkasha/ros2_humble/install/domain_coordinator:/home/gkasha/ros2_humble/install/ament_xmllint:/home/gkasha/ros2_humble/install/ament_pyflakes:/home/gkasha/ros2_humble/install/ament_pycodestyle:/home/gkasha/ros2_humble/install/ament_pep257:/home/gkasha/ros2_humble/install/ament_pclint:/home/gkasha/ros2_humble/install/ament_package:/home/gkasha/ros2_humble/install/ament_mypy:/home/gkasha/ros2_humble/install/ament_lint_cmake:/home/gkasha/ros2_humble/install/ament_flake8:/home/gkasha/ros2_humble/install/ament_copyright:/home/gkasha/ros2_humble/install/ament_lint:/home/gkasha/ros2_humble/install/ament_index_python:/home/gkasha/ros2_humble/install/ament_cpplint:/home/gkasha/ros2_humble/install/ament_cppcheck:/home/gkasha/ros2_humble/install/ament_clang_tidy:/home/gkasha/ros2_humble/install/ament_clang_format /usr/bin/cmake --build /home/gkasha/Documents/maae/build/ma_interfaces -- -j4 -l4
[19.647s] Invoking command in '/home/gkasha/Documents/maae/build/ma_interfaces': CMAKE_PREFIX_PATH=${CMAKE_PREFIX_PATH}:/home/gkasha/ros2_humble/install/rqt_bag_plugins:/home/gkasha/ros2_humble/install/rqt_bag:/home/gkasha/ros2_humble/install/ros2bag:/home/gkasha/ros2_humble/install/tracetools_test:/home/gkasha/ros2_humble/install/tracetools_launch:/home/gkasha/ros2_humble/install/topic_monitor:/home/gkasha/ros2_humble/install/tf2_tools:/home/gkasha/ros2_humble/install/examples_tf2_py:/home/gkasha/ros2_humble/install/tf2_ros_py:/home/gkasha/ros2_humble/install/sros2:/home/gkasha/ros2_humble/install/rqt_topic:/home/gkasha/ros2_humble/install/rqt_srv:/home/gkasha/ros2_humble/install/rqt_shell:/home/gkasha/ros2_humble/install/rqt_service_caller:/home/gkasha/ros2_humble/install/rqt_reconfigure:/home/gkasha/ros2_humble/install/rqt_py_console:/home/gkasha/ros2_humble/install/rqt_publisher:/home/gkasha/ros2_humble/install/rqt_plot:/home/gkasha/ros2_humble/install/rqt_action:/home/gkasha/ros2_humble/install/rqt_msg:/home/gkasha/ros2_humble/install/rqt_console:/home/gkasha/ros2_humble/install/rqt:/home/gkasha/ros2_humble/install/rqt_graph:/home/gkasha/ros2_humble/install/rqt_gui_py:/home/gkasha/ros2_humble/install/rqt_gui:/home/gkasha/ros2_humble/install/ros2trace:/home/gkasha/ros2_humble/install/ros2topic:/home/gkasha/ros2_humble/install/ros2test:/home/gkasha/ros2_humble/install/ros2component:/home/gkasha/ros2_humble/install/ros2param:/home/gkasha/ros2_humble/install/ros2lifecycle:/home/gkasha/ros2_humble/install/ros2service:/home/gkasha/ros2_humble/install/ros2run:/home/gkasha/ros2_humble/install/ros2launch:/home/gkasha/ros2_humble/install/ros2pkg:/home/gkasha/ros2_humble/install/ros2node:/home/gkasha/ros2_humble/install/ros2multicast:/home/gkasha/ros2_humble/install/ros2interface:/home/gkasha/ros2_humble/install/ros2doctor:/home/gkasha/ros2_humble/install/ros2action:/home/gkasha/ros2_humble/install/ros2cli:/home/gkasha/ros2_humble/install/quality_of_service_demo_py:/home/gkasha/ros2_humble/install/lifecycle_py:/home/gkasha/ros2_humble/install/launch_testing_ros:/home/gkasha/ros2_humble/install/launch_ros:/home/gkasha/ros2_humble/install/examples_rclpy_pointcloud_publisher:/home/gkasha/ros2_humble/install/examples_rclpy_minimal_subscriber:/home/gkasha/ros2_humble/install/examples_rclpy_minimal_service:/home/gkasha/ros2_humble/install/examples_rclpy_minimal_publisher:/home/gkasha/ros2_humble/install/examples_rclpy_minimal_client:/home/gkasha/ros2_humble/install/examples_rclpy_minimal_action_server:/home/gkasha/ros2_humble/install/examples_rclpy_minimal_action_client:/home/gkasha/ros2_humble/install/examples_rclpy_guard_conditions:/home/gkasha/ros2_humble/install/examples_rclpy_executors:/home/gkasha/ros2_humble/install/demo_nodes_py:/home/gkasha/ros2_humble/install/action_tutorials_py:/home/gkasha/ros2_humble/install/ament_uncrustify:/home/gkasha/ros2_humble/install/tracetools_trace:/home/gkasha/ros2_humble/install/tracetools_read:/home/gkasha/ros2_humble/install/test_tracetools_launch:/home/gkasha/ros2_humble/install/test_launch_ros:/home/gkasha/ros2_humble/install/sensor_msgs_py:/home/gkasha/ros2_humble/install/rpyutils:/home/gkasha/ros2_humble/install/rosidl_runtime_py:/home/gkasha/ros2_humble/install/rosidl_cli:/home/gkasha/ros2_humble/install/launch_pytest:/home/gkasha/ros2_humble/install/launch_testing:/home/gkasha/ros2_humble/install/launch_yaml:/home/gkasha/ros2_humble/install/launch_xml:/home/gkasha/ros2_humble/install/launch:/home/gkasha/ros2_humble/install/osrf_pycommon:/home/gkasha/ros2_humble/install/launch_testing_examples:/home/gkasha/ros2_humble/install/domain_coordinator:/home/gkasha/ros2_humble/install/ament_xmllint:/home/gkasha/ros2_humble/install/ament_pyflakes:/home/gkasha/ros2_humble/install/ament_pycodestyle:/home/gkasha/ros2_humble/install/ament_pep257:/home/gkasha/ros2_humble/install/ament_pclint:/home/gkasha/ros2_humble/install/ament_package:/home/gkasha/ros2_humble/install/ament_mypy:/home/gkasha/ros2_humble/install/ament_lint_cmake:/home/gkasha/ros2_humble/install/ament_flake8:/home/gkasha/ros2_humble/install/ament_copyright:/home/gkasha/ros2_humble/install/ament_lint:/home/gkasha/ros2_humble/install/ament_index_python:/home/gkasha/ros2_humble/install/ament_cpplint:/home/gkasha/ros2_humble/install/ament_cppcheck:/home/gkasha/ros2_humble/install/ament_clang_tidy:/home/gkasha/ros2_humble/install/ament_clang_format /usr/bin/cmake --install /home/gkasha/Documents/maae/build/ma_interfaces
[19.669s] -- Install configuration: ""
[19.669s] -- Up-to-date: /home/gkasha/Documents/maae/install/ma_interfaces/share/ament_index/resource_index/rosidl_interfaces/ma_interfaces
[19.670s] -- Up-to-date: /home/gkasha/Documents/maae/install/ma_interfaces/include/ma_interfaces/ma_interfaces
[19.670s] -- Up-to-date: /home/gkasha/Documents/maae/install/ma_interfaces/include/ma_interfaces/ma_interfaces/srv
[19.670s] -- Up-to-date: /home/gkasha/Documents/maae/install/ma_interfaces/include/ma_interfaces/ma_interfaces/srv/detail
[19.670s] -- Installing: /home/gkasha/Documents/maae/install/ma_interfaces/include/ma_interfaces/ma_interfaces/srv/detail/add_goal__functions.c
[19.671s] -- Installing: /home/gkasha/Documents/maae/install/ma_interfaces/include/ma_interfaces/ma_interfaces/srv/detail/auction_srv__type_support.h
[19.672s] -- Installing: /home/gkasha/Documents/maae/install/ma_interfaces/include/ma_interfaces/ma_interfaces/srv/detail/auction_result__type_support.h
[19.672s] -- Installing: /home/gkasha/Documents/maae/install/ma_interfaces/include/ma_interfaces/ma_interfaces/srv/detail/get_goal__functions.c
[19.672s] -- Installing: /home/gkasha/Documents/maae/install/ma_interfaces/include/ma_interfaces/ma_interfaces/srv/detail/add_goal__struct.h
[19.672s] -- Installing: /home/gkasha/Documents/maae/install/ma_interfaces/include/ma_interfaces/ma_interfaces/srv/detail/add_goal__type_support.h
[19.672s] -- Installing: /home/gkasha/Documents/maae/install/ma_interfaces/include/ma_interfaces/ma_interfaces/srv/detail/get_bid__functions.h
[19.674s] -- Installing: /home/gkasha/Documents/maae/install/ma_interfaces/include/ma_interfaces/ma_interfaces/srv/detail/auction_srv__struct.h
[19.674s] -- Installing: /home/gkasha/Documents/maae/install/ma_interfaces/include/ma_interfaces/ma_interfaces/srv/detail/get_bid__struct.h
[19.675s] -- Installing: /home/gkasha/Documents/maae/install/ma_interfaces/include/ma_interfaces/ma_interfaces/srv/detail/get_goal__struct.h
[19.675s] -- Installing: /home/gkasha/Documents/maae/install/ma_interfaces/include/ma_interfaces/ma_interfaces/srv/detail/get_bid__type_support.h
[19.675s] -- Installing: /home/gkasha/Documents/maae/install/ma_interfaces/include/ma_interfaces/ma_interfaces/srv/detail/auction_result__functions.c
[19.675s] -- Installing: /home/gkasha/Documents/maae/install/ma_interfaces/include/ma_interfaces/ma_interfaces/srv/detail/auction_result__struct.h
[19.675s] -- Installing: /home/gkasha/Documents/maae/install/ma_interfaces/include/ma_interfaces/ma_interfaces/srv/detail/register__type_support.h
[19.675s] -- Installing: /home/gkasha/Documents/maae/install/ma_interfaces/include/ma_interfaces/ma_interfaces/srv/detail/auction_srv__functions.c
[19.676s] -- Installing: /home/gkasha/Documents/maae/install/ma_interfaces/include/ma_interfaces/ma_interfaces/srv/detail/add_goal__functions.h
[19.676s] -- Installing: /home/gkasha/Documents/maae/install/ma_interfaces/include/ma_interfaces/ma_interfaces/srv/detail/register__struct.h
[19.676s] -- Installing: /home/gkasha/Documents/maae/install/ma_interfaces/include/ma_interfaces/ma_interfaces/srv/detail/get_goal__functions.h
[19.676s] -- Installing: /home/gkasha/Documents/maae/install/ma_interfaces/include/ma_interfaces/ma_interfaces/srv/detail/register__functions.h
[19.676s] -- Installing: /home/gkasha/Documents/maae/install/ma_interfaces/include/ma_interfaces/ma_interfaces/srv/detail/get_goal__type_support.h
[19.677s] -- Installing: /home/gkasha/Documents/maae/install/ma_interfaces/include/ma_interfaces/ma_interfaces/srv/detail/get_bid__functions.c
[19.677s] -- Installing: /home/gkasha/Documents/maae/install/ma_interfaces/include/ma_interfaces/ma_interfaces/srv/detail/auction_result__functions.h
[19.677s] -- Installing: /home/gkasha/Documents/maae/install/ma_interfaces/include/ma_interfaces/ma_interfaces/srv/detail/auction_srv__functions.h
[19.677s] -- Installing: /home/gkasha/Documents/maae/install/ma_interfaces/include/ma_interfaces/ma_interfaces/srv/detail/register__functions.c
[19.677s] -- Installing: /home/gkasha/Documents/maae/install/ma_interfaces/include/ma_interfaces/ma_interfaces/srv/auction_result.h
[19.678s] -- Installing: /home/gkasha/Documents/maae/install/ma_interfaces/include/ma_interfaces/ma_interfaces/srv/register.h
[19.678s] -- Installing: /home/gkasha/Documents/maae/install/ma_interfaces/include/ma_interfaces/ma_interfaces/srv/add_goal.h
[19.678s] -- Installing: /home/gkasha/Documents/maae/install/ma_interfaces/include/ma_interfaces/ma_interfaces/srv/auction_srv.h
[19.678s] -- Installing: /home/gkasha/Documents/maae/install/ma_interfaces/include/ma_interfaces/ma_interfaces/srv/get_bid.h
[19.678s] -- Installing: /home/gkasha/Documents/maae/install/ma_interfaces/include/ma_interfaces/ma_interfaces/srv/get_goal.h
[19.678s] -- Up-to-date: /home/gkasha/Documents/maae/install/ma_interfaces/include/ma_interfaces/ma_interfaces/msg
[19.679s] -- Installing: /home/gkasha/Documents/maae/install/ma_interfaces/include/ma_interfaces/ma_interfaces/msg/goal.h
[19.679s] -- Up-to-date: /home/gkasha/Documents/maae/install/ma_interfaces/include/ma_interfaces/ma_interfaces/msg/rosidl_generator_c__visibility_control.h
[19.679s] -- Up-to-date: /home/gkasha/Documents/maae/install/ma_interfaces/include/ma_interfaces/ma_interfaces/msg/detail
[19.679s] -- Installing: /home/gkasha/Documents/maae/install/ma_interfaces/include/ma_interfaces/ma_interfaces/msg/detail/bid__functions.h
[19.680s] -- Installing: /home/gkasha/Documents/maae/install/ma_interfaces/include/ma_interfaces/ma_interfaces/msg/detail/action_feedback__struct.h
[19.680s] -- Installing: /home/gkasha/Documents/maae/install/ma_interfaces/include/ma_interfaces/ma_interfaces/msg/detail/node__type_support.h
[19.680s] -- Installing: /home/gkasha/Documents/maae/install/ma_interfaces/include/ma_interfaces/ma_interfaces/msg/detail/goal__struct.h
[19.681s] -- Installing: /home/gkasha/Documents/maae/install/ma_interfaces/include/ma_interfaces/ma_interfaces/msg/detail/action_feedback__functions.h
[19.682s] -- Installing: /home/gkasha/Documents/maae/install/ma_interfaces/include/ma_interfaces/ma_interfaces/msg/detail/bid__type_support.h
[19.682s] -- Installing: /home/gkasha/Documents/maae/install/ma_interfaces/include/ma_interfaces/ma_interfaces/msg/detail/bid__struct.h
[19.682s] -- Installing: /home/gkasha/Documents/maae/install/ma_interfaces/include/ma_interfaces/ma_interfaces/msg/detail/node__functions.h
[19.682s] -- Installing: /home/gkasha/Documents/maae/install/ma_interfaces/include/ma_interfaces/ma_interfaces/msg/detail/goal__functions.c
[19.682s] -- Up-to-date: /home/gkasha/Documents/maae/install/ma_interfaces/include/ma_interfaces/ma_interfaces/msg/detail/auction_msg__functions.c
[19.682s] -- Installing: /home/gkasha/Documents/maae/install/ma_interfaces/include/ma_interfaces/ma_interfaces/msg/detail/goal__type_support.h
[19.683s] -- Installing: /home/gkasha/Documents/maae/install/ma_interfaces/include/ma_interfaces/ma_interfaces/msg/detail/task__functions.h
[19.683s] -- Installing: /home/gkasha/Documents/maae/install/ma_interfaces/include/ma_interfaces/ma_interfaces/msg/detail/node__functions.c
[19.683s] -- Installing: /home/gkasha/Documents/maae/install/ma_interfaces/include/ma_interfaces/ma_interfaces/msg/detail/action_dispatch__functions.h
[19.683s] -- Installing: /home/gkasha/Documents/maae/install/ma_interfaces/include/ma_interfaces/ma_interfaces/msg/detail/action_dispatch__functions.c
[19.683s] -- Installing: /home/gkasha/Documents/maae/install/ma_interfaces/include/ma_interfaces/ma_interfaces/msg/detail/bid__functions.c
[19.683s] -- Installing: /home/gkasha/Documents/maae/install/ma_interfaces/include/ma_interfaces/ma_interfaces/msg/detail/goal__functions.h
[19.684s] -- Installing: /home/gkasha/Documents/maae/install/ma_interfaces/include/ma_interfaces/ma_interfaces/msg/detail/action_dispatch__struct.h
[19.684s] -- Installing: /home/gkasha/Documents/maae/install/ma_interfaces/include/ma_interfaces/ma_interfaces/msg/detail/action_feedback__type_support.h
[19.684s] -- Installing: /home/gkasha/Documents/maae/install/ma_interfaces/include/ma_interfaces/ma_interfaces/msg/detail/action_feedback__functions.c
[19.684s] -- Installing: /home/gkasha/Documents/maae/install/ma_interfaces/include/ma_interfaces/ma_interfaces/msg/detail/task__type_support.h
[19.684s] -- Installing: /home/gkasha/Documents/maae/install/ma_interfaces/include/ma_interfaces/ma_interfaces/msg/detail/task__functions.c
[19.685s] -- Installing: /home/gkasha/Documents/maae/install/ma_interfaces/include/ma_interfaces/ma_interfaces/msg/detail/task__struct.h
[19.685s] -- Up-to-date: /home/gkasha/Documents/maae/install/ma_interfaces/include/ma_interfaces/ma_interfaces/msg/detail/auction_msg__type_support.h
[19.685s] -- Installing: /home/gkasha/Documents/maae/install/ma_interfaces/include/ma_interfaces/ma_interfaces/msg/detail/node__struct.h
[19.685s] -- Installing: /home/gkasha/Documents/maae/install/ma_interfaces/include/ma_interfaces/ma_interfaces/msg/detail/action_dispatch__type_support.h
[19.685s] -- Up-to-date: /home/gkasha/Documents/maae/install/ma_interfaces/include/ma_interfaces/ma_interfaces/msg/detail/auction_msg__functions.h
[19.685s] -- Up-to-date: /home/gkasha/Documents/maae/install/ma_interfaces/include/ma_interfaces/ma_interfaces/msg/detail/auction_msg__struct.h
[19.686s] -- Installing: /home/gkasha/Documents/maae/install/ma_interfaces/include/ma_interfaces/ma_interfaces/msg/task.h
[19.686s] -- Installing: /home/gkasha/Documents/maae/install/ma_interfaces/include/ma_interfaces/ma_interfaces/msg/bid.h
[19.686s] -- Installing: /home/gkasha/Documents/maae/install/ma_interfaces/include/ma_interfaces/ma_interfaces/msg/action_feedback.h
[19.686s] -- Installing: /home/gkasha/Documents/maae/install/ma_interfaces/include/ma_interfaces/ma_interfaces/msg/action_dispatch.h
[19.686s] -- Up-to-date: /home/gkasha/Documents/maae/install/ma_interfaces/include/ma_interfaces/ma_interfaces/msg/auction_msg.h
[19.686s] -- Installing: /home/gkasha/Documents/maae/install/ma_interfaces/include/ma_interfaces/ma_interfaces/msg/node.h
[19.686s] -- Up-to-date: /home/gkasha/Documents/maae/install/ma_interfaces/share/ma_interfaces/environment/library_path.sh
[19.686s] -- Installing: /home/gkasha/Documents/maae/install/ma_interfaces/share/ma_interfaces/environment/library_path.dsv
[19.687s] -- Installing: /home/gkasha/Documents/maae/install/ma_interfaces/lib/libma_interfaces__rosidl_generator_c.so
[19.688s] -- Set runtime path of "/home/gkasha/Documents/maae/install/ma_interfaces/lib/libma_interfaces__rosidl_generator_c.so" to ""
[19.688s] -- Up-to-date: /home/gkasha/Documents/maae/install/ma_interfaces/include/ma_interfaces/ma_interfaces
[19.688s] -- Up-to-date: /home/gkasha/Documents/maae/install/ma_interfaces/include/ma_interfaces/ma_interfaces/srv
[19.688s] -- Up-to-date: /home/gkasha/Documents/maae/install/ma_interfaces/include/ma_interfaces/ma_interfaces/srv/detail
[19.688s] -- Installing: /home/gkasha/Documents/maae/install/ma_interfaces/include/ma_interfaces/ma_interfaces/srv/detail/get_goal__type_support.c
[19.688s] -- Installing: /home/gkasha/Documents/maae/install/ma_interfaces/include/ma_interfaces/ma_interfaces/srv/detail/register__rosidl_typesupport_introspection_c.h
[19.688s] -- Installing: /home/gkasha/Documents/maae/install/ma_interfaces/include/ma_interfaces/ma_interfaces/srv/detail/auction_srv__type_support.c
[19.688s] -- Installing: /home/gkasha/Documents/maae/install/ma_interfaces/include/ma_interfaces/ma_interfaces/srv/detail/auction_result__rosidl_typesupport_introspection_c.h
[19.689s] -- Installing: /home/gkasha/Documents/maae/install/ma_interfaces/include/ma_interfaces/ma_interfaces/srv/detail/add_goal__rosidl_typesupport_introspection_c.h
[19.689s] -- Installing: /home/gkasha/Documents/maae/install/ma_interfaces/include/ma_interfaces/ma_interfaces/srv/detail/get_goal__rosidl_typesupport_introspection_c.h
[19.689s] -- Installing: /home/gkasha/Documents/maae/install/ma_interfaces/include/ma_interfaces/ma_interfaces/srv/detail/get_bid__type_support.c
[19.689s] -- Installing: /home/gkasha/Documents/maae/install/ma_interfaces/include/ma_interfaces/ma_interfaces/srv/detail/auction_result__type_support.c
[19.689s] -- Installing: /home/gkasha/Documents/maae/install/ma_interfaces/include/ma_interfaces/ma_interfaces/srv/detail/register__type_support.c
[19.689s] -- Installing: /home/gkasha/Documents/maae/install/ma_interfaces/include/ma_interfaces/ma_interfaces/srv/detail/auction_srv__rosidl_typesupport_introspection_c.h
[19.689s] -- Installing: /home/gkasha/Documents/maae/install/ma_interfaces/include/ma_interfaces/ma_interfaces/srv/detail/get_bid__rosidl_typesupport_introspection_c.h
[19.689s] -- Installing: /home/gkasha/Documents/maae/install/ma_interfaces/include/ma_interfaces/ma_interfaces/srv/detail/add_goal__type_support.c
[19.689s] -- Up-to-date: /home/gkasha/Documents/maae/install/ma_interfaces/include/ma_interfaces/ma_interfaces/msg
[19.690s] -- Up-to-date: /home/gkasha/Documents/maae/install/ma_interfaces/include/ma_interfaces/ma_interfaces/msg/detail
[19.690s] -- Installing: /home/gkasha/Documents/maae/install/ma_interfaces/include/ma_interfaces/ma_interfaces/msg/detail/node__rosidl_typesupport_introspection_c.h
[19.690s] -- Installing: /home/gkasha/Documents/maae/install/ma_interfaces/include/ma_interfaces/ma_interfaces/msg/detail/node__type_support.c
[19.690s] -- Installing: /home/gkasha/Documents/maae/install/ma_interfaces/include/ma_interfaces/ma_interfaces/msg/detail/action_feedback__rosidl_typesupport_introspection_c.h
[19.690s] -- Installing: /home/gkasha/Documents/maae/install/ma_interfaces/include/ma_interfaces/ma_interfaces/msg/detail/action_dispatch__type_support.c
[19.690s] -- Installing: /home/gkasha/Documents/maae/install/ma_interfaces/include/ma_interfaces/ma_interfaces/msg/detail/action_feedback__type_support.c
[19.690s] -- Installing: /home/gkasha/Documents/maae/install/ma_interfaces/include/ma_interfaces/ma_interfaces/msg/detail/action_dispatch__rosidl_typesupport_introspection_c.h
[19.691s] -- Installing: /home/gkasha/Documents/maae/install/ma_interfaces/include/ma_interfaces/ma_interfaces/msg/detail/bid__rosidl_typesupport_introspection_c.h
[19.692s] -- Installing: /home/gkasha/Documents/maae/install/ma_interfaces/include/ma_interfaces/ma_interfaces/msg/detail/goal__rosidl_typesupport_introspection_c.h
[19.692s] -- Installing: /home/gkasha/Documents/maae/install/ma_interfaces/include/ma_interfaces/ma_interfaces/msg/detail/bid__type_support.c
[19.692s] -- Installing: /home/gkasha/Documents/maae/install/ma_interfaces/include/ma_interfaces/ma_interfaces/msg/detail/goal__type_support.c
[19.692s] -- Installing: /home/gkasha/Documents/maae/install/ma_interfaces/include/ma_interfaces/ma_interfaces/msg/detail/task__type_support.c
[19.693s] -- Installing: /home/gkasha/Documents/maae/install/ma_interfaces/include/ma_interfaces/ma_interfaces/msg/detail/task__rosidl_typesupport_introspection_c.h
[19.693s] -- Up-to-date: /home/gkasha/Documents/maae/install/ma_interfaces/include/ma_interfaces/ma_interfaces/msg/detail/auction_msg__rosidl_typesupport_introspection_c.h
[19.693s] -- Up-to-date: /home/gkasha/Documents/maae/install/ma_interfaces/include/ma_interfaces/ma_interfaces/msg/detail/auction_msg__type_support.c
[19.693s] -- Up-to-date: /home/gkasha/Documents/maae/install/ma_interfaces/include/ma_interfaces/ma_interfaces/msg/rosidl_typesupport_introspection_c__visibility_control.h
[19.693s] -- Installing: /home/gkasha/Documents/maae/install/ma_interfaces/lib/libma_interfaces__rosidl_typesupport_introspection_c.so
[19.694s] -- Set runtime path of "/home/gkasha/Documents/maae/install/ma_interfaces/lib/libma_interfaces__rosidl_typesupport_introspection_c.so" to ""
[19.694s] -- Up-to-date: /home/gkasha/Documents/maae/install/ma_interfaces/include/ma_interfaces/ma_interfaces
[19.694s] -- Up-to-date: /home/gkasha/Documents/maae/install/ma_interfaces/include/ma_interfaces/ma_interfaces/srv
[19.694s] -- Up-to-date: /home/gkasha/Documents/maae/install/ma_interfaces/include/ma_interfaces/ma_interfaces/srv/detail
[19.695s] -- Installing: /home/gkasha/Documents/maae/install/ma_interfaces/include/ma_interfaces/ma_interfaces/srv/detail/register__rosidl_typesupport_fastrtps_c.h
[19.695s] -- Installing: /home/gkasha/Documents/maae/install/ma_interfaces/include/ma_interfaces/ma_interfaces/srv/detail/get_bid__rosidl_typesupport_fastrtps_c.h
[19.695s] -- Installing: /home/gkasha/Documents/maae/install/ma_interfaces/include/ma_interfaces/ma_interfaces/srv/detail/add_goal__rosidl_typesupport_fastrtps_c.h
[19.695s] -- Installing: /home/gkasha/Documents/maae/install/ma_interfaces/include/ma_interfaces/ma_interfaces/srv/detail/auction_result__rosidl_typesupport_fastrtps_c.h
[19.695s] -- Installing: /home/gkasha/Documents/maae/install/ma_interfaces/include/ma_interfaces/ma_interfaces/srv/detail/get_goal__rosidl_typesupport_fastrtps_c.h
[19.695s] -- Installing: /home/gkasha/Documents/maae/install/ma_interfaces/include/ma_interfaces/ma_interfaces/srv/detail/auction_srv__rosidl_typesupport_fastrtps_c.h
[19.695s] -- Up-to-date: /home/gkasha/Documents/maae/install/ma_interfaces/include/ma_interfaces/ma_interfaces/msg
[19.695s] -- Up-to-date: /home/gkasha/Documents/maae/install/ma_interfaces/include/ma_interfaces/ma_interfaces/msg/detail
[19.696s] -- Installing: /home/gkasha/Documents/maae/install/ma_interfaces/include/ma_interfaces/ma_interfaces/msg/detail/bid__rosidl_typesupport_fastrtps_c.h
[19.696s] -- Installing: /home/gkasha/Documents/maae/install/ma_interfaces/include/ma_interfaces/ma_interfaces/msg/detail/goal__rosidl_typesupport_fastrtps_c.h
[19.696s] -- Installing: /home/gkasha/Documents/maae/install/ma_interfaces/include/ma_interfaces/ma_interfaces/msg/detail/task__rosidl_typesupport_fastrtps_c.h
[19.696s] -- Installing: /home/gkasha/Documents/maae/install/ma_interfaces/include/ma_interfaces/ma_interfaces/msg/detail/node__rosidl_typesupport_fastrtps_c.h
[19.696s] -- Installing: /home/gkasha/Documents/maae/install/ma_interfaces/include/ma_interfaces/ma_interfaces/msg/detail/action_dispatch__rosidl_typesupport_fastrtps_c.h
[19.696s] -- Up-to-date: /home/gkasha/Documents/maae/install/ma_interfaces/include/ma_interfaces/ma_interfaces/msg/detail/auction_msg__rosidl_typesupport_fastrtps_c.h
[19.696s] -- Installing: /home/gkasha/Documents/maae/install/ma_interfaces/include/ma_interfaces/ma_interfaces/msg/detail/action_feedback__rosidl_typesupport_fastrtps_c.h
[19.696s] -- Up-to-date: /home/gkasha/Documents/maae/install/ma_interfaces/include/ma_interfaces/ma_interfaces/msg/rosidl_typesupport_fastrtps_c__visibility_control.h
[19.696s] -- Installing: /home/gkasha/Documents/maae/install/ma_interfaces/lib/libma_interfaces__rosidl_typesupport_fastrtps_c.so
[19.697s] -- Set runtime path of "/home/gkasha/Documents/maae/install/ma_interfaces/lib/libma_interfaces__rosidl_typesupport_fastrtps_c.so" to ""
[19.697s] -- Installing: /home/gkasha/Documents/maae/install/ma_interfaces/lib/libma_interfaces__rosidl_typesupport_c.so
[19.698s] -- Set runtime path of "/home/gkasha/Documents/maae/install/ma_interfaces/lib/libma_interfaces__rosidl_typesupport_c.so" to ""
[19.698s] -- Up-to-date: /home/gkasha/Documents/maae/install/ma_interfaces/include/ma_interfaces/ma_interfaces
[19.698s] -- Up-to-date: /home/gkasha/Documents/maae/install/ma_interfaces/include/ma_interfaces/ma_interfaces/srv
[19.699s] -- Up-to-date: /home/gkasha/Documents/maae/install/ma_interfaces/include/ma_interfaces/ma_interfaces/srv/detail
[19.699s] -- Installing: /home/gkasha/Documents/maae/install/ma_interfaces/include/ma_interfaces/ma_interfaces/srv/detail/auction_result__traits.hpp
[19.699s] -- Installing: /home/gkasha/Documents/maae/install/ma_interfaces/include/ma_interfaces/ma_interfaces/srv/detail/add_goal__builder.hpp
[19.699s] -- Installing: /home/gkasha/Documents/maae/install/ma_interfaces/include/ma_interfaces/ma_interfaces/srv/detail/register__builder.hpp
[19.699s] -- Installing: /home/gkasha/Documents/maae/install/ma_interfaces/include/ma_interfaces/ma_interfaces/srv/detail/register__traits.hpp
[19.699s] -- Installing: /home/gkasha/Documents/maae/install/ma_interfaces/include/ma_interfaces/ma_interfaces/srv/detail/auction_result__builder.hpp
[19.699s] -- Installing: /home/gkasha/Documents/maae/install/ma_interfaces/include/ma_interfaces/ma_interfaces/srv/detail/auction_result__struct.hpp
[19.699s] -- Installing: /home/gkasha/Documents/maae/install/ma_interfaces/include/ma_interfaces/ma_interfaces/srv/detail/auction_srv__traits.hpp
[19.699s] -- Installing: /home/gkasha/Documents/maae/install/ma_interfaces/include/ma_interfaces/ma_interfaces/srv/detail/get_bid__struct.hpp
[19.699s] -- Installing: /home/gkasha/Documents/maae/install/ma_interfaces/include/ma_interfaces/ma_interfaces/srv/detail/get_goal__traits.hpp
[19.699s] -- Installing: /home/gkasha/Documents/maae/install/ma_interfaces/include/ma_interfaces/ma_interfaces/srv/detail/auction_srv__builder.hpp
[19.699s] -- Installing: /home/gkasha/Documents/maae/install/ma_interfaces/include/ma_interfaces/ma_interfaces/srv/detail/get_goal__builder.hpp
[19.700s] -- Installing: /home/gkasha/Documents/maae/install/ma_interfaces/include/ma_interfaces/ma_interfaces/srv/detail/get_bid__builder.hpp
[19.700s] -- Installing: /home/gkasha/Documents/maae/install/ma_interfaces/include/ma_interfaces/ma_interfaces/srv/detail/get_bid__traits.hpp
[19.700s] -- Installing: /home/gkasha/Documents/maae/install/ma_interfaces/include/ma_interfaces/ma_interfaces/srv/detail/get_goal__struct.hpp
[19.700s] -- Installing: /home/gkasha/Documents/maae/install/ma_interfaces/include/ma_interfaces/ma_interfaces/srv/detail/auction_srv__struct.hpp
[19.700s] -- Installing: /home/gkasha/Documents/maae/install/ma_interfaces/include/ma_interfaces/ma_interfaces/srv/detail/add_goal__traits.hpp
[19.700s] -- Installing: /home/gkasha/Documents/maae/install/ma_interfaces/include/ma_interfaces/ma_interfaces/srv/detail/add_goal__struct.hpp
[19.700s] -- Installing: /home/gkasha/Documents/maae/install/ma_interfaces/include/ma_interfaces/ma_interfaces/srv/detail/register__struct.hpp
[19.700s] -- Installing: /home/gkasha/Documents/maae/install/ma_interfaces/include/ma_interfaces/ma_interfaces/srv/register.hpp
[19.701s] -- Installing: /home/gkasha/Documents/maae/install/ma_interfaces/include/ma_interfaces/ma_interfaces/srv/get_goal.hpp
[19.701s] -- Installing: /home/gkasha/Documents/maae/install/ma_interfaces/include/ma_interfaces/ma_interfaces/srv/get_bid.hpp
[19.701s] -- Installing: /home/gkasha/Documents/maae/install/ma_interfaces/include/ma_interfaces/ma_interfaces/srv/auction_result.hpp
[19.701s] -- Installing: /home/gkasha/Documents/maae/install/ma_interfaces/include/ma_interfaces/ma_interfaces/srv/add_goal.hpp
[19.701s] -- Installing: /home/gkasha/Documents/maae/install/ma_interfaces/include/ma_interfaces/ma_interfaces/srv/auction_srv.hpp
[19.701s] -- Up-to-date: /home/gkasha/Documents/maae/install/ma_interfaces/include/ma_interfaces/ma_interfaces/msg
[19.701s] -- Up-to-date: /home/gkasha/Documents/maae/install/ma_interfaces/include/ma_interfaces/ma_interfaces/msg/auction_msg.hpp
[19.702s] -- Up-to-date: /home/gkasha/Documents/maae/install/ma_interfaces/include/ma_interfaces/ma_interfaces/msg/detail
[19.702s] -- Installing: /home/gkasha/Documents/maae/install/ma_interfaces/include/ma_interfaces/ma_interfaces/msg/detail/node__builder.hpp
[19.702s] -- Installing: /home/gkasha/Documents/maae/install/ma_interfaces/include/ma_interfaces/ma_interfaces/msg/detail/bid__struct.hpp
[19.702s] -- Installing: /home/gkasha/Documents/maae/install/ma_interfaces/include/ma_interfaces/ma_interfaces/msg/detail/action_feedback__builder.hpp
[19.702s] -- Installing: /home/gkasha/Documents/maae/install/ma_interfaces/include/ma_interfaces/ma_interfaces/msg/detail/goal__traits.hpp
[19.702s] -- Installing: /home/gkasha/Documents/maae/install/ma_interfaces/include/ma_interfaces/ma_interfaces/msg/detail/action_dispatch__traits.hpp
[19.702s] -- Up-to-date: /home/gkasha/Documents/maae/install/ma_interfaces/include/ma_interfaces/ma_interfaces/msg/detail/auction_msg__builder.hpp
[19.702s] -- Up-to-date: /home/gkasha/Documents/maae/install/ma_interfaces/include/ma_interfaces/ma_interfaces/msg/detail/auction_msg__traits.hpp
[19.702s] -- Up-to-date: /home/gkasha/Documents/maae/install/ma_interfaces/include/ma_interfaces/ma_interfaces/msg/detail/auction_msg__struct.hpp
[19.702s] -- Installing: /home/gkasha/Documents/maae/install/ma_interfaces/include/ma_interfaces/ma_interfaces/msg/detail/task__traits.hpp
[19.702s] -- Installing: /home/gkasha/Documents/maae/install/ma_interfaces/include/ma_interfaces/ma_interfaces/msg/detail/task__builder.hpp
[19.702s] -- Installing: /home/gkasha/Documents/maae/install/ma_interfaces/include/ma_interfaces/ma_interfaces/msg/detail/goal__builder.hpp
[19.702s] -- Installing: /home/gkasha/Documents/maae/install/ma_interfaces/include/ma_interfaces/ma_interfaces/msg/detail/action_feedback__traits.hpp
[19.703s] -- Installing: /home/gkasha/Documents/maae/install/ma_interfaces/include/ma_interfaces/ma_interfaces/msg/detail/bid__traits.hpp
[19.703s] -- Installing: /home/gkasha/Documents/maae/install/ma_interfaces/include/ma_interfaces/ma_interfaces/msg/detail/node__struct.hpp
[19.703s] -- Installing: /home/gkasha/Documents/maae/install/ma_interfaces/include/ma_interfaces/ma_interfaces/msg/detail/bid__builder.hpp
[19.703s] -- Installing: /home/gkasha/Documents/maae/install/ma_interfaces/include/ma_interfaces/ma_interfaces/msg/detail/action_dispatch__struct.hpp
[19.703s] -- Installing: /home/gkasha/Documents/maae/install/ma_interfaces/include/ma_interfaces/ma_interfaces/msg/detail/action_dispatch__builder.hpp
[19.703s] -- Installing: /home/gkasha/Documents/maae/install/ma_interfaces/include/ma_interfaces/ma_interfaces/msg/detail/task__struct.hpp
[19.704s] -- Installing: /home/gkasha/Documents/maae/install/ma_interfaces/include/ma_interfaces/ma_interfaces/msg/detail/goal__struct.hpp
[19.704s] -- Installing: /home/gkasha/Documents/maae/install/ma_interfaces/include/ma_interfaces/ma_interfaces/msg/detail/action_feedback__struct.hpp
[19.704s] -- Installing: /home/gkasha/Documents/maae/install/ma_interfaces/include/ma_interfaces/ma_interfaces/msg/detail/node__traits.hpp
[19.704s] -- Installing: /home/gkasha/Documents/maae/install/ma_interfaces/include/ma_interfaces/ma_interfaces/msg/action_feedback.hpp
[19.704s] -- Installing: /home/gkasha/Documents/maae/install/ma_interfaces/include/ma_interfaces/ma_interfaces/msg/bid.hpp
[19.708s] -- Installing: /home/gkasha/Documents/maae/install/ma_interfaces/include/ma_interfaces/ma_interfaces/msg/goal.hpp
[19.708s] -- Installing: /home/gkasha/Documents/maae/install/ma_interfaces/include/ma_interfaces/ma_interfaces/msg/task.hpp
[19.708s] -- Installing: /home/gkasha/Documents/maae/install/ma_interfaces/include/ma_interfaces/ma_interfaces/msg/node.hpp
[19.708s] -- Installing: /home/gkasha/Documents/maae/install/ma_interfaces/include/ma_interfaces/ma_interfaces/msg/action_dispatch.hpp
[19.708s] -- Up-to-date: /home/gkasha/Documents/maae/install/ma_interfaces/include/ma_interfaces/ma_interfaces
[19.708s] -- Up-to-date: /home/gkasha/Documents/maae/install/ma_interfaces/include/ma_interfaces/ma_interfaces/srv
[19.708s] -- Up-to-date: /home/gkasha/Documents/maae/install/ma_interfaces/include/ma_interfaces/ma_interfaces/srv/detail
[19.709s] -- Installing: /home/gkasha/Documents/maae/install/ma_interfaces/include/ma_interfaces/ma_interfaces/srv/detail/get_bid__rosidl_typesupport_introspection_cpp.hpp
[19.709s] -- Installing: /home/gkasha/Documents/maae/install/ma_interfaces/include/ma_interfaces/ma_interfaces/srv/detail/get_goal__rosidl_typesupport_introspection_cpp.hpp
[19.709s] -- Installing: /home/gkasha/Documents/maae/install/ma_interfaces/include/ma_interfaces/ma_interfaces/srv/detail/register__type_support.cpp
[19.709s] -- Installing: /home/gkasha/Documents/maae/install/ma_interfaces/include/ma_interfaces/ma_interfaces/srv/detail/add_goal__type_support.cpp
[19.709s] -- Installing: /home/gkasha/Documents/maae/install/ma_interfaces/include/ma_interfaces/ma_interfaces/srv/detail/get_goal__type_support.cpp
[19.709s] -- Installing: /home/gkasha/Documents/maae/install/ma_interfaces/include/ma_interfaces/ma_interfaces/srv/detail/auction_result__rosidl_typesupport_introspection_cpp.hpp
[19.709s] -- Installing: /home/gkasha/Documents/maae/install/ma_interfaces/include/ma_interfaces/ma_interfaces/srv/detail/auction_srv__rosidl_typesupport_introspection_cpp.hpp
[19.709s] -- Installing: /home/gkasha/Documents/maae/install/ma_interfaces/include/ma_interfaces/ma_interfaces/srv/detail/get_bid__type_support.cpp
[19.709s] -- Installing: /home/gkasha/Documents/maae/install/ma_interfaces/include/ma_interfaces/ma_interfaces/srv/detail/auction_srv__type_support.cpp
[19.709s] -- Installing: /home/gkasha/Documents/maae/install/ma_interfaces/include/ma_interfaces/ma_interfaces/srv/detail/add_goal__rosidl_typesupport_introspection_cpp.hpp
[19.709s] -- Installing: /home/gkasha/Documents/maae/install/ma_interfaces/include/ma_interfaces/ma_interfaces/srv/detail/register__rosidl_typesupport_introspection_cpp.hpp
[19.709s] -- Installing: /home/gkasha/Documents/maae/install/ma_interfaces/include/ma_interfaces/ma_interfaces/srv/detail/auction_result__type_support.cpp
[19.709s] -- Up-to-date: /home/gkasha/Documents/maae/install/ma_interfaces/include/ma_interfaces/ma_interfaces/msg
[19.709s] -- Up-to-date: /home/gkasha/Documents/maae/install/ma_interfaces/include/ma_interfaces/ma_interfaces/msg/detail
[19.709s] -- Installing: /home/gkasha/Documents/maae/install/ma_interfaces/include/ma_interfaces/ma_interfaces/msg/detail/bid__type_support.cpp
[19.709s] -- Installing: /home/gkasha/Documents/maae/install/ma_interfaces/include/ma_interfaces/ma_interfaces/msg/detail/goal__rosidl_typesupport_introspection_cpp.hpp
[19.709s] -- Installing: /home/gkasha/Documents/maae/install/ma_interfaces/include/ma_interfaces/ma_interfaces/msg/detail/task__type_support.cpp
[19.709s] -- Installing: /home/gkasha/Documents/maae/install/ma_interfaces/include/ma_interfaces/ma_interfaces/msg/detail/action_dispatch__rosidl_typesupport_introspection_cpp.hpp
[19.710s] -- Installing: /home/gkasha/Documents/maae/install/ma_interfaces/include/ma_interfaces/ma_interfaces/msg/detail/action_feedback__rosidl_typesupport_introspection_cpp.hpp
[19.710s] -- Installing: /home/gkasha/Documents/maae/install/ma_interfaces/include/ma_interfaces/ma_interfaces/msg/detail/action_dispatch__type_support.cpp
[19.710s] -- Installing: /home/gkasha/Documents/maae/install/ma_interfaces/include/ma_interfaces/ma_interfaces/msg/detail/bid__rosidl_typesupport_introspection_cpp.hpp
[19.710s] -- Up-to-date: /home/gkasha/Documents/maae/install/ma_interfaces/include/ma_interfaces/ma_interfaces/msg/detail/auction_msg__rosidl_typesupport_introspection_cpp.hpp
[19.710s] -- Installing: /home/gkasha/Documents/maae/install/ma_interfaces/include/ma_interfaces/ma_interfaces/msg/detail/node__rosidl_typesupport_introspection_cpp.hpp
[19.710s] -- Installing: /home/gkasha/Documents/maae/install/ma_interfaces/include/ma_interfaces/ma_interfaces/msg/detail/action_feedback__type_support.cpp
[19.710s] -- Installing: /home/gkasha/Documents/maae/install/ma_interfaces/include/ma_interfaces/ma_interfaces/msg/detail/node__type_support.cpp
[19.710s] -- Installing: /home/gkasha/Documents/maae/install/ma_interfaces/include/ma_interfaces/ma_interfaces/msg/detail/goal__type_support.cpp
[19.710s] -- Installing: /home/gkasha/Documents/maae/install/ma_interfaces/include/ma_interfaces/ma_interfaces/msg/detail/task__rosidl_typesupport_introspection_cpp.hpp
[19.710s] -- Up-to-date: /home/gkasha/Documents/maae/install/ma_interfaces/include/ma_interfaces/ma_interfaces/msg/detail/auction_msg__type_support.cpp
[19.710s] -- Installing: /home/gkasha/Documents/maae/install/ma_interfaces/lib/libma_interfaces__rosidl_typesupport_introspection_cpp.so
[19.710s] -- Set runtime path of "/home/gkasha/Documents/maae/install/ma_interfaces/lib/libma_interfaces__rosidl_typesupport_introspection_cpp.so" to ""
[19.710s] -- Up-to-date: /home/gkasha/Documents/maae/install/ma_interfaces/include/ma_interfaces/ma_interfaces
[19.711s] -- Up-to-date: /home/gkasha/Documents/maae/install/ma_interfaces/include/ma_interfaces/ma_interfaces/srv
[19.711s] -- Up-to-date: /home/gkasha/Documents/maae/install/ma_interfaces/include/ma_interfaces/ma_interfaces/srv/detail
[19.711s] -- Up-to-date: /home/gkasha/Documents/maae/install/ma_interfaces/include/ma_interfaces/ma_interfaces/srv/detail/dds_fastrtps
[19.711s] -- Installing: /home/gkasha/Documents/maae/install/ma_interfaces/include/ma_interfaces/ma_interfaces/srv/detail/auction_srv__rosidl_typesupport_fastrtps_cpp.hpp
[19.713s] -- Installing: /home/gkasha/Documents/maae/install/ma_interfaces/include/ma_interfaces/ma_interfaces/srv/detail/register__rosidl_typesupport_fastrtps_cpp.hpp
[19.713s] -- Installing: /home/gkasha/Documents/maae/install/ma_interfaces/include/ma_interfaces/ma_interfaces/srv/detail/get_goal__rosidl_typesupport_fastrtps_cpp.hpp
[19.713s] -- Installing: /home/gkasha/Documents/maae/install/ma_interfaces/include/ma_interfaces/ma_interfaces/srv/detail/auction_result__rosidl_typesupport_fastrtps_cpp.hpp
[19.713s] -- Installing: /home/gkasha/Documents/maae/install/ma_interfaces/include/ma_interfaces/ma_interfaces/srv/detail/get_bid__rosidl_typesupport_fastrtps_cpp.hpp
[19.713s] -- Installing: /home/gkasha/Documents/maae/install/ma_interfaces/include/ma_interfaces/ma_interfaces/srv/detail/add_goal__rosidl_typesupport_fastrtps_cpp.hpp
[19.713s] -- Up-to-date: /home/gkasha/Documents/maae/install/ma_interfaces/include/ma_interfaces/ma_interfaces/msg
[19.713s] -- Up-to-date: /home/gkasha/Documents/maae/install/ma_interfaces/include/ma_interfaces/ma_interfaces/msg/detail
[19.713s] -- Installing: /home/gkasha/Documents/maae/install/ma_interfaces/include/ma_interfaces/ma_interfaces/msg/detail/goal__rosidl_typesupport_fastrtps_cpp.hpp
[19.714s] -- Installing: /home/gkasha/Documents/maae/install/ma_interfaces/include/ma_interfaces/ma_interfaces/msg/detail/action_dispatch__rosidl_typesupport_fastrtps_cpp.hpp
[19.714s] -- Up-to-date: /home/gkasha/Documents/maae/install/ma_interfaces/include/ma_interfaces/ma_interfaces/msg/detail/dds_fastrtps
[19.714s] -- Installing: /home/gkasha/Documents/maae/install/ma_interfaces/include/ma_interfaces/ma_interfaces/msg/detail/bid__rosidl_typesupport_fastrtps_cpp.hpp
[19.714s] -- Installing: /home/gkasha/Documents/maae/install/ma_interfaces/include/ma_interfaces/ma_interfaces/msg/detail/node__rosidl_typesupport_fastrtps_cpp.hpp
[19.714s] -- Installing: /home/gkasha/Documents/maae/install/ma_interfaces/include/ma_interfaces/ma_interfaces/msg/detail/task__rosidl_typesupport_fastrtps_cpp.hpp
[19.714s] -- Up-to-date: /home/gkasha/Documents/maae/install/ma_interfaces/include/ma_interfaces/ma_interfaces/msg/detail/auction_msg__rosidl_typesupport_fastrtps_cpp.hpp
[19.715s] -- Installing: /home/gkasha/Documents/maae/install/ma_interfaces/include/ma_interfaces/ma_interfaces/msg/detail/action_feedback__rosidl_typesupport_fastrtps_cpp.hpp
[19.715s] -- Up-to-date: /home/gkasha/Documents/maae/install/ma_interfaces/include/ma_interfaces/ma_interfaces/msg/rosidl_typesupport_fastrtps_cpp__visibility_control.h
[19.715s] -- Installing: /home/gkasha/Documents/maae/install/ma_interfaces/lib/libma_interfaces__rosidl_typesupport_fastrtps_cpp.so
[19.715s] -- Set runtime path of "/home/gkasha/Documents/maae/install/ma_interfaces/lib/libma_interfaces__rosidl_typesupport_fastrtps_cpp.so" to ""
[19.715s] -- Installing: /home/gkasha/Documents/maae/install/ma_interfaces/lib/libma_interfaces__rosidl_typesupport_cpp.so
[19.715s] -- Set runtime path of "/home/gkasha/Documents/maae/install/ma_interfaces/lib/libma_interfaces__rosidl_typesupport_cpp.so" to ""
[19.715s] -- Up-to-date: /home/gkasha/Documents/maae/install/ma_interfaces/share/ma_interfaces/environment/pythonpath.sh
[19.715s] -- Installing: /home/gkasha/Documents/maae/install/ma_interfaces/share/ma_interfaces/environment/pythonpath.dsv
[19.715s] -- Up-to-date: /home/gkasha/Documents/maae/install/ma_interfaces/local/lib/python3.10/dist-packages/ma_interfaces-0.0.0-py3.10.egg-info
[19.715s] -- Installing: /home/gkasha/Documents/maae/install/ma_interfaces/local/lib/python3.10/dist-packages/ma_interfaces-0.0.0-py3.10.egg-info/SOURCES.txt
[19.715s] -- Installing: /home/gkasha/Documents/maae/install/ma_interfaces/local/lib/python3.10/dist-packages/ma_interfaces-0.0.0-py3.10.egg-info/PKG-INFO
[19.715s] -- Installing: /home/gkasha/Documents/maae/install/ma_interfaces/local/lib/python3.10/dist-packages/ma_interfaces-0.0.0-py3.10.egg-info/dependency_links.txt
[19.715s] -- Installing: /home/gkasha/Documents/maae/install/ma_interfaces/local/lib/python3.10/dist-packages/ma_interfaces-0.0.0-py3.10.egg-info/top_level.txt
[19.716s] -- Up-to-date: /home/gkasha/Documents/maae/install/ma_interfaces/local/lib/python3.10/dist-packages/ma_interfaces
[19.716s] -- Installing: /home/gkasha/Documents/maae/install/ma_interfaces/local/lib/python3.10/dist-packages/ma_interfaces/libma_interfaces__rosidl_generator_py.so
[19.716s] -- Up-to-date: /home/gkasha/Documents/maae/install/ma_interfaces/local/lib/python3.10/dist-packages/ma_interfaces/srv
[19.716s] -- Installing: /home/gkasha/Documents/maae/install/ma_interfaces/local/lib/python3.10/dist-packages/ma_interfaces/srv/_auction_srv.py
[19.716s] -- Installing: /home/gkasha/Documents/maae/install/ma_interfaces/local/lib/python3.10/dist-packages/ma_interfaces/srv/_register.py
[19.717s] -- Installing: /home/gkasha/Documents/maae/install/ma_interfaces/local/lib/python3.10/dist-packages/ma_interfaces/srv/_auction_srv_s.c
[19.717s] -- Installing: /home/gkasha/Documents/maae/install/ma_interfaces/local/lib/python3.10/dist-packages/ma_interfaces/srv/_add_goal.py
[19.717s] -- Installing: /home/gkasha/Documents/maae/install/ma_interfaces/local/lib/python3.10/dist-packages/ma_interfaces/srv/_get_goal.py
[19.717s] -- Installing: /home/gkasha/Documents/maae/install/ma_interfaces/local/lib/python3.10/dist-packages/ma_interfaces/srv/_auction_result.py
[19.717s] -- Installing: /home/gkasha/Documents/maae/install/ma_interfaces/local/lib/python3.10/dist-packages/ma_interfaces/srv/_auction_result_s.c
[19.717s] -- Installing: /home/gkasha/Documents/maae/install/ma_interfaces/local/lib/python3.10/dist-packages/ma_interfaces/srv/_get_bid_s.c
[19.718s] -- Installing: /home/gkasha/Documents/maae/install/ma_interfaces/local/lib/python3.10/dist-packages/ma_interfaces/srv/__init__.py
[19.718s] -- Installing: /home/gkasha/Documents/maae/install/ma_interfaces/local/lib/python3.10/dist-packages/ma_interfaces/srv/_add_goal_s.c
[19.718s] -- Installing: /home/gkasha/Documents/maae/install/ma_interfaces/local/lib/python3.10/dist-packages/ma_interfaces/srv/_register_s.c
[19.718s] -- Installing: /home/gkasha/Documents/maae/install/ma_interfaces/local/lib/python3.10/dist-packages/ma_interfaces/srv/_get_bid.py
[19.720s] -- Installing: /home/gkasha/Documents/maae/install/ma_interfaces/local/lib/python3.10/dist-packages/ma_interfaces/srv/_get_goal_s.c
[19.720s] -- Installing: /home/gkasha/Documents/maae/install/ma_interfaces/local/lib/python3.10/dist-packages/ma_interfaces/_ma_interfaces_s.ep.rosidl_typesupport_introspection_c.c
[19.720s] -- Up-to-date: /home/gkasha/Documents/maae/install/ma_interfaces/local/lib/python3.10/dist-packages/ma_interfaces/msg
[19.720s] -- Installing: /home/gkasha/Documents/maae/install/ma_interfaces/local/lib/python3.10/dist-packages/ma_interfaces/msg/_task.py
[19.720s] -- Installing: /home/gkasha/Documents/maae/install/ma_interfaces/local/lib/python3.10/dist-packages/ma_interfaces/msg/_bid.py
[19.720s] -- Installing: /home/gkasha/Documents/maae/install/ma_interfaces/local/lib/python3.10/dist-packages/ma_interfaces/msg/_goal_s.c
[19.720s] -- Installing: /home/gkasha/Documents/maae/install/ma_interfaces/local/lib/python3.10/dist-packages/ma_interfaces/msg/_action_feedback_s.c
[19.721s] -- Installing: /home/gkasha/Documents/maae/install/ma_interfaces/local/lib/python3.10/dist-packages/ma_interfaces/msg/_action_dispatch_s.c
[19.721s] -- Installing: /home/gkasha/Documents/maae/install/ma_interfaces/local/lib/python3.10/dist-packages/ma_interfaces/msg/_task_s.c
[19.721s] -- Installing: /home/gkasha/Documents/maae/install/ma_interfaces/local/lib/python3.10/dist-packages/ma_interfaces/msg/_action_dispatch.py
[19.721s] -- Installing: /home/gkasha/Documents/maae/install/ma_interfaces/local/lib/python3.10/dist-packages/ma_interfaces/msg/_bid_s.c
[19.721s] -- Installing: /home/gkasha/Documents/maae/install/ma_interfaces/local/lib/python3.10/dist-packages/ma_interfaces/msg/__init__.py
[19.721s] -- Installing: /home/gkasha/Documents/maae/install/ma_interfaces/local/lib/python3.10/dist-packages/ma_interfaces/msg/_node.py
[19.721s] -- Installing: /home/gkasha/Documents/maae/install/ma_interfaces/local/lib/python3.10/dist-packages/ma_interfaces/msg/_action_feedback.py
[19.721s] -- Up-to-date: /home/gkasha/Documents/maae/install/ma_interfaces/local/lib/python3.10/dist-packages/ma_interfaces/msg/_auction_msg.py
[19.721s] -- Installing: /home/gkasha/Documents/maae/install/ma_interfaces/local/lib/python3.10/dist-packages/ma_interfaces/msg/_node_s.c
[19.722s] -- Up-to-date: /home/gkasha/Documents/maae/install/ma_interfaces/local/lib/python3.10/dist-packages/ma_interfaces/msg/_auction_msg_s.c
[19.722s] -- Installing: /home/gkasha/Documents/maae/install/ma_interfaces/local/lib/python3.10/dist-packages/ma_interfaces/msg/_goal.py
[19.722s] -- Installing: /home/gkasha/Documents/maae/install/ma_interfaces/local/lib/python3.10/dist-packages/ma_interfaces/__init__.py
[19.722s] -- Installing: /home/gkasha/Documents/maae/install/ma_interfaces/local/lib/python3.10/dist-packages/ma_interfaces/_ma_interfaces_s.ep.rosidl_typesupport_c.c
[19.722s] -- Installing: /home/gkasha/Documents/maae/install/ma_interfaces/local/lib/python3.10/dist-packages/ma_interfaces/ma_interfaces_s__rosidl_typesupport_c.cpython-310-x86_64-linux-gnu.so
[19.722s] -- Installing: /home/gkasha/Documents/maae/install/ma_interfaces/local/lib/python3.10/dist-packages/ma_interfaces/ma_interfaces_s__rosidl_typesupport_fastrtps_c.cpython-310-x86_64-linux-gnu.so
[19.722s] -- Installing: /home/gkasha/Documents/maae/install/ma_interfaces/local/lib/python3.10/dist-packages/ma_interfaces/ma_interfaces_s__rosidl_typesupport_introspection_c.cpython-310-x86_64-linux-gnu.so
[19.722s] -- Installing: /home/gkasha/Documents/maae/install/ma_interfaces/local/lib/python3.10/dist-packages/ma_interfaces/_ma_interfaces_s.ep.rosidl_typesupport_fastrtps_c.c
[19.875s] Listing '/home/gkasha/Documents/maae/install/ma_interfaces/local/lib/python3.10/dist-packages/ma_interfaces'...
[19.875s] Compiling '/home/gkasha/Documents/maae/install/ma_interfaces/local/lib/python3.10/dist-packages/ma_interfaces/__init__.py'...
[19.875s] Listing '/home/gkasha/Documents/maae/install/ma_interfaces/local/lib/python3.10/dist-packages/ma_interfaces/msg'...
[19.875s] Compiling '/home/gkasha/Documents/maae/install/ma_interfaces/local/lib/python3.10/dist-packages/ma_interfaces/msg/__init__.py'...
[19.875s] Compiling '/home/gkasha/Documents/maae/install/ma_interfaces/local/lib/python3.10/dist-packages/ma_interfaces/msg/_action_dispatch.py'...
[19.875s] Compiling '/home/gkasha/Documents/maae/install/ma_interfaces/local/lib/python3.10/dist-packages/ma_interfaces/msg/_action_feedback.py'...
[19.875s] Compiling '/home/gkasha/Documents/maae/install/ma_interfaces/local/lib/python3.10/dist-packages/ma_interfaces/msg/_bid.py'...
[19.876s] Compiling '/home/gkasha/Documents/maae/install/ma_interfaces/local/lib/python3.10/dist-packages/ma_interfaces/msg/_goal.py'...
[19.876s] Compiling '/home/gkasha/Documents/maae/install/ma_interfaces/local/lib/python3.10/dist-packages/ma_interfaces/msg/_node.py'...
[19.876s] Compiling '/home/gkasha/Documents/maae/install/ma_interfaces/local/lib/python3.10/dist-packages/ma_interfaces/msg/_task.py'...
[19.876s] Listing '/home/gkasha/Documents/maae/install/ma_interfaces/local/lib/python3.10/dist-packages/ma_interfaces/srv'...
[19.876s] Compiling '/home/gkasha/Documents/maae/install/ma_interfaces/local/lib/python3.10/dist-packages/ma_interfaces/srv/__init__.py'...
[19.876s] Compiling '/home/gkasha/Documents/maae/install/ma_interfaces/local/lib/python3.10/dist-packages/ma_interfaces/srv/_add_goal.py'...
[19.876s] Compiling '/home/gkasha/Documents/maae/install/ma_interfaces/local/lib/python3.10/dist-packages/ma_interfaces/srv/_auction_result.py'...
[19.877s] Compiling '/home/gkasha/Documents/maae/install/ma_interfaces/local/lib/python3.10/dist-packages/ma_interfaces/srv/_auction_srv.py'...
[19.877s] Compiling '/home/gkasha/Documents/maae/install/ma_interfaces/local/lib/python3.10/dist-packages/ma_interfaces/srv/_get_bid.py'...
[19.877s] Compiling '/home/gkasha/Documents/maae/install/ma_interfaces/local/lib/python3.10/dist-packages/ma_interfaces/srv/_get_goal.py'...
[19.877s] Compiling '/home/gkasha/Documents/maae/install/ma_interfaces/local/lib/python3.10/dist-packages/ma_interfaces/srv/_register.py'...
[19.881s] -- Installing: /home/gkasha/Documents/maae/install/ma_interfaces/local/lib/python3.10/dist-packages/ma_interfaces/ma_interfaces_s__rosidl_typesupport_introspection_c.cpython-310-x86_64-linux-gnu.so
[19.881s] -- Set runtime path of "/home/gkasha/Documents/maae/install/ma_interfaces/local/lib/python3.10/dist-packages/ma_interfaces/ma_interfaces_s__rosidl_typesupport_introspection_c.cpython-310-x86_64-linux-gnu.so" to ""
[19.881s] -- Installing: /home/gkasha/Documents/maae/install/ma_interfaces/local/lib/python3.10/dist-packages/ma_interfaces/ma_interfaces_s__rosidl_typesupport_fastrtps_c.cpython-310-x86_64-linux-gnu.so
[19.882s] -- Set runtime path of "/home/gkasha/Documents/maae/install/ma_interfaces/local/lib/python3.10/dist-packages/ma_interfaces/ma_interfaces_s__rosidl_typesupport_fastrtps_c.cpython-310-x86_64-linux-gnu.so" to ""
[19.883s] -- Installing: /home/gkasha/Documents/maae/install/ma_interfaces/local/lib/python3.10/dist-packages/ma_interfaces/ma_interfaces_s__rosidl_typesupport_c.cpython-310-x86_64-linux-gnu.so
[19.883s] -- Set runtime path of "/home/gkasha/Documents/maae/install/ma_interfaces/local/lib/python3.10/dist-packages/ma_interfaces/ma_interfaces_s__rosidl_typesupport_c.cpython-310-x86_64-linux-gnu.so" to ""
[19.883s] -- Installing: /home/gkasha/Documents/maae/install/ma_interfaces/lib/libma_interfaces__rosidl_generator_py.so
[19.884s] -- Set runtime path of "/home/gkasha/Documents/maae/install/ma_interfaces/lib/libma_interfaces__rosidl_generator_py.so" to ""
[19.884s] -- Up-to-date: /home/gkasha/Documents/maae/install/ma_interfaces/share/ma_interfaces/msg/ActionDispatch.idl
[19.884s] -- Installing: /home/gkasha/Documents/maae/install/ma_interfaces/share/ma_interfaces/msg/ActionFeedback.idl
[19.885s] -- Up-to-date: /home/gkasha/Documents/maae/install/ma_interfaces/share/ma_interfaces/msg/Node.idl
[19.885s] -- Up-to-date: /home/gkasha/Documents/maae/install/ma_interfaces/share/ma_interfaces/msg/Bid.idl
[19.885s] -- Up-to-date: /home/gkasha/Documents/maae/install/ma_interfaces/share/ma_interfaces/msg/Task.idl
[19.885s] -- Up-to-date: /home/gkasha/Documents/maae/install/ma_interfaces/share/ma_interfaces/msg/Goal.idl
[19.886s] -- Up-to-date: /home/gkasha/Documents/maae/install/ma_interfaces/share/ma_interfaces/srv/Register.idl
[19.886s] -- Up-to-date: /home/gkasha/Documents/maae/install/ma_interfaces/share/ma_interfaces/srv/AuctionSrv.idl
[19.886s] -- Up-to-date: /home/gkasha/Documents/maae/install/ma_interfaces/share/ma_interfaces/srv/AuctionResult.idl
[19.886s] -- Up-to-date: /home/gkasha/Documents/maae/install/ma_interfaces/share/ma_interfaces/srv/GetGoal.idl
[19.886s] -- Up-to-date: /home/gkasha/Documents/maae/install/ma_interfaces/share/ma_interfaces/srv/GetBid.idl
[19.886s] -- Up-to-date: /home/gkasha/Documents/maae/install/ma_interfaces/share/ma_interfaces/srv/AddGoal.idl
[19.886s] -- Up-to-date: /home/gkasha/Documents/maae/install/ma_interfaces/share/ma_interfaces/msg/ActionDispatch.msg
[19.887s] -- Installing: /home/gkasha/Documents/maae/install/ma_interfaces/share/ma_interfaces/msg/ActionFeedback.msg
[19.887s] -- Up-to-date: /home/gkasha/Documents/maae/install/ma_interfaces/share/ma_interfaces/msg/Node.msg
[19.887s] -- Up-to-date: /home/gkasha/Documents/maae/install/ma_interfaces/share/ma_interfaces/msg/Bid.msg
[19.887s] -- Up-to-date: /home/gkasha/Documents/maae/install/ma_interfaces/share/ma_interfaces/msg/Task.msg
[19.887s] -- Up-to-date: /home/gkasha/Documents/maae/install/ma_interfaces/share/ma_interfaces/msg/Goal.msg
[19.887s] -- Up-to-date: /home/gkasha/Documents/maae/install/ma_interfaces/share/ma_interfaces/srv/Register.srv
[19.887s] -- Up-to-date: /home/gkasha/Documents/maae/install/ma_interfaces/share/ma_interfaces/srv/Register_Request.msg
[19.887s] -- Up-to-date: /home/gkasha/Documents/maae/install/ma_interfaces/share/ma_interfaces/srv/Register_Response.msg
[19.887s] -- Up-to-date: /home/gkasha/Documents/maae/install/ma_interfaces/share/ma_interfaces/srv/AuctionSrv.srv
[19.887s] -- Up-to-date: /home/gkasha/Documents/maae/install/ma_interfaces/share/ma_interfaces/srv/AuctionSrv_Request.msg
[19.888s] -- Up-to-date: /home/gkasha/Documents/maae/install/ma_interfaces/share/ma_interfaces/srv/AuctionSrv_Response.msg
[19.888s] -- Up-to-date: /home/gkasha/Documents/maae/install/ma_interfaces/share/ma_interfaces/srv/AuctionResult.srv
[19.888s] -- Up-to-date: /home/gkasha/Documents/maae/install/ma_interfaces/share/ma_interfaces/srv/AuctionResult_Request.msg
[19.888s] -- Up-to-date: /home/gkasha/Documents/maae/install/ma_interfaces/share/ma_interfaces/srv/AuctionResult_Response.msg
[19.888s] -- Up-to-date: /home/gkasha/Documents/maae/install/ma_interfaces/share/ma_interfaces/srv/GetGoal.srv
[19.888s] -- Up-to-date: /home/gkasha/Documents/maae/install/ma_interfaces/share/ma_interfaces/srv/GetGoal_Request.msg
[19.888s] -- Up-to-date: /home/gkasha/Documents/maae/install/ma_interfaces/share/ma_interfaces/srv/GetGoal_Response.msg
[19.888s] -- Up-to-date: /home/gkasha/Documents/maae/install/ma_interfaces/share/ma_interfaces/srv/GetBid.srv
[19.888s] -- Up-to-date: /home/gkasha/Documents/maae/install/ma_interfaces/share/ma_interfaces/srv/GetBid_Request.msg
[19.888s] -- Up-to-date: /home/gkasha/Documents/maae/install/ma_interfaces/share/ma_interfaces/srv/GetBid_Response.msg
[19.888s] -- Up-to-date: /home/gkasha/Documents/maae/install/ma_interfaces/share/ma_interfaces/srv/AddGoal.srv
[19.888s] -- Up-to-date: /home/gkasha/Documents/maae/install/ma_interfaces/share/ma_interfaces/srv/AddGoal_Request.msg
[19.888s] -- Up-to-date: /home/gkasha/Documents/maae/install/ma_interfaces/share/ma_interfaces/srv/AddGoal_Response.msg
[19.888s] -- Up-to-date: /home/gkasha/Documents/maae/install/ma_interfaces/share/ament_index/resource_index/package_run_dependencies/ma_interfaces
[19.888s] -- Up-to-date: /home/gkasha/Documents/maae/install/ma_interfaces/share/ament_index/resource_index/parent_prefix_path/ma_interfaces
[19.889s] -- Installing: /home/gkasha/Documents/maae/install/ma_interfaces/share/ma_interfaces/environment/ament_prefix_path.dsv
[19.889s] -- Installing: /home/gkasha/Documents/maae/install/ma_interfaces/share/ma_interfaces/environment/path.dsv
[19.889s] -- Up-to-date: /home/gkasha/Documents/maae/install/ma_interfaces/share/ma_interfaces/local_setup.bash
[19.889s] -- Up-to-date: /home/gkasha/Documents/maae/install/ma_interfaces/share/ma_interfaces/local_setup.sh
[19.889s] -- Up-to-date: /home/gkasha/Documents/maae/install/ma_interfaces/share/ma_interfaces/local_setup.zsh
[19.889s] -- Installing: /home/gkasha/Documents/maae/install/ma_interfaces/share/ma_interfaces/local_setup.dsv
[19.889s] -- Installing: /home/gkasha/Documents/maae/install/ma_interfaces/share/ma_interfaces/package.dsv
[19.889s] -- Up-to-date: /home/gkasha/Documents/maae/install/ma_interfaces/share/ament_index/resource_index/packages/ma_interfaces
[19.889s] -- Up-to-date: /home/gkasha/Documents/maae/install/ma_interfaces/share/ma_interfaces/cmake/export_ma_interfaces__rosidl_generator_cExport.cmake
[19.889s] -- Up-to-date: /home/gkasha/Documents/maae/install/ma_interfaces/share/ma_interfaces/cmake/export_ma_interfaces__rosidl_generator_cExport-noconfig.cmake
[19.890s] -- Up-to-date: /home/gkasha/Documents/maae/install/ma_interfaces/share/ma_interfaces/cmake/ma_interfaces__rosidl_typesupport_introspection_cExport.cmake
[19.890s] -- Up-to-date: /home/gkasha/Documents/maae/install/ma_interfaces/share/ma_interfaces/cmake/ma_interfaces__rosidl_typesupport_introspection_cExport-noconfig.cmake
[19.890s] -- Up-to-date: /home/gkasha/Documents/maae/install/ma_interfaces/share/ma_interfaces/cmake/export_ma_interfaces__rosidl_typesupport_fastrtps_cExport.cmake
[19.890s] -- Up-to-date: /home/gkasha/Documents/maae/install/ma_interfaces/share/ma_interfaces/cmake/export_ma_interfaces__rosidl_typesupport_fastrtps_cExport-noconfig.cmake
[19.890s] -- Up-to-date: /home/gkasha/Documents/maae/install/ma_interfaces/share/ma_interfaces/cmake/ma_interfaces__rosidl_typesupport_cExport.cmake
[19.890s] -- Up-to-date: /home/gkasha/Documents/maae/install/ma_interfaces/share/ma_interfaces/cmake/ma_interfaces__rosidl_typesupport_cExport-noconfig.cmake
[19.891s] -- Up-to-date: /home/gkasha/Documents/maae/install/ma_interfaces/share/ma_interfaces/cmake/export_ma_interfaces__rosidl_generator_cppExport.cmake
[19.891s] -- Up-to-date: /home/gkasha/Documents/maae/install/ma_interfaces/share/ma_interfaces/cmake/ma_interfaces__rosidl_typesupport_introspection_cppExport.cmake
[19.891s] -- Up-to-date: /home/gkasha/Documents/maae/install/ma_interfaces/share/ma_interfaces/cmake/ma_interfaces__rosidl_typesupport_introspection_cppExport-noconfig.cmake
[19.891s] -- Up-to-date: /home/gkasha/Documents/maae/install/ma_interfaces/share/ma_interfaces/cmake/export_ma_interfaces__rosidl_typesupport_fastrtps_cppExport.cmake
[19.891s] -- Up-to-date: /home/gkasha/Documents/maae/install/ma_interfaces/share/ma_interfaces/cmake/export_ma_interfaces__rosidl_typesupport_fastrtps_cppExport-noconfig.cmake
[19.892s] -- Up-to-date: /home/gkasha/Documents/maae/install/ma_interfaces/share/ma_interfaces/cmake/ma_interfaces__rosidl_typesupport_cppExport.cmake
[19.892s] -- Up-to-date: /home/gkasha/Documents/maae/install/ma_interfaces/share/ma_interfaces/cmake/ma_interfaces__rosidl_typesupport_cppExport-noconfig.cmake
[19.892s] -- Up-to-date: /home/gkasha/Documents/maae/install/ma_interfaces/share/ma_interfaces/cmake/export_ma_interfaces__rosidl_generator_pyExport.cmake
[19.892s] -- Up-to-date: /home/gkasha/Documents/maae/install/ma_interfaces/share/ma_interfaces/cmake/export_ma_interfaces__rosidl_generator_pyExport-noconfig.cmake
[19.892s] -- Up-to-date: /home/gkasha/Documents/maae/install/ma_interfaces/share/ma_interfaces/cmake/rosidl_cmake-extras.cmake
[19.892s] -- Up-to-date: /home/gkasha/Documents/maae/install/ma_interfaces/share/ma_interfaces/cmake/ament_cmake_export_include_directories-extras.cmake
[19.892s] -- Up-to-date: /home/gkasha/Documents/maae/install/ma_interfaces/share/ma_interfaces/cmake/ament_cmake_export_libraries-extras.cmake
[19.892s] -- Up-to-date: /home/gkasha/Documents/maae/install/ma_interfaces/share/ma_interfaces/cmake/ament_cmake_export_targets-extras.cmake
[19.892s] -- Up-to-date: /home/gkasha/Documents/maae/install/ma_interfaces/share/ma_interfaces/cmake/rosidl_cmake_export_typesupport_targets-extras.cmake
[19.892s] -- Up-to-date: /home/gkasha/Documents/maae/install/ma_interfaces/share/ma_interfaces/cmake/ament_cmake_export_dependencies-extras.cmake
[19.893s] -- Up-to-date: /home/gkasha/Documents/maae/install/ma_interfaces/share/ma_interfaces/cmake/rosidl_cmake_export_typesupport_libraries-extras.cmake
[19.893s] -- Up-to-date: /home/gkasha/Documents/maae/install/ma_interfaces/share/ma_interfaces/cmake/ma_interfacesConfig.cmake
[19.893s] -- Up-to-date: /home/gkasha/Documents/maae/install/ma_interfaces/share/ma_interfaces/cmake/ma_interfacesConfig-version.cmake
[19.893s] -- Up-to-date: /home/gkasha/Documents/maae/install/ma_interfaces/share/ma_interfaces/package.xml
[19.897s] Invoked command in '/home/gkasha/Documents/maae/build/ma_interfaces' returned '0': CMAKE_PREFIX_PATH=${CMAKE_PREFIX_PATH}:/home/gkasha/ros2_humble/install/rqt_bag_plugins:/home/gkasha/ros2_humble/install/rqt_bag:/home/gkasha/ros2_humble/install/ros2bag:/home/gkasha/ros2_humble/install/tracetools_test:/home/gkasha/ros2_humble/install/tracetools_launch:/home/gkasha/ros2_humble/install/topic_monitor:/home/gkasha/ros2_humble/install/tf2_tools:/home/gkasha/ros2_humble/install/examples_tf2_py:/home/gkasha/ros2_humble/install/tf2_ros_py:/home/gkasha/ros2_humble/install/sros2:/home/gkasha/ros2_humble/install/rqt_topic:/home/gkasha/ros2_humble/install/rqt_srv:/home/gkasha/ros2_humble/install/rqt_shell:/home/gkasha/ros2_humble/install/rqt_service_caller:/home/gkasha/ros2_humble/install/rqt_reconfigure:/home/gkasha/ros2_humble/install/rqt_py_console:/home/gkasha/ros2_humble/install/rqt_publisher:/home/gkasha/ros2_humble/install/rqt_plot:/home/gkasha/ros2_humble/install/rqt_action:/home/gkasha/ros2_humble/install/rqt_msg:/home/gkasha/ros2_humble/install/rqt_console:/home/gkasha/ros2_humble/install/rqt:/home/gkasha/ros2_humble/install/rqt_graph:/home/gkasha/ros2_humble/install/rqt_gui_py:/home/gkasha/ros2_humble/install/rqt_gui:/home/gkasha/ros2_humble/install/ros2trace:/home/gkasha/ros2_humble/install/ros2topic:/home/gkasha/ros2_humble/install/ros2test:/home/gkasha/ros2_humble/install/ros2component:/home/gkasha/ros2_humble/install/ros2param:/home/gkasha/ros2_humble/install/ros2lifecycle:/home/gkasha/ros2_humble/install/ros2service:/home/gkasha/ros2_humble/install/ros2run:/home/gkasha/ros2_humble/install/ros2launch:/home/gkasha/ros2_humble/install/ros2pkg:/home/gkasha/ros2_humble/install/ros2node:/home/gkasha/ros2_humble/install/ros2multicast:/home/gkasha/ros2_humble/install/ros2interface:/home/gkasha/ros2_humble/install/ros2doctor:/home/gkasha/ros2_humble/install/ros2action:/home/gkasha/ros2_humble/install/ros2cli:/home/gkasha/ros2_humble/install/quality_of_service_demo_py:/home/gkasha/ros2_humble/install/lifecycle_py:/home/gkasha/ros2_humble/install/launch_testing_ros:/home/gkasha/ros2_humble/install/launch_ros:/home/gkasha/ros2_humble/install/examples_rclpy_pointcloud_publisher:/home/gkasha/ros2_humble/install/examples_rclpy_minimal_subscriber:/home/gkasha/ros2_humble/install/examples_rclpy_minimal_service:/home/gkasha/ros2_humble/install/examples_rclpy_minimal_publisher:/home/gkasha/ros2_humble/install/examples_rclpy_minimal_client:/home/gkasha/ros2_humble/install/examples_rclpy_minimal_action_server:/home/gkasha/ros2_humble/install/examples_rclpy_minimal_action_client:/home/gkasha/ros2_humble/install/examples_rclpy_guard_conditions:/home/gkasha/ros2_humble/install/examples_rclpy_executors:/home/gkasha/ros2_humble/install/demo_nodes_py:/home/gkasha/ros2_humble/install/action_tutorials_py:/home/gkasha/ros2_humble/install/ament_uncrustify:/home/gkasha/ros2_humble/install/tracetools_trace:/home/gkasha/ros2_humble/install/tracetools_read:/home/gkasha/ros2_humble/install/test_tracetools_launch:/home/gkasha/ros2_humble/install/test_launch_ros:/home/gkasha/ros2_humble/install/sensor_msgs_py:/home/gkasha/ros2_humble/install/rpyutils:/home/gkasha/ros2_humble/install/rosidl_runtime_py:/home/gkasha/ros2_humble/install/rosidl_cli:/home/gkasha/ros2_humble/install/launch_pytest:/home/gkasha/ros2_humble/install/launch_testing:/home/gkasha/ros2_humble/install/launch_yaml:/home/gkasha/ros2_humble/install/launch_xml:/home/gkasha/ros2_humble/install/launch:/home/gkasha/ros2_humble/install/osrf_pycommon:/home/gkasha/ros2_humble/install/launch_testing_examples:/home/gkasha/ros2_humble/install/domain_coordinator:/home/gkasha/ros2_humble/install/ament_xmllint:/home/gkasha/ros2_humble/install/ament_pyflakes:/home/gkasha/ros2_humble/install/ament_pycodestyle:/home/gkasha/ros2_humble/install/ament_pep257:/home/gkasha/ros2_humble/install/ament_pclint:/home/gkasha/ros2_humble/install/ament_package:/home/gkasha/ros2_humble/install/ament_mypy:/home/gkasha/ros2_humble/install/ament_lint_cmake:/home/gkasha/ros2_humble/install/ament_flake8:/home/gkasha/ros2_humble/install/ament_copyright:/home/gkasha/ros2_humble/install/ament_lint:/home/gkasha/ros2_humble/install/ament_index_python:/home/gkasha/ros2_humble/install/ament_cpplint:/home/gkasha/ros2_humble/install/ament_cppcheck:/home/gkasha/ros2_humble/install/ament_clang_tidy:/home/gkasha/ros2_humble/install/ament_clang_format /usr/bin/cmake --install /home/gkasha/Documents/maae/build/ma_interfaces
