[35m[1mConsolidate compiler generated dependencies of target agent[0m
[ 33%] Built target client
[ 33%] [32mBuilding CXX object CMakeFiles/agent.dir/src/agent.cpp.o[0m
[ 55%] Built target execution_interface
[ 77%] Built target goal_manager
[01m[K/home/gkasha/Documents/maae/src/auction/src/agent.cpp:[m[K In member function ‘[01m[Kstd::vector<ma_interfaces::msg::Bid_<std::allocator<void> > > Agent::choose_winners(ma_interfaces::msg::Task)[m[K’:
[01m[K/home/gkasha/Documents/maae/src/auction/src/agent.cpp:94:111:[m[K [01;31m[Kerror: [m[Kclass template argument deduction failed:
   94 |         overlaps = map([](ma_interfaces::msg::Bid bid){return std::vector<ma_interfaces::msg::Bid>{bid};},bids[01;31m[K)[m[K;
      |                                                                                                               [01;31m[K^[m[K
[01m[K/home/gkasha/Documents/maae/src/auction/src/agent.cpp:94:111:[m[K [01;31m[Kerror: [m[Kno matching function for call to ‘[01m[Kmap(Agent::choose_winners(ma_interfaces::msg::Task)::<lambda(ma_interfaces::msg::Bid)>, std::vector<ma_interfaces::msg::Bid_<std::allocator<void> > >&)[m[K’
In file included from [01m[K/usr/include/c++/11/map:61[m[K,
                 from [01m[K/home/gkasha/ros2_humble/install/rclcpp/include/rclcpp/rclcpp/executor.hpp:24[m[K,
                 from [01m[K/home/gkasha/ros2_humble/install/rclcpp/include/rclcpp/rclcpp/executors/multi_threaded_executor.hpp:25[m[K,
                 from [01m[K/home/gkasha/ros2_humble/install/rclcpp/include/rclcpp/rclcpp/executors.hpp:21[m[K,
                 from [01m[K/home/gkasha/ros2_humble/install/rclcpp/include/rclcpp/rclcpp/rclcpp.hpp:155[m[K,
                 from [01m[K/home/gkasha/Documents/maae/src/auction/include/auction/agent.hpp:5[m[K,
                 from [01m[K/home/gkasha/Documents/maae/src/auction/src/agent.cpp:1[m[K:
[01m[K/usr/include/c++/11/bits/stl_map.h:290:9:[m[K [01;36m[Knote: [m[Kcandidate: ‘[01m[Ktemplate<class _Key, class _Tp, class _Compare, class _Alloc, class _InputIterator> map(_InputIterator, _InputIterator, const _Compare&, const _Alloc&)-> std::map<_Key, _Tp, _Compare, _Alloc>[m[K’
  290 |         [01;36m[Kmap[m[K(_InputIterator __first, _InputIterator __last,
      |         [01;36m[K^~~[m[K
[01m[K/usr/include/c++/11/bits/stl_map.h:290:9:[m[K [01;36m[Knote: [m[K  template argument deduction/substitution failed:
[01m[K/home/gkasha/Documents/maae/src/auction/src/agent.cpp:94:111:[m[K [01;36m[Knote: [m[K  deduced conflicting types for parameter ‘[01m[K_InputIterator[m[K’ (‘[01m[KAgent::choose_winners(ma_interfaces::msg::Task)::<lambda(ma_interfaces::msg::Bid)>[m[K’ and ‘[01m[Kstd::vector<ma_interfaces::msg::Bid_<std::allocator<void> > >[m[K’)
   94 |         overlaps = map([](ma_interfaces::msg::Bid bid){return std::vector<ma_interfaces::msg::Bid>{bid};},bids[01;36m[K)[m[K;
      |                                                                                                               [01;36m[K^[m[K
In file included from [01m[K/usr/include/c++/11/map:61[m[K,
                 from [01m[K/home/gkasha/ros2_humble/install/rclcpp/include/rclcpp/rclcpp/executor.hpp:24[m[K,
                 from [01m[K/home/gkasha/ros2_humble/install/rclcpp/include/rclcpp/rclcpp/executors/multi_threaded_executor.hpp:25[m[K,
                 from [01m[K/home/gkasha/ros2_humble/install/rclcpp/include/rclcpp/rclcpp/executors.hpp:21[m[K,
                 from [01m[K/home/gkasha/ros2_humble/install/rclcpp/include/rclcpp/rclcpp/rclcpp.hpp:155[m[K,
                 from [01m[K/home/gkasha/Documents/maae/src/auction/include/auction/agent.hpp:5[m[K,
                 from [01m[K/home/gkasha/Documents/maae/src/auction/src/agent.cpp:1[m[K:
[01m[K/usr/include/c++/11/bits/stl_map.h:273:9:[m[K [01;36m[Knote: [m[Kcandidate: ‘[01m[Ktemplate<class _Key, class _Tp, class _Compare, class _Alloc, class _InputIterator> map(_InputIterator, _InputIterator)-> std::map<_Key, _Tp, _Compare, _Alloc>[m[K’
  273 |         [01;36m[Kmap[m[K(_InputIterator __first, _InputIterator __last)
      |         [01;36m[K^~~[m[K
[01m[K/usr/include/c++/11/bits/stl_map.h:273:9:[m[K [01;36m[Knote: [m[K  template argument deduction/substitution failed:
[01m[K/home/gkasha/Documents/maae/src/auction/src/agent.cpp:94:111:[m[K [01;36m[Knote: [m[K  deduced conflicting types for parameter ‘[01m[K_InputIterator[m[K’ (‘[01m[KAgent::choose_winners(ma_interfaces::msg::Task)::<lambda(ma_interfaces::msg::Bid)>[m[K’ and ‘[01m[Kstd::vector<ma_interfaces::msg::Bid_<std::allocator<void> > >[m[K’)
   94 |         overlaps = map([](ma_interfaces::msg::Bid bid){return std::vector<ma_interfaces::msg::Bid>{bid};},bids[01;36m[K)[m[K;
      |                                                                                                               [01;36m[K^[m[K
In file included from [01m[K/usr/include/c++/11/map:61[m[K,
                 from [01m[K/home/gkasha/ros2_humble/install/rclcpp/include/rclcpp/rclcpp/executor.hpp:24[m[K,
                 from [01m[K/home/gkasha/ros2_humble/install/rclcpp/include/rclcpp/rclcpp/executors/multi_threaded_executor.hpp:25[m[K,
                 from [01m[K/home/gkasha/ros2_humble/install/rclcpp/include/rclcpp/rclcpp/executors.hpp:21[m[K,
                 from [01m[K/home/gkasha/ros2_humble/install/rclcpp/include/rclcpp/rclcpp/rclcpp.hpp:155[m[K,
                 from [01m[K/home/gkasha/Documents/maae/src/auction/include/auction/agent.hpp:5[m[K,
                 from [01m[K/home/gkasha/Documents/maae/src/auction/src/agent.cpp:1[m[K:
[01m[K/usr/include/c++/11/bits/stl_map.h:256:9:[m[K [01;36m[Knote: [m[Kcandidate: ‘[01m[Ktemplate<class _Key, class _Tp, class _Compare, class _Alloc, class _InputIterator> map(_InputIterator, _InputIterator, const _Alloc&)-> std::map<_Key, _Tp, _Compare, _Alloc>[m[K’
  256 |         [01;36m[Kmap[m[K(_InputIterator __first, _InputIterator __last,
      |         [01;36m[K^~~[m[K
[01m[K/usr/include/c++/11/bits/stl_map.h:256:9:[m[K [01;36m[Knote: [m[K  template argument deduction/substitution failed:
[01m[K/home/gkasha/Documents/maae/src/auction/src/agent.cpp:94:111:[m[K [01;36m[Knote: [m[K  deduced conflicting types for parameter ‘[01m[K_InputIterator[m[K’ (‘[01m[KAgent::choose_winners(ma_interfaces::msg::Task)::<lambda(ma_interfaces::msg::Bid)>[m[K’ and ‘[01m[Kstd::vector<ma_interfaces::msg::Bid_<std::allocator<void> > >[m[K’)
   94 |         overlaps = map([](ma_interfaces::msg::Bid bid){return std::vector<ma_interfaces::msg::Bid>{bid};},bids[01;36m[K)[m[K;
      |                                                                                                               [01;36m[K^[m[K
In file included from [01m[K/usr/include/c++/11/map:61[m[K,
                 from [01m[K/home/gkasha/ros2_humble/install/rclcpp/include/rclcpp/rclcpp/executor.hpp:24[m[K,
                 from [01m[K/home/gkasha/ros2_humble/install/rclcpp/include/rclcpp/rclcpp/executors/multi_threaded_executor.hpp:25[m[K,
                 from [01m[K/home/gkasha/ros2_humble/install/rclcpp/include/rclcpp/rclcpp/executors.hpp:21[m[K,
                 from [01m[K/home/gkasha/ros2_humble/install/rclcpp/include/rclcpp/rclcpp/rclcpp.hpp:155[m[K,
                 from [01m[K/home/gkasha/Documents/maae/src/auction/include/auction/agent.hpp:5[m[K,
                 from [01m[K/home/gkasha/Documents/maae/src/auction/src/agent.cpp:1[m[K:
[01m[K/usr/include/c++/11/bits/stl_map.h:250:7:[m[K [01;36m[Knote: [m[Kcandidate: ‘[01m[Ktemplate<class _Key, class _Tp, class _Compare, class _Alloc> map(std::initializer_list<std::pair<const _Key, _Tp> >, const _Alloc&)-> std::map<_Key, _Tp, _Compare, _Alloc>[m[K’
  250 |       [01;36m[Kmap[m[K(initializer_list<value_type> __l, const allocator_type& __a)
      |       [01;36m[K^~~[m[K
[01m[K/usr/include/c++/11/bits/stl_map.h:250:7:[m[K [01;36m[Knote: [m[K  template argument deduction/substitution failed:
[01m[K/home/gkasha/Documents/maae/src/auction/src/agent.cpp:94:111:[m[K [01;36m[Knote: [m[K  ‘[01m[KAgent::choose_winners(ma_interfaces::msg::Task)::<lambda(ma_interfaces::msg::Bid)>[m[K’ is not derived from ‘[01m[Kstd::initializer_list<std::pair<const _Key, _Tp> >[m[K’
   94 |         overlaps = map([](ma_interfaces::msg::Bid bid){return std::vector<ma_interfaces::msg::Bid>{bid};},bids[01;36m[K)[m[K;
      |                                                                                                               [01;36m[K^[m[K
In file included from [01m[K/usr/include/c++/11/map:61[m[K,
                 from [01m[K/home/gkasha/ros2_humble/install/rclcpp/include/rclcpp/rclcpp/executor.hpp:24[m[K,
                 from [01m[K/home/gkasha/ros2_humble/install/rclcpp/include/rclcpp/rclcpp/executors/multi_threaded_executor.hpp:25[m[K,
                 from [01m[K/home/gkasha/ros2_humble/install/rclcpp/include/rclcpp/rclcpp/executors.hpp:21[m[K,
                 from [01m[K/home/gkasha/ros2_humble/install/rclcpp/include/rclcpp/rclcpp/rclcpp.hpp:155[m[K,
                 from [01m[K/home/gkasha/Documents/maae/src/auction/include/auction/agent.hpp:5[m[K,
                 from [01m[K/home/gkasha/Documents/maae/src/auction/src/agent.cpp:1[m[K:
[01m[K/usr/include/c++/11/bits/stl_map.h:244:7:[m[K [01;36m[Knote: [m[Kcandidate: ‘[01m[Ktemplate<class _Key, class _Tp, class _Compare, class _Alloc> map(std::map<_Key, _Tp, _Compare, _Allocator>&&, const _Alloc&)-> std::map<_Key, _Tp, _Compare, _Alloc>[m[K’
  244 |       [01;36m[Kmap[m[K(map&& __m, const allocator_type& __a)
      |       [01;36m[K^~~[m[K
[01m[K/usr/include/c++/11/bits/stl_map.h:244:7:[m[K [01;36m[Knote: [m[K  template argument deduction/substitution failed:
[01m[K/home/gkasha/Documents/maae/src/auction/src/agent.cpp:94:111:[m[K [01;36m[Knote: [m[K  ‘[01m[KAgent::choose_winners(ma_interfaces::msg::Task)::<lambda(ma_interfaces::msg::Bid)>[m[K’ is not derived from ‘[01m[Kstd::map<_Key, _Tp, _Compare, _Allocator>[m[K’
   94 |         overlaps = map([](ma_interfaces::msg::Bid bid){return std::vector<ma_interfaces::msg::Bid>{bid};},bids[01;36m[K)[m[K;
      |                                                                                                               [01;36m[K^[m[K
In file included from [01m[K/usr/include/c++/11/map:61[m[K,
                 from [01m[K/home/gkasha/ros2_humble/install/rclcpp/include/rclcpp/rclcpp/executor.hpp:24[m[K,
                 from [01m[K/home/gkasha/ros2_humble/install/rclcpp/include/rclcpp/rclcpp/executors/multi_threaded_executor.hpp:25[m[K,
                 from [01m[K/home/gkasha/ros2_humble/install/rclcpp/include/rclcpp/rclcpp/executors.hpp:21[m[K,
                 from [01m[K/home/gkasha/ros2_humble/install/rclcpp/include/rclcpp/rclcpp/rclcpp.hpp:155[m[K,
                 from [01m[K/home/gkasha/Documents/maae/src/auction/include/auction/agent.hpp:5[m[K,
                 from [01m[K/home/gkasha/Documents/maae/src/auction/src/agent.cpp:1[m[K:
[01m[K/usr/include/c++/11/bits/stl_map.h:240:7:[m[K [01;36m[Knote: [m[Kcandidate: ‘[01m[Ktemplate<class _Key, class _Tp, class _Compare, class _Alloc> map(const std::map<_Key, _Tp, _Compare, _Allocator>&, const _Alloc&)-> std::map<_Key, _Tp, _Compare, _Alloc>[m[K’
  240 |       [01;36m[Kmap[m[K(const map& __m, const allocator_type& __a)
      |       [01;36m[K^~~[m[K
[01m[K/usr/include/c++/11/bits/stl_map.h:240:7:[m[K [01;36m[Knote: [m[K  template argument deduction/substitution failed:
[01m[K/home/gkasha/Documents/maae/src/auction/src/agent.cpp:94:111:[m[K [01;36m[Knote: [m[K  ‘[01m[KAgent::choose_winners(ma_interfaces::msg::Task)::<lambda(ma_interfaces::msg::Bid)>[m[K’ is not derived from ‘[01m[Kconst std::map<_Key, _Tp, _Compare, _Allocator>[m[K’
   94 |         overlaps = map([](ma_interfaces::msg::Bid bid){return std::vector<ma_interfaces::msg::Bid>{bid};},bids[01;36m[K)[m[K;
      |                                                                                                               [01;36m[K^[m[K
In file included from [01m[K/usr/include/c++/11/map:61[m[K,
                 from [01m[K/home/gkasha/ros2_humble/install/rclcpp/include/rclcpp/rclcpp/executor.hpp:24[m[K,
                 from [01m[K/home/gkasha/ros2_humble/install/rclcpp/include/rclcpp/rclcpp/executors/multi_threaded_executor.hpp:25[m[K,
                 from [01m[K/home/gkasha/ros2_humble/install/rclcpp/include/rclcpp/rclcpp/executors.hpp:21[m[K,
                 from [01m[K/home/gkasha/ros2_humble/install/rclcpp/include/rclcpp/rclcpp/rclcpp.hpp:155[m[K,
                 from [01m[K/home/gkasha/Documents/maae/src/auction/include/auction/agent.hpp:5[m[K,
                 from [01m[K/home/gkasha/Documents/maae/src/auction/src/agent.cpp:1[m[K:
[01m[K/usr/include/c++/11/bits/stl_map.h:236:7:[m[K [01;36m[Knote: [m[Kcandidate: ‘[01m[Ktemplate<class _Key, class _Tp, class _Compare, class _Alloc> map(const _Alloc&)-> std::map<_Key, _Tp, _Compare, _Alloc>[m[K’
  236 |       [01;36m[Kmap[m[K(const allocator_type& __a)
      |       [01;36m[K^~~[m[K
[01m[K/usr/include/c++/11/bits/stl_map.h:236:7:[m[K [01;36m[Knote: [m[K  template argument deduction/substitution failed:
[01m[K/home/gkasha/Documents/maae/src/auction/src/agent.cpp:94:111:[m[K [01;36m[Knote: [m[K  candidate expects 1 argument, 2 provided
   94 |         overlaps = map([](ma_interfaces::msg::Bid bid){return std::vector<ma_interfaces::msg::Bid>{bid};},bids[01;36m[K)[m[K;
      |                                                                                                               [01;36m[K^[m[K
In file included from [01m[K/usr/include/c++/11/map:61[m[K,
                 from [01m[K/home/gkasha/ros2_humble/install/rclcpp/include/rclcpp/rclcpp/executor.hpp:24[m[K,
                 from [01m[K/home/gkasha/ros2_humble/install/rclcpp/include/rclcpp/rclcpp/executors/multi_threaded_executor.hpp:25[m[K,
                 from [01m[K/home/gkasha/ros2_humble/install/rclcpp/include/rclcpp/rclcpp/executors.hpp:21[m[K,
                 from [01m[K/home/gkasha/ros2_humble/install/rclcpp/include/rclcpp/rclcpp/rclcpp.hpp:155[m[K,
                 from [01m[K/home/gkasha/Documents/maae/src/auction/include/auction/agent.hpp:5[m[K,
                 from [01m[K/home/gkasha/Documents/maae/src/auction/src/agent.cpp:1[m[K:
[01m[K/usr/include/c++/11/bits/stl_map.h:228:7:[m[K [01;36m[Knote: [m[Kcandidate: ‘[01m[Ktemplate<class _Key, class _Tp, class _Compare, class _Alloc> map(std::initializer_list<std::pair<const _Key, _Tp> >, const _Compare&, const _Alloc&)-> std::map<_Key, _Tp, _Compare, _Alloc>[m[K’
  228 |       [01;36m[Kmap[m[K(initializer_list<value_type> __l,
      |       [01;36m[K^~~[m[K
[01m[K/usr/include/c++/11/bits/stl_map.h:228:7:[m[K [01;36m[Knote: [m[K  template argument deduction/substitution failed:
[01m[K/home/gkasha/Documents/maae/src/auction/src/agent.cpp:94:111:[m[K [01;36m[Knote: [m[K  ‘[01m[KAgent::choose_winners(ma_interfaces::msg::Task)::<lambda(ma_interfaces::msg::Bid)>[m[K’ is not derived from ‘[01m[Kstd::initializer_list<std::pair<const _Key, _Tp> >[m[K’
   94 |         overlaps = map([](ma_interfaces::msg::Bid bid){return std::vector<ma_interfaces::msg::Bid>{bid};},bids[01;36m[K)[m[K;
      |                                                                                                               [01;36m[K^[m[K
In file included from [01m[K/usr/include/c++/11/map:61[m[K,
                 from [01m[K/home/gkasha/ros2_humble/install/rclcpp/include/rclcpp/rclcpp/executor.hpp:24[m[K,
                 from [01m[K/home/gkasha/ros2_humble/install/rclcpp/include/rclcpp/rclcpp/executors/multi_threaded_executor.hpp:25[m[K,
                 from [01m[K/home/gkasha/ros2_humble/install/rclcpp/include/rclcpp/rclcpp/executors.hpp:21[m[K,
                 from [01m[K/home/gkasha/ros2_humble/install/rclcpp/include/rclcpp/rclcpp/rclcpp.hpp:155[m[K,
                 from [01m[K/home/gkasha/Documents/maae/src/auction/include/auction/agent.hpp:5[m[K,
                 from [01m[K/home/gkasha/Documents/maae/src/auction/src/agent.cpp:1[m[K:
[01m[K/usr/include/c++/11/bits/stl_map.h:215:7:[m[K [01;36m[Knote: [m[Kcandidate: ‘[01m[Ktemplate<class _Key, class _Tp, class _Compare, class _Alloc> map(std::map<_Key, _Tp, _Compare, _Allocator>&&)-> std::map<_Key, _Tp, _Compare, _Alloc>[m[K’
  215 |       [01;36m[Kmap[m[K(map&&) = default;
      |       [01;36m[K^~~[m[K
[01m[K/usr/include/c++/11/bits/stl_map.h:215:7:[m[K [01;36m[Knote: [m[K  template argument deduction/substitution failed:
[01m[K/home/gkasha/Documents/maae/src/auction/src/agent.cpp:94:111:[m[K [01;36m[Knote: [m[K  ‘[01m[KAgent::choose_winners(ma_interfaces::msg::Task)::<lambda(ma_interfaces::msg::Bid)>[m[K’ is not derived from ‘[01m[Kstd::map<_Key, _Tp, _Compare, _Allocator>[m[K’
   94 |         overlaps = map([](ma_interfaces::msg::Bid bid){return std::vector<ma_interfaces::msg::Bid>{bid};},bids[01;36m[K)[m[K;
      |                                                                                                               [01;36m[K^[m[K
In file included from [01m[K/usr/include/c++/11/map:61[m[K,
                 from [01m[K/home/gkasha/ros2_humble/install/rclcpp/include/rclcpp/rclcpp/executor.hpp:24[m[K,
                 from [01m[K/home/gkasha/ros2_humble/install/rclcpp/include/rclcpp/rclcpp/executors/multi_threaded_executor.hpp:25[m[K,
                 from [01m[K/home/gkasha/ros2_humble/install/rclcpp/include/rclcpp/rclcpp/executors.hpp:21[m[K,
                 from [01m[K/home/gkasha/ros2_humble/install/rclcpp/include/rclcpp/rclcpp/rclcpp.hpp:155[m[K,
                 from [01m[K/home/gkasha/Documents/maae/src/auction/include/auction/agent.hpp:5[m[K,
                 from [01m[K/home/gkasha/Documents/maae/src/auction/src/agent.cpp:1[m[K:
[01m[K/usr/include/c++/11/bits/stl_map.h:207:7:[m[K [01;36m[Knote: [m[Kcandidate: ‘[01m[Ktemplate<class _Key, class _Tp, class _Compare, class _Alloc> map(const std::map<_Key, _Tp, _Compare, _Allocator>&)-> std::map<_Key, _Tp, _Compare, _Alloc>[m[K’
  207 |       [01;36m[Kmap[m[K(const map&) = default;
      |       [01;36m[K^~~[m[K
[01m[K/usr/include/c++/11/bits/stl_map.h:207:7:[m[K [01;36m[Knote: [m[K  template argument deduction/substitution failed:
[01m[K/home/gkasha/Documents/maae/src/auction/src/agent.cpp:94:111:[m[K [01;36m[Knote: [m[K  ‘[01m[KAgent::choose_winners(ma_interfaces::msg::Task)::<lambda(ma_interfaces::msg::Bid)>[m[K’ is not derived from ‘[01m[Kconst std::map<_Key, _Tp, _Compare, _Allocator>[m[K’
   94 |         overlaps = map([](ma_interfaces::msg::Bid bid){return std::vector<ma_interfaces::msg::Bid>{bid};},bids[01;36m[K)[m[K;
      |                                                                                                               [01;36m[K^[m[K
In file included from [01m[K/usr/include/c++/11/map:61[m[K,
                 from [01m[K/home/gkasha/ros2_humble/install/rclcpp/include/rclcpp/rclcpp/executor.hpp:24[m[K,
                 from [01m[K/home/gkasha/ros2_humble/install/rclcpp/include/rclcpp/rclcpp/executors/multi_threaded_executor.hpp:25[m[K,
                 from [01m[K/home/gkasha/ros2_humble/install/rclcpp/include/rclcpp/rclcpp/executors.hpp:21[m[K,
                 from [01m[K/home/gkasha/ros2_humble/install/rclcpp/include/rclcpp/rclcpp/rclcpp.hpp:155[m[K,
                 from [01m[K/home/gkasha/Documents/maae/src/auction/include/auction/agent.hpp:5[m[K,
                 from [01m[K/home/gkasha/Documents/maae/src/auction/src/agent.cpp:1[m[K:
[01m[K/usr/include/c++/11/bits/stl_map.h:194:7:[m[K [01;36m[Knote: [m[Kcandidate: ‘[01m[Ktemplate<class _Key, class _Tp, class _Compare, class _Alloc> map(const _Compare&, const _Alloc&)-> std::map<_Key, _Tp, _Compare, _Alloc>[m[K’
  194 |       [01;36m[Kmap[m[K(const _Compare& __comp,
      |       [01;36m[K^~~[m[K
[01m[K/usr/include/c++/11/bits/stl_map.h:194:7:[m[K [01;36m[Knote: [m[K  template argument deduction/substitution failed:
[01m[K/home/gkasha/Documents/maae/src/auction/src/agent.cpp:94:111:[m[K [01;36m[Knote: [m[K  couldn’t deduce template parameter ‘[01m[K_Key[m[K’
   94 |         overlaps = map([](ma_interfaces::msg::Bid bid){return std::vector<ma_interfaces::msg::Bid>{bid};},bids[01;36m[K)[m[K;
      |                                                                                                               [01;36m[K^[m[K
In file included from [01m[K/usr/include/c++/11/map:61[m[K,
                 from [01m[K/home/gkasha/ros2_humble/install/rclcpp/include/rclcpp/rclcpp/executor.hpp:24[m[K,
                 from [01m[K/home/gkasha/ros2_humble/install/rclcpp/include/rclcpp/rclcpp/executors/multi_threaded_executor.hpp:25[m[K,
                 from [01m[K/home/gkasha/ros2_humble/install/rclcpp/include/rclcpp/rclcpp/executors.hpp:21[m[K,
                 from [01m[K/home/gkasha/ros2_humble/install/rclcpp/include/rclcpp/rclcpp/rclcpp.hpp:155[m[K,
                 from [01m[K/home/gkasha/Documents/maae/src/auction/include/auction/agent.hpp:5[m[K,
                 from [01m[K/home/gkasha/Documents/maae/src/auction/src/agent.cpp:1[m[K:
[01m[K/usr/include/c++/11/bits/stl_map.h:185:7:[m[K [01;36m[Knote: [m[Kcandidate: ‘[01m[Ktemplate<class _Key, class _Tp, class _Compare, class _Alloc> map()-> std::map<_Key, _Tp, _Compare, _Alloc>[m[K’
  185 |       [01;36m[Kmap[m[K() = default;
      |       [01;36m[K^~~[m[K
[01m[K/usr/include/c++/11/bits/stl_map.h:185:7:[m[K [01;36m[Knote: [m[K  template argument deduction/substitution failed:
[01m[K/home/gkasha/Documents/maae/src/auction/src/agent.cpp:94:111:[m[K [01;36m[Knote: [m[K  candidate expects 0 arguments, 2 provided
   94 |         overlaps = map([](ma_interfaces::msg::Bid bid){return std::vector<ma_interfaces::msg::Bid>{bid};},bids[01;36m[K)[m[K;
      |                                                                                                               [01;36m[K^[m[K
In file included from [01m[K/usr/include/c++/11/map:61[m[K,
                 from [01m[K/home/gkasha/ros2_humble/install/rclcpp/include/rclcpp/rclcpp/executor.hpp:24[m[K,
                 from [01m[K/home/gkasha/ros2_humble/install/rclcpp/include/rclcpp/rclcpp/executors/multi_threaded_executor.hpp:25[m[K,
                 from [01m[K/home/gkasha/ros2_humble/install/rclcpp/include/rclcpp/rclcpp/executors.hpp:21[m[K,
                 from [01m[K/home/gkasha/ros2_humble/install/rclcpp/include/rclcpp/rclcpp/rclcpp.hpp:155[m[K,
                 from [01m[K/home/gkasha/Documents/maae/src/auction/include/auction/agent.hpp:5[m[K,
                 from [01m[K/home/gkasha/Documents/maae/src/auction/src/agent.cpp:1[m[K:
[01m[K/usr/include/c++/11/bits/stl_map.h:100:11:[m[K [01;36m[Knote: [m[Kcandidate: ‘[01m[Ktemplate<class _Key, class _Tp, class _Compare, class _Alloc> map(std::map<_Key, _Tp, _Compare, _Alloc>)-> std::map<_Key, _Tp, _Compare, _Alloc>[m[K’
  100 |     class [01;36m[Kmap[m[K
      |           [01;36m[K^~~[m[K
[01m[K/usr/include/c++/11/bits/stl_map.h:100:11:[m[K [01;36m[Knote: [m[K  template argument deduction/substitution failed:
[01m[K/home/gkasha/Documents/maae/src/auction/src/agent.cpp:94:111:[m[K [01;36m[Knote: [m[K  ‘[01m[KAgent::choose_winners(ma_interfaces::msg::Task)::<lambda(ma_interfaces::msg::Bid)>[m[K’ is not derived from ‘[01m[Kstd::map<_Key, _Tp, _Compare, _Alloc>[m[K’
   94 |         overlaps = map([](ma_interfaces::msg::Bid bid){return std::vector<ma_interfaces::msg::Bid>{bid};},bids[01;36m[K)[m[K;
      |                                                                                                               [01;36m[K^[m[K
In file included from [01m[K/usr/include/c++/11/map:61[m[K,
                 from [01m[K/home/gkasha/ros2_humble/install/rclcpp/include/rclcpp/rclcpp/executor.hpp:24[m[K,
                 from [01m[K/home/gkasha/ros2_humble/install/rclcpp/include/rclcpp/rclcpp/executors/multi_threaded_executor.hpp:25[m[K,
                 from [01m[K/home/gkasha/ros2_humble/install/rclcpp/include/rclcpp/rclcpp/executors.hpp:21[m[K,
                 from [01m[K/home/gkasha/ros2_humble/install/rclcpp/include/rclcpp/rclcpp/rclcpp.hpp:155[m[K,
                 from [01m[K/home/gkasha/Documents/maae/src/auction/include/auction/agent.hpp:5[m[K,
                 from [01m[K/home/gkasha/Documents/maae/src/auction/src/agent.cpp:1[m[K:
[01m[K/usr/include/c++/11/bits/stl_map.h:1446:5:[m[K [01;36m[Knote: [m[Kcandidate: ‘[01m[Ktemplate<class _Key, class _Tp, class _Allocator, class> std::map(std::initializer_list<std::pair<_T1, _T2> >, _Allocator)-> std::map<_Key, _Tp, std::less<_Key>, _Allocator>[m[K’
 1446 |     [01;36m[Kmap[m[K(initializer_list<pair<_Key, _Tp>>, _Allocator)
      |     [01;36m[K^~~[m[K
[01m[K/usr/include/c++/11/bits/stl_map.h:1446:5:[m[K [01;36m[Knote: [m[K  template argument deduction/substitution failed:
[01m[K/home/gkasha/Documents/maae/src/auction/src/agent.cpp:94:111:[m[K [01;36m[Knote: [m[K  ‘[01m[KAgent::choose_winners(ma_interfaces::msg::Task)::<lambda(ma_interfaces::msg::Bid)>[m[K’ is not derived from ‘[01m[Kstd::initializer_list<std::pair<_T1, _T2> >[m[K’
   94 |         overlaps = map([](ma_interfaces::msg::Bid bid){return std::vector<ma_interfaces::msg::Bid>{bid};},bids[01;36m[K)[m[K;
      |                                                                                                               [01;36m[K^[m[K
In file included from [01m[K/usr/include/c++/11/map:61[m[K,
                 from [01m[K/home/gkasha/ros2_humble/install/rclcpp/include/rclcpp/rclcpp/executor.hpp:24[m[K,
                 from [01m[K/home/gkasha/ros2_humble/install/rclcpp/include/rclcpp/rclcpp/executors/multi_threaded_executor.hpp:25[m[K,
                 from [01m[K/home/gkasha/ros2_humble/install/rclcpp/include/rclcpp/rclcpp/executors.hpp:21[m[K,
                 from [01m[K/home/gkasha/ros2_humble/install/rclcpp/include/rclcpp/rclcpp/rclcpp.hpp:155[m[K,
                 from [01m[K/home/gkasha/Documents/maae/src/auction/include/auction/agent.hpp:5[m[K,
                 from [01m[K/home/gkasha/Documents/maae/src/auction/src/agent.cpp:1[m[K:
[01m[K/usr/include/c++/11/bits/stl_map.h:1440:5:[m[K [01;36m[Knote: [m[Kcandidate: ‘[01m[Ktemplate<class _InputIterator, class _Allocator, class, class> std::map(_InputIterator, _InputIterator, _Allocator)-> std::map<typename std::remove_const<typename std::iterator_traits< <template-parameter-1-1> >::value_type::first_type>::type, typename std::iterator_traits< <template-parameter-1-1> >::value_type::second_type, std::less<typename std::remove_const<typename std::iterator_traits< <template-parameter-1-1> >::value_type::first_type>::type>, _Allocator>[m[K’
 1440 |     [01;36m[Kmap[m[K(_InputIterator, _InputIterator, _Allocator)
      |     [01;36m[K^~~[m[K
[01m[K/usr/include/c++/11/bits/stl_map.h:1440:5:[m[K [01;36m[Knote: [m[K  template argument deduction/substitution failed:
[01m[K/home/gkasha/Documents/maae/src/auction/src/agent.cpp:94:111:[m[K [01;36m[Knote: [m[K  deduced conflicting types for parameter ‘[01m[K_InputIterator[m[K’ (‘[01m[KAgent::choose_winners(ma_interfaces::msg::Task)::<lambda(ma_interfaces::msg::Bid)>[m[K’ and ‘[01m[Kstd::vector<ma_interfaces::msg::Bid_<std::allocator<void> > >[m[K’)
   94 |         overlaps = map([](ma_interfaces::msg::Bid bid){return std::vector<ma_interfaces::msg::Bid>{bid};},bids[01;36m[K)[m[K;
      |                                                                                                               [01;36m[K^[m[K
In file included from [01m[K/usr/include/c++/11/map:61[m[K,
                 from [01m[K/home/gkasha/ros2_humble/install/rclcpp/include/rclcpp/rclcpp/executor.hpp:24[m[K,
                 from [01m[K/home/gkasha/ros2_humble/install/rclcpp/include/rclcpp/rclcpp/executors/multi_threaded_executor.hpp:25[m[K,
                 from [01m[K/home/gkasha/ros2_humble/install/rclcpp/include/rclcpp/rclcpp/executors.hpp:21[m[K,
                 from [01m[K/home/gkasha/ros2_humble/install/rclcpp/include/rclcpp/rclcpp/rclcpp.hpp:155[m[K,
                 from [01m[K/home/gkasha/Documents/maae/src/auction/include/auction/agent.hpp:5[m[K,
                 from [01m[K/home/gkasha/Documents/maae/src/auction/src/agent.cpp:1[m[K:
[01m[K/usr/include/c++/11/bits/stl_map.h:1433:5:[m[K [01;36m[Knote: [m[Kcandidate: ‘[01m[Ktemplate<class _Key, class _Tp, class _Compare, class _Allocator, class, class> std::map(std::initializer_list<std::pair<_T1, _T2> >, _Compare, _Allocator)-> std::map<_Key, _Tp, _Compare, _Allocator>[m[K’
 1433 |     [01;36m[Kmap[m[K(initializer_list<pair<_Key, _Tp>>,
      |     [01;36m[K^~~[m[K
[01m[K/usr/include/c++/11/bits/stl_map.h:1433:5:[m[K [01;36m[Knote: [m[K  template argument deduction/substitution failed:
[01m[K/home/gkasha/Documents/maae/src/auction/src/agent.cpp:94:111:[m[K [01;36m[Knote: [m[K  ‘[01m[KAgent::choose_winners(ma_interfaces::msg::Task)::<lambda(ma_interfaces::msg::Bid)>[m[K’ is not derived from ‘[01m[Kstd::initializer_list<std::pair<_T1, _T2> >[m[K’
   94 |         overlaps = map([](ma_interfaces::msg::Bid bid){return std::vector<ma_interfaces::msg::Bid>{bid};},bids[01;36m[K)[m[K;
      |                                                                                                               [01;36m[K^[m[K
In file included from [01m[K/usr/include/c++/11/map:61[m[K,
                 from [01m[K/home/gkasha/ros2_humble/install/rclcpp/include/rclcpp/rclcpp/executor.hpp:24[m[K,
                 from [01m[K/home/gkasha/ros2_humble/install/rclcpp/include/rclcpp/rclcpp/executors/multi_threaded_executor.hpp:25[m[K,
                 from [01m[K/home/gkasha/ros2_humble/install/rclcpp/include/rclcpp/rclcpp/executors.hpp:21[m[K,
                 from [01m[K/home/gkasha/ros2_humble/install/rclcpp/include/rclcpp/rclcpp/rclcpp.hpp:155[m[K,
                 from [01m[K/home/gkasha/Documents/maae/src/auction/include/auction/agent.hpp:5[m[K,
                 from [01m[K/home/gkasha/Documents/maae/src/auction/src/agent.cpp:1[m[K:
[01m[K/usr/include/c++/11/bits/stl_map.h:1424:5:[m[K [01;36m[Knote: [m[Kcandidate: ‘[01m[Ktemplate<class _InputIterator, class _Compare, class _Allocator, class, class, class> std::map(_InputIterator, _InputIterator, _Compare, _Allocator)-> std::map<typename std::remove_const<typename std::iterator_traits< <template-parameter-1-1> >::value_type::first_type>::type, typename std::iterator_traits< <template-parameter-1-1> >::value_type::second_type, _Compare, _Allocator>[m[K’
 1424 |     [01;36m[Kmap[m[K(_InputIterator, _InputIterator,
      |     [01;36m[K^~~[m[K
[01m[K/usr/include/c++/11/bits/stl_map.h:1424:5:[m[K [01;36m[Knote: [m[K  template argument deduction/substitution failed:
[01m[K/home/gkasha/Documents/maae/src/auction/src/agent.cpp:94:111:[m[K [01;36m[Knote: [m[K  deduced conflicting types for parameter ‘[01m[K_InputIterator[m[K’ (‘[01m[KAgent::choose_winners(ma_interfaces::msg::Task)::<lambda(ma_interfaces::msg::Bid)>[m[K’ and ‘[01m[Kstd::vector<ma_interfaces::msg::Bid_<std::allocator<void> > >[m[K’)
   94 |         overlaps = map([](ma_interfaces::msg::Bid bid){return std::vector<ma_interfaces::msg::Bid>{bid};},bids[01;36m[K)[m[K;
      |                                                                                                               [01;36m[K^[m[K
gmake[2]: *** [CMakeFiles/agent.dir/build.make:76: CMakeFiles/agent.dir/src/agent.cpp.o] Error 1
gmake[1]: *** [CMakeFiles/Makefile2:195: CMakeFiles/agent.dir/all] Error 2
gmake: *** [Makefile:146: all] Error 2
