[35m[1mConsolidate compiler generated dependencies of target agent[0m
[ 25%] Built target client
[ 50%] Built target goal_manager
[ 62%] [32mBuilding CXX object CMakeFiles/agent.dir/src/agent.cpp.o[0m
[ 87%] Built target server
[01m[K/home/gkasha/Documents/maae/src/auction/src/agent.cpp:[m[K In function ‘[01m[Kvoid start_auction(std::shared_ptr<ma_interfaces::srv::AuctionSrv_Request_<std::allocator<void> > >, std::shared_ptr<ma_interfaces::srv::AuctionSrv_Response_<std::allocator<void> > >)[m[K’:
[01m[K/home/gkasha/Documents/maae/src/auction/src/agent.cpp:54:72:[m[K [01;35m[Kwarning: [m[Kunused parameter ‘[01m[Ktmp_req[m[K’ [[01;35m[K]8;;https://gcc.gnu.org/onlinedocs/gcc/Warning-Options.html#index-Wunused-parameter-Wunused-parameter]8;;[m[K]
   54 |         [01;35m[Kconst std::shared_ptr<ma_interfaces::srv::AuctionSrv::Request> tmp_req[m[K,
      |         [01;35m[K~~~~~~~~~~~~~~~~~~~~~~~~~~~~~~~~~~~~~~~~~~~~~~~~~~~~~~~~~~~~~~~^~~~~~~[m[K
[01m[K/home/gkasha/Documents/maae/src/auction/src/agent.cpp:55:67:[m[K [01;35m[Kwarning: [m[Kunused parameter ‘[01m[Ktmp_rep[m[K’ [[01;35m[K]8;;https://gcc.gnu.org/onlinedocs/gcc/Warning-Options.html#index-Wunused-parameter-Wunused-parameter]8;;[m[K]
   55 |         [01;35m[Kstd::shared_ptr<ma_interfaces::srv::AuctionSrv::Response> tmp_rep[m[K)
      |         [01;35m[K~~~~~~~~~~~~~~~~~~~~~~~~~~~~~~~~~~~~~~~~~~~~~~~~~~~~~~~~~~^~~~~~~[m[K
[01m[K/home/gkasha/Documents/maae/src/auction/src/agent.cpp:[m[K In function ‘[01m[Kint main(int, char**)[m[K’:
[01m[K/home/gkasha/Documents/maae/src/auction/src/agent.cpp:130:40:[m[K [01;31m[Kerror: [m[K‘[01m[KRegister[m[K’ is not a member of ‘[01m[Kma_interfaces::srv[m[K’
  130 |     rclcpp::Client<ma_interfaces::srv::[01;31m[KRegister[m[K>::SharedPtr client =
      |                                        [01;31m[K^~~~~~~~[m[K
[01m[K/home/gkasha/Documents/maae/src/auction/src/agent.cpp:130:48:[m[K [01;31m[Kerror: [m[Ktemplate argument 1 is invalid
  130 |     rclcpp::Client<ma_interfaces::srv::Register[01;31m[K>[m[K::SharedPtr client =
      |                                                [01;31m[K^[m[K
[01m[K/home/gkasha/Documents/maae/src/auction/src/agent.cpp:130:61:[m[K [01;31m[Kerror: [m[Kexpected initializer before ‘[01m[Kclient[m[K’
  130 |     rclcpp::Client<ma_interfaces::srv::Register>::SharedPtr [01;31m[Kclient[m[K =
      |                                                             [01;31m[K^~~~~~[m[K
[01m[K/home/gkasha/Documents/maae/src/auction/src/agent.cpp:133:53:[m[K [01;31m[Kerror: [m[K‘[01m[KRegister[m[K’ is not a member of ‘[01m[Kma_interfaces::srv[m[K’
  133 |     auto req = std::make_shared<ma_interfaces::srv::[01;31m[KRegister[m[K::Request>();
      |                                                     [01;31m[K^~~~~~~~[m[K
[01m[K/home/gkasha/Documents/maae/src/auction/src/agent.cpp:133:21:[m[K [01;31m[Kerror: [m[Kparse error in template argument list
  133 |     auto req = std::[01;31m[Kmake_shared<ma_interfaces::srv::Register::Request>[m[K();
      |                     [01;31m[K^~~~~~~~~~~~~~~~~~~~~~~~~~~~~~~~~~~~~~~~~~~~~~~~~~[m[K
[01m[K/home/gkasha/Documents/maae/src/auction/src/agent.cpp:133:71:[m[K [01;31m[Kerror: [m[Kno matching function for call to ‘[01m[Kmake_shared<<expression error> >()[m[K’
  133 |     auto req = [01;31m[Kstd::make_shared<ma_interfaces::srv::Register::Request>()[m[K;
      |                [01;31m[K~~~~~~~~~~~~~~~~~~~~~~~~~~~~~~~~~~~~~~~~~~~~~~~~~~~~~~~^~[m[K
In file included from [01m[K/usr/include/c++/11/memory:77[m[K,
                 from [01m[K/home/gkasha/ros2_humble/install/rclcpp/include/rclcpp/rclcpp/rclcpp.hpp:153[m[K,
                 from [01m[K/home/gkasha/Documents/maae/src/auction/src/agent.cpp:1[m[K:
[01m[K/usr/include/c++/11/bits/shared_ptr.h:875:5:[m[K [01;36m[Knote: [m[Kcandidate: ‘[01m[Ktemplate<class _Tp, class ... _Args> std::shared_ptr<_Tp> std::make_shared(_Args&& ...)[m[K’
  875 |     [01;36m[Kmake_shared[m[K(_Args&&... __args)
      |     [01;36m[K^~~~~~~~~~~[m[K
[01m[K/usr/include/c++/11/bits/shared_ptr.h:875:5:[m[K [01;36m[Knote: [m[K  template argument deduction/substitution failed:
[01m[K/home/gkasha/Documents/maae/src/auction/src/agent.cpp:133:71:[m[K [01;31m[Kerror: [m[Ktemplate argument 1 is invalid
  133 |     auto req = [01;31m[Kstd::make_shared<ma_interfaces::srv::Register::Request>()[m[K;
      |                [01;31m[K~~~~~~~~~~~~~~~~~~~~~~~~~~~~~~~~~~~~~~~~~~~~~~~~~~~~~~~^~[m[K
[01m[K/home/gkasha/Documents/maae/src/auction/src/agent.cpp:135:13:[m[K [01;31m[Kerror: [m[K‘[01m[Kclient[m[K’ was not declared in this scope
  135 |     while (![01;31m[Kclient[m[K->wait_for_service(1s)) {
      |             [01;31m[K^~~~~~[m[K
[01m[K/home/gkasha/Documents/maae/src/auction/src/agent.cpp:142:16:[m[K [01;31m[Kerror: [m[K‘[01m[Kclient[m[K’ was not declared in this scope
  142 |     auto res = [01;31m[Kclient[m[K->async_send_request(request);
      |                [01;31m[K^~~~~~[m[K
[01m[K/home/gkasha/Documents/maae/src/auction/src/agent.cpp:142:43:[m[K [01;31m[Kerror: [m[K‘[01m[Krequest[m[K’ was not declared in this scope
  142 |     auto res = client->async_send_request([01;31m[Krequest[m[K);
      |                                           [01;31m[K^~~~~~~[m[K
[01m[K/home/gkasha/Documents/maae/src/auction/src/agent.cpp:143:52:[m[K [01;31m[Kerror: [m[K‘[01m[Kbid_res[m[K’ was not declared in this scope
  143 |     if (rclcpp::spin_until_future_complete(master, [01;31m[Kbid_res[m[K) !=
      |                                                    [01;31m[K^~~~~~~[m[K
gmake[2]: *** [CMakeFiles/agent.dir/build.make:76: CMakeFiles/agent.dir/src/agent.cpp.o] Error 1
gmake[1]: *** [CMakeFiles/Makefile2:195: CMakeFiles/agent.dir/all] Error 2
gmake: *** [Makefile:146: all] Error 2
