[35m[1mConsolidate compiler generated dependencies of target execution_interface[0m
[35m[1mConsolidate compiler generated dependencies of target agent[0m
[ 22%] Built target client
[ 44%] Built target goal_manager
[ 55%] [32mBuilding CXX object CMakeFiles/agent.dir/src/agent.cpp.o[0m
[ 66%] [32mBuilding CXX object CMakeFiles/execution_interface.dir/src/execution_interface.cpp.o[0m
In file included from [01m[K/home/gkasha/Documents/maae/src/auction/src/agent.cpp:1[m[K:
[01m[K/home/gkasha/Documents/maae/src/auction/include/auction/agent.hpp:13:10:[m[K [01;31m[Kfatal error: [m[Kstd_msgs/msg/int64.hpp: No such file or directory
   13 | #include [01;31m[K"std_msgs/msg/int64.hpp"[m[K
      |          [01;31m[K^~~~~~~~~~~~~~~~~~~~~~~~[m[K
compilation terminated.
gmake[2]: *** [CMakeFiles/agent.dir/build.make:76: CMakeFiles/agent.dir/src/agent.cpp.o] Error 1
gmake[1]: *** [CMakeFiles/Makefile2:195: CMakeFiles/agent.dir/all] Error 2
gmake[1]: *** Waiting for unfinished jobs....
In file included from [01m[K/home/gkasha/Documents/maae/src/auction/src/execution_interface.cpp:1[m[K:
[01m[K/home/gkasha/Documents/maae/src/auction/include/auction/execution_interface.hpp:[m[K In member function ‘[01m[Kvoid Monitor::clock_callback(std_msgs::msg::Int64_<std::allocator<void> >::SharedPtr)[m[K’:
[01m[K/home/gkasha/Documents/maae/src/auction/include/auction/execution_interface.hpp:109:30:[m[K [01;31m[Kerror: [m[K‘[01m[Kconst SharedPtr[m[K’ {aka ‘[01m[Kconst class std::shared_ptr<std_msgs::msg::Int64_<std::allocator<void> > >[m[K’} has no member named ‘[01m[Kdata[m[K’
  109 |             curr_time_ = msg.[01;31m[Kdata[m[K;
      |                              [01;31m[K^~~~[m[K
gmake[2]: *** [CMakeFiles/execution_interface.dir/build.make:76: CMakeFiles/execution_interface.dir/src/execution_interface.cpp.o] Error 1
gmake[1]: *** [CMakeFiles/Makefile2:143: CMakeFiles/execution_interface.dir/all] Error 2
gmake: *** [Makefile:146: all] Error 2
