In file included from [01m[K/home/gkasha/Documents/maae/src/auction/src/agent.cpp:1[m[K:
[01m[K/home/gkasha/Documents/maae/src/auction/include/auction/agent.hpp:[m[K In constructor ‘[01m[KAgent::Agent(std::string, double, double)[m[K’:
[01m[K/home/gkasha/Documents/maae/src/auction/include/auction/agent.hpp:50:13:[m[K [01;31m[Kerror: [m[K‘[01m[Kagent_start_time_[m[K’ was not declared in this scope; did you mean ‘[01m[Kstart_time_[m[K’?
   50 |             [01;31m[Kagent_start_time_[m[K = std::chrono::duration_cast<std::chrono::milliseconds>(std::chrono::time_point_cast<std::chrono::milliseconds>(std::chrono::steady_clock::now()).time_since_epoch()).count();
      |             [01;31m[K^~~~~~~~~~~~~~~~~[m[K
      |             [32m[Kstart_time_[m[K
In file included from [01m[K/home/gkasha/Documents/maae/src/auction/src/agent.cpp:1[m[K:
[01m[K/home/gkasha/Documents/maae/src/auction/include/auction/agent.hpp:51:25:[m[K [01;31m[Kerror: [m[K‘[01m[Kagent_start_time[m[K’ was not declared in this scope
   51 |             deadline_ = [01;31m[Kagent_start_time[m[K + deadline;
      |                         [01;31m[K^~~~~~~~~~~~~~~~[m[K
[01m[K/home/gkasha/Documents/maae/src/auction/include/auction/agent.hpp:75:35:[m[K [01;31m[Kerror: [m[Kno match for ‘[01m[Koperator=[m[K’ (operand types are ‘[01m[Krclcpp::SubscriptionOptionsWithAllocator<std::allocator<void> >[m[K’ and ‘[01m[Krclcpp::CallbackGroup::SharedPtr[m[K’ {aka ‘[01m[Kstd::shared_ptr<rclcpp::CallbackGroup>[m[K’})
   75 |             action_feedback_opt = [01;31m[Kcbgs_action_feedback_[m[K;
      |                                   [01;31m[K^~~~~~~~~~~~~~~~~~~~~[m[K
In file included from [01m[K/home/gkasha/ros2_humble/install/rclcpp/include/rclcpp/rclcpp/subscription.hpp:45[m[K,
                 from [01m[K/home/gkasha/ros2_humble/install/rclcpp/include/rclcpp/rclcpp/any_executable.hpp:25[m[K,
                 from [01m[K/home/gkasha/ros2_humble/install/rclcpp/include/rclcpp/rclcpp/memory_strategy.hpp:25[m[K,
                 from [01m[K/home/gkasha/ros2_humble/install/rclcpp/include/rclcpp/rclcpp/memory_strategies.hpp:18[m[K,
                 from [01m[K/home/gkasha/ros2_humble/install/rclcpp/include/rclcpp/rclcpp/executor_options.hpp:20[m[K,
                 from [01m[K/home/gkasha/ros2_humble/install/rclcpp/include/rclcpp/rclcpp/executor.hpp:37[m[K,
                 from [01m[K/home/gkasha/ros2_humble/install/rclcpp/include/rclcpp/rclcpp/executors/multi_threaded_executor.hpp:25[m[K,
                 from [01m[K/home/gkasha/ros2_humble/install/rclcpp/include/rclcpp/rclcpp/executors.hpp:21[m[K,
                 from [01m[K/home/gkasha/ros2_humble/install/rclcpp/include/rclcpp/rclcpp/rclcpp.hpp:155[m[K,
                 from [01m[K/home/gkasha/Documents/maae/src/auction/include/auction/agent.hpp:5[m[K,
                 from [01m[K/home/gkasha/Documents/maae/src/auction/src/agent.cpp:1[m[K:
[01m[K/home/gkasha/ros2_humble/install/rclcpp/include/rclcpp/rclcpp/subscription_options.hpp:91:8:[m[K [01;36m[Knote: [m[Kcandidate: ‘[01m[Krclcpp::SubscriptionOptionsWithAllocator<std::allocator<void> >& rclcpp::SubscriptionOptionsWithAllocator<std::allocator<void> >::operator=(const rclcpp::SubscriptionOptionsWithAllocator<std::allocator<void> >&)[m[K’
   91 | struct [01;36m[KSubscriptionOptionsWithAllocator[m[K : public SubscriptionOptionsBase
      |        [01;36m[K^~~~~~~~~~~~~~~~~~~~~~~~~~~~~~~~[m[K
[01m[K/home/gkasha/ros2_humble/install/rclcpp/include/rclcpp/rclcpp/subscription_options.hpp:91:8:[m[K [01;36m[Knote: [m[K  no known conversion for argument 1 from ‘[01m[Krclcpp::CallbackGroup::SharedPtr[m[K’ {aka ‘[01m[Kstd::shared_ptr<rclcpp::CallbackGroup>[m[K’} to ‘[01m[Kconst rclcpp::SubscriptionOptionsWithAllocator<std::allocator<void> >&[m[K’
[01m[K/home/gkasha/ros2_humble/install/rclcpp/include/rclcpp/rclcpp/subscription_options.hpp:91:8:[m[K [01;36m[Knote: [m[Kcandidate: ‘[01m[Krclcpp::SubscriptionOptionsWithAllocator<std::allocator<void> >& rclcpp::SubscriptionOptionsWithAllocator<std::allocator<void> >::operator=(rclcpp::SubscriptionOptionsWithAllocator<std::allocator<void> >&&)[m[K’
[01m[K/home/gkasha/ros2_humble/install/rclcpp/include/rclcpp/rclcpp/subscription_options.hpp:91:8:[m[K [01;36m[Knote: [m[K  no known conversion for argument 1 from ‘[01m[Krclcpp::CallbackGroup::SharedPtr[m[K’ {aka ‘[01m[Kstd::shared_ptr<rclcpp::CallbackGroup>[m[K’} to ‘[01m[Krclcpp::SubscriptionOptionsWithAllocator<std::allocator<void> >&&[m[K’
[01m[K/home/gkasha/Documents/maae/src/auction/src/agent.cpp:[m[K In member function ‘[01m[Kvoid Agent::new_tasks_cb(ma_interfaces::msg::Task)[m[K’:
[01m[K/home/gkasha/Documents/maae/src/auction/src/agent.cpp:143:73:[m[K [01;31m[Kerror: [m[Kno matching function for call to ‘[01m[Kmax(int, ma_interfaces::msg::Task_<std::allocator<void> >::_duration_type)[m[K’
  143 |         constraint task_dur = std::make_tuple(new_stp, new_etp, [01;31m[Kstd::max(0,task.duration-execution_threshold_)[m[K, task.duration+execution_threshold_);
      |                                                                 [01;31m[K~~~~~~~~^~~~~~~~~~~~~~~~~~~~~~~~~~~~~~~~~~~~~~[m[K
In file included from [01m[K/usr/include/c++/11/memory:63[m[K,
                 from [01m[K/home/gkasha/ros2_humble/install/rclcpp/include/rclcpp/rclcpp/rclcpp.hpp:153[m[K,
                 from [01m[K/home/gkasha/Documents/maae/src/auction/include/auction/agent.hpp:5[m[K,
                 from [01m[K/home/gkasha/Documents/maae/src/auction/src/agent.cpp:1[m[K:
[01m[K/usr/include/c++/11/bits/stl_algobase.h:254:5:[m[K [01;36m[Knote: [m[Kcandidate: ‘[01m[Ktemplate<class _Tp> constexpr const _Tp& std::max(const _Tp&, const _Tp&)[m[K’
  254 |     [01;36m[Kmax[m[K(const _Tp& __a, const _Tp& __b)
      |     [01;36m[K^~~[m[K
[01m[K/usr/include/c++/11/bits/stl_algobase.h:254:5:[m[K [01;36m[Knote: [m[K  template argument deduction/substitution failed:
[01m[K/home/gkasha/Documents/maae/src/auction/src/agent.cpp:143:73:[m[K [01;36m[Knote: [m[K  deduced conflicting types for parameter ‘[01m[Kconst _Tp[m[K’ (‘[01m[Kint[m[K’ and ‘[01m[Kma_interfaces::msg::Task_<std::allocator<void> >::_duration_type[m[K’ {aka ‘[01m[Kdouble[m[K’})
  143 |         constraint task_dur = std::make_tuple(new_stp, new_etp, [01;36m[Kstd::max(0,task.duration-execution_threshold_)[m[K, task.duration+execution_threshold_);
      |                                                                 [01;36m[K~~~~~~~~^~~~~~~~~~~~~~~~~~~~~~~~~~~~~~~~~~~~~~[m[K
In file included from [01m[K/usr/include/c++/11/memory:63[m[K,
                 from [01m[K/home/gkasha/ros2_humble/install/rclcpp/include/rclcpp/rclcpp/rclcpp.hpp:153[m[K,
                 from [01m[K/home/gkasha/Documents/maae/src/auction/include/auction/agent.hpp:5[m[K,
                 from [01m[K/home/gkasha/Documents/maae/src/auction/src/agent.cpp:1[m[K:
[01m[K/usr/include/c++/11/bits/stl_algobase.h:300:5:[m[K [01;36m[Knote: [m[Kcandidate: ‘[01m[Ktemplate<class _Tp, class _Compare> constexpr const _Tp& std::max(const _Tp&, const _Tp&, _Compare)[m[K’
  300 |     [01;36m[Kmax[m[K(const _Tp& __a, const _Tp& __b, _Compare __comp)
      |     [01;36m[K^~~[m[K
[01m[K/usr/include/c++/11/bits/stl_algobase.h:300:5:[m[K [01;36m[Knote: [m[K  template argument deduction/substitution failed:
[01m[K/home/gkasha/Documents/maae/src/auction/src/agent.cpp:143:73:[m[K [01;36m[Knote: [m[K  deduced conflicting types for parameter ‘[01m[Kconst _Tp[m[K’ (‘[01m[Kint[m[K’ and ‘[01m[Kma_interfaces::msg::Task_<std::allocator<void> >::_duration_type[m[K’ {aka ‘[01m[Kdouble[m[K’})
  143 |         constraint task_dur = std::make_tuple(new_stp, new_etp, [01;36m[Kstd::max(0,task.duration-execution_threshold_)[m[K, task.duration+execution_threshold_);
      |                                                                 [01;36m[K~~~~~~~~^~~~~~~~~~~~~~~~~~~~~~~~~~~~~~~~~~~~~~[m[K
In file included from [01m[K/usr/include/c++/11/algorithm:62[m[K,
                 from [01m[K/home/gkasha/ros2_humble/install/rclcpp/include/rclcpp/rclcpp/executor.hpp:18[m[K,
                 from [01m[K/home/gkasha/ros2_humble/install/rclcpp/include/rclcpp/rclcpp/executors/multi_threaded_executor.hpp:25[m[K,
                 from [01m[K/home/gkasha/ros2_humble/install/rclcpp/include/rclcpp/rclcpp/executors.hpp:21[m[K,
                 from [01m[K/home/gkasha/ros2_humble/install/rclcpp/include/rclcpp/rclcpp/rclcpp.hpp:155[m[K,
                 from [01m[K/home/gkasha/Documents/maae/src/auction/include/auction/agent.hpp:5[m[K,
                 from [01m[K/home/gkasha/Documents/maae/src/auction/src/agent.cpp:1[m[K:
[01m[K/usr/include/c++/11/bits/stl_algo.h:3461:5:[m[K [01;36m[Knote: [m[Kcandidate: ‘[01m[Ktemplate<class _Tp> constexpr _Tp std::max(std::initializer_list<_Tp>)[m[K’
 3461 |     [01;36m[Kmax[m[K(initializer_list<_Tp> __l)
      |     [01;36m[K^~~[m[K
[01m[K/usr/include/c++/11/bits/stl_algo.h:3461:5:[m[K [01;36m[Knote: [m[K  template argument deduction/substitution failed:
[01m[K/home/gkasha/Documents/maae/src/auction/src/agent.cpp:143:73:[m[K [01;36m[Knote: [m[K  mismatched types ‘[01m[Kstd::initializer_list<_Tp>[m[K’ and ‘[01m[Kint[m[K’
  143 |         constraint task_dur = std::make_tuple(new_stp, new_etp, [01;36m[Kstd::max(0,task.duration-execution_threshold_)[m[K, task.duration+execution_threshold_);
      |                                                                 [01;36m[K~~~~~~~~^~~~~~~~~~~~~~~~~~~~~~~~~~~~~~~~~~~~~~[m[K
In file included from [01m[K/usr/include/c++/11/algorithm:62[m[K,
                 from [01m[K/home/gkasha/ros2_humble/install/rclcpp/include/rclcpp/rclcpp/executor.hpp:18[m[K,
                 from [01m[K/home/gkasha/ros2_humble/install/rclcpp/include/rclcpp/rclcpp/executors/multi_threaded_executor.hpp:25[m[K,
                 from [01m[K/home/gkasha/ros2_humble/install/rclcpp/include/rclcpp/rclcpp/executors.hpp:21[m[K,
                 from [01m[K/home/gkasha/ros2_humble/install/rclcpp/include/rclcpp/rclcpp/rclcpp.hpp:155[m[K,
                 from [01m[K/home/gkasha/Documents/maae/src/auction/include/auction/agent.hpp:5[m[K,
                 from [01m[K/home/gkasha/Documents/maae/src/auction/src/agent.cpp:1[m[K:
[01m[K/usr/include/c++/11/bits/stl_algo.h:3467:5:[m[K [01;36m[Knote: [m[Kcandidate: ‘[01m[Ktemplate<class _Tp, class _Compare> constexpr _Tp std::max(std::initializer_list<_Tp>, _Compare)[m[K’
 3467 |     [01;36m[Kmax[m[K(initializer_list<_Tp> __l, _Compare __comp)
      |     [01;36m[K^~~[m[K
[01m[K/usr/include/c++/11/bits/stl_algo.h:3467:5:[m[K [01;36m[Knote: [m[K  template argument deduction/substitution failed:
[01m[K/home/gkasha/Documents/maae/src/auction/src/agent.cpp:143:73:[m[K [01;36m[Knote: [m[K  mismatched types ‘[01m[Kstd::initializer_list<_Tp>[m[K’ and ‘[01m[Kint[m[K’
  143 |         constraint task_dur = std::make_tuple(new_stp, new_etp, [01;36m[Kstd::max(0,task.duration-execution_threshold_)[m[K, task.duration+execution_threshold_);
      |                                                                 [01;36m[K~~~~~~~~^~~~~~~~~~~~~~~~~~~~~~~~~~~~~~~~~~~~~~[m[K
gmake[2]: *** [CMakeFiles/agent.dir/build.make:76: CMakeFiles/agent.dir/src/agent.cpp.o] Error 1
gmake[1]: *** [CMakeFiles/Makefile2:195: CMakeFiles/agent.dir/all] Error 2
gmake[1]: *** Waiting for unfinished jobs....
gmake: *** [Makefile:146: all] Error 2
