[35m[1mConsolidate compiler generated dependencies of target agent[0m
[ 25%] Built target goal_manager
[ 50%] Built target client
[ 75%] Built target server
[ 87%] [32mBuilding CXX object CMakeFiles/agent.dir/src/agent.cpp.o[0m
[100%] [32m[1mLinking CXX executable agent[0m
/usr/bin/ld: CMakeFiles/agent.dir/src/agent.cpp.o: in function `Agent::Agent(std::__cxx11::basic_string<char, std::char_traits<char>, std::allocator<char> >)':
agent.cpp:(.text._ZN5AgentC2ENSt7__cxx1112basic_stringIcSt11char_traitsIcESaIcEEE[_ZN5AgentC5ENSt7__cxx1112basic_stringIcSt11char_traitsIcESaIcEEE]+0xa85): undefined reference to `STN::add_timepoint(std::__cxx11::basic_string<char, std::char_traits<char>, std::allocator<char> >)'
/usr/bin/ld: agent.cpp:(.text._ZN5AgentC2ENSt7__cxx1112basic_stringIcSt11char_traitsIcESaIcEEE[_ZN5AgentC5ENSt7__cxx1112basic_stringIcSt11char_traitsIcESaIcEEE]+0xaf2): undefined reference to `STN::add_timepoint(std::__cxx11::basic_string<char, std::char_traits<char>, std::allocator<char> >)'
/usr/bin/ld: agent.cpp:(.text._ZN5AgentC2ENSt7__cxx1112basic_stringIcSt11char_traitsIcESaIcEEE[_ZN5AgentC5ENSt7__cxx1112basic_stringIcSt11char_traitsIcESaIcEEE]+0xbd0): undefined reference to `STN::add_constraint(std::__cxx11::basic_string<char, std::char_traits<char>, std::allocator<char> >, std::tuple<std::__cxx11::basic_string<char, std::char_traits<char>, std::allocator<char> >, std::__cxx11::basic_string<char, std::char_traits<char>, std::allocator<char> >, double, double>)'
/usr/bin/ld: CMakeFiles/agent.dir/src/agent.cpp.o: in function `Agent::find_slot(int)':
agent.cpp:(.text._ZN5Agent9find_slotEi[_ZN5Agent9find_slotEi]+0x6b): undefined reference to `STN::get_feasible_values(std::__cxx11::basic_string<char, std::char_traits<char>, std::allocator<char> >)'
/usr/bin/ld: agent.cpp:(.text._ZN5Agent9find_slotEi[_ZN5Agent9find_slotEi]+0xaf): undefined reference to `STN::get_feasible_values(std::__cxx11::basic_string<char, std::char_traits<char>, std::allocator<char> >)'
/usr/bin/ld: CMakeFiles/agent.dir/src/agent.cpp.o: in function `Agent::new_tasks_cb(ma_interfaces::msg::Task_<std::allocator<void> >)':
agent.cpp:(.text._ZN5Agent12new_tasks_cbEN13ma_interfaces3msg5Task_ISaIvEEE[_ZN5Agent12new_tasks_cbEN13ma_interfaces3msg5Task_ISaIvEEE]+0x12f): undefined reference to `STN::get_feasible_values(std::__cxx11::basic_string<char, std::char_traits<char>, std::allocator<char> >)'
/usr/bin/ld: agent.cpp:(.text._ZN5Agent12new_tasks_cbEN13ma_interfaces3msg5Task_ISaIvEEE[_ZN5Agent12new_tasks_cbEN13ma_interfaces3msg5Task_ISaIvEEE]+0x781): undefined reference to `STN::del_constraint(std::__cxx11::basic_string<char, std::char_traits<char>, std::allocator<char> >)'
/usr/bin/ld: agent.cpp:(.text._ZN5Agent12new_tasks_cbEN13ma_interfaces3msg5Task_ISaIvEEE[_ZN5Agent12new_tasks_cbEN13ma_interfaces3msg5Task_ISaIvEEE]+0x93f): undefined reference to `STN::add_timepoint(std::__cxx11::basic_string<char, std::char_traits<char>, std::allocator<char> >)'
/usr/bin/ld: agent.cpp:(.text._ZN5Agent12new_tasks_cbEN13ma_interfaces3msg5Task_ISaIvEEE[_ZN5Agent12new_tasks_cbEN13ma_interfaces3msg5Task_ISaIvEEE]+0x987): undefined reference to `STN::add_timepoint(std::__cxx11::basic_string<char, std::char_traits<char>, std::allocator<char> >)'
/usr/bin/ld: agent.cpp:(.text._ZN5Agent12new_tasks_cbEN13ma_interfaces3msg5Task_ISaIvEEE[_ZN5Agent12new_tasks_cbEN13ma_interfaces3msg5Task_ISaIvEEE]+0xa36): undefined reference to `STN::add_constraint(std::__cxx11::basic_string<char, std::char_traits<char>, std::allocator<char> >, std::tuple<std::__cxx11::basic_string<char, std::char_traits<char>, std::allocator<char> >, std::__cxx11::basic_string<char, std::char_traits<char>, std::allocator<char> >, double, double>)'
/usr/bin/ld: agent.cpp:(.text._ZN5Agent12new_tasks_cbEN13ma_interfaces3msg5Task_ISaIvEEE[_ZN5Agent12new_tasks_cbEN13ma_interfaces3msg5Task_ISaIvEEE]+0xb53): undefined reference to `STN::add_constraint(std::__cxx11::basic_string<char, std::char_traits<char>, std::allocator<char> >, std::tuple<std::__cxx11::basic_string<char, std::char_traits<char>, std::allocator<char> >, std::__cxx11::basic_string<char, std::char_traits<char>, std::allocator<char> >, double, double>)'
/usr/bin/ld: agent.cpp:(.text._ZN5Agent12new_tasks_cbEN13ma_interfaces3msg5Task_ISaIvEEE[_ZN5Agent12new_tasks_cbEN13ma_interfaces3msg5Task_ISaIvEEE]+0xc93): undefined reference to `STN::add_constraint(std::__cxx11::basic_string<char, std::char_traits<char>, std::allocator<char> >, std::tuple<std::__cxx11::basic_string<char, std::char_traits<char>, std::allocator<char> >, std::__cxx11::basic_string<char, std::char_traits<char>, std::allocator<char> >, double, double>)'
/usr/bin/ld: agent.cpp:(.text._ZN5Agent12new_tasks_cbEN13ma_interfaces3msg5Task_ISaIvEEE[_ZN5Agent12new_tasks_cbEN13ma_interfaces3msg5Task_ISaIvEEE]+0x1021): undefined reference to `STN::print_graph()'
collect2: error: ld returned 1 exit status
gmake[2]: *** [CMakeFiles/agent.dir/build.make:159: agent] Error 1
gmake[1]: *** [CMakeFiles/Makefile2:195: CMakeFiles/agent.dir/all] Error 2
gmake: *** [Makefile:146: all] Error 2
