[35m[1mConsolidate compiler generated dependencies of target agent[0m
[ 18%] Built target goal_manager
[ 27%] [32mBuilding CXX object CMakeFiles/agent.dir/src/agent.cpp.o[0m
[ 45%] Built target client
[ 63%] Built target execution_interface
[ 81%] Built target clock
[01m[K/home/gkasha/Documents/maae/src/auction/src/agent.cpp:[m[K In member function ‘[01m[Kvoid Agent::new_tasks_cb(ma_interfaces::msg::Task)[m[K’:
[01m[K/home/gkasha/Documents/maae/src/auction/src/agent.cpp:575:33:[m[K [01;35m[Kwarning: [m[Kcomparison of constant ‘[01m[K0[m[K’ with boolean expression is always true [[01;35m[K]8;;https://gcc.gnu.org/onlinedocs/gcc/Warning-Options.html#index-Wbool-compare-Wbool-compare]8;;[m[K]
  575 |         if ([01;35m[Kschedule_task(task) >= 0[m[K) {
      |             [01;35m[K~~~~~~~~~~~~~~~~~~~~^~~~[m[K
[ 90%] [32m[1mLinking CXX executable agent[0m
[100%] Built target agent
-- Install configuration: ""
-- Up-to-date: /home/gkasha/Documents/maae/install/auction/include/auction/
-- Up-to-date: /home/gkasha/Documents/maae/install/auction/include/auction//execution_interface.hpp
-- Up-to-date: /home/gkasha/Documents/maae/install/auction/include/auction//stn.hpp
-- Up-to-date: /home/gkasha/Documents/maae/install/auction/include/auction//agent.hpp
-- Up-to-date: /home/gkasha/Documents/maae/install/auction/lib/auction/execution_interface
-- Up-to-date: /home/gkasha/Documents/maae/install/auction/lib/auction/client
-- Installing: /home/gkasha/Documents/maae/install/auction/lib/auction/agent
-- Set runtime path of "/home/gkasha/Documents/maae/install/auction/lib/auction/agent" to ""
-- Up-to-date: /home/gkasha/Documents/maae/install/auction/lib/auction/goal_manager
-- Up-to-date: /home/gkasha/Documents/maae/install/auction/lib/auction/clock
-- Up-to-date: /home/gkasha/Documents/maae/install/auction/share/ament_index/resource_index/package_run_dependencies/auction
-- Up-to-date: /home/gkasha/Documents/maae/install/auction/share/ament_index/resource_index/parent_prefix_path/auction
-- Up-to-date: /home/gkasha/Documents/maae/install/auction/share/auction/environment/ament_prefix_path.dsv
-- Up-to-date: /home/gkasha/Documents/maae/install/auction/share/auction/environment/path.dsv
-- Up-to-date: /home/gkasha/Documents/maae/install/auction/share/auction/local_setup.bash
-- Up-to-date: /home/gkasha/Documents/maae/install/auction/share/auction/local_setup.sh
-- Up-to-date: /home/gkasha/Documents/maae/install/auction/share/auction/local_setup.zsh
-- Up-to-date: /home/gkasha/Documents/maae/install/auction/share/auction/local_setup.dsv
-- Installing: /home/gkasha/Documents/maae/install/auction/share/auction/package.dsv
-- Up-to-date: /home/gkasha/Documents/maae/install/auction/share/ament_index/resource_index/packages/auction
-- Up-to-date: /home/gkasha/Documents/maae/install/auction/share/auction/cmake/ament_cmake_export_include_directories-extras.cmake
-- Up-to-date: /home/gkasha/Documents/maae/install/auction/share/auction/cmake/auctionConfig.cmake
-- Up-to-date: /home/gkasha/Documents/maae/install/auction/share/auction/cmake/auctionConfig-version.cmake
-- Up-to-date: /home/gkasha/Documents/maae/install/auction/share/auction/package.xml
