[01m[K/home/gkasha/Documents/maae/src/auction/src/goal_manager.cpp:[m[K In function ‘[01m[Kvoid add_goal(std::shared_ptr<ma_interfaces::srv::GetGoal_Request_<std::allocator<void> > >, std::shared_ptr<ma_interfaces::srv::GetGoal_Response_<std::allocator<void> > >)[m[K’:
[01m[K/home/gkasha/Documents/maae/src/auction/src/goal_manager.cpp:17:25:[m[K [01;31m[Kerror: [m[K‘[01m[Kusing element_type = struct ma_interfaces::srv::GetGoal_Request_<std::allocator<void> >[m[K’ {aka ‘[01m[Kstruct ma_interfaces::srv::GetGoal_Request_<std::allocator<void> >[m[K’} has no member named ‘[01m[Kg[m[K’
   17 |     goals.push(request->[01;31m[Kg[m[K);
      |                         [01;31m[K^[m[K
[01m[K/home/gkasha/Documents/maae/src/auction/src/goal_manager.cpp:18:15:[m[K [01;31m[Kerror: [m[K‘[01m[Kusing element_type = struct ma_interfaces::srv::GetGoal_Response_<std::allocator<void> >[m[K’ {aka ‘[01m[Kstruct ma_interfaces::srv::GetGoal_Response_<std::allocator<void> >[m[K’} has no member named ‘[01m[Kstatus[m[K’
   18 |     response->[01;31m[Kstatus[m[K = true;
      |               [01;31m[K^~~~~~[m[K
[01m[K/home/gkasha/Documents/maae/src/auction/src/goal_manager.cpp:[m[K In function ‘[01m[Kvoid get_goal(std::shared_ptr<ma_interfaces::srv::GetGoal_Request_<std::allocator<void> > >, std::shared_ptr<ma_interfaces::srv::GetGoal_Response_<std::allocator<void> > >)[m[K’:
[01m[K/home/gkasha/Documents/maae/src/auction/src/goal_manager.cpp:27:32:[m[K [01;31m[Kerror: [m[K‘[01m[Kros[m[K’ has not been declared
   27 |         response->num_agents = [01;31m[Kros[m[K::Publisher::getNumSubscribers();
      |                                [01;31m[K^~~[m[K
[01m[K/home/gkasha/Documents/maae/src/auction/src/goal_manager.cpp:21:75:[m[K [01;35m[Kwarning: [m[Kunused parameter ‘[01m[Krequest[m[K’ [[01;35m[K]8;;https://gcc.gnu.org/onlinedocs/gcc/Warning-Options.html#index-Wunused-parameter-Wunused-parameter]8;;[m[K]
   21 | void get_goal([01;35m[Kconst std::shared_ptr<ma_interfaces::srv::GetGoal::Request> request[m[K,
      |               [01;35m[K~~~~~~~~~~~~~~~~~~~~~~~~~~~~~~~~~~~~~~~~~~~~~~~~~~~~~~~~~~~~^~~~~~~[m[K
[01m[K/home/gkasha/Documents/maae/src/auction/src/goal_manager.cpp:[m[K In function ‘[01m[Kint main(int, char**)[m[K’:
[01m[K/home/gkasha/Documents/maae/src/auction/src/goal_manager.cpp:39:41:[m[K [01;31m[Kerror: [m[K‘[01m[KAddGoal[m[K’ is not a member of ‘[01m[Kma_interfaces::srv[m[K’
   39 |     rclcpp::Service<ma_interfaces::srv::[01;31m[KAddGoal[m[K>::SharedPtr add_service =
      |                                         [01;31m[K^~~~~~~[m[K
[01m[K/home/gkasha/Documents/maae/src/auction/src/goal_manager.cpp:39:48:[m[K [01;31m[Kerror: [m[Ktemplate argument 1 is invalid
   39 |     rclcpp::Service<ma_interfaces::srv::AddGoal[01;31m[K>[m[K::SharedPtr add_service =
      |                                                [01;31m[K^[m[K
[01m[K/home/gkasha/Documents/maae/src/auction/src/goal_manager.cpp:39:61:[m[K [01;31m[Kerror: [m[Kexpected initializer before ‘[01m[Kadd_service[m[K’
   39 |     rclcpp::Service<ma_interfaces::srv::AddGoal>::SharedPtr [01;31m[Kadd_service[m[K =
      |                                                             [01;31m[K^~~~~~~~~~~[m[K
[01m[K/home/gkasha/Documents/maae/src/auction/src/agent.cpp:34:62:[m[K [01;31m[Kerror: [m[Ktemplate argument 1 is invalid
   34 |         std::shared_ptr<ma_interfaces::srv::GetBid::Response [01;31m[Krep[m[K)
      |                                                              [01;31m[K^~~[m[K
[01m[K/home/gkasha/Documents/maae/src/auction/src/agent.cpp:34:62:[m[K [01;31m[Kerror: [m[Ktemplate argument 1 is invalid
[01m[K/home/gkasha/Documents/maae/src/auction/src/agent.cpp:34:62:[m[K [01;31m[Kerror: [m[Ktemplate argument 1 is invalid
[01m[K/home/gkasha/Documents/maae/src/auction/src/agent.cpp:34:9:[m[K [01;31m[Kerror: [m[Kinvalid template-id
   34 |         [01;31m[Kstd[m[K::shared_ptr<ma_interfaces::srv::GetBid::Response rep)
      |         [01;31m[K^~~[m[K
[01m[K/home/gkasha/Documents/maae/src/auction/src/agent.cpp:34:62:[m[K [01;31m[Kerror: [m[Kexpected primary-expression before ‘[01m[Krep[m[K’
   34 |         std::shared_ptr<ma_interfaces::srv::GetBid::Response [01;31m[Krep[m[K)
      |                                                              [01;31m[K^~~[m[K
[01m[K/home/gkasha/Documents/maae/src/auction/src/agent.cpp:34:62:[m[K [01;31m[Kerror: [m[Kexpected ‘[01m[K>[m[K’ before ‘[01m[Krep[m[K’
[01m[K/home/gkasha/Documents/maae/src/auction/src/agent.cpp:34:9:[m[K [01;31m[Kerror: [m[Kclass template placeholder ‘[01m[Kstd::shared_ptr[m[K’ not permitted in this context
   34 |         [01;31m[Kstd[m[K::shared_ptr<ma_interfaces::srv::GetBid::Response rep)
      |         [01;31m[K^~~[m[K
In file included from [01m[K/home/gkasha/ros2_humble/build/rclcpp/include/rclcpp/logging.hpp:24[m[K,
                 from [01m[K/home/gkasha/ros2_humble/install/rclcpp/include/rclcpp/rclcpp/client.hpp:40[m[K,
                 from [01m[K/home/gkasha/ros2_humble/install/rclcpp/include/rclcpp/rclcpp/callback_group.hpp:24[m[K,
                 from [01m[K/home/gkasha/ros2_humble/install/rclcpp/include/rclcpp/rclcpp/any_executable.hpp:20[m[K,
                 from [01m[K/home/gkasha/ros2_humble/install/rclcpp/include/rclcpp/rclcpp/memory_strategy.hpp:25[m[K,
                 from [01m[K/home/gkasha/ros2_humble/install/rclcpp/include/rclcpp/rclcpp/memory_strategies.hpp:18[m[K,
                 from [01m[K/home/gkasha/ros2_humble/install/rclcpp/include/rclcpp/rclcpp/executor_options.hpp:20[m[K,
                 from [01m[K/home/gkasha/ros2_humble/install/rclcpp/include/rclcpp/rclcpp/executor.hpp:37[m[K,
                 from [01m[K/home/gkasha/ros2_humble/install/rclcpp/include/rclcpp/rclcpp/executors/multi_threaded_executor.hpp:25[m[K,
                 from [01m[K/home/gkasha/ros2_humble/install/rclcpp/include/rclcpp/rclcpp/executors.hpp:21[m[K,
                 from [01m[K/home/gkasha/ros2_humble/install/rclcpp/include/rclcpp/rclcpp/rclcpp.hpp:155[m[K,
                 from [01m[K/home/gkasha/Documents/maae/src/auction/src/agent.cpp:1[m[K:
[01m[K/home/gkasha/Documents/maae/src/auction/src/agent.cpp:[m[K In function ‘[01m[Kvoid get_bid(...)[m[K’:
[01m[K/home/gkasha/Documents/maae/src/auction/src/agent.cpp:36:79:[m[K [01;31m[Kerror: [m[K‘[01m[Kusing element_type = struct ma_interfaces::srv::GetBid_Request_<std::allocator<void> >[m[K’ {aka ‘[01m[Kstruct ma_interfaces::srv::GetBid_Request_<std::allocator<void> >[m[K’} has no member named ‘[01m[Kname[m[K’
   36 |     RCLCPP_INFO(rclcpp::get_logger("rclcpp"), "Generating a bid for %s", req->[01;31m[Kname[m[K.c_str());
      |                                                                               [01;31m[K^~~~[m[K
[01m[K/home/gkasha/Documents/maae/src/auction/src/agent.cpp:40:9:[m[K [01;31m[Kerror: [m[K‘[01m[Kstruct ma_interfaces::msg::Bid_<std::allocator<void> >[m[K’ has no member named ‘[01m[Kid[m[K’; did you mean ‘[01m[KBid_[m[K’?
   40 |     bid.[01;31m[Kid[m[K = master->id_;
      |         [01;31m[K^~[m[K
      |         [32m[KBid_[m[K
[01m[K/home/gkasha/Documents/maae/src/auction/src/agent.cpp:44:5:[m[K [01;31m[Kerror: [m[K‘[01m[Krep[m[K’ was not declared in this scope; did you mean ‘[01m[Kreq[m[K’?
   44 |     [01;31m[Krep[m[K->b = bid;
      |     [01;31m[K^~~[m[K
      |     [32m[Kreq[m[K
[01m[K/home/gkasha/Documents/maae/src/auction/src/agent.cpp:[m[K At global scope:
[01m[K/home/gkasha/Documents/maae/src/auction/src/agent.cpp:51:51:[m[K [01;31m[Kerror: [m[K‘[01m[KAuctionSrv[m[K’ is not a member of ‘[01m[Kma_interfaces::srv[m[K’
   51 |         const std::shared_ptr<ma_interfaces::srv::[01;31m[KAuctionSrv[m[K::Request> tmp_req,
      |                                                   [01;31m[K^~~~~~~~~~[m[K
[01m[K/home/gkasha/Documents/maae/src/auction/src/agent.cpp:51:70:[m[K [01;31m[Kerror: [m[Ktemplate argument 1 is invalid
   51 |         const std::shared_ptr<ma_interfaces::srv::AuctionSrv::Request[01;31m[K>[m[K tmp_req,
      |                                                                      [01;31m[K^[m[K
[01m[K/home/gkasha/Documents/maae/src/auction/src/agent.cpp:51:51:[m[K [01;31m[Kerror: [m[K‘[01m[KAuctionSrv[m[K’ is not a member of ‘[01m[Kma_interfaces::srv[m[K’
   51 |         const std::shared_ptr<ma_interfaces::srv::[01;31m[KAuctionSrv[m[K::Request> tmp_req,
      |                                                   [01;31m[K^~~~~~~~~~[m[K
[01m[K/home/gkasha/Documents/maae/src/auction/src/agent.cpp:51:70:[m[K [01;31m[Kerror: [m[Ktemplate argument 1 is invalid
   51 |         const std::shared_ptr<ma_interfaces::srv::AuctionSrv::Request[01;31m[K>[m[K tmp_req,
      |                                                                      [01;31m[K^[m[K
[01m[K/home/gkasha/Documents/maae/src/auction/src/agent.cpp:51:51:[m[K [01;31m[Kerror: [m[K‘[01m[KAuctionSrv[m[K’ is not a member of ‘[01m[Kma_interfaces::srv[m[K’
   51 |         const std::shared_ptr<ma_interfaces::srv::[01;31m[KAuctionSrv[m[K::Request> tmp_req,
      |                                                   [01;31m[K^~~~~~~~~~[m[K
[01m[K/home/gkasha/Documents/maae/src/auction/src/agent.cpp:51:70:[m[K [01;31m[Kerror: [m[Ktemplate argument 1 is invalid
   51 |         const std::shared_ptr<ma_interfaces::srv::AuctionSrv::Request[01;31m[K>[m[K tmp_req,
      |                                                                      [01;31m[K^[m[K
[01m[K/home/gkasha/Documents/maae/src/auction/src/agent.cpp:51:15:[m[K [01;31m[Kerror: [m[Kinvalid template-id
   51 |         const [01;31m[Kstd[m[K::shared_ptr<ma_interfaces::srv::AuctionSrv::Request> tmp_req,
      |               [01;31m[K^~~[m[K
[01m[K/home/gkasha/Documents/maae/src/auction/src/agent.cpp:51:51:[m[K [01;31m[Kerror: [m[K‘[01m[KAuctionSrv[m[K’ is not a member of ‘[01m[Kma_interfaces::srv[m[K’
   51 |         const std::shared_ptr<ma_interfaces::srv::[01;31m[KAuctionSrv[m[K::Request> tmp_req,
      |                                                   [01;31m[K^~~~~~~~~~[m[K
[01m[K/home/gkasha/Documents/maae/src/auction/src/agent.cpp:50:6:[m[K [01;31m[Kerror: [m[Kvariable or field ‘[01m[Kstart_auction[m[K’ declared void
   50 | void [01;31m[Kstart_auction[m[K(
      |      [01;31m[K^~~~~~~~~~~~~[m[K
[01m[K/home/gkasha/Documents/maae/src/auction/src/agent.cpp:51:9:[m[K [01;31m[Kerror: [m[Kexpected primary-expression before ‘[01m[Kconst[m[K’
   51 |         [01;31m[Kconst[m[K std::shared_ptr<ma_interfaces::srv::AuctionSrv::Request> tmp_req,
      |         [01;31m[K^~~~~[m[K
[01m[K/home/gkasha/Documents/maae/src/auction/src/agent.cpp:52:45:[m[K [01;31m[Kerror: [m[K‘[01m[KAuctionSrv[m[K’ is not a member of ‘[01m[Kma_interfaces::srv[m[K’
   52 |         std::shared_ptr<ma_interfaces::srv::[01;31m[KAuctionSrv[m[K::Response> tmp_rep)
      |                                             [01;31m[K^~~~~~~~~~[m[K
[01m[K/home/gkasha/Documents/maae/src/auction/src/agent.cpp:52:65:[m[K [01;31m[Kerror: [m[Ktemplate argument 1 is invalid
   52 |         std::shared_ptr<ma_interfaces::srv::AuctionSrv::Response[01;31m[K>[m[K tmp_rep)
      |                                                                 [01;31m[K^[m[K
[01m[K/home/gkasha/Documents/maae/src/auction/src/agent.cpp:[m[K In function ‘[01m[Kint main(int, char**)[m[K’:
[01m[K/home/gkasha/Documents/maae/src/auction/src/agent.cpp:119:30:[m[K [01;31m[Kerror: [m[Kinvalid conversion from ‘[01m[Kchar*[m[K’ to ‘[01m[Kint[m[K’ [[01;31m[K]8;;https://gcc.gnu.org/onlinedocs/gcc/Warning-Options.html#index-fpermissive-fpermissive]8;;[m[K]
  119 |     master = new Agent([01;31m[Kargv[0][m[K);
      |                        [01;31m[K~~~~~~^[m[K
      |                              [01;31m[K|[m[K
      |                              [01;31m[Kchar*[m[K
[01m[K/home/gkasha/Documents/maae/src/auction/src/agent.cpp:16:19:[m[K [01;36m[Knote: [m[K  initializing argument 1 of ‘[01m[KAgent::Agent(int)[m[K’
   16 |         Agent([01;36m[Kint id[m[K) : Node("agent_server_"+std::to_string(id))
      |               [01;36m[K~~~~^~[m[K
[01m[K/home/gkasha/Documents/maae/src/auction/src/agent.cpp:127:17:[m[K [01;31m[Kerror: [m[Kno matching function for call to ‘[01m[Kspin(Agent*&)[m[K’
  127 |     [01;31m[Krclcpp::spin(master)[m[K;
      |     [01;31m[K~~~~~~~~~~~~^~~~~~~~[m[K
In file included from [01m[K/home/gkasha/ros2_humble/install/rclcpp/include/rclcpp/rclcpp/rclcpp.hpp:155[m[K,
                 from [01m[K/home/gkasha/Documents/maae/src/auction/src/agent.cpp:1[m[K:
[01m[K/home/gkasha/ros2_humble/install/rclcpp/include/rclcpp/rclcpp/executors.hpp:45:1:[m[K [01;36m[Knote: [m[Kcandidate: ‘[01m[Kvoid rclcpp::spin(rclcpp::node_interfaces::NodeBaseInterface::SharedPtr)[m[K’
   45 | [01;36m[Kspin[m[K(rclcpp::node_interfaces::NodeBaseInterface::SharedPtr node_ptr);
      | [01;36m[K^~~~[m[K
[01m[K/home/gkasha/ros2_humble/install/rclcpp/include/rclcpp/rclcpp/executors.hpp:45:60:[m[K [01;36m[Knote: [m[K  no known conversion for argument 1 from ‘[01m[KAgent*[m[K’ to ‘[01m[Krclcpp::node_interfaces::NodeBaseInterface::SharedPtr[m[K’ {aka ‘[01m[Kstd::shared_ptr<rclcpp::node_interfaces::NodeBaseInterface>[m[K’}
   45 | spin([01;36m[Krclcpp::node_interfaces::NodeBaseInterface::SharedPtr node_ptr[m[K);
      |      [01;36m[K~~~~~~~~~~~~~~~~~~~~~~~~~~~~~~~~~~~~~~~~~~~~~~~~~~~~~~^~~~~~~~[m[K
[01m[K/home/gkasha/ros2_humble/install/rclcpp/include/rclcpp/rclcpp/executors.hpp:49:1:[m[K [01;36m[Knote: [m[Kcandidate: ‘[01m[Kvoid rclcpp::spin(rclcpp::Node::SharedPtr)[m[K’
   49 | [01;36m[Kspin[m[K(rclcpp::Node::SharedPtr node_ptr);
      | [01;36m[K^~~~[m[K
[01m[K/home/gkasha/ros2_humble/install/rclcpp/include/rclcpp/rclcpp/executors.hpp:49:30:[m[K [01;36m[Knote: [m[K  no known conversion for argument 1 from ‘[01m[KAgent*[m[K’ to ‘[01m[Krclcpp::Node::SharedPtr[m[K’ {aka ‘[01m[Kstd::shared_ptr<rclcpp::Node>[m[K’}
   49 | spin([01;36m[Krclcpp::Node::SharedPtr node_ptr[m[K);
      |      [01;36m[K~~~~~~~~~~~~~~~~~~~~~~~~^~~~~~~~[m[K
In file included from [01m[K/home/gkasha/ros2_humble/install/rclcpp/include/rclcpp/rclcpp/client.hpp:39[m[K,
                 from [01m[K/home/gkasha/ros2_humble/install/rclcpp/include/rclcpp/rclcpp/callback_group.hpp:24[m[K,
                 from [01m[K/home/gkasha/ros2_humble/install/rclcpp/include/rclcpp/rclcpp/any_executable.hpp:20[m[K,
                 from [01m[K/home/gkasha/ros2_humble/install/rclcpp/include/rclcpp/rclcpp/memory_strategy.hpp:25[m[K,
                 from [01m[K/home/gkasha/ros2_humble/install/rclcpp/include/rclcpp/rclcpp/memory_strategies.hpp:18[m[K,
                 from [01m[K/home/gkasha/ros2_humble/install/rclcpp/include/rclcpp/rclcpp/executor_options.hpp:20[m[K,
                 from [01m[K/home/gkasha/ros2_humble/install/rclcpp/include/rclcpp/rclcpp/executor.hpp:37[m[K,
                 from [01m[K/home/gkasha/ros2_humble/install/rclcpp/include/rclcpp/rclcpp/executors/multi_threaded_executor.hpp:25[m[K,
                 from [01m[K/home/gkasha/ros2_humble/install/rclcpp/include/rclcpp/rclcpp/executors.hpp:21[m[K,
                 from [01m[K/home/gkasha/ros2_humble/install/rclcpp/include/rclcpp/rclcpp/rclcpp.hpp:155[m[K,
                 from [01m[K/home/gkasha/Documents/maae/src/auction/src/agent.cpp:1[m[K:
/home/gkasha/ros2_humble/install/rclcpp/include/rclcpp/rclcpp/function_traits.hpp: In instantiation of ‘[01m[Kstruct rclcpp::function_traits::function_traits<void (*)(...)>[m[K’:
[01m[K/home/gkasha/ros2_humble/install/rclcpp/include/rclcpp/rclcpp/function_traits.hpp:165:8:[m[K   required from ‘[01m[Kstruct rclcpp::function_traits::same_arguments<void (*)(...), std::function<void(std::shared_ptr<ma_interfaces::srv::GetBid_Request_<std::allocator<void> > >, std::shared_ptr<ma_interfaces::srv::GetBid_Response_<std::allocator<void> > >)> >[m[K’
[01m[K/home/gkasha/ros2_humble/install/rclcpp/include/rclcpp/rclcpp/any_service_callback.hpp:121:10:[m[K   required from ‘[01m[Kvoid rclcpp::AnyServiceCallback<ServiceT>::set(CallbackT&&) [with CallbackT = void (*)(...); typename std::enable_if<rclcpp::detail::can_be_nullptr<CallbackT>::value, int>::type <anonymous> = 0; ServiceT = ma_interfaces::srv::GetBid][m[K’
[01m[K/home/gkasha/ros2_humble/install/rclcpp/include/rclcpp/rclcpp/create_service.hpp:43:27:[m[K   required from ‘[01m[Ktypename rclcpp::Service<ServiceT>::SharedPtr rclcpp::create_service(std::shared_ptr<rclcpp::node_interfaces::NodeBaseInterface>, std::shared_ptr<rclcpp::node_interfaces::NodeServicesInterface>, const string&, CallbackT&&, const rmw_qos_profile_t&, rclcpp::CallbackGroup::SharedPtr) [with ServiceT = ma_interfaces::srv::GetBid; CallbackT = void (*)(...); typename rclcpp::Service<ServiceT>::SharedPtr = std::shared_ptr<rclcpp::Service<ma_interfaces::srv::GetBid> >; std::string = std::__cxx11::basic_string<char>; rmw_qos_profile_t = rmw_qos_profile_s; rclcpp::CallbackGroup::SharedPtr = std::shared_ptr<rclcpp::CallbackGroup>][m[K’
[01m[K/home/gkasha/ros2_humble/install/rclcpp/include/rclcpp/rclcpp/node_impl.hpp:147:53:[m[K   required from ‘[01m[Ktypename rclcpp::Service<ServiceT>::SharedPtr rclcpp::Node::create_service(const string&, CallbackT&&, const rmw_qos_profile_t&, rclcpp::CallbackGroup::SharedPtr) [with ServiceT = ma_interfaces::srv::GetBid; CallbackT = void (*)(...); typename rclcpp::Service<ServiceT>::SharedPtr = std::shared_ptr<rclcpp::Service<ma_interfaces::srv::GetBid> >; std::string = std::__cxx11::basic_string<char>; rmw_qos_profile_t = rmw_qos_profile_s; rclcpp::CallbackGroup::SharedPtr = std::shared_ptr<rclcpp::CallbackGroup>][m[K’
[01m[K/home/gkasha/Documents/maae/src/auction/src/agent.cpp:122:59:[m[K   required from here
[01m[K/home/gkasha/ros2_humble/install/rclcpp/include/rclcpp/rclcpp/function_traits.hpp:52:40:[m[K [01;31m[Kerror: [m[K‘[01m[Koperator()[m[K’ is not a member of ‘[01m[Kvoid (*)(...)[m[K’
   52 |     typename function_traits<decltype( [01;31m[K&FunctionT::operator()[m[K)>::arguments>::type;
      |                                        [01;31m[K^~~~~~~~~~~~~~~~~~~~~~[m[K
[01m[K/home/gkasha/ros2_humble/install/rclcpp/include/rclcpp/rclcpp/function_traits.hpp:52:40:[m[K [01;31m[Kerror: [m[K‘[01m[Koperator()[m[K’ is not a member of ‘[01m[Kvoid (*)(...)[m[K’
[01m[K/home/gkasha/ros2_humble/install/rclcpp/include/rclcpp/rclcpp/function_traits.hpp:52:40:[m[K [01;31m[Kerror: [m[K‘[01m[Koperator()[m[K’ is not a member of ‘[01m[Kvoid (*)(...)[m[K’
In file included from [01m[K/home/gkasha/ros2_humble/install/rclcpp/include/rclcpp/rclcpp/service.hpp:36[m[K,
                 from [01m[K/home/gkasha/ros2_humble/install/rclcpp/include/rclcpp/rclcpp/callback_group.hpp:28[m[K,
                 from [01m[K/home/gkasha/ros2_humble/install/rclcpp/include/rclcpp/rclcpp/any_executable.hpp:20[m[K,
                 from [01m[K/home/gkasha/ros2_humble/install/rclcpp/include/rclcpp/rclcpp/memory_strategy.hpp:25[m[K,
                 from [01m[K/home/gkasha/ros2_humble/install/rclcpp/include/rclcpp/rclcpp/memory_strategies.hpp:18[m[K,
                 from [01m[K/home/gkasha/ros2_humble/install/rclcpp/include/rclcpp/rclcpp/executor_options.hpp:20[m[K,
                 from [01m[K/home/gkasha/ros2_humble/install/rclcpp/include/rclcpp/rclcpp/executor.hpp:37[m[K,
                 from [01m[K/home/gkasha/ros2_humble/install/rclcpp/include/rclcpp/rclcpp/executors/multi_threaded_executor.hpp:25[m[K,
                 from [01m[K/home/gkasha/ros2_humble/install/rclcpp/include/rclcpp/rclcpp/executors.hpp:21[m[K,
                 from [01m[K/home/gkasha/ros2_humble/install/rclcpp/include/rclcpp/rclcpp/rclcpp.hpp:155[m[K,
                 from [01m[K/home/gkasha/Documents/maae/src/auction/src/agent.cpp:1[m[K:
/home/gkasha/ros2_humble/install/rclcpp/include/rclcpp/rclcpp/any_service_callback.hpp: In instantiation of ‘[01m[Kvoid rclcpp::AnyServiceCallback<ServiceT>::set(CallbackT&&) [with CallbackT = void (*)(...); typename std::enable_if<rclcpp::detail::can_be_nullptr<CallbackT>::value, int>::type <anonymous> = 0; ServiceT = ma_interfaces::srv::GetBid][m[K’:
[01m[K/home/gkasha/ros2_humble/install/rclcpp/include/rclcpp/rclcpp/create_service.hpp:43:27:[m[K   required from ‘[01m[Ktypename rclcpp::Service<ServiceT>::SharedPtr rclcpp::create_service(std::shared_ptr<rclcpp::node_interfaces::NodeBaseInterface>, std::shared_ptr<rclcpp::node_interfaces::NodeServicesInterface>, const string&, CallbackT&&, const rmw_qos_profile_t&, rclcpp::CallbackGroup::SharedPtr) [with ServiceT = ma_interfaces::srv::GetBid; CallbackT = void (*)(...); typename rclcpp::Service<ServiceT>::SharedPtr = std::shared_ptr<rclcpp::Service<ma_interfaces::srv::GetBid> >; std::string = std::__cxx11::basic_string<char>; rmw_qos_profile_t = rmw_qos_profile_s; rclcpp::CallbackGroup::SharedPtr = std::shared_ptr<rclcpp::CallbackGroup>][m[K’
[01m[K/home/gkasha/ros2_humble/install/rclcpp/include/rclcpp/rclcpp/node_impl.hpp:147:53:[m[K   required from ‘[01m[Ktypename rclcpp::Service<ServiceT>::SharedPtr rclcpp::Node::create_service(const string&, CallbackT&&, const rmw_qos_profile_t&, rclcpp::CallbackGroup::SharedPtr) [with ServiceT = ma_interfaces::srv::GetBid; CallbackT = void (*)(...); typename rclcpp::Service<ServiceT>::SharedPtr = std::shared_ptr<rclcpp::Service<ma_interfaces::srv::GetBid> >; std::string = std::__cxx11::basic_string<char>; rmw_qos_profile_t = rmw_qos_profile_s; rclcpp::CallbackGroup::SharedPtr = std::shared_ptr<rclcpp::CallbackGroup>][m[K’
[01m[K/home/gkasha/Documents/maae/src/auction/src/agent.cpp:122:59:[m[K   required from here
[01m[K/home/gkasha/ros2_humble/install/rclcpp/include/rclcpp/rclcpp/any_service_callback.hpp:121:10:[m[K [01;31m[Kerror: [m[K‘[01m[Kvalue[m[K’ is not a member of ‘[01m[Krclcpp::function_traits::same_arguments<void (*)(...), std::function<void(std::shared_ptr<ma_interfaces::srv::GetBid_Request_<std::allocator<void> > >, std::shared_ptr<ma_interfaces::srv::GetBid_Response_<std::allocator<void> > >)> >[m[K’
  121 |       >::[01;31m[Kvalue[m[K)
      |          [01;31m[K^~~~~[m[K
[01m[K/home/gkasha/ros2_humble/install/rclcpp/include/rclcpp/rclcpp/any_service_callback.hpp:128:10:[m[K [01;31m[Kerror: [m[K‘[01m[Kvalue[m[K’ is not a member of ‘[01m[Krclcpp::function_traits::same_arguments<void (*)(...), std::function<void(std::shared_ptr<rmw_request_id_s>, std::shared_ptr<ma_interfaces::srv::GetBid_Request_<std::allocator<void> > >, std::shared_ptr<ma_interfaces::srv::GetBid_Response_<std::allocator<void> > >)> >[m[K’
  128 |       >::[01;31m[Kvalue[m[K)
      |          [01;31m[K^~~~~[m[K
[01m[K/home/gkasha/ros2_humble/install/rclcpp/include/rclcpp/rclcpp/any_service_callback.hpp:135:10:[m[K [01;31m[Kerror: [m[K‘[01m[Kvalue[m[K’ is not a member of ‘[01m[Krclcpp::function_traits::same_arguments<void (*)(...), std::function<void(std::shared_ptr<rmw_request_id_s>, std::shared_ptr<ma_interfaces::srv::GetBid_Request_<std::allocator<void> > >)> >[m[K’
  135 |       >::[01;31m[Kvalue[m[K)
      |          [01;31m[K^~~~~[m[K
[01m[K/home/gkasha/ros2_humble/install/rclcpp/include/rclcpp/rclcpp/any_service_callback.hpp:142:10:[m[K [01;31m[Kerror: [m[K‘[01m[Kvalue[m[K’ is not a member of ‘[01m[Krclcpp::function_traits::same_arguments<void (*)(...), std::function<void(std::shared_ptr<rclcpp::Service<ma_interfaces::srv::GetBid> >, std::shared_ptr<rmw_request_id_s>, std::shared_ptr<ma_interfaces::srv::GetBid_Request_<std::allocator<void> > >)> >[m[K’
  142 |       >::[01;31m[Kvalue[m[K)
      |          [01;31m[K^~~~~[m[K
[01m[K/home/gkasha/ros2_humble/install/rclcpp/include/rclcpp/rclcpp/any_service_callback.hpp:148:17:[m[K [01;31m[Kerror: [m[Kno match for ‘[01m[Koperator=[m[K’ (operand types are ‘[01m[Kstd::variant<std::monostate, std::function<void(std::shared_ptr<ma_interfaces::srv::GetBid_Request_<std::allocator<void> > >, std::shared_ptr<ma_interfaces::srv::GetBid_Response_<std::allocator<void> > >)>, std::function<void(std::shared_ptr<rmw_request_id_s>, std::shared_ptr<ma_interfaces::srv::GetBid_Request_<std::allocator<void> > >, std::shared_ptr<ma_interfaces::srv::GetBid_Response_<std::allocator<void> > >)>, std::function<void(std::shared_ptr<rmw_request_id_s>, std::shared_ptr<ma_interfaces::srv::GetBid_Request_<std::allocator<void> > >)>, std::function<void(std::shared_ptr<rclcpp::Service<ma_interfaces::srv::GetBid> >, std::shared_ptr<rmw_request_id_s>, std::shared_ptr<ma_interfaces::srv::GetBid_Request_<std::allocator<void> > >)> >[m[K’ and ‘[01m[Kvoid (*)(...)[m[K’)
  148 |       [01;31m[Kcallback_ = std::forward<CallbackT>(callback)[m[K;
      |       [01;31m[K~~~~~~~~~~^~~~~~~~~~~~~~~~~~~~~~~~~~~~~~~~~~~[m[K
In file included from [01m[K/home/gkasha/ros2_humble/install/rclcpp/include/rclcpp/rclcpp/client.hpp:28[m[K,
                 from [01m[K/home/gkasha/ros2_humble/install/rclcpp/include/rclcpp/rclcpp/callback_group.hpp:24[m[K,
                 from [01m[K/home/gkasha/ros2_humble/install/rclcpp/include/rclcpp/rclcpp/any_executable.hpp:20[m[K,
                 from [01m[K/home/gkasha/ros2_humble/install/rclcpp/include/rclcpp/rclcpp/memory_strategy.hpp:25[m[K,
                 from [01m[K/home/gkasha/ros2_humble/install/rclcpp/include/rclcpp/rclcpp/memory_strategies.hpp:18[m[K,
                 from [01m[K/home/gkasha/ros2_humble/install/rclcpp/include/rclcpp/rclcpp/executor_options.hpp:20[m[K,
                 from [01m[K/home/gkasha/ros2_humble/install/rclcpp/include/rclcpp/rclcpp/executor.hpp:37[m[K,
                 from [01m[K/home/gkasha/ros2_humble/install/rclcpp/include/rclcpp/rclcpp/executors/multi_threaded_executor.hpp:25[m[K,
                 from [01m[K/home/gkasha/ros2_humble/install/rclcpp/include/rclcpp/rclcpp/executors.hpp:21[m[K,
                 from [01m[K/home/gkasha/ros2_humble/install/rclcpp/include/rclcpp/rclcpp/rclcpp.hpp:155[m[K,
                 from [01m[K/home/gkasha/Documents/maae/src/auction/src/agent.cpp:1[m[K:
[01m[K/usr/include/c++/11/variant:1477:9:[m[K [01;36m[Knote: [m[Kcandidate: ‘[01m[Ktemplate<class _Tp> std::enable_if_t<((__exactly_once<std::variant<_Types>::__accepted_type<_Tp&&, typename std::enable_if<__not_self<_Tp&&>, void>::type> > && is_constructible_v<std::variant<_Types>::__accepted_type<_Tp&&, typename std::enable_if<__not_self<_Tp&&>, void>::type>, _Tp>) && is_assignable_v<std::variant<_Types>::__accepted_type<_Tp&&, typename std::enable_if<__not_self<_Tp&&>, void>::type>&, _Tp>), std::variant<_Types>&> std::variant<_Types>::operator=(_Tp&&) [with _Tp = _Tp; _Types = {std::monostate, std::function<void(std::shared_ptr<ma_interfaces::srv::GetBid_Request_<std::allocator<void> > >, std::shared_ptr<ma_interfaces::srv::GetBid_Response_<std::allocator<void> > >)>, std::function<void(std::shared_ptr<rmw_request_id_s>, std::shared_ptr<ma_interfaces::srv::GetBid_Request_<std::allocator<void> > >, std::shared_ptr<ma_interfaces::srv::GetBid_Response_<std::allocator<void> > >)>, std::function<void(std::shared_ptr<rmw_request_id_s>, std::shared_ptr<ma_interfaces::srv::GetBid_Request_<std::allocator<void> > >)>, std::function<void(std::shared_ptr<rclcpp::Service<ma_interfaces::srv::GetBid> >, std::shared_ptr<rmw_request_id_s>, std::shared_ptr<ma_interfaces::srv::GetBid_Request_<std::allocator<void> > >)>}][m[K’
 1477 |         [01;36m[Koperator[m[K=(_Tp&& __rhs)
      |         [01;36m[K^~~~~~~~[m[K
[01m[K/usr/include/c++/11/variant:1477:9:[m[K [01;36m[Knote: [m[K  template argument deduction/substitution failed:
/usr/include/c++/11/variant: In substitution of ‘[01m[Ktemplate<class ... _Types> template<class _Tp, class> using __accepted_type = std::variant<_Types>::__to_type<__accepted_index<_Tp> > [with _Tp = void (*&&)(...); <template-parameter-2-2> = void; _Types = {std::monostate, std::function<void(std::shared_ptr<ma_interfaces::srv::GetBid_Request_<std::allocator<void> > >, std::shared_ptr<ma_interfaces::srv::GetBid_Response_<std::allocator<void> > >)>, std::function<void(std::shared_ptr<rmw_request_id_s>, std::shared_ptr<ma_interfaces::srv::GetBid_Request_<std::allocator<void> > >, std::shared_ptr<ma_interfaces::srv::GetBid_Response_<std::allocator<void> > >)>, std::function<void(std::shared_ptr<rmw_request_id_s>, std::shared_ptr<ma_interfaces::srv::GetBid_Request_<std::allocator<void> > >)>, std::function<void(std::shared_ptr<rclcpp::Service<ma_interfaces::srv::GetBid> >, std::shared_ptr<rmw_request_id_s>, std::shared_ptr<ma_interfaces::srv::GetBid_Request_<std::allocator<void> > >)>}][m[K’:
[01m[K/usr/include/c++/11/variant:1473:14:[m[K   required by substitution of ‘[01m[Ktemplate<class _Tp> std::enable_if_t<((__exactly_once<std::variant<std::monostate, std::function<void(std::shared_ptr<ma_interfaces::srv::GetBid_Request_<std::allocator<void> > >, std::shared_ptr<ma_interfaces::srv::GetBid_Response_<std::allocator<void> > >)>, std::function<void(std::shared_ptr<rmw_request_id_s>, std::shared_ptr<ma_interfaces::srv::GetBid_Request_<std::allocator<void> > >, std::shared_ptr<ma_interfaces::srv::GetBid_Response_<std::allocator<void> > >)>, std::function<void(std::shared_ptr<rmw_request_id_s>, std::shared_ptr<ma_interfaces::srv::GetBid_Request_<std::allocator<void> > >)>, std::function<void(std::shared_ptr<rclcpp::Service<ma_interfaces::srv::GetBid> >, std::shared_ptr<rmw_request_id_s>, std::shared_ptr<ma_interfaces::srv::GetBid_Request_<std::allocator<void> > >)> >::__accepted_type<_Tp&&, typename std::enable_if<__not_self<_Tp&&>, void>::type> > && is_constructible_v<std::variant<std::monostate, std::function<void(std::shared_ptr<ma_interfaces::srv::GetBid_Request_<std::allocator<void> > >, std::shared_ptr<ma_interfaces::srv::GetBid_Response_<std::allocator<void> > >)>, std::function<void(std::shared_ptr<rmw_request_id_s>, std::shared_ptr<ma_interfaces::srv::GetBid_Request_<std::allocator<void> > >, std::shared_ptr<ma_interfaces::srv::GetBid_Response_<std::allocator<void> > >)>, std::function<void(std::shared_ptr<rmw_request_id_s>, std::shared_ptr<ma_interfaces::srv::GetBid_Request_<std::allocator<void> > >)>, std::function<void(std::shared_ptr<rclcpp::Service<ma_interfaces::srv::GetBid> >, std::shared_ptr<rmw_request_id_s>, std::shared_ptr<ma_interfaces::srv::GetBid_Request_<std::allocator<void> > >)> >::__accepted_type<_Tp&&, typename std::enable_if<__not_self<_Tp&&>, void>::type>, _Tp>) && is_assignable_v<std::variant<std::monostate, std::function<void(std::shared_ptr<ma_interfaces::srv::GetBid_Request_<std::allocator<void> > >, std::shared_ptr<ma_interfaces::srv::GetBid_Response_<std::allocator<void> > >)>, std::function<void(std::shared_ptr<rmw_request_id_s>, std::shared_ptr<ma_interfaces::srv::GetBid_Request_<std::allocator<void> > >, std::shared_ptr<ma_interfaces::srv::GetBid_Response_<std::allocator<void> > >)>, std::function<void(std::shared_ptr<rmw_request_id_s>, std::shared_ptr<ma_interfaces::srv::GetBid_Request_<std::allocator<void> > >)>, std::function<void(std::shared_ptr<rclcpp::Service<ma_interfaces::srv::GetBid> >, std::shared_ptr<rmw_request_id_s>, std::shared_ptr<ma_interfaces::srv::GetBid_Request_<std::allocator<void> > >)> >::__accepted_type<_Tp&&, typename std::enable_if<__not_self<_Tp&&>, void>::type>&, _Tp>), std::variant<std::monostate, std::function<void(std::shared_ptr<ma_interfaces::srv::GetBid_Request_<std::allocator<void> > >, std::shared_ptr<ma_interfaces::srv::GetBid_Response_<std::allocator<void> > >)>, std::function<void(std::shared_ptr<rmw_request_id_s>, std::shared_ptr<ma_interfaces::srv::GetBid_Request_<std::allocator<void> > >, std::shared_ptr<ma_interfaces::srv::GetBid_Response_<std::allocator<void> > >)>, std::function<void(std::shared_ptr<rmw_request_id_s>, std::shared_ptr<ma_interfaces::srv::GetBid_Request_<std::allocator<void> > >)>, std::function<void(std::shared_ptr<rclcpp::Service<ma_interfaces::srv::GetBid> >, std::shared_ptr<rmw_request_id_s>, std::shared_ptr<ma_interfaces::srv::GetBid_Request_<std::allocator<void> > >)> >&> std::variant<std::monostate, std::function<void(std::shared_ptr<ma_interfaces::srv::GetBid_Request_<std::allocator<void> > >, std::shared_ptr<ma_interfaces::srv::GetBid_Response_<std::allocator<void> > >)>, std::function<void(std::shared_ptr<rmw_request_id_s>, std::shared_ptr<ma_interfaces::srv::GetBid_Request_<std::allocator<void> > >, std::shared_ptr<ma_interfaces::srv::GetBid_Response_<std::allocator<void> > >)>, std::function<void(std::shared_ptr<rmw_request_id_s>, std::shared_ptr<ma_interfaces::srv::GetBid_Request_<std::allocator<void> > >)>, std::function<void(std::shared_ptr<rclcpp::Service<ma_interfaces::srv::GetBid> >, std::shared_ptr<rmw_request_id_s>, std::shared_ptr<ma_interfaces::srv::GetBid_Request_<std::allocator<void> > >)> >::operator=<_Tp>(_Tp&&) [with _Tp = void (*)(...)][m[K’
[01m[K/home/gkasha/ros2_humble/install/rclcpp/include/rclcpp/rclcpp/any_service_callback.hpp:148:17:[m[K   required from ‘[01m[Kvoid rclcpp::AnyServiceCallback<ServiceT>::set(CallbackT&&) [with CallbackT = void (*)(...); typename std::enable_if<rclcpp::detail::can_be_nullptr<CallbackT>::value, int>::type <anonymous> = 0; ServiceT = ma_interfaces::srv::GetBid][m[K’
[01m[K/home/gkasha/ros2_humble/install/rclcpp/include/rclcpp/rclcpp/create_service.hpp:43:27:[m[K   required from ‘[01m[Ktypename rclcpp::Service<ServiceT>::SharedPtr rclcpp::create_service(std::shared_ptr<rclcpp::node_interfaces::NodeBaseInterface>, std::shared_ptr<rclcpp::node_interfaces::NodeServicesInterface>, const string&, CallbackT&&, const rmw_qos_profile_t&, rclcpp::CallbackGroup::SharedPtr) [with ServiceT = ma_interfaces::srv::GetBid; CallbackT = void (*)(...); typename rclcpp::Service<ServiceT>::SharedPtr = std::shared_ptr<rclcpp::Service<ma_interfaces::srv::GetBid> >; std::string = std::__cxx11::basic_string<char>; rmw_qos_profile_t = rmw_qos_profile_s; rclcpp::CallbackGroup::SharedPtr = std::shared_ptr<rclcpp::CallbackGroup>][m[K’
[01m[K/home/gkasha/ros2_humble/install/rclcpp/include/rclcpp/rclcpp/node_impl.hpp:147:53:[m[K   required from ‘[01m[Ktypename rclcpp::Service<ServiceT>::SharedPtr rclcpp::Node::create_service(const string&, CallbackT&&, const rmw_qos_profile_t&, rclcpp::CallbackGroup::SharedPtr) [with ServiceT = ma_interfaces::srv::GetBid; CallbackT = void (*)(...); typename rclcpp::Service<ServiceT>::SharedPtr = std::shared_ptr<rclcpp::Service<ma_interfaces::srv::GetBid> >; std::string = std::__cxx11::basic_string<char>; rmw_qos_profile_t = rmw_qos_profile_s; rclcpp::CallbackGroup::SharedPtr = std::shared_ptr<rclcpp::CallbackGroup>][m[K’
[01m[K/home/gkasha/Documents/maae/src/auction/src/agent.cpp:122:59:[m[K   required from here
[01m[K/usr/include/c++/11/variant:1391:15:[m[K [01;31m[Kerror: [m[Kno type named ‘[01m[Ktype[m[K’ in ‘[01m[Kstruct std::enable_if<false, void>[m[K’
 1391 |         using [01;31m[K__accepted_type[m[K = __to_type<__accepted_index<_Tp>>;
      |               [01;31m[K^~~~~~~~~~~~~~~[m[K
/home/gkasha/ros2_humble/install/rclcpp/include/rclcpp/rclcpp/any_service_callback.hpp: In instantiation of ‘[01m[Kvoid rclcpp::AnyServiceCallback<ServiceT>::set(CallbackT&&) [with CallbackT = void (*)(...); typename std::enable_if<rclcpp::detail::can_be_nullptr<CallbackT>::value, int>::type <anonymous> = 0; ServiceT = ma_interfaces::srv::GetBid][m[K’:
[01m[K/home/gkasha/ros2_humble/install/rclcpp/include/rclcpp/rclcpp/create_service.hpp:43:27:[m[K   required from ‘[01m[Ktypename rclcpp::Service<ServiceT>::SharedPtr rclcpp::create_service(std::shared_ptr<rclcpp::node_interfaces::NodeBaseInterface>, std::shared_ptr<rclcpp::node_interfaces::NodeServicesInterface>, const string&, CallbackT&&, const rmw_qos_profile_t&, rclcpp::CallbackGroup::SharedPtr) [with ServiceT = ma_interfaces::srv::GetBid; CallbackT = void (*)(...); typename rclcpp::Service<ServiceT>::SharedPtr = std::shared_ptr<rclcpp::Service<ma_interfaces::srv::GetBid> >; std::string = std::__cxx11::basic_string<char>; rmw_qos_profile_t = rmw_qos_profile_s; rclcpp::CallbackGroup::SharedPtr = std::shared_ptr<rclcpp::CallbackGroup>][m[K’
[01m[K/home/gkasha/ros2_humble/install/rclcpp/include/rclcpp/rclcpp/node_impl.hpp:147:53:[m[K   required from ‘[01m[Ktypename rclcpp::Service<ServiceT>::SharedPtr rclcpp::Node::create_service(const string&, CallbackT&&, const rmw_qos_profile_t&, rclcpp::CallbackGroup::SharedPtr) [with ServiceT = ma_interfaces::srv::GetBid; CallbackT = void (*)(...); typename rclcpp::Service<ServiceT>::SharedPtr = std::shared_ptr<rclcpp::Service<ma_interfaces::srv::GetBid> >; std::string = std::__cxx11::basic_string<char>; rmw_qos_profile_t = rmw_qos_profile_s; rclcpp::CallbackGroup::SharedPtr = std::shared_ptr<rclcpp::CallbackGroup>][m[K’
[01m[K/home/gkasha/Documents/maae/src/auction/src/agent.cpp:122:59:[m[K   required from here
[01m[K/usr/include/c++/11/variant:1414:16:[m[K [01;36m[Knote: [m[Kcandidate: ‘[01m[Kstd::variant<_Types>& std::variant<_Types>::operator=(const std::variant<_Types>&) [with _Types = {std::monostate, std::function<void(std::shared_ptr<ma_interfaces::srv::GetBid_Request_<std::allocator<void> > >, std::shared_ptr<ma_interfaces::srv::GetBid_Response_<std::allocator<void> > >)>, std::function<void(std::shared_ptr<rmw_request_id_s>, std::shared_ptr<ma_interfaces::srv::GetBid_Request_<std::allocator<void> > >, std::shared_ptr<ma_interfaces::srv::GetBid_Response_<std::allocator<void> > >)>, std::function<void(std::shared_ptr<rmw_request_id_s>, std::shared_ptr<ma_interfaces::srv::GetBid_Request_<std::allocator<void> > >)>, std::function<void(std::shared_ptr<rclcpp::Service<ma_interfaces::srv::GetBid> >, std::shared_ptr<rmw_request_id_s>, std::shared_ptr<ma_interfaces::srv::GetBid_Request_<std::allocator<void> > >)>}][m[K’
 1414 |       variant& [01;36m[Koperator[m[K=(const variant&) = default;
      |                [01;36m[K^~~~~~~~[m[K
[01m[K/usr/include/c++/11/variant:1414:26:[m[K [01;36m[Knote: [m[K  no known conversion for argument 1 from ‘[01m[Kvoid (*)(...)[m[K’ to ‘[01m[Kconst std::variant<std::monostate, std::function<void(std::shared_ptr<ma_interfaces::srv::GetBid_Request_<std::allocator<void> > >, std::shared_ptr<ma_interfaces::srv::GetBid_Response_<std::allocator<void> > >)>, std::function<void(std::shared_ptr<rmw_request_id_s>, std::shared_ptr<ma_interfaces::srv::GetBid_Request_<std::allocator<void> > >, std::shared_ptr<ma_interfaces::srv::GetBid_Response_<std::allocator<void> > >)>, std::function<void(std::shared_ptr<rmw_request_id_s>, std::shared_ptr<ma_interfaces::srv::GetBid_Request_<std::allocator<void> > >)>, std::function<void(std::shared_ptr<rclcpp::Service<ma_interfaces::srv::GetBid> >, std::shared_ptr<rmw_request_id_s>, std::shared_ptr<ma_interfaces::srv::GetBid_Request_<std::allocator<void> > >)> >&[m[K’
 1414 |       variant& operator=([01;36m[Kconst variant&[m[K) = default;
      |                          [01;36m[K^~~~~~~~~~~~~~[m[K
[01m[K/usr/include/c++/11/variant:1415:16:[m[K [01;36m[Knote: [m[Kcandidate: ‘[01m[Kstd::variant<_Types>& std::variant<_Types>::operator=(std::variant<_Types>&&) [with _Types = {std::monostate, std::function<void(std::shared_ptr<ma_interfaces::srv::GetBid_Request_<std::allocator<void> > >, std::shared_ptr<ma_interfaces::srv::GetBid_Response_<std::allocator<void> > >)>, std::function<void(std::shared_ptr<rmw_request_id_s>, std::shared_ptr<ma_interfaces::srv::GetBid_Request_<std::allocator<void> > >, std::shared_ptr<ma_interfaces::srv::GetBid_Response_<std::allocator<void> > >)>, std::function<void(std::shared_ptr<rmw_request_id_s>, std::shared_ptr<ma_interfaces::srv::GetBid_Request_<std::allocator<void> > >)>, std::function<void(std::shared_ptr<rclcpp::Service<ma_interfaces::srv::GetBid> >, std::shared_ptr<rmw_request_id_s>, std::shared_ptr<ma_interfaces::srv::GetBid_Request_<std::allocator<void> > >)>}][m[K’
 1415 |       variant& [01;36m[Koperator[m[K=(variant&&) = default;
      |                [01;36m[K^~~~~~~~[m[K
[01m[K/usr/include/c++/11/variant:1415:26:[m[K [01;36m[Knote: [m[K  no known conversion for argument 1 from ‘[01m[Kvoid (*)(...)[m[K’ to ‘[01m[Kstd::variant<std::monostate, std::function<void(std::shared_ptr<ma_interfaces::srv::GetBid_Request_<std::allocator<void> > >, std::shared_ptr<ma_interfaces::srv::GetBid_Response_<std::allocator<void> > >)>, std::function<void(std::shared_ptr<rmw_request_id_s>, std::shared_ptr<ma_interfaces::srv::GetBid_Request_<std::allocator<void> > >, std::shared_ptr<ma_interfaces::srv::GetBid_Response_<std::allocator<void> > >)>, std::function<void(std::shared_ptr<rmw_request_id_s>, std::shared_ptr<ma_interfaces::srv::GetBid_Request_<std::allocator<void> > >)>, std::function<void(std::shared_ptr<rclcpp::Service<ma_interfaces::srv::GetBid> >, std::shared_ptr<rmw_request_id_s>, std::shared_ptr<ma_interfaces::srv::GetBid_Request_<std::allocator<void> > >)> >&&[m[K’
 1415 |       variant& operator=([01;36m[Kvariant&&[m[K) = default;
      |                          [01;36m[K^~~~~~~~~[m[K
gmake[2]: *** [CMakeFiles/goal_manager.dir/build.make:76: CMakeFiles/goal_manager.dir/src/goal_manager.cpp.o] Error 1
gmake[1]: *** [CMakeFiles/Makefile2:221: CMakeFiles/goal_manager.dir/all] Error 2
gmake[1]: *** Waiting for unfinished jobs....
gmake[2]: *** [CMakeFiles/agent.dir/build.make:76: CMakeFiles/agent.dir/src/agent.cpp.o] Error 1
gmake[1]: *** [CMakeFiles/Makefile2:195: CMakeFiles/agent.dir/all] Error 2
gmake: *** [Makefile:146: all] Error 2
