[35m[1mConsolidate compiler generated dependencies of target execution_interface[0m
[ 18%] Built target goal_manager
[ 27%] [32mBuilding CXX object CMakeFiles/agent.dir/src/agent.cpp.o[0m
[ 36%] [32mBuilding CXX object CMakeFiles/client.dir/src/client.cpp.o[0m
[ 45%] [32mBuilding CXX object CMakeFiles/execution_interface.dir/src/execution_interface.cpp.o[0m
[ 63%] Built target clock
[01m[K/home/gkasha/Documents/maae/src/auction/src/agent.cpp:[m[K In member function ‘[01m[Kvoid Agent::check_dispatch()[m[K’:
[01m[K/home/gkasha/Documents/maae/src/auction/src/agent.cpp:610:18:[m[K [01;35m[Kwarning: [m[Kvariable ‘[01m[Kstp[m[K’ set but not used [[01;35m[K]8;;https://gcc.gnu.org/onlinedocs/gcc/Warning-Options.html#index-Wunused-but-set-variable-Wunused-but-set-variable]8;;[m[K]
  610 |             auto [01;35m[Kstp[m[K = stn.get_feasible_values(curr->stp_);
      |                  [01;35m[K^~~[m[K
[01m[K/home/gkasha/Documents/maae/src/auction/src/agent.cpp:611:18:[m[K [01;35m[Kwarning: [m[Kvariable ‘[01m[Ketp[m[K’ set but not used [[01;35m[K]8;;https://gcc.gnu.org/onlinedocs/gcc/Warning-Options.html#index-Wunused-but-set-variable-Wunused-but-set-variable]8;;[m[K]
  611 |             auto [01;35m[Ketp[m[K = stn.get_feasible_values(curr->etp_);
      |                  [01;35m[K^~~[m[K
[ 72%] [32m[1mLinking CXX executable client[0m
[ 72%] Built target client
[ 81%] [32m[1mLinking CXX executable execution_interface[0m
[ 81%] Built target execution_interface
[ 90%] [32m[1mLinking CXX executable agent[0m
[100%] Built target agent
-- Install configuration: ""
-- Up-to-date: /home/gkasha/Documents/maae/install/auction/include/auction/
-- Installing: /home/gkasha/Documents/maae/install/auction/include/auction//execution_interface.hpp
-- Up-to-date: /home/gkasha/Documents/maae/install/auction/include/auction//stn.hpp
-- Up-to-date: /home/gkasha/Documents/maae/install/auction/include/auction//agent.hpp
-- Installing: /home/gkasha/Documents/maae/install/auction/lib/auction/execution_interface
-- Set runtime path of "/home/gkasha/Documents/maae/install/auction/lib/auction/execution_interface" to ""
-- Installing: /home/gkasha/Documents/maae/install/auction/lib/auction/client
-- Set runtime path of "/home/gkasha/Documents/maae/install/auction/lib/auction/client" to ""
-- Installing: /home/gkasha/Documents/maae/install/auction/lib/auction/agent
-- Set runtime path of "/home/gkasha/Documents/maae/install/auction/lib/auction/agent" to ""
-- Up-to-date: /home/gkasha/Documents/maae/install/auction/lib/auction/goal_manager
-- Up-to-date: /home/gkasha/Documents/maae/install/auction/lib/auction/clock
-- Up-to-date: /home/gkasha/Documents/maae/install/auction/share/ament_index/resource_index/package_run_dependencies/auction
-- Up-to-date: /home/gkasha/Documents/maae/install/auction/share/ament_index/resource_index/parent_prefix_path/auction
-- Up-to-date: /home/gkasha/Documents/maae/install/auction/share/auction/environment/ament_prefix_path.dsv
-- Up-to-date: /home/gkasha/Documents/maae/install/auction/share/auction/environment/path.dsv
-- Up-to-date: /home/gkasha/Documents/maae/install/auction/share/auction/local_setup.bash
-- Up-to-date: /home/gkasha/Documents/maae/install/auction/share/auction/local_setup.sh
-- Up-to-date: /home/gkasha/Documents/maae/install/auction/share/auction/local_setup.zsh
-- Up-to-date: /home/gkasha/Documents/maae/install/auction/share/auction/local_setup.dsv
-- Installing: /home/gkasha/Documents/maae/install/auction/share/auction/package.dsv
-- Up-to-date: /home/gkasha/Documents/maae/install/auction/share/ament_index/resource_index/packages/auction
-- Up-to-date: /home/gkasha/Documents/maae/install/auction/share/auction/cmake/ament_cmake_export_include_directories-extras.cmake
-- Up-to-date: /home/gkasha/Documents/maae/install/auction/share/auction/cmake/auctionConfig.cmake
-- Up-to-date: /home/gkasha/Documents/maae/install/auction/share/auction/cmake/auctionConfig-version.cmake
-- Up-to-date: /home/gkasha/Documents/maae/install/auction/share/auction/package.xml
