[35m[1mConsolidate compiler generated dependencies of target goal_manager[0m
[35m[1mConsolidate compiler generated dependencies of target agent[0m
[35m[1mConsolidate compiler generated dependencies of target execution_interface[0m
[35m[1mConsolidate compiler generated dependencies of target client[0m
[ 22%] Built target goal_manager
[ 33%] [32mBuilding CXX object CMakeFiles/agent.dir/src/agent.cpp.o[0m
[ 55%] Built target client
[ 66%] [32mBuilding CXX object CMakeFiles/execution_interface.dir/src/execution_interface.cpp.o[0m
[01m[K/home/gkasha/Documents/maae/src/auction/src/agent.cpp:60:6:[m[K [01;31m[Kerror: [m[Kno declaration matches ‘[01m[Kvoid Agent::clock_cb(std_msgs::msg::Int64_<std::allocator<void> >::SharedPtr)[m[K’
   60 | void [01;31m[KAgent[m[K::clock_cb(const std_msgs::msg::Int64::SharedPtr msg) {
      |      [01;31m[K^~~~~[m[K
In file included from [01m[K/home/gkasha/Documents/maae/src/auction/src/agent.cpp:1[m[K:
[01m[K/home/gkasha/Documents/maae/src/auction/include/auction/agent.hpp:195:14:[m[K [01;36m[Knote: [m[Kcandidate is: ‘[01m[Kvoid Agent::clock_cb(std_msgs::msg::Int64)[m[K’
  195 |         void [01;36m[Kclock_cb[m[K(const std_msgs::msg::Int64 msg);
      |              [01;36m[K^~~~~~~~[m[K
In file included from [01m[K/home/gkasha/Documents/maae/src/auction/src/agent.cpp:1[m[K:
[01m[K/home/gkasha/Documents/maae/src/auction/include/auction/agent.hpp:45:7:[m[K [01;36m[Knote: [m[K‘[01m[Kclass Agent[m[K’ defined here
   45 | class [01;36m[KAgent[m[K : public rclcpp::Node
      |       [01;36m[K^~~~~[m[K
[01m[K/home/gkasha/Documents/maae/src/auction/src/agent.cpp:[m[K In member function ‘[01m[Kvoid Agent::new_tasks_cb(ma_interfaces::msg::Task)[m[K’:
[01m[K/home/gkasha/Documents/maae/src/auction/src/agent.cpp:279:28:[m[K [01;31m[Kerror: [m[Kno matching function for call to ‘[01m[Kmax(int&, std::__tuple_element_t<0, std::tuple<double, double> >)[m[K’
  279 |             double st = [01;31m[Kmax(curr_time_,-1*std::get<0>(stn.get_feasible_values(slot->etp_)))[m[K;
      |                         [01;31m[K~~~^~~~~~~~~~~~~~~~~~~~~~~~~~~~~~~~~~~~~~~~~~~~~~~~~~~~~~~~~~~~~~~~[m[K
In file included from [01m[K/usr/include/c++/11/memory:63[m[K,
                 from [01m[K/home/gkasha/ros2_humble/install/rclcpp/include/rclcpp/rclcpp/rclcpp.hpp:153[m[K,
                 from [01m[K/home/gkasha/Documents/maae/src/auction/include/auction/agent.hpp:5[m[K,
                 from [01m[K/home/gkasha/Documents/maae/src/auction/src/agent.cpp:1[m[K:
[01m[K/usr/include/c++/11/bits/stl_algobase.h:254:5:[m[K [01;36m[Knote: [m[Kcandidate: ‘[01m[Ktemplate<class _Tp> constexpr const _Tp& std::max(const _Tp&, const _Tp&)[m[K’
  254 |     [01;36m[Kmax[m[K(const _Tp& __a, const _Tp& __b)
      |     [01;36m[K^~~[m[K
[01m[K/usr/include/c++/11/bits/stl_algobase.h:254:5:[m[K [01;36m[Knote: [m[K  template argument deduction/substitution failed:
[01m[K/home/gkasha/Documents/maae/src/auction/src/agent.cpp:279:28:[m[K [01;36m[Knote: [m[K  deduced conflicting types for parameter ‘[01m[Kconst _Tp[m[K’ (‘[01m[Kint[m[K’ and ‘[01m[Kstd::__tuple_element_t<0, std::tuple<double, double> >[m[K’ {aka ‘[01m[Kdouble[m[K’})
  279 |             double st = [01;36m[Kmax(curr_time_,-1*std::get<0>(stn.get_feasible_values(slot->etp_)))[m[K;
      |                         [01;36m[K~~~^~~~~~~~~~~~~~~~~~~~~~~~~~~~~~~~~~~~~~~~~~~~~~~~~~~~~~~~~~~~~~~~[m[K
In file included from [01m[K/usr/include/c++/11/memory:63[m[K,
                 from [01m[K/home/gkasha/ros2_humble/install/rclcpp/include/rclcpp/rclcpp/rclcpp.hpp:153[m[K,
                 from [01m[K/home/gkasha/Documents/maae/src/auction/include/auction/agent.hpp:5[m[K,
                 from [01m[K/home/gkasha/Documents/maae/src/auction/src/agent.cpp:1[m[K:
[01m[K/usr/include/c++/11/bits/stl_algobase.h:300:5:[m[K [01;36m[Knote: [m[Kcandidate: ‘[01m[Ktemplate<class _Tp, class _Compare> constexpr const _Tp& std::max(const _Tp&, const _Tp&, _Compare)[m[K’
  300 |     [01;36m[Kmax[m[K(const _Tp& __a, const _Tp& __b, _Compare __comp)
      |     [01;36m[K^~~[m[K
[01m[K/usr/include/c++/11/bits/stl_algobase.h:300:5:[m[K [01;36m[Knote: [m[K  template argument deduction/substitution failed:
[01m[K/home/gkasha/Documents/maae/src/auction/src/agent.cpp:279:28:[m[K [01;36m[Knote: [m[K  deduced conflicting types for parameter ‘[01m[Kconst _Tp[m[K’ (‘[01m[Kint[m[K’ and ‘[01m[Kstd::__tuple_element_t<0, std::tuple<double, double> >[m[K’ {aka ‘[01m[Kdouble[m[K’})
  279 |             double st = [01;36m[Kmax(curr_time_,-1*std::get<0>(stn.get_feasible_values(slot->etp_)))[m[K;
      |                         [01;36m[K~~~^~~~~~~~~~~~~~~~~~~~~~~~~~~~~~~~~~~~~~~~~~~~~~~~~~~~~~~~~~~~~~~~[m[K
In file included from [01m[K/usr/include/c++/11/algorithm:62[m[K,
                 from [01m[K/home/gkasha/ros2_humble/install/rclcpp/include/rclcpp/rclcpp/executor.hpp:18[m[K,
                 from [01m[K/home/gkasha/ros2_humble/install/rclcpp/include/rclcpp/rclcpp/executors/multi_threaded_executor.hpp:25[m[K,
                 from [01m[K/home/gkasha/ros2_humble/install/rclcpp/include/rclcpp/rclcpp/executors.hpp:21[m[K,
                 from [01m[K/home/gkasha/ros2_humble/install/rclcpp/include/rclcpp/rclcpp/rclcpp.hpp:155[m[K,
                 from [01m[K/home/gkasha/Documents/maae/src/auction/include/auction/agent.hpp:5[m[K,
                 from [01m[K/home/gkasha/Documents/maae/src/auction/src/agent.cpp:1[m[K:
[01m[K/usr/include/c++/11/bits/stl_algo.h:3461:5:[m[K [01;36m[Knote: [m[Kcandidate: ‘[01m[Ktemplate<class _Tp> constexpr _Tp std::max(std::initializer_list<_Tp>)[m[K’
 3461 |     [01;36m[Kmax[m[K(initializer_list<_Tp> __l)
      |     [01;36m[K^~~[m[K
[01m[K/usr/include/c++/11/bits/stl_algo.h:3461:5:[m[K [01;36m[Knote: [m[K  template argument deduction/substitution failed:
[01m[K/home/gkasha/Documents/maae/src/auction/src/agent.cpp:279:28:[m[K [01;36m[Knote: [m[K  mismatched types ‘[01m[Kstd::initializer_list<_Tp>[m[K’ and ‘[01m[Kint[m[K’
  279 |             double st = [01;36m[Kmax(curr_time_,-1*std::get<0>(stn.get_feasible_values(slot->etp_)))[m[K;
      |                         [01;36m[K~~~^~~~~~~~~~~~~~~~~~~~~~~~~~~~~~~~~~~~~~~~~~~~~~~~~~~~~~~~~~~~~~~~[m[K
In file included from [01m[K/usr/include/c++/11/algorithm:62[m[K,
                 from [01m[K/home/gkasha/ros2_humble/install/rclcpp/include/rclcpp/rclcpp/executor.hpp:18[m[K,
                 from [01m[K/home/gkasha/ros2_humble/install/rclcpp/include/rclcpp/rclcpp/executors/multi_threaded_executor.hpp:25[m[K,
                 from [01m[K/home/gkasha/ros2_humble/install/rclcpp/include/rclcpp/rclcpp/executors.hpp:21[m[K,
                 from [01m[K/home/gkasha/ros2_humble/install/rclcpp/include/rclcpp/rclcpp/rclcpp.hpp:155[m[K,
                 from [01m[K/home/gkasha/Documents/maae/src/auction/include/auction/agent.hpp:5[m[K,
                 from [01m[K/home/gkasha/Documents/maae/src/auction/src/agent.cpp:1[m[K:
[01m[K/usr/include/c++/11/bits/stl_algo.h:3467:5:[m[K [01;36m[Knote: [m[Kcandidate: ‘[01m[Ktemplate<class _Tp, class _Compare> constexpr _Tp std::max(std::initializer_list<_Tp>, _Compare)[m[K’
 3467 |     [01;36m[Kmax[m[K(initializer_list<_Tp> __l, _Compare __comp)
      |     [01;36m[K^~~[m[K
[01m[K/usr/include/c++/11/bits/stl_algo.h:3467:5:[m[K [01;36m[Knote: [m[K  template argument deduction/substitution failed:
[01m[K/home/gkasha/Documents/maae/src/auction/src/agent.cpp:279:28:[m[K [01;36m[Knote: [m[K  mismatched types ‘[01m[Kstd::initializer_list<_Tp>[m[K’ and ‘[01m[Kint[m[K’
  279 |             double st = [01;36m[Kmax(curr_time_,-1*std::get<0>(stn.get_feasible_values(slot->etp_)))[m[K;
      |                         [01;36m[K~~~^~~~~~~~~~~~~~~~~~~~~~~~~~~~~~~~~~~~~~~~~~~~~~~~~~~~~~~~~~~~~~~~[m[K
gmake[2]: *** [CMakeFiles/agent.dir/build.make:76: CMakeFiles/agent.dir/src/agent.cpp.o] Error 1
gmake[1]: *** [CMakeFiles/Makefile2:195: CMakeFiles/agent.dir/all] Error 2
gmake[1]: *** Waiting for unfinished jobs....
[ 77%] [32m[1mLinking CXX executable execution_interface[0m
[ 77%] Built target execution_interface
gmake: *** [Makefile:146: all] Error 2
