[35m[1mConsolidate compiler generated dependencies of target agent[0m
[ 22%] Built target goal_manager
[ 44%] Built target client
[ 66%] Built target server
[ 77%] [32mBuilding CXX object CMakeFiles/agent.dir/src/agent.cpp.o[0m
[ 88%] [32m[1mLinking CXX executable agent[0m
[100%] Built target agent
-- Install configuration: ""
-- Up-to-date: /home/gkasha/Documents/maae/install/auction/include/auction/
-- Up-to-date: /home/gkasha/Documents/maae/install/auction/include/auction//stn.hpp
-- Up-to-date: /home/gkasha/Documents/maae/install/auction/lib/auction/server
-- Up-to-date: /home/gkasha/Documents/maae/install/auction/lib/auction/client
-- Installing: /home/gkasha/Documents/maae/install/auction/lib/auction/agent
-- Set runtime path of "/home/gkasha/Documents/maae/install/auction/lib/auction/agent" to ""
-- Up-to-date: /home/gkasha/Documents/maae/install/auction/lib/auction/goal_manager
-- Up-to-date: /home/gkasha/Documents/maae/install/auction/share/ament_index/resource_index/package_run_dependencies/auction
-- Up-to-date: /home/gkasha/Documents/maae/install/auction/share/ament_index/resource_index/parent_prefix_path/auction
-- Up-to-date: /home/gkasha/Documents/maae/install/auction/share/auction/environment/ament_prefix_path.dsv
-- Up-to-date: /home/gkasha/Documents/maae/install/auction/share/auction/environment/path.dsv
-- Up-to-date: /home/gkasha/Documents/maae/install/auction/share/auction/local_setup.bash
-- Up-to-date: /home/gkasha/Documents/maae/install/auction/share/auction/local_setup.sh
-- Up-to-date: /home/gkasha/Documents/maae/install/auction/share/auction/local_setup.zsh
-- Up-to-date: /home/gkasha/Documents/maae/install/auction/share/auction/local_setup.dsv
-- Installing: /home/gkasha/Documents/maae/install/auction/share/auction/package.dsv
-- Up-to-date: /home/gkasha/Documents/maae/install/auction/share/ament_index/resource_index/packages/auction
-- Up-to-date: /home/gkasha/Documents/maae/install/auction/share/auction/cmake/ament_cmake_export_include_directories-extras.cmake
-- Up-to-date: /home/gkasha/Documents/maae/install/auction/share/auction/cmake/auctionConfig.cmake
-- Up-to-date: /home/gkasha/Documents/maae/install/auction/share/auction/cmake/auctionConfig-version.cmake
-- Up-to-date: /home/gkasha/Documents/maae/install/auction/share/auction/package.xml
