[35m[1mConsolidate compiler generated dependencies of target agent[0m
[ 18%] Built target execution_interface
[ 36%] Built target goal_manager
[ 54%] [32mBuilding CXX object CMakeFiles/client.dir/src/client.cpp.o[0m
[ 54%] [32mBuilding CXX object CMakeFiles/agent.dir/src/agent.cpp.o[0m
[ 72%] Built target clock
[01m[K/home/gkasha/Documents/maae/src/auction/src/client.cpp:13:41:[m[K [01;31m[Kerror: [m[K‘[01m[Kstring[m[K’ was not declared in this scope
   13 | ma_interfaces::msg::Goal build_goal_msg([01;31m[Kstring[m[K id, int num_agents, double x, double y) {
      |                                         [01;31m[K^~~~~~[m[K
[01m[K/home/gkasha/Documents/maae/src/auction/src/client.cpp:13:41:[m[K [01;36m[Knote: [m[Ksuggested alternatives:
In file included from [01m[K/usr/include/c++/11/iosfwd:39[m[K,
                 from [01m[K/usr/include/c++/11/bits/shared_ptr.h:52[m[K,
                 from [01m[K/usr/include/c++/11/memory:77[m[K,
                 from [01m[K/home/gkasha/ros2_humble/install/rclcpp/include/rclcpp/rclcpp/rclcpp.hpp:153[m[K,
                 from [01m[K/home/gkasha/Documents/maae/src/auction/src/client.cpp:1[m[K:
[01m[K/usr/include/c++/11/bits/stringfwd.h:79:33:[m[K [01;36m[Knote: [m[K  ‘[01m[Kstd::string[m[K’
   79 |   typedef basic_string<char>    [01;36m[Kstring[m[K;
      |                                 [01;36m[K^~~~~~[m[K
In file included from [01m[K/usr/include/c++/11/stdexcept:39[m[K,
                 from [01m[K/usr/include/c++/11/system_error:41[m[K,
                 from [01m[K/usr/include/c++/11/mutex:42[m[K,
                 from [01m[K/usr/include/c++/11/future:38[m[K,
                 from [01m[K/home/gkasha/ros2_humble/install/rclcpp/include/rclcpp/rclcpp/executors.hpp:18[m[K,
                 from [01m[K/home/gkasha/ros2_humble/install/rclcpp/include/rclcpp/rclcpp/rclcpp.hpp:155[m[K,
                 from [01m[K/home/gkasha/Documents/maae/src/auction/src/client.cpp:1[m[K:
[01m[K/usr/include/c++/11/string:67:11:[m[K [01;36m[Knote: [m[K  ‘[01m[Kstd::pmr::string[m[K’
   67 |     using [01;36m[Kstring[m[K    = basic_string<char>;
      |           [01;36m[K^~~~~~[m[K
[01m[K/home/gkasha/Documents/maae/src/auction/src/client.cpp:13:52:[m[K [01;31m[Kerror: [m[Kexpected primary-expression before ‘[01m[Kint[m[K’
   13 | ma_interfaces::msg::Goal build_goal_msg(string id, [01;31m[Kint[m[K num_agents, double x, double y) {
      |                                                    [01;31m[K^~~[m[K
[01m[K/home/gkasha/Documents/maae/src/auction/src/client.cpp:13:68:[m[K [01;31m[Kerror: [m[Kexpected primary-expression before ‘[01m[Kdouble[m[K’
   13 | ma_interfaces::msg::Goal build_goal_msg(string id, int num_agents, [01;31m[Kdouble[m[K x, double y) {
      |                                                                    [01;31m[K^~~~~~[m[K
[01m[K/home/gkasha/Documents/maae/src/auction/src/client.cpp:13:78:[m[K [01;31m[Kerror: [m[Kexpected primary-expression before ‘[01m[Kdouble[m[K’
   13 | ma_interfaces::msg::Goal build_goal_msg(string id, int num_agents, double x, [01;31m[Kdouble[m[K y) {
      |                                                                              [01;31m[K^~~~~~[m[K
[01m[K/home/gkasha/Documents/maae/src/auction/src/client.cpp:13:88:[m[K [01;31m[Kerror: [m[Kexpected ‘[01m[K,[m[K’ or ‘[01m[K;[m[K’ before ‘[01m[K{[m[K’ token
   13 | ma_interfaces::msg::Goal build_goal_msg(string id, int num_agents, double x, double y) [01;31m[K{[m[K
      |                                                                                        [01;31m[K^[m[K
[01m[K/home/gkasha/Documents/maae/src/auction/src/client.cpp:[m[K In function ‘[01m[Kint main(int, char**)[m[K’:
[01m[K/home/gkasha/Documents/maae/src/auction/src/client.cpp:39:49:[m[K [01;31m[Kerror: [m[Kno match for call to ‘[01m[K(ma_interfaces::msg::Goal {aka ma_interfaces::msg::Goal_<std::allocator<void> >}) (const char [6], int, double, double)[m[K’
   39 |     ma_interfaces::msg::Goal g1 = [01;31m[Kbuild_goal_msg("task1", 1, 1.0, 1.0)[m[K;
      |                                   [01;31m[K~~~~~~~~~~~~~~^~~~~~~~~~~~~~~~~~~~~~[m[K
[01m[K/home/gkasha/Documents/maae/src/auction/src/client.cpp:40:49:[m[K [01;31m[Kerror: [m[Kno match for call to ‘[01m[K(ma_interfaces::msg::Goal {aka ma_interfaces::msg::Goal_<std::allocator<void> >}) (const char [6], int, double, double)[m[K’
   40 |     ma_interfaces::msg::Goal g2 = [01;31m[Kbuild_goal_msg("task2", 1, 1.0, -1.0)[m[K;
      |                                   [01;31m[K~~~~~~~~~~~~~~^~~~~~~~~~~~~~~~~~~~~~~[m[K
[01m[K/home/gkasha/Documents/maae/src/auction/src/client.cpp:41:49:[m[K [01;31m[Kerror: [m[Kno match for call to ‘[01m[K(ma_interfaces::msg::Goal {aka ma_interfaces::msg::Goal_<std::allocator<void> >}) (const char [6], int, double, double)[m[K’
   41 |     ma_interfaces::msg::Goal g3 = [01;31m[Kbuild_goal_msg("task3", 1, 2.0, 1.0)[m[K;
      |                                   [01;31m[K~~~~~~~~~~~~~~^~~~~~~~~~~~~~~~~~~~~~[m[K
[01m[K/home/gkasha/Documents/maae/src/auction/src/client.cpp:42:49:[m[K [01;31m[Kerror: [m[Kno match for call to ‘[01m[K(ma_interfaces::msg::Goal {aka ma_interfaces::msg::Goal_<std::allocator<void> >}) (const char [6], int, double, double)[m[K’
   42 |     ma_interfaces::msg::Goal g4 = [01;31m[Kbuild_goal_msg("task4", 1, 2.0, 0.0)[m[K;
      |                                   [01;31m[K~~~~~~~~~~~~~~^~~~~~~~~~~~~~~~~~~~~~[m[K
[01m[K/home/gkasha/Documents/maae/src/auction/src/client.cpp:43:49:[m[K [01;31m[Kerror: [m[Kno match for call to ‘[01m[K(ma_interfaces::msg::Goal {aka ma_interfaces::msg::Goal_<std::allocator<void> >}) (const char [6], int, double, double)[m[K’
   43 |     ma_interfaces::msg::Goal g5 = [01;31m[Kbuild_goal_msg("task5", 2, 3.0, 1.0)[m[K;
      |                                   [01;31m[K~~~~~~~~~~~~~~^~~~~~~~~~~~~~~~~~~~~~[m[K
[01m[K/home/gkasha/Documents/maae/src/auction/src/client.cpp:44:49:[m[K [01;31m[Kerror: [m[Kno match for call to ‘[01m[K(ma_interfaces::msg::Goal {aka ma_interfaces::msg::Goal_<std::allocator<void> >}) (const char [6], int, double, double)[m[K’
   44 |     ma_interfaces::msg::Goal g6 = [01;31m[Kbuild_goal_msg("task6", 1, 4.0, 2.0)[m[K;
      |                                   [01;31m[K~~~~~~~~~~~~~~^~~~~~~~~~~~~~~~~~~~~~[m[K
[01m[K/home/gkasha/Documents/maae/src/auction/src/client.cpp:50:23:[m[K [01;35m[Kwarning: [m[Kcomparison of integer expressions of different signedness: ‘[01m[Kint[m[K’ and ‘[01m[Kstd::vector<ma_interfaces::msg::Goal_<std::allocator<void> > >::size_type[m[K’ {aka ‘[01m[Klong unsigned int[m[K’} [[01;35m[K]8;;https://gcc.gnu.org/onlinedocs/gcc/Warning-Options.html#index-Wsign-compare-Wsign-compare]8;;[m[K]
   50 |     for (int i = 0; [01;35m[Ki < goals.size()[m[K; i++) {
      |                     [01;35m[K~~^~~~~~~~~~~~~~[m[K
gmake[2]: *** [CMakeFiles/client.dir/build.make:76: CMakeFiles/client.dir/src/client.cpp.o] Error 1
gmake[1]: *** [CMakeFiles/Makefile2:171: CMakeFiles/client.dir/all] Error 2
gmake[1]: *** Waiting for unfinished jobs....
[ 81%] [32m[1mLinking CXX executable agent[0m
[ 90%] Built target agent
gmake: *** [Makefile:146: all] Error 2
