[35m[1mConsolidate compiler generated dependencies of target execution_interface[0m
[ 22%] Built target client
[ 55%] Built target agent
[ 77%] Built target goal_manager
[ 88%] [32mBuilding CXX object CMakeFiles/execution_interface.dir/src/execution_interface.cpp.o[0m
In file included from [01m[K/home/gkasha/Documents/maae/src/auction/src/execution_interface.cpp:1[m[K:
[01m[K/home/gkasha/Documents/maae/src/auction/include/auction/execution_interface.hpp:[m[K In lambda function:
[01m[K/home/gkasha/Documents/maae/src/auction/include/auction/execution_interface.hpp:83:37:[m[K [01;31m[Kerror: [m[K‘[01m[KActionNode::ActionStatus ActionNode::status_[m[K’ is private within this context
   83 |                         if (action->[01;31m[Kstatus_[m[K == ActionStatus::EXECUTING) {
      |                                     [01;31m[K^~~~~~~[m[K
[01m[K/home/gkasha/Documents/maae/src/auction/include/auction/execution_interface.hpp:65:22:[m[K [01;36m[Knote: [m[Kdeclared private here
   65 |         ActionStatus [01;36m[Kstatus_[m[K;
      |                      [01;36m[K^~~~~~~[m[K
[01m[K/home/gkasha/Documents/maae/src/auction/include/auction/execution_interface.hpp:83:48:[m[K [01;31m[Kerror: [m[K‘[01m[KActionStatus[m[K’ has not been declared
   83 |                         if (action->status_ == [01;31m[KActionStatus[m[K::EXECUTING) {
      |                                                [01;31m[K^~~~~~~~~~~~[m[K
[01m[K/home/gkasha/Documents/maae/src/auction/include/auction/execution_interface.hpp:85:134:[m[K [01;31m[Kerror: [m[K‘[01m[Ksteady_clock[m[K’ has not been declared
   85 | an = std::chrono::duration_cast<std::chrono::duration<double>>([01;31m[Ksteady_clock[m[K::now() - action->st_);
      |                                                                [01;31m[K^~~~~~~~~~~~[m[K

[01m[K/home/gkasha/Documents/maae/src/auction/include/auction/execution_interface.hpp:85:164:[m[K [01;31m[Kerror: [m[K‘[01m[Kstd::chrono::_V2::steady_clock::time_point ActionNode::st_[m[K’ is private within this context
   85 | on_cast<std::chrono::duration<double>>(steady_clock::now() - action->[01;31m[Kst_[m[K);
      |                                                                      [01;31m[K^~~[m[K

[01m[K/home/gkasha/Documents/maae/src/auction/include/auction/execution_interface.hpp:64:47:[m[K [01;36m[Knote: [m[Kdeclared private here
   64 |         std::chrono::steady_clock::time_point [01;36m[Kst_[m[K;
      |                                               [01;36m[K^~~[m[K
[01m[K/home/gkasha/Documents/maae/src/auction/include/auction/execution_interface.hpp:86:59:[m[K [01;31m[Kerror: [m[K‘[01m[Kclass ActionNode[m[K’ has no member named ‘[01m[Kduration[m[K’; did you mean ‘[01m[Kfloat ActionNode::duration_[m[K’? (not accessible from this context)
   86 |                             if (execution_span >= action->[01;31m[Kduration[m[K) {
      |                                                           [01;31m[K^~~~~~~~[m[K
[01m[K/home/gkasha/Documents/maae/src/auction/include/auction/execution_interface.hpp:63:15:[m[K [01;36m[Knote: [m[Kdeclared private here
   63 |         float [01;36m[Kduration_[m[K;
      |               [01;36m[K^~~~~~~~~[m[K
[01m[K/home/gkasha/Documents/maae/src/auction/include/auction/execution_interface.hpp:88:41:[m[K [01;31m[Kerror: [m[K‘[01m[Kclass ActionNode[m[K’ has no member named ‘[01m[Kstatus[m[K’; did you mean ‘[01m[KActionNode::ActionStatus ActionNode::status_[m[K’? (not accessible from this context)
   88 |                                 action->[01;31m[Kstatus[m[K = ActionStatus::COMPLETE
      |                                         [01;31m[K^~~~~~[m[K
[01m[K/home/gkasha/Documents/maae/src/auction/include/auction/execution_interface.hpp:65:22:[m[K [01;36m[Knote: [m[Kdeclared private here
   65 |         ActionStatus [01;36m[Kstatus_[m[K;
      |                      [01;36m[K^~~~~~~[m[K
[01m[K/home/gkasha/Documents/maae/src/auction/include/auction/execution_interface.hpp:88:50:[m[K [01;31m[Kerror: [m[K‘[01m[KActionStatus[m[K’ has not been declared
   88 |                                 action->status = [01;31m[KActionStatus[m[K::COMPLETE
      |                                                  [01;31m[K^~~~~~~~~~~~[m[K
[01m[K/home/gkasha/Documents/maae/src/auction/include/auction/execution_interface.hpp:94:44:[m[K [01;31m[Kerror: [m[K‘[01m[KActionNode::ActionStatus ActionNode::status_[m[K’ is private within this context
   94 |                         } else if (action->[01;31m[Kstatus_[m[K == ActionStatus::WAITING) {
      |                                            [01;31m[K^~~~~~~[m[K
[01m[K/home/gkasha/Documents/maae/src/auction/include/auction/execution_interface.hpp:65:22:[m[K [01;36m[Knote: [m[Kdeclared private here
   65 |         ActionStatus [01;36m[Kstatus_[m[K;
      |                      [01;36m[K^~~~~~~[m[K
[01m[K/home/gkasha/Documents/maae/src/auction/include/auction/execution_interface.hpp:94:55:[m[K [01;31m[Kerror: [m[K‘[01m[KActionStatus[m[K’ has not been declared
   94 |                         } else if (action->status_ == [01;31m[KActionStatus[m[K::WAITING) {
      |                                                       [01;31m[K^~~~~~~~~~~~[m[K
[01m[K/home/gkasha/Documents/maae/src/auction/include/auction/execution_interface.hpp:95:37:[m[K [01;31m[Kerror: [m[K‘[01m[Kstd::chrono::_V2::steady_clock::time_point ActionNode::st_[m[K’ is private within this context
   95 |                             action->[01;31m[Kst_[m[K = std::chrono::steady_clock::now();
      |                                     [01;31m[K^~~[m[K
[01m[K/home/gkasha/Documents/maae/src/auction/include/auction/execution_interface.hpp:64:47:[m[K [01;36m[Knote: [m[Kdeclared private here
   64 |         std::chrono::steady_clock::time_point [01;36m[Kst_[m[K;
      |                                               [01;36m[K^~~[m[K
[01m[K/home/gkasha/Documents/maae/src/auction/include/auction/execution_interface.hpp:96:37:[m[K [01;31m[Kerror: [m[K‘[01m[KActionNode::ActionStatus ActionNode::status_[m[K’ is private within this context
   96 |                             action->[01;31m[Kstatus_[m[K = ActionStatus::EXECUTING;
      |                                     [01;31m[K^~~~~~~[m[K
[01m[K/home/gkasha/Documents/maae/src/auction/include/auction/execution_interface.hpp:65:22:[m[K [01;36m[Knote: [m[Kdeclared private here
   65 |         ActionStatus [01;36m[Kstatus_[m[K;
      |                      [01;36m[K^~~~~~~[m[K
[01m[K/home/gkasha/Documents/maae/src/auction/include/auction/execution_interface.hpp:96:47:[m[K [01;31m[Kerror: [m[K‘[01m[KActionStatus[m[K’ has not been declared
   96 |                             action->status_ = [01;31m[KActionStatus[m[K::EXECUTING;
      |                                               [01;31m[K^~~~~~~~~~~~[m[K
[01m[K/home/gkasha/Documents/maae/src/auction/include/auction/execution_interface.hpp:[m[K In constructor ‘[01m[KExecutor::Executor()[m[K’:
[01m[K/home/gkasha/Documents/maae/src/auction/include/auction/execution_interface.hpp:120:13:[m[K [01;31m[Kerror: [m[K‘[01m[Kcbgs_action_dispatch_[m[K’ was not declared in this scope; did you mean ‘[01m[Kaction_dispatch_cb[m[K’?
  120 |             [01;31m[Kcbgs_action_dispatch_[m[K = this->create_callback_group(
      |             [01;31m[K^~~~~~~~~~~~~~~~~~~~~[m[K
      |             [32m[Kaction_dispatch_cb[m[K
[01m[K/home/gkasha/Documents/maae/src/auction/include/auction/execution_interface.hpp:126:13:[m[K [01;31m[Kerror: [m[K‘[01m[Kaction_dispatch_[m[K’ was not declared in this scope; did you mean ‘[01m[Kaction_dispatch_cb[m[K’?
  126 |             [01;31m[Kaction_dispatch_[m[K = this->create_subscription<ma_interfaces::msg::Goal>(
      |             [01;31m[K^~~~~~~~~~~~~~~~[m[K
      |             [32m[Kaction_dispatch_cb[m[K
[01m[K/home/gkasha/Documents/maae/src/auction/include/auction/execution_interface.hpp:126:78:[m[K [01;31m[Kerror: [m[K‘[01m[KGoal[m[K’ is not a member of ‘[01m[Kma_interfaces::msg[m[K’
  126 |    action_dispatch_ = this->create_subscription<ma_interfaces::msg::[01;31m[KGoal[m[K>(
      |                                                                     [01;31m[K^~~~[m[K

[01m[K/home/gkasha/Documents/maae/src/auction/include/auction/execution_interface.hpp:126:83:[m[K [01;31m[Kerror: [m[Kno matching function for call to ‘[01m[KExecutor::create_subscription<<expression error> >(const char [22], rclcpp::QoS, std::_Bind_helper<false, void (Executor::*)(ma_interfaces::msg::ActionDispatch_<std::allocator<void> >), Executor*, const std::_Placeholder<1>&>::type, rclcpp::SubscriptionOptionsWithAllocator<std::allocator<void> >&)[m[K’
  126 |    action_dispatch_ = [01;31m[Kthis->create_subscription<ma_interfaces::msg::Goal>([m[K
      |                       [01;31m[K~~~~~~~~~~~~~~~~~~~~~~~~~~~~~~~~~~~~~~~~~~~~~~~~~~~^[m[K

  127 | [01;31m[K           "action_dispatch_topic",[m[K
      |            [01;31m[K~~~~~~~~~~~~~~~~~~~~~~~~[m[K                                       

  128 | [01;31m[K           rclcpp::QoS(10),[m[K
      |            [01;31m[K~~~~~~~~~~~~~~~~[m[K                                               

  129 | [01;31m[K           std::bind([m[K
      |            [01;31m[K~~~~~~~~~~[m[K                                                     

  130 | [01;31m[K               &Executor::action_dispatch_cb,[m[K
      |                [01;31m[K~~~~~~~~~~~~~~~~~~~~~~~~~~~~~~[m[K                             

  131 | [01;31m[K               this,[m[K
      |                [01;31m[K~~~~~[m[K                                                      

  132 | [01;31m[K               std::placeholders::_1),[m[K
      |                [01;31m[K~~~~~~~~~~~~~~~~~~~~~~~[m[K                                    

  133 | [01;31m[K           action_dispatch_opt)[m[K;
      |            [01;31m[K~~~~~~~~~~~~~~~~~~~~[m[K                                           

In file included from [01m[K/home/gkasha/ros2_humble/install/rclcpp/include/rclcpp/rclcpp/executors/single_threaded_executor.hpp:28[m[K,
                 from [01m[K/home/gkasha/ros2_humble/install/rclcpp/include/rclcpp/rclcpp/executors.hpp:22[m[K,
                 from [01m[K/home/gkasha/ros2_humble/install/rclcpp/include/rclcpp/rclcpp/rclcpp.hpp:155[m[K,
                 from [01m[K/home/gkasha/Documents/maae/src/auction/include/auction/execution_interface.hpp:5[m[K,
                 from [01m[K/home/gkasha/Documents/maae/src/auction/src/execution_interface.cpp:1[m[K:
[01m[K/home/gkasha/ros2_humble/install/rclcpp/include/rclcpp/rclcpp/node.hpp:219:3:[m[K [01;36m[Knote: [m[Kcandidate: ‘[01m[Ktemplate<class MessageT, class CallbackT, class AllocatorT, class SubscriptionT, class MessageMemoryStrategyT> std::shared_ptr<ROSMessageT> rclcpp::Node::create_subscription(const string&, const rclcpp::QoS&, CallbackT&&, const rclcpp::SubscriptionOptionsWithAllocator<AllocatorT>&, typename MessageMemoryStrategyT::SharedPtr)[m[K’
  219 |   [01;36m[Kcreate_subscription[m[K(
      |   [01;36m[K^~~~~~~~~~~~~~~~~~~[m[K
[01m[K/home/gkasha/ros2_humble/install/rclcpp/include/rclcpp/rclcpp/node.hpp:219:3:[m[K [01;36m[Knote: [m[K  template argument deduction/substitution failed:
In file included from [01m[K/home/gkasha/Documents/maae/src/auction/src/execution_interface.cpp:1[m[K:
[01m[K/home/gkasha/Documents/maae/src/auction/include/auction/execution_interface.hpp:126:83:[m[K [01;31m[Kerror: [m[Ktemplate argument 1 is invalid
  126 |    action_dispatch_ = [01;31m[Kthis->create_subscription<ma_interfaces::msg::Goal>([m[K
      |                       [01;31m[K~~~~~~~~~~~~~~~~~~~~~~~~~~~~~~~~~~~~~~~~~~~~~~~~~~~^[m[K

  127 | [01;31m[K           "action_dispatch_topic",[m[K
      |            [01;31m[K~~~~~~~~~~~~~~~~~~~~~~~~[m[K                                       

  128 | [01;31m[K           rclcpp::QoS(10),[m[K
      |            [01;31m[K~~~~~~~~~~~~~~~~[m[K                                               

  129 | [01;31m[K           std::bind([m[K
      |            [01;31m[K~~~~~~~~~~[m[K                                                     

  130 | [01;31m[K               &Executor::action_dispatch_cb,[m[K
      |                [01;31m[K~~~~~~~~~~~~~~~~~~~~~~~~~~~~~~[m[K                             

  131 | [01;31m[K               this,[m[K
      |                [01;31m[K~~~~~[m[K                                                      

  132 | [01;31m[K               std::placeholders::_1),[m[K
      |                [01;31m[K~~~~~~~~~~~~~~~~~~~~~~~[m[K                                    

  133 | [01;31m[K           action_dispatch_opt)[m[K;
      |            [01;31m[K~~~~~~~~~~~~~~~~~~~~[m[K                                           

In file included from [01m[K/home/gkasha/ros2_humble/install/rclcpp/include/rclcpp/rclcpp/client.hpp:40[m[K,
                 from [01m[K/home/gkasha/ros2_humble/install/rclcpp/include/rclcpp/rclcpp/callback_group.hpp:24[m[K,
                 from [01m[K/home/gkasha/ros2_humble/install/rclcpp/include/rclcpp/rclcpp/any_executable.hpp:20[m[K,
                 from [01m[K/home/gkasha/ros2_humble/install/rclcpp/include/rclcpp/rclcpp/memory_strategy.hpp:25[m[K,
                 from [01m[K/home/gkasha/ros2_humble/install/rclcpp/include/rclcpp/rclcpp/memory_strategies.hpp:18[m[K,
                 from [01m[K/home/gkasha/ros2_humble/install/rclcpp/include/rclcpp/rclcpp/executor_options.hpp:20[m[K,
                 from [01m[K/home/gkasha/ros2_humble/install/rclcpp/include/rclcpp/rclcpp/executor.hpp:37[m[K,
                 from [01m[K/home/gkasha/ros2_humble/install/rclcpp/include/rclcpp/rclcpp/executors/multi_threaded_executor.hpp:25[m[K,
                 from [01m[K/home/gkasha/ros2_humble/install/rclcpp/include/rclcpp/rclcpp/executors.hpp:21[m[K,
                 from [01m[K/home/gkasha/ros2_humble/install/rclcpp/include/rclcpp/rclcpp/rclcpp.hpp:155[m[K,
                 from [01m[K/home/gkasha/Documents/maae/src/auction/include/auction/execution_interface.hpp:5[m[K,
                 from [01m[K/home/gkasha/Documents/maae/src/auction/src/execution_interface.cpp:1[m[K:
[01m[K/home/gkasha/Documents/maae/src/auction/src/execution_interface.cpp:[m[K In function ‘[01m[Kvoid action_dispatch_cb(ma_interfaces::msg::ActionDispatch)[m[K’:
[01m[K/home/gkasha/Documents/maae/src/auction/src/execution_interface.cpp:8:17:[m[K [01;31m[Kerror: [m[Kinvalid use of ‘[01m[Kthis[m[K’ in non-member function
    8 |     RCLCPP_INFO([01;31m[Kthis[m[K->get_logger(), "Added action to map: %s", a_node->to_string().c_str());
      |                 [01;31m[K^~~~[m[K
[01m[K/home/gkasha/Documents/maae/src/auction/src/execution_interface.cpp:8:17:[m[K [01;31m[Kerror: [m[Kinvalid use of ‘[01m[Kthis[m[K’ in non-member function
[01m[K/home/gkasha/Documents/maae/src/auction/src/execution_interface.cpp:8:5:[m[K [01;31m[Kerror: [m[Ktemplate argument 1 is invalid
    8 |     [01;31m[KRCLCPP_INFO[m[K(this->get_logger(), "Added action to map: %s", a_node->to_string().c_str());
      |     [01;31m[K^~~~~~~~~~~[m[K
[01m[K/home/gkasha/Documents/maae/src/auction/src/execution_interface.cpp:8:5:[m[K [01;31m[Kerror: [m[K‘[01m[K<declaration error>[m[K’ is not a template [[01;31m[K]8;;https://gcc.gnu.org/onlinedocs/gcc/Warning-Options.html#index-fpermissive-fpermissive]8;;[m[K]
    8 |     [01;31m[KRCLCPP_INFO[m[K(this->get_logger(), "Added action to map: %s", a_node->to_string().c_str());
      |     [01;31m[K^~~~~~~~~~~[m[K
[01m[K/home/gkasha/Documents/maae/src/auction/src/execution_interface.cpp:8:5:[m[K [01;31m[Kerror: [m[Ktemplate argument 1 is invalid
    8 |     [01;31m[KRCLCPP_INFO[m[K(this->get_logger(), "Added action to map: %s", a_node->to_string().c_str());
      |     [01;31m[K^~~~~~~~~~~[m[K
[01m[K/home/gkasha/Documents/maae/src/auction/src/execution_interface.cpp:8:5:[m[K [01;31m[Kerror: [m[K‘[01m[K<declaration error>[m[K’ is not a template [[01;31m[K]8;;https://gcc.gnu.org/onlinedocs/gcc/Warning-Options.html#index-fpermissive-fpermissive]8;;[m[K]
    8 |     [01;31m[KRCLCPP_INFO[m[K(this->get_logger(), "Added action to map: %s", a_node->to_string().c_str());
      |     [01;31m[K^~~~~~~~~~~[m[K
[01m[K/home/gkasha/Documents/maae/src/auction/src/execution_interface.cpp:8:5:[m[K [01;31m[Kerror: [m[Ktemplate argument 1 is invalid
    8 |     [01;31m[KRCLCPP_INFO[m[K(this->get_logger(), "Added action to map: %s", a_node->to_string().c_str());
      |     [01;31m[K^~~~~~~~~~~[m[K
In file included from [01m[K/home/gkasha/ros2_humble/build/rclcpp/include/rclcpp/logging.hpp:24[m[K,
                 from [01m[K/home/gkasha/ros2_humble/install/rclcpp/include/rclcpp/rclcpp/client.hpp:40[m[K,
                 from [01m[K/home/gkasha/ros2_humble/install/rclcpp/include/rclcpp/rclcpp/callback_group.hpp:24[m[K,
                 from [01m[K/home/gkasha/ros2_humble/install/rclcpp/include/rclcpp/rclcpp/any_executable.hpp:20[m[K,
                 from [01m[K/home/gkasha/ros2_humble/install/rclcpp/include/rclcpp/rclcpp/memory_strategy.hpp:25[m[K,
                 from [01m[K/home/gkasha/ros2_humble/install/rclcpp/include/rclcpp/rclcpp/memory_strategies.hpp:18[m[K,
                 from [01m[K/home/gkasha/ros2_humble/install/rclcpp/include/rclcpp/rclcpp/executor_options.hpp:20[m[K,
                 from [01m[K/home/gkasha/ros2_humble/install/rclcpp/include/rclcpp/rclcpp/executor.hpp:37[m[K,
                 from [01m[K/home/gkasha/ros2_humble/install/rclcpp/include/rclcpp/rclcpp/executors/multi_threaded_executor.hpp:25[m[K,
                 from [01m[K/home/gkasha/ros2_humble/install/rclcpp/include/rclcpp/rclcpp/executors.hpp:21[m[K,
                 from [01m[K/home/gkasha/ros2_humble/install/rclcpp/include/rclcpp/rclcpp/rclcpp.hpp:155[m[K,
                 from [01m[K/home/gkasha/Documents/maae/src/auction/include/auction/execution_interface.hpp:5[m[K,
                 from [01m[K/home/gkasha/Documents/maae/src/auction/src/execution_interface.cpp:1[m[K:
[01m[K/home/gkasha/Documents/maae/src/auction/src/execution_interface.cpp:8:17:[m[K [01;31m[Kerror: [m[Kinvalid use of ‘[01m[Kthis[m[K’ in non-member function
    8 |     RCLCPP_INFO([01;31m[Kthis[m[K->get_logger(), "Added action to map: %s", a_node->to_string().c_str());
      |                 [01;31m[K^~~~[m[K
[01m[K/home/gkasha/Documents/maae/src/auction/src/execution_interface.cpp:8:17:[m[K [01;31m[Kerror: [m[Kinvalid use of ‘[01m[Kthis[m[K’ in non-member function
    8 |     RCLCPP_INFO([01;31m[Kthis[m[K->get_logger(), "Added action to map: %s", a_node->to_string().c_str());
      |                 [01;31m[K^~~~[m[K
gmake[2]: *** [CMakeFiles/execution_interface.dir/build.make:76: CMakeFiles/execution_interface.dir/src/execution_interface.cpp.o] Error 1
gmake[1]: *** [CMakeFiles/Makefile2:143: CMakeFiles/execution_interface.dir/all] Error 2
gmake: *** [Makefile:146: all] Error 2
