[35m[1mConsolidate compiler generated dependencies of target client[0m
[ 50%] Built target server
[ 75%] [32mBuilding CXX object CMakeFiles/client.dir/src/client.cpp.o[0m
[100%] [32m[1mLinking CXX executable client[0m
[100%] Built target client
-- Install configuration: ""
-- Installing: /home/gkasha/Documents/maae/install/auction/lib/auction/server
-- Set runtime path of "/home/gkasha/Documents/maae/install/auction/lib/auction/server" to ""
-- Installing: /home/gkasha/Documents/maae/install/auction/lib/auction/client
-- Set runtime path of "/home/gkasha/Documents/maae/install/auction/lib/auction/client" to ""
-- Installing: /home/gkasha/Documents/maae/install/auction/share/ament_index/resource_index/package_run_dependencies/auction
-- Installing: /home/gkasha/Documents/maae/install/auction/share/ament_index/resource_index/parent_prefix_path/auction
-- Installing: /home/gkasha/Documents/maae/install/auction/share/auction/environment/ament_prefix_path.sh
-- Installing: /home/gkasha/Documents/maae/install/auction/share/auction/environment/ament_prefix_path.dsv
-- Installing: /home/gkasha/Documents/maae/install/auction/share/auction/environment/path.sh
-- Installing: /home/gkasha/Documents/maae/install/auction/share/auction/environment/path.dsv
-- Installing: /home/gkasha/Documents/maae/install/auction/share/auction/local_setup.bash
-- Installing: /home/gkasha/Documents/maae/install/auction/share/auction/local_setup.sh
-- Installing: /home/gkasha/Documents/maae/install/auction/share/auction/local_setup.zsh
-- Installing: /home/gkasha/Documents/maae/install/auction/share/auction/local_setup.dsv
-- Installing: /home/gkasha/Documents/maae/install/auction/share/auction/package.dsv
-- Installing: /home/gkasha/Documents/maae/install/auction/share/ament_index/resource_index/packages/auction
-- Installing: /home/gkasha/Documents/maae/install/auction/share/auction/cmake/auctionConfig.cmake
-- Installing: /home/gkasha/Documents/maae/install/auction/share/auction/cmake/auctionConfig-version.cmake
-- Installing: /home/gkasha/Documents/maae/install/auction/share/auction/package.xml
