[01m[K/home/gkasha/Documents/maae/src/auction/src/agent.cpp:165:32:[m[K [01;31m[Kerror: [m[Kstray ‘[01m[K`[m[K’ in program
  165 |                 bid.value = 10;[01;31m[K`[m[K
      |                                [01;31m[K^[m[K
[01m[K/home/gkasha/Documents/maae/src/auction/src/auctioneer.cpp:[m[K In function ‘[01m[Kvoid start_auction(std::shared_ptr<ma_interfaces::srv::AuctionSrv_Request_<std::allocator<void> > >, std::shared_ptr<ma_interfaces::srv::AuctionSrv_Response_<std::allocator<void> > >)[m[K’:
[01m[K/home/gkasha/Documents/maae/src/auction/src/auctioneer.cpp:27:72:[m[K [01;35m[Kwarning: [m[Kunused parameter ‘[01m[Kreq[m[K’ [[01;35m[K]8;;https://gcc.gnu.org/onlinedocs/gcc/Warning-Options.html#index-Wunused-parameter-Wunused-parameter]8;;[m[K]
   27 |         [01;35m[Kconst std::shared_ptr<ma_interfaces::srv::AuctionSrv::Request> req[m[K,
      |         [01;35m[K~~~~~~~~~~~~~~~~~~~~~~~~~~~~~~~~~~~~~~~~~~~~~~~~~~~~~~~~~~~~~~~^~~[m[K
[01m[K/home/gkasha/Documents/maae/src/auction/src/auctioneer.cpp:28:67:[m[K [01;35m[Kwarning: [m[Kunused parameter ‘[01m[Krep[m[K’ [[01;35m[K]8;;https://gcc.gnu.org/onlinedocs/gcc/Warning-Options.html#index-Wunused-parameter-Wunused-parameter]8;;[m[K]
   28 |         [01;35m[Kstd::shared_ptr<ma_interfaces::srv::AuctionSrv::Response> rep[m[K)
      |         [01;35m[K~~~~~~~~~~~~~~~~~~~~~~~~~~~~~~~~~~~~~~~~~~~~~~~~~~~~~~~~~~^~~[m[K
[01m[K/home/gkasha/Documents/maae/src/auction/src/agent.cpp:[m[K In member function ‘[01m[Kvoid Agent::new_goals_cb(ma_interfaces::msg::Goal)[m[K’:
[01m[K/home/gkasha/Documents/maae/src/auction/src/agent.cpp:127:38:[m[K [01;31m[Kerror: [m[K‘[01m[Kagent[m[K’ was not declared in this scope; did you mean ‘[01m[KAgent[m[K’?
  127 |             } else if (goal.owner == [01;31m[Kagent[m[K.id_) {
      |                                      [01;31m[K^~~~~[m[K
      |                                      [32m[KAgent[m[K
[01m[K/home/gkasha/Documents/maae/src/auction/src/agent.cpp:[m[K In member function ‘[01m[Kvoid Agent::new_tasks_cb(ma_interfaces::msg::Task)[m[K’:
[01m[K/home/gkasha/Documents/maae/src/auction/src/agent.cpp:162:47:[m[K [01;31m[Kerror: [m[K‘[01m[Kma_intefaces[m[K’ has not been declared
  162 |                 ma_interfaces::msg::Bid bid = [01;31m[Kma_intefaces[m[K::msg::Bid();
      |                                               [01;31m[K^~~~~~~~~~~~[m[K
gmake[2]: *** [CMakeFiles/agent.dir/build.make:76: CMakeFiles/agent.dir/src/agent.cpp.o] Error 1
gmake[1]: *** [CMakeFiles/Makefile2:195: CMakeFiles/agent.dir/all] Error 2
gmake[1]: *** Waiting for unfinished jobs....
gmake: *** [Makefile:146: all] Error 2
