-- The C compiler identification is GNU 11.3.0
-- The CXX compiler identification is GNU 11.3.0
-- Detecting C compiler ABI info
-- Detecting C compiler ABI info - done
-- Check for working C compiler: /usr/bin/cc - skipped
-- Detecting C compile features
-- Detecting C compile features - done
-- Detecting CXX compiler ABI info
-- Detecting CXX compiler ABI info - done
-- Check for working CXX compiler: /usr/bin/c++ - skipped
-- Detecting CXX compile features
-- Detecting CXX compile features - done
-- Found ament_cmake: 1.3.3 (/home/gkasha/ros2_humble/install/ament_cmake/share/ament_cmake/cmake)
-- Found Python3: /usr/bin/python3.10 (found version "3.10.6") found components: Interpreter 
-- Found rclcpp: 16.0.3 (/home/gkasha/ros2_humble/install/rclcpp/share/rclcpp/cmake)
-- Found rosidl_generator_c: 3.1.4 (/home/gkasha/ros2_humble/install/rosidl_generator_c/share/rosidl_generator_c/cmake)
-- Found rosidl_adapter: 3.1.4 (/home/gkasha/ros2_humble/install/rosidl_adapter/share/rosidl_adapter/cmake)
-- Found rosidl_generator_cpp: 3.1.4 (/home/gkasha/ros2_humble/install/rosidl_generator_cpp/share/rosidl_generator_cpp/cmake)
-- Using all available rosidl_typesupport_c: rosidl_typesupport_introspection_c;rosidl_typesupport_fastrtps_c
-- Using all available rosidl_typesupport_cpp: rosidl_typesupport_introspection_cpp;rosidl_typesupport_fastrtps_cpp
-- Found rmw_implementation_cmake: 6.1.1 (/home/gkasha/ros2_humble/install/rmw_implementation_cmake/share/rmw_implementation_cmake/cmake)
-- Found rmw_fastrtps_cpp: 6.2.2 (/home/gkasha/ros2_humble/install/rmw_fastrtps_cpp/share/rmw_fastrtps_cpp/cmake)
-- Found OpenSSL: /usr/lib/x86_64-linux-gnu/libcrypto.so (found version "3.0.2")  
-- Found FastRTPS: /home/gkasha/ros2_humble/install/fastrtps/include  
-- Using RMW implementation 'rmw_fastrtps_cpp' as default
-- Looking for pthread.h
-- Looking for pthread.h - found
-- Performing Test CMAKE_HAVE_LIBC_PTHREAD
-- Performing Test CMAKE_HAVE_LIBC_PTHREAD - Success
-- Found Threads: TRUE  
-- Found ma_interfaces: 0.0.0 (/home/gkasha/Documents/maae/install/ma_interfaces/share/ma_interfaces/cmake)
-- Found ament_lint_auto: 0.12.5 (/home/gkasha/ros2_humble/install/ament_lint_auto/share/ament_lint_auto/cmake)
-- Added test 'cppcheck' to perform static code analysis on C / C++ code
-- Configured cppcheck include dirs: /home/gkasha/Documents/maae/src/auction/include
-- Configured cppcheck exclude dirs and/or files: 
-- Added test 'lint_cmake' to check CMake code style
-- Added test 'uncrustify' to check C / C++ code style
-- Configured uncrustify additional arguments: 
-- Added test 'xmllint' to check XML markup files
-- Configuring done
-- Generating done
-- Build files have been written to: /home/gkasha/Documents/maae/build/auction
[  9%] [32mBuilding CXX object CMakeFiles/agent.dir/src/agent.cpp.o[0m
[ 18%] [32mBuilding CXX object CMakeFiles/client.dir/src/client.cpp.o[0m
[ 27%] [32mBuilding CXX object CMakeFiles/execution_interface.dir/src/execution_interface.cpp.o[0m
[ 36%] [32mBuilding CXX object CMakeFiles/goal_manager.dir/src/goal_manager.cpp.o[0m
[ 45%] [32m[1mLinking CXX executable client[0m
[ 45%] Built target client
[ 54%] [32mBuilding CXX object CMakeFiles/clock.dir/src/clock.cpp.o[0m
[ 63%] [32m[1mLinking CXX executable clock[0m
[ 63%] Built target clock
[ 72%] [32mBuilding CXX object CMakeFiles/agent.dir/src/stn.cpp.o[0m
[ 81%] [32m[1mLinking CXX executable goal_manager[0m
[ 81%] Built target goal_manager
[ 90%] [32m[1mLinking CXX executable execution_interface[0m
[ 90%] Built target execution_interface
[100%] [32m[1mLinking CXX executable agent[0m
[100%] Built target agent
-- Install configuration: ""
-- Installing: /home/gkasha/Documents/maae/install/auction/include/auction/
-- Installing: /home/gkasha/Documents/maae/install/auction/include/auction//execution_interface.hpp
-- Installing: /home/gkasha/Documents/maae/install/auction/include/auction//stn.hpp
-- Installing: /home/gkasha/Documents/maae/install/auction/include/auction//agent.hpp
-- Installing: /home/gkasha/Documents/maae/install/auction/lib/auction/execution_interface
-- Set runtime path of "/home/gkasha/Documents/maae/install/auction/lib/auction/execution_interface" to ""
-- Installing: /home/gkasha/Documents/maae/install/auction/lib/auction/client
-- Set runtime path of "/home/gkasha/Documents/maae/install/auction/lib/auction/client" to ""
-- Installing: /home/gkasha/Documents/maae/install/auction/lib/auction/agent
-- Set runtime path of "/home/gkasha/Documents/maae/install/auction/lib/auction/agent" to ""
-- Installing: /home/gkasha/Documents/maae/install/auction/lib/auction/goal_manager
-- Set runtime path of "/home/gkasha/Documents/maae/install/auction/lib/auction/goal_manager" to ""
-- Installing: /home/gkasha/Documents/maae/install/auction/lib/auction/clock
-- Set runtime path of "/home/gkasha/Documents/maae/install/auction/lib/auction/clock" to ""
-- Installing: /home/gkasha/Documents/maae/install/auction/share/ament_index/resource_index/package_run_dependencies/auction
-- Installing: /home/gkasha/Documents/maae/install/auction/share/ament_index/resource_index/parent_prefix_path/auction
-- Installing: /home/gkasha/Documents/maae/install/auction/share/auction/environment/ament_prefix_path.sh
-- Installing: /home/gkasha/Documents/maae/install/auction/share/auction/environment/ament_prefix_path.dsv
-- Installing: /home/gkasha/Documents/maae/install/auction/share/auction/environment/path.sh
-- Installing: /home/gkasha/Documents/maae/install/auction/share/auction/environment/path.dsv
-- Installing: /home/gkasha/Documents/maae/install/auction/share/auction/local_setup.bash
-- Installing: /home/gkasha/Documents/maae/install/auction/share/auction/local_setup.sh
-- Installing: /home/gkasha/Documents/maae/install/auction/share/auction/local_setup.zsh
-- Installing: /home/gkasha/Documents/maae/install/auction/share/auction/local_setup.dsv
-- Installing: /home/gkasha/Documents/maae/install/auction/share/auction/package.dsv
-- Installing: /home/gkasha/Documents/maae/install/auction/share/ament_index/resource_index/packages/auction
-- Installing: /home/gkasha/Documents/maae/install/auction/share/auction/cmake/ament_cmake_export_include_directories-extras.cmake
-- Installing: /home/gkasha/Documents/maae/install/auction/share/auction/cmake/auctionConfig.cmake
-- Installing: /home/gkasha/Documents/maae/install/auction/share/auction/cmake/auctionConfig-version.cmake
-- Installing: /home/gkasha/Documents/maae/install/auction/share/auction/package.xml
