[0.074s] Invoking command in '/home/gkasha/Documents/maae/build/auction': AMENT_PREFIX_PATH=/home/gkasha/Documents/maae/install/ma_interfaces:${AMENT_PREFIX_PATH} CMAKE_PREFIX_PATH=/home/gkasha/Documents/maae/install/ma_interfaces:/home/gkasha/ros2_humble/install/rosbag2_storage_mcap:/home/gkasha/ros2_humble/install/rosbag2:/home/gkasha/ros2_humble/install/rosbag2_compression_zstd:/home/gkasha/ros2_humble/install/mcap_vendor:/home/gkasha/ros2_humble/install/zstd_vendor:/home/gkasha/ros2_humble/install/rviz_visual_testing_framework:/home/gkasha/ros2_humble/install/rviz2:/home/gkasha/ros2_humble/install/rviz_default_plugins:/home/gkasha/ros2_humble/install/rviz_common:/home/gkasha/ros2_humble/install/rosbag2_py:/home/gkasha/ros2_humble/install/rosbag2_transport:/home/gkasha/ros2_humble/install/rosbag2_performance_benchmarking:/home/gkasha/ros2_humble/install/rosbag2_compression:/home/gkasha/ros2_humble/install/rosbag2_cpp:/home/gkasha/ros2_humble/install/rosbag2_storage_default_plugins:/home/gkasha/ros2_humble/install/rosbag2_storage:/home/gkasha/ros2_humble/install/image_common:/home/gkasha/ros2_humble/install/camera_info_manager:/home/gkasha/ros2_humble/install/camera_calibration_parsers:/home/gkasha/ros2_humble/install/yaml_cpp_vendor:/home/gkasha/ros2_humble/install/interactive_markers:/home/gkasha/ros2_humble/install/common_interfaces:/home/gkasha/ros2_humble/install/visualization_msgs:/home/gkasha/ros2_humble/install/dummy_robot_bringup:/home/gkasha/ros2_humble/install/robot_state_publisher:/home/gkasha/ros2_humble/install/kdl_parser:/home/gkasha/ros2_humble/install/urdf:/home/gkasha/ros2_humble/install/urdfdom:/home/gkasha/ros2_humble/install/urdf_parser_plugin:/home/gkasha/ros2_humble/install/urdfdom_headers:/home/gkasha/ros2_humble/install/turtlesim:/home/gkasha/ros2_humble/install/geometry2:/home/gkasha/ros2_humble/install/tf2_sensor_msgs:/home/gkasha/ros2_humble/install/test_tf2:/home/gkasha/ros2_humble/install/tf2_kdl:/home/gkasha/ros2_humble/install/tf2_geometry_msgs:/home/gkasha/ros2_humble/install/tf2_eigen:/home/gkasha/ros2_humble/install/tf2_bullet:/home/gkasha/ros2_humble/install/tf2_ros:/home/gkasha/ros2_humble/install/tf2_py:/home/gkasha/ros2_humble/install/tf2_msgs:/home/gkasha/ros2_humble/install/test_msgs:/home/gkasha/ros2_humble/install/sros2_cmake:/home/gkasha/ros2_humble/install/ros2cli_common_extensions:/home/gkasha/ros2_humble/install/rqt_py_common:/home/gkasha/ros2_humble/install/ros_testing:/home/gkasha/ros2_humble/install/ros2cli_test_interfaces:/home/gkasha/ros2_humble/install/quality_of_service_demo_cpp:/home/gkasha/ros2_humble/install/image_transport:/home/gkasha/ros2_humble/install/message_filters:/home/gkasha/ros2_humble/install/demo_nodes_cpp:/home/gkasha/ros2_humble/install/composition:/home/gkasha/ros2_humble/install/laser_geometry:/home/gkasha/ros2_humble/install/rclpy:/home/gkasha/ros2_humble/install/examples_rclcpp_minimal_action_server:/home/gkasha/ros2_humble/install/examples_rclcpp_minimal_action_client:/home/gkasha/ros2_humble/install/action_tutorials_cpp:/home/gkasha/ros2_humble/install/rclcpp_action:/home/gkasha/ros2_humble/install/rcl_action:/home/gkasha/ros2_humble/install/examples_rclcpp_wait_set:/home/gkasha/ros2_humble/install/examples_rclcpp_minimal_service:/home/gkasha/ros2_humble/install/examples_rclcpp_minimal_client:/home/gkasha/ros2_humble/install/examples_rclcpp_async_client:/home/gkasha/ros2_humble/install/example_interfaces:/home/gkasha/ros2_humble/install/action_tutorials_interfaces:/home/gkasha/ros2_humble/install/action_msgs:/home/gkasha/ros2_humble/install/unique_identifier_msgs:/home/gkasha/ros2_humble/install/ament_lint_common:/home/gkasha/ros2_humble/install/ament_cmake_uncrustify:/home/gkasha/ros2_humble/install/uncrustify_vendor:/home/gkasha/ros2_humble/install/trajectory_msgs:/home/gkasha/ros2_humble/install/topic_statistics_demo:/home/gkasha/ros2_humble/install/pendulum_control:/home/gkasha/ros2_humble/install/tlsf_cpp:/home/gkasha/ros2_humble/install/test_tracetools:/home/gkasha/ros2_humble/install/rqt_gui_cpp:/home/gkasha/ros2_humble/install/rosbag2_test_common:/home/gkasha/ros2_humble/install/ros2lifecycle_test_fixtures:/home/gkasha/ros2_humble/install/lifecycle:/home/gkasha/ros2_humble/install/rclcpp_lifecycle:/home/gkasha/ros2_humble/install/logging_demo:/home/gkasha/ros2_humble/install/image_tools:/home/gkasha/ros2_humble/install/examples_rclcpp_minimal_subscriber:/home/gkasha/ros2_humble/install/examples_rclcpp_minimal_composition:/home/gkasha/ros2_humble/install/demo_nodes_cpp_native:/home/gkasha/ros2_humble/install/rclcpp_components:/home/gkasha/ros2_humble/install/intra_process_demo:/home/gkasha/ros2_humble/install/examples_rclcpp_multithreaded_executor:/home/gkasha/ros2_humble/install/examples_rclcpp_minimal_timer:/home/gkasha/ros2_humble/install/examples_rclcpp_minimal_publisher:/home/gkasha/ros2_humble/install/examples_rclcpp_cbg_executor:/home/gkasha/ros2_humble/install/dummy_sensors:/home/gkasha/ros2_humble/install/dummy_map_server:/home/gkasha/ros2_humble/install/rclcpp:/home/gkasha/ros2_humble/install/rcl_lifecycle:/home/gkasha/ros2_humble/install/libstatistics_collector:/home/gkasha/ros2_humble/install/rcl:/home/gkasha/ros2_humble/install/rmw_implementation:/home/gkasha/ros2_humble/install/rmw_fastrtps_dynamic_cpp:/home/gkasha/ros2_humble/install/rmw_fastrtps_cpp:/home/gkasha/ros2_humble/install/rmw_fastrtps_shared_cpp:/home/gkasha/ros2_humble/install/rmw_cyclonedds_cpp:/home/gkasha/ros2_humble/install/tracetools:/home/gkasha/ros2_humble/install/tlsf:/home/gkasha/ros2_humble/install/tinyxml_vendor:/home/gkasha/ros2_humble/install/qt_gui_core:/home/gkasha/ros2_humble/install/qt_gui_cpp:/home/gkasha/ros2_humble/install/pluginlib:/home/gkasha/ros2_humble/install/tinyxml2_vendor:/home/gkasha/ros2_humble/install/tf2_eigen_kdl:/home/gkasha/ros2_humble/install/tf2:/home/gkasha/ros2_humble/install/test_security:/home/gkasha/ros2_humble/install/test_rmw_implementation:/home/gkasha/ros2_humble/install/test_rclcpp:/home/gkasha/ros2_humble/install/test_quality_of_service:/home/gkasha/ros2_humble/install/test_launch_testing:/home/gkasha/ros2_humble/install/test_interface_files:/home/gkasha/ros2_humble/install/test_communication:/home/gkasha/ros2_humble/install/test_cli_remapping:/home/gkasha/ros2_humble/install/test_cli:/home/gkasha/ros2_humble/install/qt_gui_app:/home/gkasha/ros2_humble/install/qt_gui:/home/gkasha/ros2_humble/install/tango_icons_vendor:/home/gkasha/ros2_humble/install/stereo_msgs:/home/gkasha/ros2_humble/install/std_srvs:/home/gkasha/ros2_humble/install/shape_msgs:/home/gkasha/ros2_humble/install/map_msgs:/home/gkasha/ros2_humble/install/sensor_msgs:/home/gkasha/ros2_humble/install/nav_msgs:/home/gkasha/ros2_humble/install/diagnostic_msgs:/home/gkasha/ros2_humble/install/geometry_msgs:/home/gkasha/ros2_humble/install/actionlib_msgs:/home/gkasha/ros2_humble/install/std_msgs:/home/gkasha/ros2_humble/install/statistics_msgs:/home/gkasha/ros2_humble/install/sqlite3_vendor:/home/gkasha/ros2_humble/install/rcl_logging_spdlog:/home/gkasha/ros2_humble/install/spdlog_vendor:/home/gkasha/ros2_humble/install/shared_queues_vendor:/home/gkasha/ros2_humble/install/rviz_rendering_tests:/home/gkasha/ros2_humble/install/rviz_rendering:/home/gkasha/ros2_humble/install/rviz_ogre_vendor:/home/gkasha/ros2_humble/install/rviz_assimp_vendor:/home/gkasha/ros2_humble/install/rttest:/home/gkasha/ros2_humble/install/rmw_connextddsmicro:/home/gkasha/ros2_humble/install/rmw_connextdds:/home/gkasha/ros2_humble/install/rmw_connextdds_common:/home/gkasha/ros2_humble/install/rti_connext_dds_cmake_module:/home/gkasha/ros2_humble/install/rosgraph_msgs:/home/gkasha/ros2_humble/install/rosbag2_interfaces:/home/gkasha/ros2_humble/install/rmw_dds_common:/home/gkasha/ros2_humble/install/composition_interfaces:/home/gkasha/ros2_humble/install/rcl_interfaces:/home/gkasha/ros2_humble/install/pendulum_msgs:/home/gkasha/ros2_humble/install/lifecycle_msgs:/home/gkasha/ros2_humble/install/builtin_interfaces:/home/gkasha/ros2_humble/install/rosidl_default_runtime:/home/gkasha/ros2_humble/install/rosidl_default_generators:/home/gkasha/ros2_humble/install/rosidl_generator_py:/home/gkasha/ros2_humble/install/rosidl_typesupport_introspection_tests:/home/gkasha/ros2_humble/install/rosidl_typesupport_cpp:/home/gkasha/ros2_humble/install/rosidl_typesupport_introspection_cpp:/home/gkasha/ros2_humble/install/rosidl_typesupport_c:/home/gkasha/ros2_humble/install/rosidl_typesupport_introspection_c:/home/gkasha/ros2_humble/install/rosidl_typesupport_fastrtps_c:/home/gkasha/ros2_humble/install/rosidl_typesupport_fastrtps_cpp:/home/gkasha/ros2_humble/install/rosidl_generator_cpp:/home/gkasha/ros2_humble/install/rosidl_runtime_cpp:/home/gkasha/ros2_humble/install/rcl_yaml_param_parser:/home/gkasha/ros2_humble/install/rmw:/home/gkasha/ros2_humble/install/rosidl_runtime_c:/home/gkasha/ros2_humble/install/rosidl_generator_c:/home/gkasha/ros2_humble/install/rosidl_typesupport_interface:/home/gkasha/ros2_humble/install/rosidl_generator_dds_idl:/home/gkasha/ros2_humble/install/rosidl_cmake:/home/gkasha/ros2_humble/install/rosidl_parser:/home/gkasha/ros2_humble/install/rosidl_adapter:/home/gkasha/ros2_humble/install/rosbag2_tests:/home/gkasha/ros2_humble/install/rosbag2_storage_mcap_testdata:/home/gkasha/ros2_humble/install/ros_environment:/home/gkasha/ros2_humble/install/rmw_implementation_cmake:/home/gkasha/ros2_humble/install/resource_retriever:/home/gkasha/ros2_humble/install/class_loader:/home/gkasha/ros2_humble/install/rcpputils:/home/gkasha/ros2_humble/install/rcl_logging_noop:/home/gkasha/ros2_humble/install/rcl_logging_interface:/home/gkasha/ros2_humble/install/rcutils:/home/gkasha/ros2_humble/install/qt_gui_py_common:/home/gkasha/ros2_humble/install/qt_dotgraph:/home/gkasha/ros2_humble/install/python_qt_binding:/home/gkasha/ros2_humble/install/python_orocos_kdl_vendor:/home/gkasha/ros2_humble/install/launch_testing_ament_cmake:/home/gkasha/ros2_humble/install/python_cmake_module:/home/gkasha/ros2_humble/install/pybind11_vendor:/home/gkasha/ros2_humble/install/performance_test_fixture:/home/gkasha/ros2_humble/install/osrf_testing_tools_cpp:/home/gkasha/ros2_humble/install/orocos_kdl_vendor:/home/gkasha/ros2_humble/install/mimick_vendor:/home/gkasha/ros2_humble/install/libyaml_vendor:/home/gkasha/ros2_humble/install/libcurl_vendor:/home/gkasha/ros2_humble/install/keyboard_handler:/home/gkasha/ros2_humble/install/cyclonedds:/home/gkasha/ros2_humble/install/iceoryx_posh:/home/gkasha/ros2_humble/install/iceoryx_hoofs:/home/gkasha/ros2_humble/install/iceoryx_binding_c:/home/gkasha/ros2_humble/install/ament_cmake_ros:/home/gkasha/ros2_humble/install/ament_cmake_gmock:/home/gkasha/ros2_humble/install/gmock_vendor:/home/gkasha/ros2_humble/install/ament_cmake_auto:/home/gkasha/ros2_humble/install/ament_cmake_gtest:/home/gkasha/ros2_humble/install/gtest_vendor:/home/gkasha/ros2_humble/install/ament_cmake_google_benchmark:/home/gkasha/ros2_humble/install/google_benchmark_vendor:/home/gkasha/ros2_humble/install/fastrtps:/home/gkasha/ros2_humble/install/foonathan_memory_vendor:/home/gkasha/ros2_humble/install/fastrtps_cmake_module:/home/gkasha/ros2_humble/install/fastcdr:/home/gkasha/ros2_humble/install/eigen3_cmake_module:/home/gkasha/ros2_humble/install/console_bridge_vendor:/home/gkasha/ros2_humble/install/ament_cmake_xmllint:/home/gkasha/ros2_humble/install/ament_cmake_pyflakes:/home/gkasha/ros2_humble/install/ament_cmake_pycodestyle:/home/gkasha/ros2_humble/install/ament_cmake_pep257:/home/gkasha/ros2_humble/install/ament_cmake_pclint:/home/gkasha/ros2_humble/install/ament_lint_auto:/home/gkasha/ros2_humble/install/ament_cmake:/home/gkasha/ros2_humble/install/ament_cmake_version:/home/gkasha/ros2_humble/install/ament_cmake_pytest:/home/gkasha/ros2_humble/install/ament_cmake_nose:/home/gkasha/ros2_humble/install/ament_cmake_mypy:/home/gkasha/ros2_humble/install/ament_cmake_lint_cmake:/home/gkasha/ros2_humble/install/ament_cmake_flake8:/home/gkasha/ros2_humble/install/ament_cmake_cpplint:/home/gkasha/ros2_humble/install/ament_cmake_cppcheck:/home/gkasha/ros2_humble/install/ament_cmake_copyright:/home/gkasha/ros2_humble/install/ament_cmake_clang_tidy:/home/gkasha/ros2_humble/install/ament_cmake_clang_format:/home/gkasha/ros2_humble/install/ament_cmake_test:/home/gkasha/ros2_humble/install/ament_cmake_target_dependencies:/home/gkasha/ros2_humble/install/ament_cmake_python:/home/gkasha/ros2_humble/install/ament_cmake_export_dependencies:/home/gkasha/ros2_humble/install/ament_cmake_libraries:/home/gkasha/ros2_humble/install/ament_cmake_include_directories:/home/gkasha/ros2_humble/install/ament_cmake_gen_version_h:/home/gkasha/ros2_humble/install/ament_cmake_export_targets:/home/gkasha/ros2_humble/install/ament_cmake_export_link_flags:/home/gkasha/ros2_humble/install/ament_cmake_export_interfaces:/home/gkasha/ros2_humble/install/ament_cmake_export_libraries:/home/gkasha/ros2_humble/install/ament_cmake_export_include_directories:/home/gkasha/ros2_humble/install/ament_cmake_export_definitions:/home/gkasha/ros2_humble/install/ament_cmake_core:/home/gkasha/ros2_humble/install/ament_index_cpp:/home/gkasha/ros2_humble/install/rqt_bag_plugins:/home/gkasha/ros2_humble/install/rqt_bag:/home/gkasha/ros2_humble/install/ros2bag:/home/gkasha/ros2_humble/install/tracetools_test:/home/gkasha/ros2_humble/install/tracetools_launch:/home/gkasha/ros2_humble/install/topic_monitor:/home/gkasha/ros2_humble/install/tf2_tools:/home/gkasha/ros2_humble/install/examples_tf2_py:/home/gkasha/ros2_humble/install/tf2_ros_py:/home/gkasha/ros2_humble/install/sros2:/home/gkasha/ros2_humble/install/rqt_topic:/home/gkasha/ros2_humble/install/rqt_srv:/home/gkasha/ros2_humble/install/rqt_shell:/home/gkasha/ros2_humble/install/rqt_service_caller:/home/gkasha/ros2_humble/install/rqt_reconfigure:/home/gkasha/ros2_humble/install/rqt_py_console:/home/gkasha/ros2_humble/install/rqt_publisher:/home/gkasha/ros2_humble/install/rqt_plot:/home/gkasha/ros2_humble/install/rqt_action:/home/gkasha/ros2_humble/install/rqt_msg:/home/gkasha/ros2_humble/install/rqt_console:/home/gkasha/ros2_humble/install/rqt:/home/gkasha/ros2_humble/install/rqt_graph:/home/gkasha/ros2_humble/install/rqt_gui_py:/home/gkasha/ros2_humble/install/rqt_gui:/home/gkasha/ros2_humble/install/ros2trace:/home/gkasha/ros2_humble/install/ros2topic:/home/gkasha/ros2_humble/install/ros2test:/home/gkasha/ros2_humble/install/ros2component:/home/gkasha/ros2_humble/install/ros2param:/home/gkasha/ros2_humble/install/ros2lifecycle:/home/gkasha/ros2_humble/install/ros2service:/home/gkasha/ros2_humble/install/ros2run:/home/gkasha/ros2_humble/install/ros2launch:/home/gkasha/ros2_humble/install/ros2pkg:/home/gkasha/ros2_humble/install/ros2node:/home/gkasha/ros2_humble/install/ros2multicast:/home/gkasha/ros2_humble/install/ros2interface:/home/gkasha/ros2_humble/install/ros2doctor:/home/gkasha/ros2_humble/install/ros2action:/home/gkasha/ros2_humble/install/ros2cli:/home/gkasha/ros2_humble/install/quality_of_service_demo_py:/home/gkasha/ros2_humble/install/lifecycle_py:/home/gkasha/ros2_humble/install/launch_testing_ros:/home/gkasha/ros2_humble/install/launch_ros:/home/gkasha/ros2_humble/install/examples_rclpy_pointcloud_publisher:/home/gkasha/ros2_humble/install/examples_rclpy_minimal_subscriber:/home/gkasha/ros2_humble/install/examples_rclpy_minimal_service:/home/gkasha/ros2_humble/install/examples_rclpy_minimal_publisher:/home/gkasha/ros2_humble/install/examples_rclpy_minimal_client:/home/gkasha/ros2_humble/install/examples_rclpy_minimal_action_server:/home/gkasha/ros2_humble/install/examples_rclpy_minimal_action_client:/home/gkasha/ros2_humble/install/examples_rclpy_guard_conditions:/home/gkasha/ros2_humble/install/examples_rclpy_executors:/home/gkasha/ros2_humble/install/demo_nodes_py:/home/gkasha/ros2_humble/install/action_tutorials_py:/home/gkasha/ros2_humble/install/ament_uncrustify:/home/gkasha/ros2_humble/install/tracetools_trace:/home/gkasha/ros2_humble/install/tracetools_read:/home/gkasha/ros2_humble/install/test_tracetools_launch:/home/gkasha/ros2_humble/install/test_launch_ros:/home/gkasha/ros2_humble/install/sensor_msgs_py:/home/gkasha/ros2_humble/install/rpyutils:/home/gkasha/ros2_humble/install/rosidl_runtime_py:/home/gkasha/ros2_humble/install/rosidl_cli:/home/gkasha/ros2_humble/install/launch_pytest:/home/gkasha/ros2_humble/install/launch_testing:/home/gkasha/ros2_humble/install/launch_yaml:/home/gkasha/ros2_humble/install/launch_xml:/home/gkasha/ros2_humble/install/launch:/home/gkasha/ros2_humble/install/osrf_pycommon:/home/gkasha/ros2_humble/install/launch_testing_examples:/home/gkasha/ros2_humble/install/domain_coordinator:/home/gkasha/ros2_humble/install/ament_xmllint:/home/gkasha/ros2_humble/install/ament_pyflakes:/home/gkasha/ros2_humble/install/ament_pycodestyle:/home/gkasha/ros2_humble/install/ament_pep257:/home/gkasha/ros2_humble/install/ament_pclint:/home/gkasha/ros2_humble/install/ament_package:/home/gkasha/ros2_humble/install/ament_mypy:/home/gkasha/ros2_humble/install/ament_lint_cmake:/home/gkasha/ros2_humble/install/ament_flake8:/home/gkasha/ros2_humble/install/ament_copyright:/home/gkasha/ros2_humble/install/ament_lint:/home/gkasha/ros2_humble/install/ament_index_python:/home/gkasha/ros2_humble/install/ament_cpplint:/home/gkasha/ros2_humble/install/ament_cppcheck:/home/gkasha/ros2_humble/install/ament_clang_tidy:/home/gkasha/ros2_humble/install/ament_clang_format LD_LIBRARY_PATH=/home/gkasha/Documents/maae/install/ma_interfaces/lib:${LD_LIBRARY_PATH} PYTHONPATH=/home/gkasha/Documents/maae/install/ma_interfaces/local/lib/python3.10/dist-packages:${PYTHONPATH} /usr/bin/cmake --build /home/gkasha/Documents/maae/build/auction -- -j4 -l4
[0.299s] [35m[1mConsolidate compiler generated dependencies of target agent[0m
[0.363s] [ 22%] Built target goal_manager
[0.377s] [ 44%] Built target client
[0.385s] [ 55%] [32mBuilding CXX object CMakeFiles/agent.dir/src/agent.cpp.o[0m
[0.412s] [ 77%] Built target execution_interface
[4.710s] [01m[K/home/gkasha/Documents/maae/src/auction/src/agent.cpp:[m[K In lambda function:
[4.710s] [01m[K/home/gkasha/Documents/maae/src/auction/src/agent.cpp:94:67:[m[K [01;31m[Kerror: [m[Kreturning initializer list
[4.712s]    94 |         overlaps = map([](ma_interfaces::msg::Bid bid){return {bid[01;31m[K}[m[K;},bids);
[4.712s]       |                                                                   [01;31m[K^[m[K
[4.712s] [01m[K/home/gkasha/Documents/maae/src/auction/src/agent.cpp:[m[K In member function ‘[01m[Kstd::vector<ma_interfaces::msg::Bid_<std::allocator<void> > > Agent::choose_winners(ma_interfaces::msg::Task)[m[K’:
[4.712s] [01m[K/home/gkasha/Documents/maae/src/auction/src/agent.cpp:94:75:[m[K [01;31m[Kerror: [m[Kclass template argument deduction failed:
[4.712s]    94 |         overlaps = map([](ma_interfaces::msg::Bid bid){return {bid};},bids[01;31m[K)[m[K;
[4.712s]       |                                                                           [01;31m[K^[m[K
[4.712s] [01m[K/home/gkasha/Documents/maae/src/auction/src/agent.cpp:94:75:[m[K [01;31m[Kerror: [m[Kno matching function for call to ‘[01m[Kmap(Agent::choose_winners(ma_interfaces::msg::Task)::<lambda(ma_interfaces::msg::Bid)>, std::vector<ma_interfaces::msg::Bid_<std::allocator<void> > >&)[m[K’
[4.712s] In file included from [01m[K/usr/include/c++/11/map:61[m[K,
[4.712s]                  from [01m[K/home/gkasha/ros2_humble/install/rclcpp/include/rclcpp/rclcpp/executor.hpp:24[m[K,
[4.712s]                  from [01m[K/home/gkasha/ros2_humble/install/rclcpp/include/rclcpp/rclcpp/executors/multi_threaded_executor.hpp:25[m[K,
[4.712s]                  from [01m[K/home/gkasha/ros2_humble/install/rclcpp/include/rclcpp/rclcpp/executors.hpp:21[m[K,
[4.713s]                  from [01m[K/home/gkasha/ros2_humble/install/rclcpp/include/rclcpp/rclcpp/rclcpp.hpp:155[m[K,
[4.713s]                  from [01m[K/home/gkasha/Documents/maae/src/auction/include/auction/agent.hpp:5[m[K,
[4.713s]                  from [01m[K/home/gkasha/Documents/maae/src/auction/src/agent.cpp:1[m[K:
[4.713s] [01m[K/usr/include/c++/11/bits/stl_map.h:290:9:[m[K [01;36m[Knote: [m[Kcandidate: ‘[01m[Ktemplate<class _Key, class _Tp, class _Compare, class _Alloc, class _InputIterator> map(_InputIterator, _InputIterator, const _Compare&, const _Alloc&)-> std::map<_Key, _Tp, _Compare, _Alloc>[m[K’
[4.713s]   290 |         [01;36m[Kmap[m[K(_InputIterator __first, _InputIterator __last,
[4.713s]       |         [01;36m[K^~~[m[K
[4.713s] [01m[K/usr/include/c++/11/bits/stl_map.h:290:9:[m[K [01;36m[Knote: [m[K  template argument deduction/substitution failed:
[4.713s] [01m[K/home/gkasha/Documents/maae/src/auction/src/agent.cpp:94:75:[m[K [01;36m[Knote: [m[K  deduced conflicting types for parameter ‘[01m[K_InputIterator[m[K’ (‘[01m[KAgent::choose_winners(ma_interfaces::msg::Task)::<lambda(ma_interfaces::msg::Bid)>[m[K’ and ‘[01m[Kstd::vector<ma_interfaces::msg::Bid_<std::allocator<void> > >[m[K’)
[4.713s]    94 |         overlaps = map([](ma_interfaces::msg::Bid bid){return {bid};},bids[01;36m[K)[m[K;
[4.713s]       |                                                                           [01;36m[K^[m[K
[4.713s] In file included from [01m[K/usr/include/c++/11/map:61[m[K,
[4.713s]                  from [01m[K/home/gkasha/ros2_humble/install/rclcpp/include/rclcpp/rclcpp/executor.hpp:24[m[K,
[4.713s]                  from [01m[K/home/gkasha/ros2_humble/install/rclcpp/include/rclcpp/rclcpp/executors/multi_threaded_executor.hpp:25[m[K,
[4.713s]                  from [01m[K/home/gkasha/ros2_humble/install/rclcpp/include/rclcpp/rclcpp/executors.hpp:21[m[K,
[4.713s]                  from [01m[K/home/gkasha/ros2_humble/install/rclcpp/include/rclcpp/rclcpp/rclcpp.hpp:155[m[K,
[4.714s]                  from [01m[K/home/gkasha/Documents/maae/src/auction/include/auction/agent.hpp:5[m[K,
[4.714s]                  from [01m[K/home/gkasha/Documents/maae/src/auction/src/agent.cpp:1[m[K:
[4.714s] [01m[K/usr/include/c++/11/bits/stl_map.h:273:9:[m[K [01;36m[Knote: [m[Kcandidate: ‘[01m[Ktemplate<class _Key, class _Tp, class _Compare, class _Alloc, class _InputIterator> map(_InputIterator, _InputIterator)-> std::map<_Key, _Tp, _Compare, _Alloc>[m[K’
[4.714s]   273 |         [01;36m[Kmap[m[K(_InputIterator __first, _InputIterator __last)
[4.714s]       |         [01;36m[K^~~[m[K
[4.714s] [01m[K/usr/include/c++/11/bits/stl_map.h:273:9:[m[K [01;36m[Knote: [m[K  template argument deduction/substitution failed:
[4.714s] [01m[K/home/gkasha/Documents/maae/src/auction/src/agent.cpp:94:75:[m[K [01;36m[Knote: [m[K  deduced conflicting types for parameter ‘[01m[K_InputIterator[m[K’ (‘[01m[KAgent::choose_winners(ma_interfaces::msg::Task)::<lambda(ma_interfaces::msg::Bid)>[m[K’ and ‘[01m[Kstd::vector<ma_interfaces::msg::Bid_<std::allocator<void> > >[m[K’)
[4.714s]    94 |         overlaps = map([](ma_interfaces::msg::Bid bid){return {bid};},bids[01;36m[K)[m[K;
[4.714s]       |                                                                           [01;36m[K^[m[K
[4.714s] In file included from [01m[K/usr/include/c++/11/map:61[m[K,
[4.714s]                  from [01m[K/home/gkasha/ros2_humble/install/rclcpp/include/rclcpp/rclcpp/executor.hpp:24[m[K,
[4.714s]                  from [01m[K/home/gkasha/ros2_humble/install/rclcpp/include/rclcpp/rclcpp/executors/multi_threaded_executor.hpp:25[m[K,
[4.715s]                  from [01m[K/home/gkasha/ros2_humble/install/rclcpp/include/rclcpp/rclcpp/executors.hpp:21[m[K,
[4.715s]                  from [01m[K/home/gkasha/ros2_humble/install/rclcpp/include/rclcpp/rclcpp/rclcpp.hpp:155[m[K,
[4.715s]                  from [01m[K/home/gkasha/Documents/maae/src/auction/include/auction/agent.hpp:5[m[K,
[4.715s]                  from [01m[K/home/gkasha/Documents/maae/src/auction/src/agent.cpp:1[m[K:
[4.715s] [01m[K/usr/include/c++/11/bits/stl_map.h:256:9:[m[K [01;36m[Knote: [m[Kcandidate: ‘[01m[Ktemplate<class _Key, class _Tp, class _Compare, class _Alloc, class _InputIterator> map(_InputIterator, _InputIterator, const _Alloc&)-> std::map<_Key, _Tp, _Compare, _Alloc>[m[K’
[4.715s]   256 |         [01;36m[Kmap[m[K(_InputIterator __first, _InputIterator __last,
[4.715s]       |         [01;36m[K^~~[m[K
[4.716s] [01m[K/usr/include/c++/11/bits/stl_map.h:256:9:[m[K [01;36m[Knote: [m[K  template argument deduction/substitution failed:
[4.716s] [01m[K/home/gkasha/Documents/maae/src/auction/src/agent.cpp:94:75:[m[K [01;36m[Knote: [m[K  deduced conflicting types for parameter ‘[01m[K_InputIterator[m[K’ (‘[01m[KAgent::choose_winners(ma_interfaces::msg::Task)::<lambda(ma_interfaces::msg::Bid)>[m[K’ and ‘[01m[Kstd::vector<ma_interfaces::msg::Bid_<std::allocator<void> > >[m[K’)
[4.716s]    94 |         overlaps = map([](ma_interfaces::msg::Bid bid){return {bid};},bids[01;36m[K)[m[K;
[4.716s]       |                                                                           [01;36m[K^[m[K
[4.716s] In file included from [01m[K/usr/include/c++/11/map:61[m[K,
[4.716s]                  from [01m[K/home/gkasha/ros2_humble/install/rclcpp/include/rclcpp/rclcpp/executor.hpp:24[m[K,
[4.716s]                  from [01m[K/home/gkasha/ros2_humble/install/rclcpp/include/rclcpp/rclcpp/executors/multi_threaded_executor.hpp:25[m[K,
[4.716s]                  from [01m[K/home/gkasha/ros2_humble/install/rclcpp/include/rclcpp/rclcpp/executors.hpp:21[m[K,
[4.716s]                  from [01m[K/home/gkasha/ros2_humble/install/rclcpp/include/rclcpp/rclcpp/rclcpp.hpp:155[m[K,
[4.716s]                  from [01m[K/home/gkasha/Documents/maae/src/auction/include/auction/agent.hpp:5[m[K,
[4.716s]                  from [01m[K/home/gkasha/Documents/maae/src/auction/src/agent.cpp:1[m[K:
[4.716s] [01m[K/usr/include/c++/11/bits/stl_map.h:250:7:[m[K [01;36m[Knote: [m[Kcandidate: ‘[01m[Ktemplate<class _Key, class _Tp, class _Compare, class _Alloc> map(std::initializer_list<std::pair<const _Key, _Tp> >, const _Alloc&)-> std::map<_Key, _Tp, _Compare, _Alloc>[m[K’
[4.716s]   250 |       [01;36m[Kmap[m[K(initializer_list<value_type> __l, const allocator_type& __a)
[4.717s]       |       [01;36m[K^~~[m[K
[4.717s] [01m[K/usr/include/c++/11/bits/stl_map.h:250:7:[m[K [01;36m[Knote: [m[K  template argument deduction/substitution failed:
[4.717s] [01m[K/home/gkasha/Documents/maae/src/auction/src/agent.cpp:94:75:[m[K [01;36m[Knote: [m[K  ‘[01m[KAgent::choose_winners(ma_interfaces::msg::Task)::<lambda(ma_interfaces::msg::Bid)>[m[K’ is not derived from ‘[01m[Kstd::initializer_list<std::pair<const _Key, _Tp> >[m[K’
[4.717s]    94 |         overlaps = map([](ma_interfaces::msg::Bid bid){return {bid};},bids[01;36m[K)[m[K;
[4.717s]       |                                                                           [01;36m[K^[m[K
[4.717s] In file included from [01m[K/usr/include/c++/11/map:61[m[K,
[4.717s]                  from [01m[K/home/gkasha/ros2_humble/install/rclcpp/include/rclcpp/rclcpp/executor.hpp:24[m[K,
[4.717s]                  from [01m[K/home/gkasha/ros2_humble/install/rclcpp/include/rclcpp/rclcpp/executors/multi_threaded_executor.hpp:25[m[K,
[4.717s]                  from [01m[K/home/gkasha/ros2_humble/install/rclcpp/include/rclcpp/rclcpp/executors.hpp:21[m[K,
[4.717s]                  from [01m[K/home/gkasha/ros2_humble/install/rclcpp/include/rclcpp/rclcpp/rclcpp.hpp:155[m[K,
[4.717s]                  from [01m[K/home/gkasha/Documents/maae/src/auction/include/auction/agent.hpp:5[m[K,
[4.717s]                  from [01m[K/home/gkasha/Documents/maae/src/auction/src/agent.cpp:1[m[K:
[4.719s] [01m[K/usr/include/c++/11/bits/stl_map.h:244:7:[m[K [01;36m[Knote: [m[Kcandidate: ‘[01m[Ktemplate<class _Key, class _Tp, class _Compare, class _Alloc> map(std::map<_Key, _Tp, _Compare, _Allocator>&&, const _Alloc&)-> std::map<_Key, _Tp, _Compare, _Alloc>[m[K’
[4.719s]   244 |       [01;36m[Kmap[m[K(map&& __m, const allocator_type& __a)
[4.719s]       |       [01;36m[K^~~[m[K
[4.719s] [01m[K/usr/include/c++/11/bits/stl_map.h:244:7:[m[K [01;36m[Knote: [m[K  template argument deduction/substitution failed:
[4.719s] [01m[K/home/gkasha/Documents/maae/src/auction/src/agent.cpp:94:75:[m[K [01;36m[Knote: [m[K  ‘[01m[KAgent::choose_winners(ma_interfaces::msg::Task)::<lambda(ma_interfaces::msg::Bid)>[m[K’ is not derived from ‘[01m[Kstd::map<_Key, _Tp, _Compare, _Allocator>[m[K’
[4.719s]    94 |         overlaps = map([](ma_interfaces::msg::Bid bid){return {bid};},bids[01;36m[K)[m[K;
[4.719s]       |                                                                           [01;36m[K^[m[K
[4.719s] In file included from [01m[K/usr/include/c++/11/map:61[m[K,
[4.719s]                  from [01m[K/home/gkasha/ros2_humble/install/rclcpp/include/rclcpp/rclcpp/executor.hpp:24[m[K,
[4.719s]                  from [01m[K/home/gkasha/ros2_humble/install/rclcpp/include/rclcpp/rclcpp/executors/multi_threaded_executor.hpp:25[m[K,
[4.719s]                  from [01m[K/home/gkasha/ros2_humble/install/rclcpp/include/rclcpp/rclcpp/executors.hpp:21[m[K,
[4.720s]                  from [01m[K/home/gkasha/ros2_humble/install/rclcpp/include/rclcpp/rclcpp/rclcpp.hpp:155[m[K,
[4.720s]                  from [01m[K/home/gkasha/Documents/maae/src/auction/include/auction/agent.hpp:5[m[K,
[4.720s]                  from [01m[K/home/gkasha/Documents/maae/src/auction/src/agent.cpp:1[m[K:
[4.720s] [01m[K/usr/include/c++/11/bits/stl_map.h:240:7:[m[K [01;36m[Knote: [m[Kcandidate: ‘[01m[Ktemplate<class _Key, class _Tp, class _Compare, class _Alloc> map(const std::map<_Key, _Tp, _Compare, _Allocator>&, const _Alloc&)-> std::map<_Key, _Tp, _Compare, _Alloc>[m[K’
[4.720s]   240 |       [01;36m[Kmap[m[K(const map& __m, const allocator_type& __a)
[4.720s]       |       [01;36m[K^~~[m[K
[4.720s] [01m[K/usr/include/c++/11/bits/stl_map.h:240:7:[m[K [01;36m[Knote: [m[K  template argument deduction/substitution failed:
[4.720s] [01m[K/home/gkasha/Documents/maae/src/auction/src/agent.cpp:94:75:[m[K [01;36m[Knote: [m[K  ‘[01m[KAgent::choose_winners(ma_interfaces::msg::Task)::<lambda(ma_interfaces::msg::Bid)>[m[K’ is not derived from ‘[01m[Kconst std::map<_Key, _Tp, _Compare, _Allocator>[m[K’
[4.720s]    94 |         overlaps = map([](ma_interfaces::msg::Bid bid){return {bid};},bids[01;36m[K)[m[K;
[4.720s]       |                                                                           [01;36m[K^[m[K
[4.720s] In file included from [01m[K/usr/include/c++/11/map:61[m[K,
[4.720s]                  from [01m[K/home/gkasha/ros2_humble/install/rclcpp/include/rclcpp/rclcpp/executor.hpp:24[m[K,
[4.720s]                  from [01m[K/home/gkasha/ros2_humble/install/rclcpp/include/rclcpp/rclcpp/executors/multi_threaded_executor.hpp:25[m[K,
[4.720s]                  from [01m[K/home/gkasha/ros2_humble/install/rclcpp/include/rclcpp/rclcpp/executors.hpp:21[m[K,
[4.721s]                  from [01m[K/home/gkasha/ros2_humble/install/rclcpp/include/rclcpp/rclcpp/rclcpp.hpp:155[m[K,
[4.721s]                  from [01m[K/home/gkasha/Documents/maae/src/auction/include/auction/agent.hpp:5[m[K,
[4.721s]                  from [01m[K/home/gkasha/Documents/maae/src/auction/src/agent.cpp:1[m[K:
[4.721s] [01m[K/usr/include/c++/11/bits/stl_map.h:236:7:[m[K [01;36m[Knote: [m[Kcandidate: ‘[01m[Ktemplate<class _Key, class _Tp, class _Compare, class _Alloc> map(const _Alloc&)-> std::map<_Key, _Tp, _Compare, _Alloc>[m[K’
[4.721s]   236 |       [01;36m[Kmap[m[K(const allocator_type& __a)
[4.721s]       |       [01;36m[K^~~[m[K
[4.721s] [01m[K/usr/include/c++/11/bits/stl_map.h:236:7:[m[K [01;36m[Knote: [m[K  template argument deduction/substitution failed:
[4.721s] [01m[K/home/gkasha/Documents/maae/src/auction/src/agent.cpp:94:75:[m[K [01;36m[Knote: [m[K  candidate expects 1 argument, 2 provided
[4.721s]    94 |         overlaps = map([](ma_interfaces::msg::Bid bid){return {bid};},bids[01;36m[K)[m[K;
[4.721s]       |                                                                           [01;36m[K^[m[K
[4.721s] In file included from [01m[K/usr/include/c++/11/map:61[m[K,
[4.721s]                  from [01m[K/home/gkasha/ros2_humble/install/rclcpp/include/rclcpp/rclcpp/executor.hpp:24[m[K,
[4.721s]                  from [01m[K/home/gkasha/ros2_humble/install/rclcpp/include/rclcpp/rclcpp/executors/multi_threaded_executor.hpp:25[m[K,
[4.721s]                  from [01m[K/home/gkasha/ros2_humble/install/rclcpp/include/rclcpp/rclcpp/executors.hpp:21[m[K,
[4.721s]                  from [01m[K/home/gkasha/ros2_humble/install/rclcpp/include/rclcpp/rclcpp/rclcpp.hpp:155[m[K,
[4.721s]                  from [01m[K/home/gkasha/Documents/maae/src/auction/include/auction/agent.hpp:5[m[K,
[4.721s]                  from [01m[K/home/gkasha/Documents/maae/src/auction/src/agent.cpp:1[m[K:
[4.721s] [01m[K/usr/include/c++/11/bits/stl_map.h:228:7:[m[K [01;36m[Knote: [m[Kcandidate: ‘[01m[Ktemplate<class _Key, class _Tp, class _Compare, class _Alloc> map(std::initializer_list<std::pair<const _Key, _Tp> >, const _Compare&, const _Alloc&)-> std::map<_Key, _Tp, _Compare, _Alloc>[m[K’
[4.721s]   228 |       [01;36m[Kmap[m[K(initializer_list<value_type> __l,
[4.721s]       |       [01;36m[K^~~[m[K
[4.721s] [01m[K/usr/include/c++/11/bits/stl_map.h:228:7:[m[K [01;36m[Knote: [m[K  template argument deduction/substitution failed:
[4.722s] [01m[K/home/gkasha/Documents/maae/src/auction/src/agent.cpp:94:75:[m[K [01;36m[Knote: [m[K  ‘[01m[KAgent::choose_winners(ma_interfaces::msg::Task)::<lambda(ma_interfaces::msg::Bid)>[m[K’ is not derived from ‘[01m[Kstd::initializer_list<std::pair<const _Key, _Tp> >[m[K’
[4.722s]    94 |         overlaps = map([](ma_interfaces::msg::Bid bid){return {bid};},bids[01;36m[K)[m[K;
[4.722s]       |                                                                           [01;36m[K^[m[K
[4.722s] In file included from [01m[K/usr/include/c++/11/map:61[m[K,
[4.722s]                  from [01m[K/home/gkasha/ros2_humble/install/rclcpp/include/rclcpp/rclcpp/executor.hpp:24[m[K,
[4.722s]                  from [01m[K/home/gkasha/ros2_humble/install/rclcpp/include/rclcpp/rclcpp/executors/multi_threaded_executor.hpp:25[m[K,
[4.722s]                  from [01m[K/home/gkasha/ros2_humble/install/rclcpp/include/rclcpp/rclcpp/executors.hpp:21[m[K,
[4.722s]                  from [01m[K/home/gkasha/ros2_humble/install/rclcpp/include/rclcpp/rclcpp/rclcpp.hpp:155[m[K,
[4.722s]                  from [01m[K/home/gkasha/Documents/maae/src/auction/include/auction/agent.hpp:5[m[K,
[4.722s]                  from [01m[K/home/gkasha/Documents/maae/src/auction/src/agent.cpp:1[m[K:
[4.722s] [01m[K/usr/include/c++/11/bits/stl_map.h:215:7:[m[K [01;36m[Knote: [m[Kcandidate: ‘[01m[Ktemplate<class _Key, class _Tp, class _Compare, class _Alloc> map(std::map<_Key, _Tp, _Compare, _Allocator>&&)-> std::map<_Key, _Tp, _Compare, _Alloc>[m[K’
[4.722s]   215 |       [01;36m[Kmap[m[K(map&&) = default;
[4.722s]       |       [01;36m[K^~~[m[K
[4.722s] [01m[K/usr/include/c++/11/bits/stl_map.h:215:7:[m[K [01;36m[Knote: [m[K  template argument deduction/substitution failed:
[4.722s] [01m[K/home/gkasha/Documents/maae/src/auction/src/agent.cpp:94:75:[m[K [01;36m[Knote: [m[K  ‘[01m[KAgent::choose_winners(ma_interfaces::msg::Task)::<lambda(ma_interfaces::msg::Bid)>[m[K’ is not derived from ‘[01m[Kstd::map<_Key, _Tp, _Compare, _Allocator>[m[K’
[4.722s]    94 |         overlaps = map([](ma_interfaces::msg::Bid bid){return {bid};},bids[01;36m[K)[m[K;
[4.722s]       |                                                                           [01;36m[K^[m[K
[4.722s] In file included from [01m[K/usr/include/c++/11/map:61[m[K,
[4.723s]                  from [01m[K/home/gkasha/ros2_humble/install/rclcpp/include/rclcpp/rclcpp/executor.hpp:24[m[K,
[4.723s]                  from [01m[K/home/gkasha/ros2_humble/install/rclcpp/include/rclcpp/rclcpp/executors/multi_threaded_executor.hpp:25[m[K,
[4.723s]                  from [01m[K/home/gkasha/ros2_humble/install/rclcpp/include/rclcpp/rclcpp/executors.hpp:21[m[K,
[4.723s]                  from [01m[K/home/gkasha/ros2_humble/install/rclcpp/include/rclcpp/rclcpp/rclcpp.hpp:155[m[K,
[4.723s]                  from [01m[K/home/gkasha/Documents/maae/src/auction/include/auction/agent.hpp:5[m[K,
[4.723s]                  from [01m[K/home/gkasha/Documents/maae/src/auction/src/agent.cpp:1[m[K:
[4.723s] [01m[K/usr/include/c++/11/bits/stl_map.h:207:7:[m[K [01;36m[Knote: [m[Kcandidate: ‘[01m[Ktemplate<class _Key, class _Tp, class _Compare, class _Alloc> map(const std::map<_Key, _Tp, _Compare, _Allocator>&)-> std::map<_Key, _Tp, _Compare, _Alloc>[m[K’
[4.723s]   207 |       [01;36m[Kmap[m[K(const map&) = default;
[4.723s]       |       [01;36m[K^~~[m[K
[4.723s] [01m[K/usr/include/c++/11/bits/stl_map.h:207:7:[m[K [01;36m[Knote: [m[K  template argument deduction/substitution failed:
[4.723s] [01m[K/home/gkasha/Documents/maae/src/auction/src/agent.cpp:94:75:[m[K [01;36m[Knote: [m[K  ‘[01m[KAgent::choose_winners(ma_interfaces::msg::Task)::<lambda(ma_interfaces::msg::Bid)>[m[K’ is not derived from ‘[01m[Kconst std::map<_Key, _Tp, _Compare, _Allocator>[m[K’
[4.723s]    94 |         overlaps = map([](ma_interfaces::msg::Bid bid){return {bid};},bids[01;36m[K)[m[K;
[4.723s]       |                                                                           [01;36m[K^[m[K
[4.723s] In file included from [01m[K/usr/include/c++/11/map:61[m[K,
[4.723s]                  from [01m[K/home/gkasha/ros2_humble/install/rclcpp/include/rclcpp/rclcpp/executor.hpp:24[m[K,
[4.723s]                  from [01m[K/home/gkasha/ros2_humble/install/rclcpp/include/rclcpp/rclcpp/executors/multi_threaded_executor.hpp:25[m[K,
[4.723s]                  from [01m[K/home/gkasha/ros2_humble/install/rclcpp/include/rclcpp/rclcpp/executors.hpp:21[m[K,
[4.723s]                  from [01m[K/home/gkasha/ros2_humble/install/rclcpp/include/rclcpp/rclcpp/rclcpp.hpp:155[m[K,
[4.723s]                  from [01m[K/home/gkasha/Documents/maae/src/auction/include/auction/agent.hpp:5[m[K,
[4.723s]                  from [01m[K/home/gkasha/Documents/maae/src/auction/src/agent.cpp:1[m[K:
[4.724s] [01m[K/usr/include/c++/11/bits/stl_map.h:194:7:[m[K [01;36m[Knote: [m[Kcandidate: ‘[01m[Ktemplate<class _Key, class _Tp, class _Compare, class _Alloc> map(const _Compare&, const _Alloc&)-> std::map<_Key, _Tp, _Compare, _Alloc>[m[K’
[4.724s]   194 |       [01;36m[Kmap[m[K(const _Compare& __comp,
[4.724s]       |       [01;36m[K^~~[m[K
[4.724s] [01m[K/usr/include/c++/11/bits/stl_map.h:194:7:[m[K [01;36m[Knote: [m[K  template argument deduction/substitution failed:
[4.724s] [01m[K/home/gkasha/Documents/maae/src/auction/src/agent.cpp:94:75:[m[K [01;36m[Knote: [m[K  couldn’t deduce template parameter ‘[01m[K_Key[m[K’
[4.724s]    94 |         overlaps = map([](ma_interfaces::msg::Bid bid){return {bid};},bids[01;36m[K)[m[K;
[4.724s]       |                                                                           [01;36m[K^[m[K
[4.724s] In file included from [01m[K/usr/include/c++/11/map:61[m[K,
[4.724s]                  from [01m[K/home/gkasha/ros2_humble/install/rclcpp/include/rclcpp/rclcpp/executor.hpp:24[m[K,
[4.724s]                  from [01m[K/home/gkasha/ros2_humble/install/rclcpp/include/rclcpp/rclcpp/executors/multi_threaded_executor.hpp:25[m[K,
[4.724s]                  from [01m[K/home/gkasha/ros2_humble/install/rclcpp/include/rclcpp/rclcpp/executors.hpp:21[m[K,
[4.724s]                  from [01m[K/home/gkasha/ros2_humble/install/rclcpp/include/rclcpp/rclcpp/rclcpp.hpp:155[m[K,
[4.724s]                  from [01m[K/home/gkasha/Documents/maae/src/auction/include/auction/agent.hpp:5[m[K,
[4.724s]                  from [01m[K/home/gkasha/Documents/maae/src/auction/src/agent.cpp:1[m[K:
[4.724s] [01m[K/usr/include/c++/11/bits/stl_map.h:185:7:[m[K [01;36m[Knote: [m[Kcandidate: ‘[01m[Ktemplate<class _Key, class _Tp, class _Compare, class _Alloc> map()-> std::map<_Key, _Tp, _Compare, _Alloc>[m[K’
[4.724s]   185 |       [01;36m[Kmap[m[K() = default;
[4.724s]       |       [01;36m[K^~~[m[K
[4.724s] [01m[K/usr/include/c++/11/bits/stl_map.h:185:7:[m[K [01;36m[Knote: [m[K  template argument deduction/substitution failed:
[4.724s] [01m[K/home/gkasha/Documents/maae/src/auction/src/agent.cpp:94:75:[m[K [01;36m[Knote: [m[K  candidate expects 0 arguments, 2 provided
[4.724s]    94 |         overlaps = map([](ma_interfaces::msg::Bid bid){return {bid};},bids[01;36m[K)[m[K;
[4.725s]       |                                                                           [01;36m[K^[m[K
[4.725s] In file included from [01m[K/usr/include/c++/11/map:61[m[K,
[4.725s]                  from [01m[K/home/gkasha/ros2_humble/install/rclcpp/include/rclcpp/rclcpp/executor.hpp:24[m[K,
[4.725s]                  from [01m[K/home/gkasha/ros2_humble/install/rclcpp/include/rclcpp/rclcpp/executors/multi_threaded_executor.hpp:25[m[K,
[4.725s]                  from [01m[K/home/gkasha/ros2_humble/install/rclcpp/include/rclcpp/rclcpp/executors.hpp:21[m[K,
[4.725s]                  from [01m[K/home/gkasha/ros2_humble/install/rclcpp/include/rclcpp/rclcpp/rclcpp.hpp:155[m[K,
[4.725s]                  from [01m[K/home/gkasha/Documents/maae/src/auction/include/auction/agent.hpp:5[m[K,
[4.725s]                  from [01m[K/home/gkasha/Documents/maae/src/auction/src/agent.cpp:1[m[K:
[4.725s] [01m[K/usr/include/c++/11/bits/stl_map.h:100:11:[m[K [01;36m[Knote: [m[Kcandidate: ‘[01m[Ktemplate<class _Key, class _Tp, class _Compare, class _Alloc> map(std::map<_Key, _Tp, _Compare, _Alloc>)-> std::map<_Key, _Tp, _Compare, _Alloc>[m[K’
[4.725s]   100 |     class [01;36m[Kmap[m[K
[4.725s]       |           [01;36m[K^~~[m[K
[4.725s] [01m[K/usr/include/c++/11/bits/stl_map.h:100:11:[m[K [01;36m[Knote: [m[K  template argument deduction/substitution failed:
[4.725s] [01m[K/home/gkasha/Documents/maae/src/auction/src/agent.cpp:94:75:[m[K [01;36m[Knote: [m[K  ‘[01m[KAgent::choose_winners(ma_interfaces::msg::Task)::<lambda(ma_interfaces::msg::Bid)>[m[K’ is not derived from ‘[01m[Kstd::map<_Key, _Tp, _Compare, _Alloc>[m[K’
[4.725s]    94 |         overlaps = map([](ma_interfaces::msg::Bid bid){return {bid};},bids[01;36m[K)[m[K;
[4.725s]       |                                                                           [01;36m[K^[m[K
[4.725s] In file included from [01m[K/usr/include/c++/11/map:61[m[K,
[4.725s]                  from [01m[K/home/gkasha/ros2_humble/install/rclcpp/include/rclcpp/rclcpp/executor.hpp:24[m[K,
[4.725s]                  from [01m[K/home/gkasha/ros2_humble/install/rclcpp/include/rclcpp/rclcpp/executors/multi_threaded_executor.hpp:25[m[K,
[4.725s]                  from [01m[K/home/gkasha/ros2_humble/install/rclcpp/include/rclcpp/rclcpp/executors.hpp:21[m[K,
[4.725s]                  from [01m[K/home/gkasha/ros2_humble/install/rclcpp/include/rclcpp/rclcpp/rclcpp.hpp:155[m[K,
[4.725s]                  from [01m[K/home/gkasha/Documents/maae/src/auction/include/auction/agent.hpp:5[m[K,
[4.726s]                  from [01m[K/home/gkasha/Documents/maae/src/auction/src/agent.cpp:1[m[K:
[4.726s] [01m[K/usr/include/c++/11/bits/stl_map.h:1446:5:[m[K [01;36m[Knote: [m[Kcandidate: ‘[01m[Ktemplate<class _Key, class _Tp, class _Allocator, class> std::map(std::initializer_list<std::pair<_T1, _T2> >, _Allocator)-> std::map<_Key, _Tp, std::less<_Key>, _Allocator>[m[K’
[4.726s]  1446 |     [01;36m[Kmap[m[K(initializer_list<pair<_Key, _Tp>>, _Allocator)
[4.726s]       |     [01;36m[K^~~[m[K
[4.726s] [01m[K/usr/include/c++/11/bits/stl_map.h:1446:5:[m[K [01;36m[Knote: [m[K  template argument deduction/substitution failed:
[4.726s] [01m[K/home/gkasha/Documents/maae/src/auction/src/agent.cpp:94:75:[m[K [01;36m[Knote: [m[K  ‘[01m[KAgent::choose_winners(ma_interfaces::msg::Task)::<lambda(ma_interfaces::msg::Bid)>[m[K’ is not derived from ‘[01m[Kstd::initializer_list<std::pair<_T1, _T2> >[m[K’
[4.727s]    94 |         overlaps = map([](ma_interfaces::msg::Bid bid){return {bid};},bids[01;36m[K)[m[K;
[4.727s]       |                                                                           [01;36m[K^[m[K
[4.727s] In file included from [01m[K/usr/include/c++/11/map:61[m[K,
[4.727s]                  from [01m[K/home/gkasha/ros2_humble/install/rclcpp/include/rclcpp/rclcpp/executor.hpp:24[m[K,
[4.727s]                  from [01m[K/home/gkasha/ros2_humble/install/rclcpp/include/rclcpp/rclcpp/executors/multi_threaded_executor.hpp:25[m[K,
[4.727s]                  from [01m[K/home/gkasha/ros2_humble/install/rclcpp/include/rclcpp/rclcpp/executors.hpp:21[m[K,
[4.727s]                  from [01m[K/home/gkasha/ros2_humble/install/rclcpp/include/rclcpp/rclcpp/rclcpp.hpp:155[m[K,
[4.727s]                  from [01m[K/home/gkasha/Documents/maae/src/auction/include/auction/agent.hpp:5[m[K,
[4.727s]                  from [01m[K/home/gkasha/Documents/maae/src/auction/src/agent.cpp:1[m[K:
[4.728s] [01m[K/usr/include/c++/11/bits/stl_map.h:1440:5:[m[K [01;36m[Knote: [m[Kcandidate: ‘[01m[Ktemplate<class _InputIterator, class _Allocator, class, class> std::map(_InputIterator, _InputIterator, _Allocator)-> std::map<typename std::remove_const<typename std::iterator_traits< <template-parameter-1-1> >::value_type::first_type>::type, typename std::iterator_traits< <template-parameter-1-1> >::value_type::second_type, std::less<typename std::remove_const<typename std::iterator_traits< <template-parameter-1-1> >::value_type::first_type>::type>, _Allocator>[m[K’
[4.728s]  1440 |     [01;36m[Kmap[m[K(_InputIterator, _InputIterator, _Allocator)
[4.728s]       |     [01;36m[K^~~[m[K
[4.728s] [01m[K/usr/include/c++/11/bits/stl_map.h:1440:5:[m[K [01;36m[Knote: [m[K  template argument deduction/substitution failed:
[4.728s] [01m[K/home/gkasha/Documents/maae/src/auction/src/agent.cpp:94:75:[m[K [01;36m[Knote: [m[K  deduced conflicting types for parameter ‘[01m[K_InputIterator[m[K’ (‘[01m[KAgent::choose_winners(ma_interfaces::msg::Task)::<lambda(ma_interfaces::msg::Bid)>[m[K’ and ‘[01m[Kstd::vector<ma_interfaces::msg::Bid_<std::allocator<void> > >[m[K’)
[4.728s]    94 |         overlaps = map([](ma_interfaces::msg::Bid bid){return {bid};},bids[01;36m[K)[m[K;
[4.728s]       |                                                                           [01;36m[K^[m[K
[4.728s] In file included from [01m[K/usr/include/c++/11/map:61[m[K,
[4.728s]                  from [01m[K/home/gkasha/ros2_humble/install/rclcpp/include/rclcpp/rclcpp/executor.hpp:24[m[K,
[4.728s]                  from [01m[K/home/gkasha/ros2_humble/install/rclcpp/include/rclcpp/rclcpp/executors/multi_threaded_executor.hpp:25[m[K,
[4.728s]                  from [01m[K/home/gkasha/ros2_humble/install/rclcpp/include/rclcpp/rclcpp/executors.hpp:21[m[K,
[4.728s]                  from [01m[K/home/gkasha/ros2_humble/install/rclcpp/include/rclcpp/rclcpp/rclcpp.hpp:155[m[K,
[4.728s]                  from [01m[K/home/gkasha/Documents/maae/src/auction/include/auction/agent.hpp:5[m[K,
[4.728s]                  from [01m[K/home/gkasha/Documents/maae/src/auction/src/agent.cpp:1[m[K:
[4.728s] [01m[K/usr/include/c++/11/bits/stl_map.h:1433:5:[m[K [01;36m[Knote: [m[Kcandidate: ‘[01m[Ktemplate<class _Key, class _Tp, class _Compare, class _Allocator, class, class> std::map(std::initializer_list<std::pair<_T1, _T2> >, _Compare, _Allocator)-> std::map<_Key, _Tp, _Compare, _Allocator>[m[K’
[4.728s]  1433 |     [01;36m[Kmap[m[K(initializer_list<pair<_Key, _Tp>>,
[4.728s]       |     [01;36m[K^~~[m[K
[4.728s] [01m[K/usr/include/c++/11/bits/stl_map.h:1433:5:[m[K [01;36m[Knote: [m[K  template argument deduction/substitution failed:
[4.728s] [01m[K/home/gkasha/Documents/maae/src/auction/src/agent.cpp:94:75:[m[K [01;36m[Knote: [m[K  ‘[01m[KAgent::choose_winners(ma_interfaces::msg::Task)::<lambda(ma_interfaces::msg::Bid)>[m[K’ is not derived from ‘[01m[Kstd::initializer_list<std::pair<_T1, _T2> >[m[K’
[4.728s]    94 |         overlaps = map([](ma_interfaces::msg::Bid bid){return {bid};},bids[01;36m[K)[m[K;
[4.729s]       |                                                                           [01;36m[K^[m[K
[4.729s] In file included from [01m[K/usr/include/c++/11/map:61[m[K,
[4.729s]                  from [01m[K/home/gkasha/ros2_humble/install/rclcpp/include/rclcpp/rclcpp/executor.hpp:24[m[K,
[4.729s]                  from [01m[K/home/gkasha/ros2_humble/install/rclcpp/include/rclcpp/rclcpp/executors/multi_threaded_executor.hpp:25[m[K,
[4.729s]                  from [01m[K/home/gkasha/ros2_humble/install/rclcpp/include/rclcpp/rclcpp/executors.hpp:21[m[K,
[4.729s]                  from [01m[K/home/gkasha/ros2_humble/install/rclcpp/include/rclcpp/rclcpp/rclcpp.hpp:155[m[K,
[4.729s]                  from [01m[K/home/gkasha/Documents/maae/src/auction/include/auction/agent.hpp:5[m[K,
[4.729s]                  from [01m[K/home/gkasha/Documents/maae/src/auction/src/agent.cpp:1[m[K:
[4.729s] [01m[K/usr/include/c++/11/bits/stl_map.h:1424:5:[m[K [01;36m[Knote: [m[Kcandidate: ‘[01m[Ktemplate<class _InputIterator, class _Compare, class _Allocator, class, class, class> std::map(_InputIterator, _InputIterator, _Compare, _Allocator)-> std::map<typename std::remove_const<typename std::iterator_traits< <template-parameter-1-1> >::value_type::first_type>::type, typename std::iterator_traits< <template-parameter-1-1> >::value_type::second_type, _Compare, _Allocator>[m[K’
[4.729s]  1424 |     [01;36m[Kmap[m[K(_InputIterator, _InputIterator,
[4.729s]       |     [01;36m[K^~~[m[K
[4.729s] [01m[K/usr/include/c++/11/bits/stl_map.h:1424:5:[m[K [01;36m[Knote: [m[K  template argument deduction/substitution failed:
[4.729s] [01m[K/home/gkasha/Documents/maae/src/auction/src/agent.cpp:94:75:[m[K [01;36m[Knote: [m[K  deduced conflicting types for parameter ‘[01m[K_InputIterator[m[K’ (‘[01m[KAgent::choose_winners(ma_interfaces::msg::Task)::<lambda(ma_interfaces::msg::Bid)>[m[K’ and ‘[01m[Kstd::vector<ma_interfaces::msg::Bid_<std::allocator<void> > >[m[K’)
[4.729s]    94 |         overlaps = map([](ma_interfaces::msg::Bid bid){return {bid};},bids[01;36m[K)[m[K;
[4.729s]       |                                                                           [01;36m[K^[m[K
[13.739s] gmake[2]: *** [CMakeFiles/agent.dir/build.make:76: CMakeFiles/agent.dir/src/agent.cpp.o] Error 1
[13.739s] gmake[1]: *** [CMakeFiles/Makefile2:195: CMakeFiles/agent.dir/all] Error 2
[13.739s] gmake: *** [Makefile:146: all] Error 2
[13.742s] Invoked command in '/home/gkasha/Documents/maae/build/auction' returned '2': AMENT_PREFIX_PATH=/home/gkasha/Documents/maae/install/ma_interfaces:${AMENT_PREFIX_PATH} CMAKE_PREFIX_PATH=/home/gkasha/Documents/maae/install/ma_interfaces:/home/gkasha/ros2_humble/install/rosbag2_storage_mcap:/home/gkasha/ros2_humble/install/rosbag2:/home/gkasha/ros2_humble/install/rosbag2_compression_zstd:/home/gkasha/ros2_humble/install/mcap_vendor:/home/gkasha/ros2_humble/install/zstd_vendor:/home/gkasha/ros2_humble/install/rviz_visual_testing_framework:/home/gkasha/ros2_humble/install/rviz2:/home/gkasha/ros2_humble/install/rviz_default_plugins:/home/gkasha/ros2_humble/install/rviz_common:/home/gkasha/ros2_humble/install/rosbag2_py:/home/gkasha/ros2_humble/install/rosbag2_transport:/home/gkasha/ros2_humble/install/rosbag2_performance_benchmarking:/home/gkasha/ros2_humble/install/rosbag2_compression:/home/gkasha/ros2_humble/install/rosbag2_cpp:/home/gkasha/ros2_humble/install/rosbag2_storage_default_plugins:/home/gkasha/ros2_humble/install/rosbag2_storage:/home/gkasha/ros2_humble/install/image_common:/home/gkasha/ros2_humble/install/camera_info_manager:/home/gkasha/ros2_humble/install/camera_calibration_parsers:/home/gkasha/ros2_humble/install/yaml_cpp_vendor:/home/gkasha/ros2_humble/install/interactive_markers:/home/gkasha/ros2_humble/install/common_interfaces:/home/gkasha/ros2_humble/install/visualization_msgs:/home/gkasha/ros2_humble/install/dummy_robot_bringup:/home/gkasha/ros2_humble/install/robot_state_publisher:/home/gkasha/ros2_humble/install/kdl_parser:/home/gkasha/ros2_humble/install/urdf:/home/gkasha/ros2_humble/install/urdfdom:/home/gkasha/ros2_humble/install/urdf_parser_plugin:/home/gkasha/ros2_humble/install/urdfdom_headers:/home/gkasha/ros2_humble/install/turtlesim:/home/gkasha/ros2_humble/install/geometry2:/home/gkasha/ros2_humble/install/tf2_sensor_msgs:/home/gkasha/ros2_humble/install/test_tf2:/home/gkasha/ros2_humble/install/tf2_kdl:/home/gkasha/ros2_humble/install/tf2_geometry_msgs:/home/gkasha/ros2_humble/install/tf2_eigen:/home/gkasha/ros2_humble/install/tf2_bullet:/home/gkasha/ros2_humble/install/tf2_ros:/home/gkasha/ros2_humble/install/tf2_py:/home/gkasha/ros2_humble/install/tf2_msgs:/home/gkasha/ros2_humble/install/test_msgs:/home/gkasha/ros2_humble/install/sros2_cmake:/home/gkasha/ros2_humble/install/ros2cli_common_extensions:/home/gkasha/ros2_humble/install/rqt_py_common:/home/gkasha/ros2_humble/install/ros_testing:/home/gkasha/ros2_humble/install/ros2cli_test_interfaces:/home/gkasha/ros2_humble/install/quality_of_service_demo_cpp:/home/gkasha/ros2_humble/install/image_transport:/home/gkasha/ros2_humble/install/message_filters:/home/gkasha/ros2_humble/install/demo_nodes_cpp:/home/gkasha/ros2_humble/install/composition:/home/gkasha/ros2_humble/install/laser_geometry:/home/gkasha/ros2_humble/install/rclpy:/home/gkasha/ros2_humble/install/examples_rclcpp_minimal_action_server:/home/gkasha/ros2_humble/install/examples_rclcpp_minimal_action_client:/home/gkasha/ros2_humble/install/action_tutorials_cpp:/home/gkasha/ros2_humble/install/rclcpp_action:/home/gkasha/ros2_humble/install/rcl_action:/home/gkasha/ros2_humble/install/examples_rclcpp_wait_set:/home/gkasha/ros2_humble/install/examples_rclcpp_minimal_service:/home/gkasha/ros2_humble/install/examples_rclcpp_minimal_client:/home/gkasha/ros2_humble/install/examples_rclcpp_async_client:/home/gkasha/ros2_humble/install/example_interfaces:/home/gkasha/ros2_humble/install/action_tutorials_interfaces:/home/gkasha/ros2_humble/install/action_msgs:/home/gkasha/ros2_humble/install/unique_identifier_msgs:/home/gkasha/ros2_humble/install/ament_lint_common:/home/gkasha/ros2_humble/install/ament_cmake_uncrustify:/home/gkasha/ros2_humble/install/uncrustify_vendor:/home/gkasha/ros2_humble/install/trajectory_msgs:/home/gkasha/ros2_humble/install/topic_statistics_demo:/home/gkasha/ros2_humble/install/pendulum_control:/home/gkasha/ros2_humble/install/tlsf_cpp:/home/gkasha/ros2_humble/install/test_tracetools:/home/gkasha/ros2_humble/install/rqt_gui_cpp:/home/gkasha/ros2_humble/install/rosbag2_test_common:/home/gkasha/ros2_humble/install/ros2lifecycle_test_fixtures:/home/gkasha/ros2_humble/install/lifecycle:/home/gkasha/ros2_humble/install/rclcpp_lifecycle:/home/gkasha/ros2_humble/install/logging_demo:/home/gkasha/ros2_humble/install/image_tools:/home/gkasha/ros2_humble/install/examples_rclcpp_minimal_subscriber:/home/gkasha/ros2_humble/install/examples_rclcpp_minimal_composition:/home/gkasha/ros2_humble/install/demo_nodes_cpp_native:/home/gkasha/ros2_humble/install/rclcpp_components:/home/gkasha/ros2_humble/install/intra_process_demo:/home/gkasha/ros2_humble/install/examples_rclcpp_multithreaded_executor:/home/gkasha/ros2_humble/install/examples_rclcpp_minimal_timer:/home/gkasha/ros2_humble/install/examples_rclcpp_minimal_publisher:/home/gkasha/ros2_humble/install/examples_rclcpp_cbg_executor:/home/gkasha/ros2_humble/install/dummy_sensors:/home/gkasha/ros2_humble/install/dummy_map_server:/home/gkasha/ros2_humble/install/rclcpp:/home/gkasha/ros2_humble/install/rcl_lifecycle:/home/gkasha/ros2_humble/install/libstatistics_collector:/home/gkasha/ros2_humble/install/rcl:/home/gkasha/ros2_humble/install/rmw_implementation:/home/gkasha/ros2_humble/install/rmw_fastrtps_dynamic_cpp:/home/gkasha/ros2_humble/install/rmw_fastrtps_cpp:/home/gkasha/ros2_humble/install/rmw_fastrtps_shared_cpp:/home/gkasha/ros2_humble/install/rmw_cyclonedds_cpp:/home/gkasha/ros2_humble/install/tracetools:/home/gkasha/ros2_humble/install/tlsf:/home/gkasha/ros2_humble/install/tinyxml_vendor:/home/gkasha/ros2_humble/install/qt_gui_core:/home/gkasha/ros2_humble/install/qt_gui_cpp:/home/gkasha/ros2_humble/install/pluginlib:/home/gkasha/ros2_humble/install/tinyxml2_vendor:/home/gkasha/ros2_humble/install/tf2_eigen_kdl:/home/gkasha/ros2_humble/install/tf2:/home/gkasha/ros2_humble/install/test_security:/home/gkasha/ros2_humble/install/test_rmw_implementation:/home/gkasha/ros2_humble/install/test_rclcpp:/home/gkasha/ros2_humble/install/test_quality_of_service:/home/gkasha/ros2_humble/install/test_launch_testing:/home/gkasha/ros2_humble/install/test_interface_files:/home/gkasha/ros2_humble/install/test_communication:/home/gkasha/ros2_humble/install/test_cli_remapping:/home/gkasha/ros2_humble/install/test_cli:/home/gkasha/ros2_humble/install/qt_gui_app:/home/gkasha/ros2_humble/install/qt_gui:/home/gkasha/ros2_humble/install/tango_icons_vendor:/home/gkasha/ros2_humble/install/stereo_msgs:/home/gkasha/ros2_humble/install/std_srvs:/home/gkasha/ros2_humble/install/shape_msgs:/home/gkasha/ros2_humble/install/map_msgs:/home/gkasha/ros2_humble/install/sensor_msgs:/home/gkasha/ros2_humble/install/nav_msgs:/home/gkasha/ros2_humble/install/diagnostic_msgs:/home/gkasha/ros2_humble/install/geometry_msgs:/home/gkasha/ros2_humble/install/actionlib_msgs:/home/gkasha/ros2_humble/install/std_msgs:/home/gkasha/ros2_humble/install/statistics_msgs:/home/gkasha/ros2_humble/install/sqlite3_vendor:/home/gkasha/ros2_humble/install/rcl_logging_spdlog:/home/gkasha/ros2_humble/install/spdlog_vendor:/home/gkasha/ros2_humble/install/shared_queues_vendor:/home/gkasha/ros2_humble/install/rviz_rendering_tests:/home/gkasha/ros2_humble/install/rviz_rendering:/home/gkasha/ros2_humble/install/rviz_ogre_vendor:/home/gkasha/ros2_humble/install/rviz_assimp_vendor:/home/gkasha/ros2_humble/install/rttest:/home/gkasha/ros2_humble/install/rmw_connextddsmicro:/home/gkasha/ros2_humble/install/rmw_connextdds:/home/gkasha/ros2_humble/install/rmw_connextdds_common:/home/gkasha/ros2_humble/install/rti_connext_dds_cmake_module:/home/gkasha/ros2_humble/install/rosgraph_msgs:/home/gkasha/ros2_humble/install/rosbag2_interfaces:/home/gkasha/ros2_humble/install/rmw_dds_common:/home/gkasha/ros2_humble/install/composition_interfaces:/home/gkasha/ros2_humble/install/rcl_interfaces:/home/gkasha/ros2_humble/install/pendulum_msgs:/home/gkasha/ros2_humble/install/lifecycle_msgs:/home/gkasha/ros2_humble/install/builtin_interfaces:/home/gkasha/ros2_humble/install/rosidl_default_runtime:/home/gkasha/ros2_humble/install/rosidl_default_generators:/home/gkasha/ros2_humble/install/rosidl_generator_py:/home/gkasha/ros2_humble/install/rosidl_typesupport_introspection_tests:/home/gkasha/ros2_humble/install/rosidl_typesupport_cpp:/home/gkasha/ros2_humble/install/rosidl_typesupport_introspection_cpp:/home/gkasha/ros2_humble/install/rosidl_typesupport_c:/home/gkasha/ros2_humble/install/rosidl_typesupport_introspection_c:/home/gkasha/ros2_humble/install/rosidl_typesupport_fastrtps_c:/home/gkasha/ros2_humble/install/rosidl_typesupport_fastrtps_cpp:/home/gkasha/ros2_humble/install/rosidl_generator_cpp:/home/gkasha/ros2_humble/install/rosidl_runtime_cpp:/home/gkasha/ros2_humble/install/rcl_yaml_param_parser:/home/gkasha/ros2_humble/install/rmw:/home/gkasha/ros2_humble/install/rosidl_runtime_c:/home/gkasha/ros2_humble/install/rosidl_generator_c:/home/gkasha/ros2_humble/install/rosidl_typesupport_interface:/home/gkasha/ros2_humble/install/rosidl_generator_dds_idl:/home/gkasha/ros2_humble/install/rosidl_cmake:/home/gkasha/ros2_humble/install/rosidl_parser:/home/gkasha/ros2_humble/install/rosidl_adapter:/home/gkasha/ros2_humble/install/rosbag2_tests:/home/gkasha/ros2_humble/install/rosbag2_storage_mcap_testdata:/home/gkasha/ros2_humble/install/ros_environment:/home/gkasha/ros2_humble/install/rmw_implementation_cmake:/home/gkasha/ros2_humble/install/resource_retriever:/home/gkasha/ros2_humble/install/class_loader:/home/gkasha/ros2_humble/install/rcpputils:/home/gkasha/ros2_humble/install/rcl_logging_noop:/home/gkasha/ros2_humble/install/rcl_logging_interface:/home/gkasha/ros2_humble/install/rcutils:/home/gkasha/ros2_humble/install/qt_gui_py_common:/home/gkasha/ros2_humble/install/qt_dotgraph:/home/gkasha/ros2_humble/install/python_qt_binding:/home/gkasha/ros2_humble/install/python_orocos_kdl_vendor:/home/gkasha/ros2_humble/install/launch_testing_ament_cmake:/home/gkasha/ros2_humble/install/python_cmake_module:/home/gkasha/ros2_humble/install/pybind11_vendor:/home/gkasha/ros2_humble/install/performance_test_fixture:/home/gkasha/ros2_humble/install/osrf_testing_tools_cpp:/home/gkasha/ros2_humble/install/orocos_kdl_vendor:/home/gkasha/ros2_humble/install/mimick_vendor:/home/gkasha/ros2_humble/install/libyaml_vendor:/home/gkasha/ros2_humble/install/libcurl_vendor:/home/gkasha/ros2_humble/install/keyboard_handler:/home/gkasha/ros2_humble/install/cyclonedds:/home/gkasha/ros2_humble/install/iceoryx_posh:/home/gkasha/ros2_humble/install/iceoryx_hoofs:/home/gkasha/ros2_humble/install/iceoryx_binding_c:/home/gkasha/ros2_humble/install/ament_cmake_ros:/home/gkasha/ros2_humble/install/ament_cmake_gmock:/home/gkasha/ros2_humble/install/gmock_vendor:/home/gkasha/ros2_humble/install/ament_cmake_auto:/home/gkasha/ros2_humble/install/ament_cmake_gtest:/home/gkasha/ros2_humble/install/gtest_vendor:/home/gkasha/ros2_humble/install/ament_cmake_google_benchmark:/home/gkasha/ros2_humble/install/google_benchmark_vendor:/home/gkasha/ros2_humble/install/fastrtps:/home/gkasha/ros2_humble/install/foonathan_memory_vendor:/home/gkasha/ros2_humble/install/fastrtps_cmake_module:/home/gkasha/ros2_humble/install/fastcdr:/home/gkasha/ros2_humble/install/eigen3_cmake_module:/home/gkasha/ros2_humble/install/console_bridge_vendor:/home/gkasha/ros2_humble/install/ament_cmake_xmllint:/home/gkasha/ros2_humble/install/ament_cmake_pyflakes:/home/gkasha/ros2_humble/install/ament_cmake_pycodestyle:/home/gkasha/ros2_humble/install/ament_cmake_pep257:/home/gkasha/ros2_humble/install/ament_cmake_pclint:/home/gkasha/ros2_humble/install/ament_lint_auto:/home/gkasha/ros2_humble/install/ament_cmake:/home/gkasha/ros2_humble/install/ament_cmake_version:/home/gkasha/ros2_humble/install/ament_cmake_pytest:/home/gkasha/ros2_humble/install/ament_cmake_nose:/home/gkasha/ros2_humble/install/ament_cmake_mypy:/home/gkasha/ros2_humble/install/ament_cmake_lint_cmake:/home/gkasha/ros2_humble/install/ament_cmake_flake8:/home/gkasha/ros2_humble/install/ament_cmake_cpplint:/home/gkasha/ros2_humble/install/ament_cmake_cppcheck:/home/gkasha/ros2_humble/install/ament_cmake_copyright:/home/gkasha/ros2_humble/install/ament_cmake_clang_tidy:/home/gkasha/ros2_humble/install/ament_cmake_clang_format:/home/gkasha/ros2_humble/install/ament_cmake_test:/home/gkasha/ros2_humble/install/ament_cmake_target_dependencies:/home/gkasha/ros2_humble/install/ament_cmake_python:/home/gkasha/ros2_humble/install/ament_cmake_export_dependencies:/home/gkasha/ros2_humble/install/ament_cmake_libraries:/home/gkasha/ros2_humble/install/ament_cmake_include_directories:/home/gkasha/ros2_humble/install/ament_cmake_gen_version_h:/home/gkasha/ros2_humble/install/ament_cmake_export_targets:/home/gkasha/ros2_humble/install/ament_cmake_export_link_flags:/home/gkasha/ros2_humble/install/ament_cmake_export_interfaces:/home/gkasha/ros2_humble/install/ament_cmake_export_libraries:/home/gkasha/ros2_humble/install/ament_cmake_export_include_directories:/home/gkasha/ros2_humble/install/ament_cmake_export_definitions:/home/gkasha/ros2_humble/install/ament_cmake_core:/home/gkasha/ros2_humble/install/ament_index_cpp:/home/gkasha/ros2_humble/install/rqt_bag_plugins:/home/gkasha/ros2_humble/install/rqt_bag:/home/gkasha/ros2_humble/install/ros2bag:/home/gkasha/ros2_humble/install/tracetools_test:/home/gkasha/ros2_humble/install/tracetools_launch:/home/gkasha/ros2_humble/install/topic_monitor:/home/gkasha/ros2_humble/install/tf2_tools:/home/gkasha/ros2_humble/install/examples_tf2_py:/home/gkasha/ros2_humble/install/tf2_ros_py:/home/gkasha/ros2_humble/install/sros2:/home/gkasha/ros2_humble/install/rqt_topic:/home/gkasha/ros2_humble/install/rqt_srv:/home/gkasha/ros2_humble/install/rqt_shell:/home/gkasha/ros2_humble/install/rqt_service_caller:/home/gkasha/ros2_humble/install/rqt_reconfigure:/home/gkasha/ros2_humble/install/rqt_py_console:/home/gkasha/ros2_humble/install/rqt_publisher:/home/gkasha/ros2_humble/install/rqt_plot:/home/gkasha/ros2_humble/install/rqt_action:/home/gkasha/ros2_humble/install/rqt_msg:/home/gkasha/ros2_humble/install/rqt_console:/home/gkasha/ros2_humble/install/rqt:/home/gkasha/ros2_humble/install/rqt_graph:/home/gkasha/ros2_humble/install/rqt_gui_py:/home/gkasha/ros2_humble/install/rqt_gui:/home/gkasha/ros2_humble/install/ros2trace:/home/gkasha/ros2_humble/install/ros2topic:/home/gkasha/ros2_humble/install/ros2test:/home/gkasha/ros2_humble/install/ros2component:/home/gkasha/ros2_humble/install/ros2param:/home/gkasha/ros2_humble/install/ros2lifecycle:/home/gkasha/ros2_humble/install/ros2service:/home/gkasha/ros2_humble/install/ros2run:/home/gkasha/ros2_humble/install/ros2launch:/home/gkasha/ros2_humble/install/ros2pkg:/home/gkasha/ros2_humble/install/ros2node:/home/gkasha/ros2_humble/install/ros2multicast:/home/gkasha/ros2_humble/install/ros2interface:/home/gkasha/ros2_humble/install/ros2doctor:/home/gkasha/ros2_humble/install/ros2action:/home/gkasha/ros2_humble/install/ros2cli:/home/gkasha/ros2_humble/install/quality_of_service_demo_py:/home/gkasha/ros2_humble/install/lifecycle_py:/home/gkasha/ros2_humble/install/launch_testing_ros:/home/gkasha/ros2_humble/install/launch_ros:/home/gkasha/ros2_humble/install/examples_rclpy_pointcloud_publisher:/home/gkasha/ros2_humble/install/examples_rclpy_minimal_subscriber:/home/gkasha/ros2_humble/install/examples_rclpy_minimal_service:/home/gkasha/ros2_humble/install/examples_rclpy_minimal_publisher:/home/gkasha/ros2_humble/install/examples_rclpy_minimal_client:/home/gkasha/ros2_humble/install/examples_rclpy_minimal_action_server:/home/gkasha/ros2_humble/install/examples_rclpy_minimal_action_client:/home/gkasha/ros2_humble/install/examples_rclpy_guard_conditions:/home/gkasha/ros2_humble/install/examples_rclpy_executors:/home/gkasha/ros2_humble/install/demo_nodes_py:/home/gkasha/ros2_humble/install/action_tutorials_py:/home/gkasha/ros2_humble/install/ament_uncrustify:/home/gkasha/ros2_humble/install/tracetools_trace:/home/gkasha/ros2_humble/install/tracetools_read:/home/gkasha/ros2_humble/install/test_tracetools_launch:/home/gkasha/ros2_humble/install/test_launch_ros:/home/gkasha/ros2_humble/install/sensor_msgs_py:/home/gkasha/ros2_humble/install/rpyutils:/home/gkasha/ros2_humble/install/rosidl_runtime_py:/home/gkasha/ros2_humble/install/rosidl_cli:/home/gkasha/ros2_humble/install/launch_pytest:/home/gkasha/ros2_humble/install/launch_testing:/home/gkasha/ros2_humble/install/launch_yaml:/home/gkasha/ros2_humble/install/launch_xml:/home/gkasha/ros2_humble/install/launch:/home/gkasha/ros2_humble/install/osrf_pycommon:/home/gkasha/ros2_humble/install/launch_testing_examples:/home/gkasha/ros2_humble/install/domain_coordinator:/home/gkasha/ros2_humble/install/ament_xmllint:/home/gkasha/ros2_humble/install/ament_pyflakes:/home/gkasha/ros2_humble/install/ament_pycodestyle:/home/gkasha/ros2_humble/install/ament_pep257:/home/gkasha/ros2_humble/install/ament_pclint:/home/gkasha/ros2_humble/install/ament_package:/home/gkasha/ros2_humble/install/ament_mypy:/home/gkasha/ros2_humble/install/ament_lint_cmake:/home/gkasha/ros2_humble/install/ament_flake8:/home/gkasha/ros2_humble/install/ament_copyright:/home/gkasha/ros2_humble/install/ament_lint:/home/gkasha/ros2_humble/install/ament_index_python:/home/gkasha/ros2_humble/install/ament_cpplint:/home/gkasha/ros2_humble/install/ament_cppcheck:/home/gkasha/ros2_humble/install/ament_clang_tidy:/home/gkasha/ros2_humble/install/ament_clang_format LD_LIBRARY_PATH=/home/gkasha/Documents/maae/install/ma_interfaces/lib:${LD_LIBRARY_PATH} PYTHONPATH=/home/gkasha/Documents/maae/install/ma_interfaces/local/lib/python3.10/dist-packages:${PYTHONPATH} /usr/bin/cmake --build /home/gkasha/Documents/maae/build/auction -- -j4 -l4
