[35m[1mConsolidate compiler generated dependencies of target agent[0m
[ 18%] Built target execution_interface
[ 27%] [32mBuilding CXX object CMakeFiles/client.dir/src/client.cpp.o[0m
[ 36%] [32mBuilding CXX object CMakeFiles/goal_manager.dir/src/goal_manager.cpp.o[0m
[ 45%] [32mBuilding CXX object CMakeFiles/agent.dir/src/agent.cpp.o[0m
[ 63%] Built target clock
[ 72%] [32m[1mLinking CXX executable client[0m
[ 72%] Built target client
[ 81%] [32m[1mLinking CXX executable goal_manager[0m
[ 81%] Built target goal_manager
[ 90%] [32m[1mLinking CXX executable agent[0m
[100%] Built target agent
-- Install configuration: ""
-- Up-to-date: /home/gkasha/Documents/maae/install/auction/include/auction/
-- Up-to-date: /home/gkasha/Documents/maae/install/auction/include/auction//execution_interface.hpp
-- Up-to-date: /home/gkasha/Documents/maae/install/auction/include/auction//stn.hpp
-- Up-to-date: /home/gkasha/Documents/maae/install/auction/include/auction//agent.hpp
-- Up-to-date: /home/gkasha/Documents/maae/install/auction/lib/auction/execution_interface
-- Installing: /home/gkasha/Documents/maae/install/auction/lib/auction/client
-- Set runtime path of "/home/gkasha/Documents/maae/install/auction/lib/auction/client" to ""
-- Installing: /home/gkasha/Documents/maae/install/auction/lib/auction/agent
-- Set runtime path of "/home/gkasha/Documents/maae/install/auction/lib/auction/agent" to ""
-- Installing: /home/gkasha/Documents/maae/install/auction/lib/auction/goal_manager
-- Set runtime path of "/home/gkasha/Documents/maae/install/auction/lib/auction/goal_manager" to ""
-- Up-to-date: /home/gkasha/Documents/maae/install/auction/lib/auction/clock
-- Up-to-date: /home/gkasha/Documents/maae/install/auction/share/ament_index/resource_index/package_run_dependencies/auction
-- Up-to-date: /home/gkasha/Documents/maae/install/auction/share/ament_index/resource_index/parent_prefix_path/auction
-- Up-to-date: /home/gkasha/Documents/maae/install/auction/share/auction/environment/ament_prefix_path.dsv
-- Up-to-date: /home/gkasha/Documents/maae/install/auction/share/auction/environment/path.dsv
-- Up-to-date: /home/gkasha/Documents/maae/install/auction/share/auction/local_setup.bash
-- Up-to-date: /home/gkasha/Documents/maae/install/auction/share/auction/local_setup.sh
-- Up-to-date: /home/gkasha/Documents/maae/install/auction/share/auction/local_setup.zsh
-- Up-to-date: /home/gkasha/Documents/maae/install/auction/share/auction/local_setup.dsv
-- Installing: /home/gkasha/Documents/maae/install/auction/share/auction/package.dsv
-- Up-to-date: /home/gkasha/Documents/maae/install/auction/share/ament_index/resource_index/packages/auction
-- Up-to-date: /home/gkasha/Documents/maae/install/auction/share/auction/cmake/ament_cmake_export_include_directories-extras.cmake
-- Up-to-date: /home/gkasha/Documents/maae/install/auction/share/auction/cmake/auctionConfig.cmake
-- Up-to-date: /home/gkasha/Documents/maae/install/auction/share/auction/cmake/auctionConfig-version.cmake
-- Up-to-date: /home/gkasha/Documents/maae/install/auction/share/auction/package.xml
