[0.077s] Invoking command in '/home/gkasha/Documents/maae/build/auction': AMENT_PREFIX_PATH=/home/gkasha/Documents/maae/install/ma_interfaces:${AMENT_PREFIX_PATH} CMAKE_PREFIX_PATH=/home/gkasha/Documents/maae/install/ma_interfaces:/home/gkasha/ros2_humble/install/rosbag2_storage_mcap:/home/gkasha/ros2_humble/install/rosbag2:/home/gkasha/ros2_humble/install/rosbag2_compression_zstd:/home/gkasha/ros2_humble/install/mcap_vendor:/home/gkasha/ros2_humble/install/zstd_vendor:/home/gkasha/ros2_humble/install/rviz_visual_testing_framework:/home/gkasha/ros2_humble/install/rviz2:/home/gkasha/ros2_humble/install/rviz_default_plugins:/home/gkasha/ros2_humble/install/rviz_common:/home/gkasha/ros2_humble/install/rosbag2_py:/home/gkasha/ros2_humble/install/rosbag2_transport:/home/gkasha/ros2_humble/install/rosbag2_performance_benchmarking:/home/gkasha/ros2_humble/install/rosbag2_compression:/home/gkasha/ros2_humble/install/rosbag2_cpp:/home/gkasha/ros2_humble/install/rosbag2_storage_default_plugins:/home/gkasha/ros2_humble/install/rosbag2_storage:/home/gkasha/ros2_humble/install/image_common:/home/gkasha/ros2_humble/install/camera_info_manager:/home/gkasha/ros2_humble/install/camera_calibration_parsers:/home/gkasha/ros2_humble/install/yaml_cpp_vendor:/home/gkasha/ros2_humble/install/interactive_markers:/home/gkasha/ros2_humble/install/common_interfaces:/home/gkasha/ros2_humble/install/visualization_msgs:/home/gkasha/ros2_humble/install/dummy_robot_bringup:/home/gkasha/ros2_humble/install/robot_state_publisher:/home/gkasha/ros2_humble/install/kdl_parser:/home/gkasha/ros2_humble/install/urdf:/home/gkasha/ros2_humble/install/urdfdom:/home/gkasha/ros2_humble/install/urdf_parser_plugin:/home/gkasha/ros2_humble/install/urdfdom_headers:/home/gkasha/ros2_humble/install/turtlesim:/home/gkasha/ros2_humble/install/geometry2:/home/gkasha/ros2_humble/install/tf2_sensor_msgs:/home/gkasha/ros2_humble/install/test_tf2:/home/gkasha/ros2_humble/install/tf2_kdl:/home/gkasha/ros2_humble/install/tf2_geometry_msgs:/home/gkasha/ros2_humble/install/tf2_eigen:/home/gkasha/ros2_humble/install/tf2_bullet:/home/gkasha/ros2_humble/install/tf2_ros:/home/gkasha/ros2_humble/install/tf2_py:/home/gkasha/ros2_humble/install/tf2_msgs:/home/gkasha/ros2_humble/install/test_msgs:/home/gkasha/ros2_humble/install/sros2_cmake:/home/gkasha/ros2_humble/install/ros2cli_common_extensions:/home/gkasha/ros2_humble/install/rqt_py_common:/home/gkasha/ros2_humble/install/ros_testing:/home/gkasha/ros2_humble/install/ros2cli_test_interfaces:/home/gkasha/ros2_humble/install/quality_of_service_demo_cpp:/home/gkasha/ros2_humble/install/image_transport:/home/gkasha/ros2_humble/install/message_filters:/home/gkasha/ros2_humble/install/demo_nodes_cpp:/home/gkasha/ros2_humble/install/composition:/home/gkasha/ros2_humble/install/laser_geometry:/home/gkasha/ros2_humble/install/rclpy:/home/gkasha/ros2_humble/install/examples_rclcpp_minimal_action_server:/home/gkasha/ros2_humble/install/examples_rclcpp_minimal_action_client:/home/gkasha/ros2_humble/install/action_tutorials_cpp:/home/gkasha/ros2_humble/install/rclcpp_action:/home/gkasha/ros2_humble/install/rcl_action:/home/gkasha/ros2_humble/install/examples_rclcpp_wait_set:/home/gkasha/ros2_humble/install/examples_rclcpp_minimal_service:/home/gkasha/ros2_humble/install/examples_rclcpp_minimal_client:/home/gkasha/ros2_humble/install/examples_rclcpp_async_client:/home/gkasha/ros2_humble/install/example_interfaces:/home/gkasha/ros2_humble/install/action_tutorials_interfaces:/home/gkasha/ros2_humble/install/action_msgs:/home/gkasha/ros2_humble/install/unique_identifier_msgs:/home/gkasha/ros2_humble/install/ament_lint_common:/home/gkasha/ros2_humble/install/ament_cmake_uncrustify:/home/gkasha/ros2_humble/install/uncrustify_vendor:/home/gkasha/ros2_humble/install/trajectory_msgs:/home/gkasha/ros2_humble/install/topic_statistics_demo:/home/gkasha/ros2_humble/install/pendulum_control:/home/gkasha/ros2_humble/install/tlsf_cpp:/home/gkasha/ros2_humble/install/test_tracetools:/home/gkasha/ros2_humble/install/rqt_gui_cpp:/home/gkasha/ros2_humble/install/rosbag2_test_common:/home/gkasha/ros2_humble/install/ros2lifecycle_test_fixtures:/home/gkasha/ros2_humble/install/lifecycle:/home/gkasha/ros2_humble/install/rclcpp_lifecycle:/home/gkasha/ros2_humble/install/logging_demo:/home/gkasha/ros2_humble/install/image_tools:/home/gkasha/ros2_humble/install/examples_rclcpp_minimal_subscriber:/home/gkasha/ros2_humble/install/examples_rclcpp_minimal_composition:/home/gkasha/ros2_humble/install/demo_nodes_cpp_native:/home/gkasha/ros2_humble/install/rclcpp_components:/home/gkasha/ros2_humble/install/intra_process_demo:/home/gkasha/ros2_humble/install/examples_rclcpp_multithreaded_executor:/home/gkasha/ros2_humble/install/examples_rclcpp_minimal_timer:/home/gkasha/ros2_humble/install/examples_rclcpp_minimal_publisher:/home/gkasha/ros2_humble/install/examples_rclcpp_cbg_executor:/home/gkasha/ros2_humble/install/dummy_sensors:/home/gkasha/ros2_humble/install/dummy_map_server:/home/gkasha/ros2_humble/install/rclcpp:/home/gkasha/ros2_humble/install/rcl_lifecycle:/home/gkasha/ros2_humble/install/libstatistics_collector:/home/gkasha/ros2_humble/install/rcl:/home/gkasha/ros2_humble/install/rmw_implementation:/home/gkasha/ros2_humble/install/rmw_fastrtps_dynamic_cpp:/home/gkasha/ros2_humble/install/rmw_fastrtps_cpp:/home/gkasha/ros2_humble/install/rmw_fastrtps_shared_cpp:/home/gkasha/ros2_humble/install/rmw_cyclonedds_cpp:/home/gkasha/ros2_humble/install/tracetools:/home/gkasha/ros2_humble/install/tlsf:/home/gkasha/ros2_humble/install/tinyxml_vendor:/home/gkasha/ros2_humble/install/qt_gui_core:/home/gkasha/ros2_humble/install/qt_gui_cpp:/home/gkasha/ros2_humble/install/pluginlib:/home/gkasha/ros2_humble/install/tinyxml2_vendor:/home/gkasha/ros2_humble/install/tf2_eigen_kdl:/home/gkasha/ros2_humble/install/tf2:/home/gkasha/ros2_humble/install/test_security:/home/gkasha/ros2_humble/install/test_rmw_implementation:/home/gkasha/ros2_humble/install/test_rclcpp:/home/gkasha/ros2_humble/install/test_quality_of_service:/home/gkasha/ros2_humble/install/test_launch_testing:/home/gkasha/ros2_humble/install/test_interface_files:/home/gkasha/ros2_humble/install/test_communication:/home/gkasha/ros2_humble/install/test_cli_remapping:/home/gkasha/ros2_humble/install/test_cli:/home/gkasha/ros2_humble/install/qt_gui_app:/home/gkasha/ros2_humble/install/qt_gui:/home/gkasha/ros2_humble/install/tango_icons_vendor:/home/gkasha/ros2_humble/install/stereo_msgs:/home/gkasha/ros2_humble/install/std_srvs:/home/gkasha/ros2_humble/install/shape_msgs:/home/gkasha/ros2_humble/install/map_msgs:/home/gkasha/ros2_humble/install/sensor_msgs:/home/gkasha/ros2_humble/install/nav_msgs:/home/gkasha/ros2_humble/install/diagnostic_msgs:/home/gkasha/ros2_humble/install/geometry_msgs:/home/gkasha/ros2_humble/install/actionlib_msgs:/home/gkasha/ros2_humble/install/std_msgs:/home/gkasha/ros2_humble/install/statistics_msgs:/home/gkasha/ros2_humble/install/sqlite3_vendor:/home/gkasha/ros2_humble/install/rcl_logging_spdlog:/home/gkasha/ros2_humble/install/spdlog_vendor:/home/gkasha/ros2_humble/install/shared_queues_vendor:/home/gkasha/ros2_humble/install/rviz_rendering_tests:/home/gkasha/ros2_humble/install/rviz_rendering:/home/gkasha/ros2_humble/install/rviz_ogre_vendor:/home/gkasha/ros2_humble/install/rviz_assimp_vendor:/home/gkasha/ros2_humble/install/rttest:/home/gkasha/ros2_humble/install/rmw_connextddsmicro:/home/gkasha/ros2_humble/install/rmw_connextdds:/home/gkasha/ros2_humble/install/rmw_connextdds_common:/home/gkasha/ros2_humble/install/rti_connext_dds_cmake_module:/home/gkasha/ros2_humble/install/rosgraph_msgs:/home/gkasha/ros2_humble/install/rosbag2_interfaces:/home/gkasha/ros2_humble/install/rmw_dds_common:/home/gkasha/ros2_humble/install/composition_interfaces:/home/gkasha/ros2_humble/install/rcl_interfaces:/home/gkasha/ros2_humble/install/pendulum_msgs:/home/gkasha/ros2_humble/install/lifecycle_msgs:/home/gkasha/ros2_humble/install/builtin_interfaces:/home/gkasha/ros2_humble/install/rosidl_default_runtime:/home/gkasha/ros2_humble/install/rosidl_default_generators:/home/gkasha/ros2_humble/install/rosidl_generator_py:/home/gkasha/ros2_humble/install/rosidl_typesupport_introspection_tests:/home/gkasha/ros2_humble/install/rosidl_typesupport_cpp:/home/gkasha/ros2_humble/install/rosidl_typesupport_introspection_cpp:/home/gkasha/ros2_humble/install/rosidl_typesupport_c:/home/gkasha/ros2_humble/install/rosidl_typesupport_introspection_c:/home/gkasha/ros2_humble/install/rosidl_typesupport_fastrtps_c:/home/gkasha/ros2_humble/install/rosidl_typesupport_fastrtps_cpp:/home/gkasha/ros2_humble/install/rosidl_generator_cpp:/home/gkasha/ros2_humble/install/rosidl_runtime_cpp:/home/gkasha/ros2_humble/install/rcl_yaml_param_parser:/home/gkasha/ros2_humble/install/rmw:/home/gkasha/ros2_humble/install/rosidl_runtime_c:/home/gkasha/ros2_humble/install/rosidl_generator_c:/home/gkasha/ros2_humble/install/rosidl_typesupport_interface:/home/gkasha/ros2_humble/install/rosidl_generator_dds_idl:/home/gkasha/ros2_humble/install/rosidl_cmake:/home/gkasha/ros2_humble/install/rosidl_parser:/home/gkasha/ros2_humble/install/rosidl_adapter:/home/gkasha/ros2_humble/install/rosbag2_tests:/home/gkasha/ros2_humble/install/rosbag2_storage_mcap_testdata:/home/gkasha/ros2_humble/install/ros_environment:/home/gkasha/ros2_humble/install/rmw_implementation_cmake:/home/gkasha/ros2_humble/install/resource_retriever:/home/gkasha/ros2_humble/install/class_loader:/home/gkasha/ros2_humble/install/rcpputils:/home/gkasha/ros2_humble/install/rcl_logging_noop:/home/gkasha/ros2_humble/install/rcl_logging_interface:/home/gkasha/ros2_humble/install/rcutils:/home/gkasha/ros2_humble/install/qt_gui_py_common:/home/gkasha/ros2_humble/install/qt_dotgraph:/home/gkasha/ros2_humble/install/python_qt_binding:/home/gkasha/ros2_humble/install/python_orocos_kdl_vendor:/home/gkasha/ros2_humble/install/launch_testing_ament_cmake:/home/gkasha/ros2_humble/install/python_cmake_module:/home/gkasha/ros2_humble/install/pybind11_vendor:/home/gkasha/ros2_humble/install/performance_test_fixture:/home/gkasha/ros2_humble/install/osrf_testing_tools_cpp:/home/gkasha/ros2_humble/install/orocos_kdl_vendor:/home/gkasha/ros2_humble/install/mimick_vendor:/home/gkasha/ros2_humble/install/libyaml_vendor:/home/gkasha/ros2_humble/install/libcurl_vendor:/home/gkasha/ros2_humble/install/keyboard_handler:/home/gkasha/ros2_humble/install/cyclonedds:/home/gkasha/ros2_humble/install/iceoryx_posh:/home/gkasha/ros2_humble/install/iceoryx_hoofs:/home/gkasha/ros2_humble/install/iceoryx_binding_c:/home/gkasha/ros2_humble/install/ament_cmake_ros:/home/gkasha/ros2_humble/install/ament_cmake_gmock:/home/gkasha/ros2_humble/install/gmock_vendor:/home/gkasha/ros2_humble/install/ament_cmake_auto:/home/gkasha/ros2_humble/install/ament_cmake_gtest:/home/gkasha/ros2_humble/install/gtest_vendor:/home/gkasha/ros2_humble/install/ament_cmake_google_benchmark:/home/gkasha/ros2_humble/install/google_benchmark_vendor:/home/gkasha/ros2_humble/install/fastrtps:/home/gkasha/ros2_humble/install/foonathan_memory_vendor:/home/gkasha/ros2_humble/install/fastrtps_cmake_module:/home/gkasha/ros2_humble/install/fastcdr:/home/gkasha/ros2_humble/install/eigen3_cmake_module:/home/gkasha/ros2_humble/install/console_bridge_vendor:/home/gkasha/ros2_humble/install/ament_cmake_xmllint:/home/gkasha/ros2_humble/install/ament_cmake_pyflakes:/home/gkasha/ros2_humble/install/ament_cmake_pycodestyle:/home/gkasha/ros2_humble/install/ament_cmake_pep257:/home/gkasha/ros2_humble/install/ament_cmake_pclint:/home/gkasha/ros2_humble/install/ament_lint_auto:/home/gkasha/ros2_humble/install/ament_cmake:/home/gkasha/ros2_humble/install/ament_cmake_version:/home/gkasha/ros2_humble/install/ament_cmake_pytest:/home/gkasha/ros2_humble/install/ament_cmake_nose:/home/gkasha/ros2_humble/install/ament_cmake_mypy:/home/gkasha/ros2_humble/install/ament_cmake_lint_cmake:/home/gkasha/ros2_humble/install/ament_cmake_flake8:/home/gkasha/ros2_humble/install/ament_cmake_cpplint:/home/gkasha/ros2_humble/install/ament_cmake_cppcheck:/home/gkasha/ros2_humble/install/ament_cmake_copyright:/home/gkasha/ros2_humble/install/ament_cmake_clang_tidy:/home/gkasha/ros2_humble/install/ament_cmake_clang_format:/home/gkasha/ros2_humble/install/ament_cmake_test:/home/gkasha/ros2_humble/install/ament_cmake_target_dependencies:/home/gkasha/ros2_humble/install/ament_cmake_python:/home/gkasha/ros2_humble/install/ament_cmake_export_dependencies:/home/gkasha/ros2_humble/install/ament_cmake_libraries:/home/gkasha/ros2_humble/install/ament_cmake_include_directories:/home/gkasha/ros2_humble/install/ament_cmake_gen_version_h:/home/gkasha/ros2_humble/install/ament_cmake_export_targets:/home/gkasha/ros2_humble/install/ament_cmake_export_link_flags:/home/gkasha/ros2_humble/install/ament_cmake_export_interfaces:/home/gkasha/ros2_humble/install/ament_cmake_export_libraries:/home/gkasha/ros2_humble/install/ament_cmake_export_include_directories:/home/gkasha/ros2_humble/install/ament_cmake_export_definitions:/home/gkasha/ros2_humble/install/ament_cmake_core:/home/gkasha/ros2_humble/install/ament_index_cpp:/home/gkasha/ros2_humble/install/rqt_bag_plugins:/home/gkasha/ros2_humble/install/rqt_bag:/home/gkasha/ros2_humble/install/ros2bag:/home/gkasha/ros2_humble/install/tracetools_test:/home/gkasha/ros2_humble/install/tracetools_launch:/home/gkasha/ros2_humble/install/topic_monitor:/home/gkasha/ros2_humble/install/tf2_tools:/home/gkasha/ros2_humble/install/examples_tf2_py:/home/gkasha/ros2_humble/install/tf2_ros_py:/home/gkasha/ros2_humble/install/sros2:/home/gkasha/ros2_humble/install/rqt_topic:/home/gkasha/ros2_humble/install/rqt_srv:/home/gkasha/ros2_humble/install/rqt_shell:/home/gkasha/ros2_humble/install/rqt_service_caller:/home/gkasha/ros2_humble/install/rqt_reconfigure:/home/gkasha/ros2_humble/install/rqt_py_console:/home/gkasha/ros2_humble/install/rqt_publisher:/home/gkasha/ros2_humble/install/rqt_plot:/home/gkasha/ros2_humble/install/rqt_action:/home/gkasha/ros2_humble/install/rqt_msg:/home/gkasha/ros2_humble/install/rqt_console:/home/gkasha/ros2_humble/install/rqt:/home/gkasha/ros2_humble/install/rqt_graph:/home/gkasha/ros2_humble/install/rqt_gui_py:/home/gkasha/ros2_humble/install/rqt_gui:/home/gkasha/ros2_humble/install/ros2trace:/home/gkasha/ros2_humble/install/ros2topic:/home/gkasha/ros2_humble/install/ros2test:/home/gkasha/ros2_humble/install/ros2component:/home/gkasha/ros2_humble/install/ros2param:/home/gkasha/ros2_humble/install/ros2lifecycle:/home/gkasha/ros2_humble/install/ros2service:/home/gkasha/ros2_humble/install/ros2run:/home/gkasha/ros2_humble/install/ros2launch:/home/gkasha/ros2_humble/install/ros2pkg:/home/gkasha/ros2_humble/install/ros2node:/home/gkasha/ros2_humble/install/ros2multicast:/home/gkasha/ros2_humble/install/ros2interface:/home/gkasha/ros2_humble/install/ros2doctor:/home/gkasha/ros2_humble/install/ros2action:/home/gkasha/ros2_humble/install/ros2cli:/home/gkasha/ros2_humble/install/quality_of_service_demo_py:/home/gkasha/ros2_humble/install/lifecycle_py:/home/gkasha/ros2_humble/install/launch_testing_ros:/home/gkasha/ros2_humble/install/launch_ros:/home/gkasha/ros2_humble/install/examples_rclpy_pointcloud_publisher:/home/gkasha/ros2_humble/install/examples_rclpy_minimal_subscriber:/home/gkasha/ros2_humble/install/examples_rclpy_minimal_service:/home/gkasha/ros2_humble/install/examples_rclpy_minimal_publisher:/home/gkasha/ros2_humble/install/examples_rclpy_minimal_client:/home/gkasha/ros2_humble/install/examples_rclpy_minimal_action_server:/home/gkasha/ros2_humble/install/examples_rclpy_minimal_action_client:/home/gkasha/ros2_humble/install/examples_rclpy_guard_conditions:/home/gkasha/ros2_humble/install/examples_rclpy_executors:/home/gkasha/ros2_humble/install/demo_nodes_py:/home/gkasha/ros2_humble/install/action_tutorials_py:/home/gkasha/ros2_humble/install/ament_uncrustify:/home/gkasha/ros2_humble/install/tracetools_trace:/home/gkasha/ros2_humble/install/tracetools_read:/home/gkasha/ros2_humble/install/test_tracetools_launch:/home/gkasha/ros2_humble/install/test_launch_ros:/home/gkasha/ros2_humble/install/sensor_msgs_py:/home/gkasha/ros2_humble/install/rpyutils:/home/gkasha/ros2_humble/install/rosidl_runtime_py:/home/gkasha/ros2_humble/install/rosidl_cli:/home/gkasha/ros2_humble/install/launch_pytest:/home/gkasha/ros2_humble/install/launch_testing:/home/gkasha/ros2_humble/install/launch_yaml:/home/gkasha/ros2_humble/install/launch_xml:/home/gkasha/ros2_humble/install/launch:/home/gkasha/ros2_humble/install/osrf_pycommon:/home/gkasha/ros2_humble/install/launch_testing_examples:/home/gkasha/ros2_humble/install/domain_coordinator:/home/gkasha/ros2_humble/install/ament_xmllint:/home/gkasha/ros2_humble/install/ament_pyflakes:/home/gkasha/ros2_humble/install/ament_pycodestyle:/home/gkasha/ros2_humble/install/ament_pep257:/home/gkasha/ros2_humble/install/ament_pclint:/home/gkasha/ros2_humble/install/ament_package:/home/gkasha/ros2_humble/install/ament_mypy:/home/gkasha/ros2_humble/install/ament_lint_cmake:/home/gkasha/ros2_humble/install/ament_flake8:/home/gkasha/ros2_humble/install/ament_copyright:/home/gkasha/ros2_humble/install/ament_lint:/home/gkasha/ros2_humble/install/ament_index_python:/home/gkasha/ros2_humble/install/ament_cpplint:/home/gkasha/ros2_humble/install/ament_cppcheck:/home/gkasha/ros2_humble/install/ament_clang_tidy:/home/gkasha/ros2_humble/install/ament_clang_format LD_LIBRARY_PATH=/home/gkasha/Documents/maae/install/ma_interfaces/lib:${LD_LIBRARY_PATH} PYTHONPATH=/home/gkasha/Documents/maae/install/ma_interfaces/local/lib/python3.10/dist-packages:${PYTHONPATH} /usr/bin/cmake --build /home/gkasha/Documents/maae/build/auction -- -j4 -l4
[0.329s] [35m[1mConsolidate compiler generated dependencies of target client[0m
[0.416s] [ 37%] [32mBuilding CXX object CMakeFiles/agent.dir/src/agent.cpp.o[0m
[0.417s] [ 37%] [32mBuilding CXX object CMakeFiles/server.dir/src/auctioneer.cpp.o[0m
[0.417s] [ 50%] [32mBuilding CXX object CMakeFiles/client.dir/src/client.cpp.o[0m
[0.417s] [ 37%] [32mBuilding CXX object CMakeFiles/goal_manager.dir/src/goal_manager.cpp.o[0m
[4.517s] [01m[K/home/gkasha/Documents/maae/src/auction/src/agent.cpp:[m[K In constructor ‘[01m[KAgent::Agent(std::string)[m[K’:
[4.517s] [01m[K/home/gkasha/Documents/maae/src/auction/src/agent.cpp:56:61:[m[K [01;31m[Kerror: [m[Kno matching function for call to ‘[01m[Kto_string(std::string&)[m[K’
[4.517s]    56 |         Agent(std::string id) : Node("agent_"+[01;31m[Kstd::to_string(id)[m[K)
[4.517s]       |                                               [01;31m[K~~~~~~~~~~~~~~^~~~[m[K
[4.519s] In file included from [01m[K/home/gkasha/ros2_humble/install/rclcpp/include/rclcpp/rclcpp/node_interfaces/node_parameters_interface.hpp:28[m[K,
[4.519s]                  from [01m[K/home/gkasha/ros2_humble/install/rclcpp/include/rclcpp/rclcpp/node.hpp:54[m[K,
[4.519s]                  from [01m[K/home/gkasha/ros2_humble/install/rclcpp/include/rclcpp/rclcpp/executors/single_threaded_executor.hpp:28[m[K,
[4.519s]                  from [01m[K/home/gkasha/ros2_humble/install/rclcpp/include/rclcpp/rclcpp/executors.hpp:22[m[K,
[4.519s]                  from [01m[K/home/gkasha/ros2_humble/install/rclcpp/include/rclcpp/rclcpp/rclcpp.hpp:155[m[K,
[4.519s]                  from [01m[K/home/gkasha/Documents/maae/src/auction/src/agent.cpp:1[m[K:
[4.520s] [01m[K/home/gkasha/ros2_humble/install/rclcpp/include/rclcpp/rclcpp/parameter.hpp:289:1:[m[K [01;36m[Knote: [m[Kcandidate: ‘[01m[Kstd::string std::to_string(const rclcpp::Parameter&)[m[K’
[4.520s]   289 | [01;36m[Kto_string[m[K(const rclcpp::Parameter & param);
[4.520s]       | [01;36m[K^~~~~~~~~[m[K
[4.520s] [01m[K/home/gkasha/ros2_humble/install/rclcpp/include/rclcpp/rclcpp/parameter.hpp:289:37:[m[K [01;36m[Knote: [m[K  no known conversion for argument 1 from ‘[01m[Kstd::string[m[K’ {aka ‘[01m[Kstd::__cxx11::basic_string<char>[m[K’} to ‘[01m[Kconst rclcpp::Parameter&[m[K’
[4.520s]   289 | to_string([01;36m[Kconst rclcpp::Parameter & param[m[K);
[4.520s]       |           [01;36m[K~~~~~~~~~~~~~~~~~~~~~~~~~~^~~~~[m[K
[4.520s] [01m[K/home/gkasha/ros2_humble/install/rclcpp/include/rclcpp/rclcpp/parameter.hpp:294:1:[m[K [01;36m[Knote: [m[Kcandidate: ‘[01m[Kstd::string std::to_string(const std::vector<rclcpp::Parameter>&)[m[K’
[4.521s]   294 | [01;36m[Kto_string[m[K(const std::vector<rclcpp::Parameter> & parameters);
[4.521s]       | [01;36m[K^~~~~~~~~[m[K
[4.521s] [01m[K/home/gkasha/ros2_humble/install/rclcpp/include/rclcpp/rclcpp/parameter.hpp:294:50:[m[K [01;36m[Knote: [m[K  no known conversion for argument 1 from ‘[01m[Kstd::string[m[K’ {aka ‘[01m[Kstd::__cxx11::basic_string<char>[m[K’} to ‘[01m[Kconst std::vector<rclcpp::Parameter>&[m[K’
[4.521s]   294 | to_string([01;36m[Kconst std::vector<rclcpp::Parameter> & parameters[m[K);
[4.521s]       |           [01;36m[K~~~~~~~~~~~~~~~~~~~~~~~~~~~~~~~~~~~~~~~^~~~~~~~~~[m[K
[4.521s] In file included from [01m[K/usr/include/c++/11/string:55[m[K,
[4.521s]                  from [01m[K/usr/include/c++/11/stdexcept:39[m[K,
[4.522s]                  from [01m[K/usr/include/c++/11/system_error:41[m[K,
[4.522s]                  from [01m[K/usr/include/c++/11/mutex:42[m[K,
[4.522s]                  from [01m[K/usr/include/c++/11/future:38[m[K,
[4.522s]                  from [01m[K/home/gkasha/ros2_humble/install/rclcpp/include/rclcpp/rclcpp/executors.hpp:18[m[K,
[4.522s]                  from [01m[K/home/gkasha/ros2_humble/install/rclcpp/include/rclcpp/rclcpp/rclcpp.hpp:155[m[K,
[4.523s]                  from [01m[K/home/gkasha/Documents/maae/src/auction/src/agent.cpp:1[m[K:
[4.523s] [01m[K/usr/include/c++/11/bits/basic_string.h:6660:3:[m[K [01;36m[Knote: [m[Kcandidate: ‘[01m[Kstd::string std::__cxx11::to_string(int)[m[K’
[4.523s]  6660 |   [01;36m[Kto_string[m[K(int __val)
[4.523s]       |   [01;36m[K^~~~~~~~~[m[K
[4.523s] [01m[K/usr/include/c++/11/bits/basic_string.h:6660:17:[m[K [01;36m[Knote: [m[K  no known conversion for argument 1 from ‘[01m[Kstd::string[m[K’ {aka ‘[01m[Kstd::__cxx11::basic_string<char>[m[K’} to ‘[01m[Kint[m[K’
[4.523s]  6660 |   to_string([01;36m[Kint __val[m[K)
[4.523s]       |             [01;36m[K~~~~^~~~~[m[K
[4.523s] [01m[K/usr/include/c++/11/bits/basic_string.h:6671:3:[m[K [01;36m[Knote: [m[Kcandidate: ‘[01m[Kstd::string std::__cxx11::to_string(unsigned int)[m[K’
[4.523s]  6671 |   [01;36m[Kto_string[m[K(unsigned __val)
[4.524s]       |   [01;36m[K^~~~~~~~~[m[K
[4.524s] [01m[K/usr/include/c++/11/bits/basic_string.h:6671:22:[m[K [01;36m[Knote: [m[K  no known conversion for argument 1 from ‘[01m[Kstd::string[m[K’ {aka ‘[01m[Kstd::__cxx11::basic_string<char>[m[K’} to ‘[01m[Kunsigned int[m[K’
[4.525s]  6671 |   to_string([01;36m[Kunsigned __val[m[K)
[4.525s]       |             [01;36m[K~~~~~~~~~^~~~~[m[K
[4.525s] [01m[K/usr/include/c++/11/bits/basic_string.h:6679:3:[m[K [01;36m[Knote: [m[Kcandidate: ‘[01m[Kstd::string std::__cxx11::to_string(long int)[m[K’
[4.526s]  6679 |   [01;36m[Kto_string[m[K(long __val)
[4.526s]       |   [01;36m[K^~~~~~~~~[m[K
[4.526s] [01m[K/usr/include/c++/11/bits/basic_string.h:6679:18:[m[K [01;36m[Knote: [m[K  no known conversion for argument 1 from ‘[01m[Kstd::string[m[K’ {aka ‘[01m[Kstd::__cxx11::basic_string<char>[m[K’} to ‘[01m[Klong int[m[K’
[4.526s]  6679 |   to_string([01;36m[Klong __val[m[K)
[4.526s]       |             [01;36m[K~~~~~^~~~~[m[K
[4.527s] [01m[K/usr/include/c++/11/bits/basic_string.h:6690:3:[m[K [01;36m[Knote: [m[Kcandidate: ‘[01m[Kstd::string std::__cxx11::to_string(long unsigned int)[m[K’
[4.527s]  6690 |   [01;36m[Kto_string[m[K(unsigned long __val)
[4.527s]       |   [01;36m[K^~~~~~~~~[m[K
[4.527s] [01m[K/usr/include/c++/11/bits/basic_string.h:6690:27:[m[K [01;36m[Knote: [m[K  no known conversion for argument 1 from ‘[01m[Kstd::string[m[K’ {aka ‘[01m[Kstd::__cxx11::basic_string<char>[m[K’} to ‘[01m[Klong unsigned int[m[K’
[4.527s]  6690 |   to_string([01;36m[Kunsigned long __val[m[K)
[4.527s]       |             [01;36m[K~~~~~~~~~~~~~~^~~~~[m[K
[4.528s] [01m[K/usr/include/c++/11/bits/basic_string.h:6698:3:[m[K [01;36m[Knote: [m[Kcandidate: ‘[01m[Kstd::string std::__cxx11::to_string(long long int)[m[K’
[4.530s]  6698 |   [01;36m[Kto_string[m[K(long long __val)
[4.530s]       |   [01;36m[K^~~~~~~~~[m[K
[4.530s] [01m[K/usr/include/c++/11/bits/basic_string.h:6698:23:[m[K [01;36m[Knote: [m[K  no known conversion for argument 1 from ‘[01m[Kstd::string[m[K’ {aka ‘[01m[Kstd::__cxx11::basic_string<char>[m[K’} to ‘[01m[Klong long int[m[K’
[4.531s]  6698 |   to_string([01;36m[Klong long __val[m[K)
[4.531s]       |             [01;36m[K~~~~~~~~~~^~~~~[m[K
[4.531s] [01m[K/usr/include/c++/11/bits/basic_string.h:6710:3:[m[K [01;36m[Knote: [m[Kcandidate: ‘[01m[Kstd::string std::__cxx11::to_string(long long unsigned int)[m[K’
[4.531s]  6710 |   [01;36m[Kto_string[m[K(unsigned long long __val)
[4.531s]       |   [01;36m[K^~~~~~~~~[m[K
[4.531s] [01m[K/usr/include/c++/11/bits/basic_string.h:6710:32:[m[K [01;36m[Knote: [m[K  no known conversion for argument 1 from ‘[01m[Kstd::string[m[K’ {aka ‘[01m[Kstd::__cxx11::basic_string<char>[m[K’} to ‘[01m[Klong long unsigned int[m[K’
[4.531s]  6710 |   to_string([01;36m[Kunsigned long long __val[m[K)
[4.532s]       |             [01;36m[K~~~~~~~~~~~~~~~~~~~^~~~~[m[K
[4.532s] [01m[K/usr/include/c++/11/bits/basic_string.h:6721:3:[m[K [01;36m[Knote: [m[Kcandidate: ‘[01m[Kstd::string std::__cxx11::to_string(float)[m[K’
[4.532s]  6721 |   [01;36m[Kto_string[m[K(float __val)
[4.532s]       |   [01;36m[K^~~~~~~~~[m[K
[4.532s] [01m[K/usr/include/c++/11/bits/basic_string.h:6721:19:[m[K [01;36m[Knote: [m[K  no known conversion for argument 1 from ‘[01m[Kstd::string[m[K’ {aka ‘[01m[Kstd::__cxx11::basic_string<char>[m[K’} to ‘[01m[Kfloat[m[K’
[4.532s]  6721 |   to_string([01;36m[Kfloat __val[m[K)
[4.532s]       |             [01;36m[K~~~~~~^~~~~[m[K
[4.532s] [01m[K/usr/include/c++/11/bits/basic_string.h:6730:3:[m[K [01;36m[Knote: [m[Kcandidate: ‘[01m[Kstd::string std::__cxx11::to_string(double)[m[K’
[4.532s]  6730 |   [01;36m[Kto_string[m[K(double __val)
[4.532s]       |   [01;36m[K^~~~~~~~~[m[K
[4.532s] [01m[K/usr/include/c++/11/bits/basic_string.h:6730:20:[m[K [01;36m[Knote: [m[K  no known conversion for argument 1 from ‘[01m[Kstd::string[m[K’ {aka ‘[01m[Kstd::__cxx11::basic_string<char>[m[K’} to ‘[01m[Kdouble[m[K’
[4.532s]  6730 |   to_string([01;36m[Kdouble __val[m[K)
[4.532s]       |             [01;36m[K~~~~~~~^~~~~[m[K
[4.533s] [01m[K/usr/include/c++/11/bits/basic_string.h:6739:3:[m[K [01;36m[Knote: [m[Kcandidate: ‘[01m[Kstd::string std::__cxx11::to_string(long double)[m[K’
[4.533s]  6739 |   [01;36m[Kto_string[m[K(long double __val)
[4.533s]       |   [01;36m[K^~~~~~~~~[m[K
[4.533s] [01m[K/usr/include/c++/11/bits/basic_string.h:6739:25:[m[K [01;36m[Knote: [m[K  no known conversion for argument 1 from ‘[01m[Kstd::string[m[K’ {aka ‘[01m[Kstd::__cxx11::basic_string<char>[m[K’} to ‘[01m[Klong double[m[K’
[4.533s]  6739 |   to_string([01;36m[Klong double __val[m[K)
[4.542s]       |             [01;36m[K~~~~~~~~~~~~^~~~~[m[K
[4.542s] [01m[K/home/gkasha/Documents/maae/src/auction/src/agent.cpp:58:64:[m[K [01;31m[Kerror: [m[Kno matching function for call to ‘[01m[Kto_string(std::string&)[m[K’
[4.542s]    58 |             std::string topic = "agent_topic_" + [01;31m[Kstd::to_string(id)[m[K;
[4.542s]       |                                                  [01;31m[K~~~~~~~~~~~~~~^~~~[m[K
[4.542s] In file included from [01m[K/home/gkasha/ros2_humble/install/rclcpp/include/rclcpp/rclcpp/node_interfaces/node_parameters_interface.hpp:28[m[K,
[4.542s]                  from [01m[K/home/gkasha/ros2_humble/install/rclcpp/include/rclcpp/rclcpp/node.hpp:54[m[K,
[4.542s]                  from [01m[K/home/gkasha/ros2_humble/install/rclcpp/include/rclcpp/rclcpp/executors/single_threaded_executor.hpp:28[m[K,
[4.542s]                  from [01m[K/home/gkasha/ros2_humble/install/rclcpp/include/rclcpp/rclcpp/executors.hpp:22[m[K,
[4.542s]                  from [01m[K/home/gkasha/ros2_humble/install/rclcpp/include/rclcpp/rclcpp/rclcpp.hpp:155[m[K,
[4.542s]                  from [01m[K/home/gkasha/Documents/maae/src/auction/src/agent.cpp:1[m[K:
[4.542s] [01m[K/home/gkasha/ros2_humble/install/rclcpp/include/rclcpp/rclcpp/parameter.hpp:289:1:[m[K [01;36m[Knote: [m[Kcandidate: ‘[01m[Kstd::string std::to_string(const rclcpp::Parameter&)[m[K’
[4.543s]   289 | [01;36m[Kto_string[m[K(const rclcpp::Parameter & param);
[4.543s]       | [01;36m[K^~~~~~~~~[m[K
[4.543s] [01m[K/home/gkasha/ros2_humble/install/rclcpp/include/rclcpp/rclcpp/parameter.hpp:289:37:[m[K [01;36m[Knote: [m[K  no known conversion for argument 1 from ‘[01m[Kstd::string[m[K’ {aka ‘[01m[Kstd::__cxx11::basic_string<char>[m[K’} to ‘[01m[Kconst rclcpp::Parameter&[m[K’
[4.543s]   289 | to_string([01;36m[Kconst rclcpp::Parameter & param[m[K);
[4.543s]       |           [01;36m[K~~~~~~~~~~~~~~~~~~~~~~~~~~^~~~~[m[K
[4.543s] [01m[K/home/gkasha/ros2_humble/install/rclcpp/include/rclcpp/rclcpp/parameter.hpp:294:1:[m[K [01;36m[Knote: [m[Kcandidate: ‘[01m[Kstd::string std::to_string(const std::vector<rclcpp::Parameter>&)[m[K’
[4.543s]   294 | [01;36m[Kto_string[m[K(const std::vector<rclcpp::Parameter> & parameters);
[4.543s]       | [01;36m[K^~~~~~~~~[m[K
[4.543s] [01m[K/home/gkasha/ros2_humble/install/rclcpp/include/rclcpp/rclcpp/parameter.hpp:294:50:[m[K [01;36m[Knote: [m[K  no known conversion for argument 1 from ‘[01m[Kstd::string[m[K’ {aka ‘[01m[Kstd::__cxx11::basic_string<char>[m[K’} to ‘[01m[Kconst std::vector<rclcpp::Parameter>&[m[K’
[4.543s]   294 | to_string([01;36m[Kconst std::vector<rclcpp::Parameter> & parameters[m[K);
[4.543s]       |           [01;36m[K~~~~~~~~~~~~~~~~~~~~~~~~~~~~~~~~~~~~~~~^~~~~~~~~~[m[K
[4.543s] In file included from [01m[K/usr/include/c++/11/string:55[m[K,
[4.543s]                  from [01m[K/usr/include/c++/11/stdexcept:39[m[K,
[4.543s]                  from [01m[K/usr/include/c++/11/system_error:41[m[K,
[4.543s]                  from [01m[K/usr/include/c++/11/mutex:42[m[K,
[4.543s]                  from [01m[K/usr/include/c++/11/future:38[m[K,
[4.543s]                  from [01m[K/home/gkasha/ros2_humble/install/rclcpp/include/rclcpp/rclcpp/executors.hpp:18[m[K,
[4.543s]                  from [01m[K/home/gkasha/ros2_humble/install/rclcpp/include/rclcpp/rclcpp/rclcpp.hpp:155[m[K,
[4.544s]                  from [01m[K/home/gkasha/Documents/maae/src/auction/src/agent.cpp:1[m[K:
[4.544s] [01m[K/usr/include/c++/11/bits/basic_string.h:6660:3:[m[K [01;36m[Knote: [m[Kcandidate: ‘[01m[Kstd::string std::__cxx11::to_string(int)[m[K’
[4.544s]  6660 |   [01;36m[Kto_string[m[K(int __val)
[4.544s]       |   [01;36m[K^~~~~~~~~[m[K
[4.544s] [01m[K/usr/include/c++/11/bits/basic_string.h:6660:17:[m[K [01;36m[Knote: [m[K  no known conversion for argument 1 from ‘[01m[Kstd::string[m[K’ {aka ‘[01m[Kstd::__cxx11::basic_string<char>[m[K’} to ‘[01m[Kint[m[K’
[4.544s]  6660 |   to_string([01;36m[Kint __val[m[K)
[4.544s]       |             [01;36m[K~~~~^~~~~[m[K
[4.544s] [01m[K/usr/include/c++/11/bits/basic_string.h:6671:3:[m[K [01;36m[Knote: [m[Kcandidate: ‘[01m[Kstd::string std::__cxx11::to_string(unsigned int)[m[K’
[4.544s]  6671 |   [01;36m[Kto_string[m[K(unsigned __val)
[4.544s]       |   [01;36m[K^~~~~~~~~[m[K
[4.544s] [01m[K/usr/include/c++/11/bits/basic_string.h:6671:22:[m[K [01;36m[Knote: [m[K  no known conversion for argument 1 from ‘[01m[Kstd::string[m[K’ {aka ‘[01m[Kstd::__cxx11::basic_string<char>[m[K’} to ‘[01m[Kunsigned int[m[K’
[4.544s]  6671 |   to_string([01;36m[Kunsigned __val[m[K)
[4.544s]       |             [01;36m[K~~~~~~~~~^~~~~[m[K
[4.544s] [01m[K/usr/include/c++/11/bits/basic_string.h:6679:3:[m[K [01;36m[Knote: [m[Kcandidate: ‘[01m[Kstd::string std::__cxx11::to_string(long int)[m[K’
[4.544s]  6679 |   [01;36m[Kto_string[m[K(long __val)
[4.544s]       |   [01;36m[K^~~~~~~~~[m[K
[4.545s] [01m[K/usr/include/c++/11/bits/basic_string.h:6679:18:[m[K [01;36m[Knote: [m[K  no known conversion for argument 1 from ‘[01m[Kstd::string[m[K’ {aka ‘[01m[Kstd::__cxx11::basic_string<char>[m[K’} to ‘[01m[Klong int[m[K’
[4.545s]  6679 |   to_string([01;36m[Klong __val[m[K)
[4.545s]       |             [01;36m[K~~~~~^~~~~[m[K
[4.545s] [01m[K/usr/include/c++/11/bits/basic_string.h:6690:3:[m[K [01;36m[Knote: [m[Kcandidate: ‘[01m[Kstd::string std::__cxx11::to_string(long unsigned int)[m[K’
[4.545s]  6690 |   [01;36m[Kto_string[m[K(unsigned long __val)
[4.545s]       |   [01;36m[K^~~~~~~~~[m[K
[4.545s] [01m[K/usr/include/c++/11/bits/basic_string.h:6690:27:[m[K [01;36m[Knote: [m[K  no known conversion for argument 1 from ‘[01m[Kstd::string[m[K’ {aka ‘[01m[Kstd::__cxx11::basic_string<char>[m[K’} to ‘[01m[Klong unsigned int[m[K’
[4.545s]  6690 |   to_string([01;36m[Kunsigned long __val[m[K)
[4.545s]       |             [01;36m[K~~~~~~~~~~~~~~^~~~~[m[K
[4.545s] [01m[K/usr/include/c++/11/bits/basic_string.h:6698:3:[m[K [01;36m[Knote: [m[Kcandidate: ‘[01m[Kstd::string std::__cxx11::to_string(long long int)[m[K’
[4.545s]  6698 |   [01;36m[Kto_string[m[K(long long __val)
[4.545s]       |   [01;36m[K^~~~~~~~~[m[K
[4.545s] [01m[K/usr/include/c++/11/bits/basic_string.h:6698:23:[m[K [01;36m[Knote: [m[K  no known conversion for argument 1 from ‘[01m[Kstd::string[m[K’ {aka ‘[01m[Kstd::__cxx11::basic_string<char>[m[K’} to ‘[01m[Klong long int[m[K’
[4.545s]  6698 |   to_string([01;36m[Klong long __val[m[K)
[4.545s]       |             [01;36m[K~~~~~~~~~~^~~~~[m[K
[4.545s] [01m[K/usr/include/c++/11/bits/basic_string.h:6710:3:[m[K [01;36m[Knote: [m[Kcandidate: ‘[01m[Kstd::string std::__cxx11::to_string(long long unsigned int)[m[K’
[4.545s]  6710 |   [01;36m[Kto_string[m[K(unsigned long long __val)
[4.545s]       |   [01;36m[K^~~~~~~~~[m[K
[4.545s] [01m[K/usr/include/c++/11/bits/basic_string.h:6710:32:[m[K [01;36m[Knote: [m[K  no known conversion for argument 1 from ‘[01m[Kstd::string[m[K’ {aka ‘[01m[Kstd::__cxx11::basic_string<char>[m[K’} to ‘[01m[Klong long unsigned int[m[K’
[4.546s]  6710 |   to_string([01;36m[Kunsigned long long __val[m[K)
[4.546s]       |             [01;36m[K~~~~~~~~~~~~~~~~~~~^~~~~[m[K
[4.546s] [01m[K/usr/include/c++/11/bits/basic_string.h:6721:3:[m[K [01;36m[Knote: [m[Kcandidate: ‘[01m[Kstd::string std::__cxx11::to_string(float)[m[K’
[4.546s]  6721 |   [01;36m[Kto_string[m[K(float __val)
[4.546s]       |   [01;36m[K^~~~~~~~~[m[K
[4.546s] [01m[K/usr/include/c++/11/bits/basic_string.h:6721:19:[m[K [01;36m[Knote: [m[K  no known conversion for argument 1 from ‘[01m[Kstd::string[m[K’ {aka ‘[01m[Kstd::__cxx11::basic_string<char>[m[K’} to ‘[01m[Kfloat[m[K’
[4.546s]  6721 |   to_string([01;36m[Kfloat __val[m[K)
[4.546s]       |             [01;36m[K~~~~~~^~~~~[m[K
[4.546s] [01m[K/usr/include/c++/11/bits/basic_string.h:6730:3:[m[K [01;36m[Knote: [m[Kcandidate: ‘[01m[Kstd::string std::__cxx11::to_string(double)[m[K’
[4.546s]  6730 |   [01;36m[Kto_string[m[K(double __val)
[4.546s]       |   [01;36m[K^~~~~~~~~[m[K
[4.546s] [01m[K/usr/include/c++/11/bits/basic_string.h:6730:20:[m[K [01;36m[Knote: [m[K  no known conversion for argument 1 from ‘[01m[Kstd::string[m[K’ {aka ‘[01m[Kstd::__cxx11::basic_string<char>[m[K’} to ‘[01m[Kdouble[m[K’
[4.547s]  6730 |   to_string([01;36m[Kdouble __val[m[K)
[4.547s]       |             [01;36m[K~~~~~~~^~~~~[m[K
[4.547s] [01m[K/usr/include/c++/11/bits/basic_string.h:6739:3:[m[K [01;36m[Knote: [m[Kcandidate: ‘[01m[Kstd::string std::__cxx11::to_string(long double)[m[K’
[4.547s]  6739 |   [01;36m[Kto_string[m[K(long double __val)
[4.547s]       |   [01;36m[K^~~~~~~~~[m[K
[4.547s] [01m[K/usr/include/c++/11/bits/basic_string.h:6739:25:[m[K [01;36m[Knote: [m[K  no known conversion for argument 1 from ‘[01m[Kstd::string[m[K’ {aka ‘[01m[Kstd::__cxx11::basic_string<char>[m[K’} to ‘[01m[Klong double[m[K’
[4.547s]  6739 |   to_string([01;36m[Klong double __val[m[K)
[4.547s]       |             [01;36m[K~~~~~~~~~~~~^~~~~[m[K
[4.547s] [01m[K/home/gkasha/Documents/maae/src/auction/src/goal_manager.cpp:17:37:[m[K [01;31m[Kerror: [m[Kexpected class-name before ‘[01m[K:[m[K’ token
[4.547s]    17 | class ListenerNode : public rclcpp::[01;31m[K:[m[KNode
[4.547s]       |                                     [01;31m[K^[m[K
[4.547s] [01m[K/home/gkasha/Documents/maae/src/auction/src/goal_manager.cpp:17:37:[m[K [01;31m[Kerror: [m[Kexpected ‘[01m[K{[m[K’ before ‘[01m[K:[m[K’ token
[4.547s] [01m[K/home/gkasha/Documents/maae/src/auction/src/goal_manager.cpp:17:37:[m[K [01;31m[Kerror: [m[Kexpected unqualified-id before ‘[01m[K:[m[K’ token
[4.547s] [01m[K/home/gkasha/Documents/maae/src/auction/src/goal_manager.cpp:[m[K In function ‘[01m[Kint main(int, char**)[m[K’:
[4.547s] [01m[K/home/gkasha/Documents/maae/src/auction/src/goal_manager.cpp:96:22:[m[K [01;31m[Kerror: [m[Kno matching function for call to ‘[01m[Krclcpp::executors::MultiThreadedExecutor::add_node(std::shared_ptr<ListenerNode>&)[m[K’
[4.547s]    96 |     [01;31m[Kexecutor.add_node(gm)[m[K;
[4.547s]       |     [01;31m[K~~~~~~~~~~~~~~~~~^~~~[m[K
[4.548s] In file included from [01m[K/home/gkasha/ros2_humble/install/rclcpp/include/rclcpp/rclcpp/executors/multi_threaded_executor.hpp:25[m[K,
[4.548s]                  from [01m[K/home/gkasha/ros2_humble/install/rclcpp/include/rclcpp/rclcpp/executors.hpp:21[m[K,
[4.548s]                  from [01m[K/home/gkasha/ros2_humble/install/rclcpp/include/rclcpp/rclcpp/rclcpp.hpp:155[m[K,
[4.548s]                  from [01m[K/home/gkasha/Documents/maae/src/auction/src/goal_manager.cpp:1[m[K:
[4.548s] [01m[K/home/gkasha/ros2_humble/install/rclcpp/include/rclcpp/rclcpp/executor.hpp:201:3:[m[K [01;36m[Knote: [m[Kcandidate: ‘[01m[Kvirtual void rclcpp::Executor::add_node(rclcpp::node_interfaces::NodeBaseInterface::SharedPtr, bool)[m[K’
[4.548s]   201 |   [01;36m[Kadd_node[m[K(rclcpp::node_interfaces::NodeBaseInterface::SharedPtr node_ptr, bool notify = true);
[4.548s]       |   [01;36m[K^~~~~~~~[m[K
[4.548s] [01m[K/home/gkasha/ros2_humble/install/rclcpp/include/rclcpp/rclcpp/executor.hpp:201:66:[m[K [01;36m[Knote: [m[K  no known conversion for argument 1 from ‘[01m[Kshared_ptr<[01;32m[KListenerNode[m[K>[m[K’ to ‘[01m[Kshared_ptr<[01;32m[Krclcpp::node_interfaces::NodeBaseInterface[m[K>[m[K’
[4.548s]   201 |   add_node([01;36m[Krclcpp::node_interfaces::NodeBaseInterface::SharedPtr node_ptr[m[K, bool notify = true);
[4.548s]       |            [01;36m[K~~~~~~~~~~~~~~~~~~~~~~~~~~~~~~~~~~~~~~~~~~~~~~~~~~~~~~^~~~~~~~[m[K
[4.548s] [01m[K/home/gkasha/ros2_humble/install/rclcpp/include/rclcpp/rclcpp/executor.hpp:209:3:[m[K [01;36m[Knote: [m[Kcandidate: ‘[01m[Kvirtual void rclcpp::Executor::add_node(std::shared_ptr<rclcpp::Node>, bool)[m[K’
[4.548s]   209 |   [01;36m[Kadd_node[m[K(std::shared_ptr<rclcpp::Node> node_ptr, bool notify = true);
[4.548s]       |   [01;36m[K^~~~~~~~[m[K
[4.548s] [01m[K/home/gkasha/ros2_humble/install/rclcpp/include/rclcpp/rclcpp/executor.hpp:209:42:[m[K [01;36m[Knote: [m[K  no known conversion for argument 1 from ‘[01m[Kshared_ptr<[01;32m[KListenerNode[m[K>[m[K’ to ‘[01m[Kshared_ptr<[01;32m[Krclcpp::Node[m[K>[m[K’
[4.548s]   209 |   add_node([01;36m[Kstd::shared_ptr<rclcpp::Node> node_ptr[m[K, bool notify = true);
[4.549s]       |            [01;36m[K~~~~~~~~~~~~~~~~~~~~~~~~~~~~~~^~~~~~~~[m[K
[4.549s] [01m[K/home/gkasha/Documents/maae/src/auction/src/agent.cpp:63:13:[m[K [01;31m[Kerror: [m[K‘[01m[Kcbgs_new_goals_[m[K’ was not declared in this scope
[4.549s]    63 |             [01;31m[Kcbgs_new_goals_[m[K = this->create_callback_group(
[4.549s]       |             [01;31m[K^~~~~~~~~~~~~~~[m[K
[4.549s] [01m[K/home/gkasha/Documents/maae/src/auction/src/agent.cpp:69:13:[m[K [01;31m[Kerror: [m[K‘[01m[Knew_goals_[m[K’ was not declared in this scope; did you mean ‘[01m[Knew_goals_cb[m[K’?
[4.550s]    69 |             [01;31m[Knew_goals_[m[K = this->create_subscription<ma_interfaces::msg::Goal>(
[4.550s]       |             [01;31m[K^~~~~~~~~~[m[K
[4.550s]       |             [32m[Knew_goals_cb[m[K
[4.553s] In file included from [01m[K/usr/include/c++/11/pstl/glue_algorithm_defs.h:13[m[K,
[4.554s]                  from [01m[K/usr/include/c++/11/algorithm:74[m[K,
[4.554s]                  from [01m[K/home/gkasha/ros2_humble/install/rclcpp/include/rclcpp/rclcpp/executor.hpp:18[m[K,
[4.554s]                  from [01m[K/home/gkasha/ros2_humble/install/rclcpp/include/rclcpp/rclcpp/executors/multi_threaded_executor.hpp:25[m[K,
[4.554s]                  from [01m[K/home/gkasha/ros2_humble/install/rclcpp/include/rclcpp/rclcpp/executors.hpp:21[m[K,
[4.554s]                  from [01m[K/home/gkasha/ros2_humble/install/rclcpp/include/rclcpp/rclcpp/rclcpp.hpp:155[m[K,
[4.554s]                  from [01m[K/home/gkasha/Documents/maae/src/auction/src/agent.cpp:1[m[K:
[4.554s] /usr/include/c++/11/functional: In instantiation of ‘[01m[Kstruct std::_Bind_check_arity<void (Agent::*)(ma_interfaces::msg::Goal_<std::allocator<void> >), Agent*, const std::_Placeholder<1>&, rclcpp::SubscriptionOptionsWithAllocator<std::allocator<void> >&>[m[K’:
[4.554s] [01m[K/usr/include/c++/11/functional:768:12:[m[K   required from ‘[01m[Kstruct std::_Bind_helper<false, void (Agent::*)(ma_interfaces::msg::Goal_<std::allocator<void> >), Agent*, const std::_Placeholder<1>&, rclcpp::SubscriptionOptionsWithAllocator<std::allocator<void> >&>[m[K’
[4.554s] [01m[K/usr/include/c++/11/functional:789:5:[m[K   required by substitution of ‘[01m[Ktemplate<class _Func, class ... _BoundArgs> typename std::_Bind_helper<std::__is_socketlike<_Func>::value, _Func, _BoundArgs ...>::type std::bind(_Func&&, _BoundArgs&& ...) [with _Func = void (Agent::*)(ma_interfaces::msg::Goal_<std::allocator<void> >); _BoundArgs = {Agent*, const std::_Placeholder<1>&, rclcpp::SubscriptionOptionsWithAllocator<std::allocator<void> >&}][m[K’
[4.554s] [01m[K/home/gkasha/Documents/maae/src/auction/src/agent.cpp:72:30:[m[K   required from here
[4.554s] [01m[K/usr/include/c++/11/functional:756:21:[m[K [01;31m[Kerror: [m[Kstatic assertion failed: Wrong number of arguments for pointer-to-member
[4.554s]   755 |       static_assert(_Varargs::[01;31m[Kvalue[m[K
[4.554s]       |                               [01;31m[K~~~~~[m[K
[4.554s]   756 | [01;31m[K                    ? sizeof...(_BoundArgs) >= _Arity::value + 1[m[K
[4.554s]       |                     [01;31m[K^~~~~~~~~~~~~~~~~~~~~~~~~~~~~~~~~~~~~~~~~~~~[m[K
[4.554s]   757 | [01;31m[K                    : sizeof...(_BoundArgs) == _Arity::value + 1[m[K,
[4.554s]       |                     [01;31m[K~~~~~~~~~~~~~~~~~~~~~~~~~~~~~~~~~~~~~~~~~~~~[m[K
[4.555s] [01m[K/usr/include/c++/11/functional:756:21:[m[K [01;36m[Knote: [m[K‘[01m[K(false ? (3 >= (((long unsigned int)std::integral_constant<long unsigned int, 1>::value) + 1)) : (3 == (((long unsigned int)std::integral_constant<long unsigned int, 1>::value) + 1)))[m[K’ evaluates to false
[4.567s] [01m[K/home/gkasha/Documents/maae/src/auction/src/agent.cpp:76:39:[m[K [01;31m[Kerror: [m[Kexpected ‘[01m[K)[m[K’ before ‘[01m[K;[m[K’ token
[4.567s]    76 |                         new_goals_opt)[01;31m[K;[m[K
[4.567s]       |                                       [01;31m[K^[m[K
[4.567s] [01m[K/home/gkasha/Documents/maae/src/auction/src/agent.cpp:69:77:[m[K [01;36m[Knote: [m[Kto match this ‘[01m[K([m[K’
[4.567s]    69 |             new_goals_ = this->create_subscription<ma_interfaces::msg::Goal>[01;36m[K([m[K
[4.567s]       |                                                                             [01;36m[K^[m[K
[4.586s] [01m[K/home/gkasha/Documents/maae/src/auction/src/auctioneer.cpp:[m[K In function ‘[01m[Kvoid start_auction(std::shared_ptr<ma_interfaces::srv::AuctionSrv_Request_<std::allocator<void> > >, std::shared_ptr<ma_interfaces::srv::AuctionSrv_Response_<std::allocator<void> > >)[m[K’:
[4.586s] [01m[K/home/gkasha/Documents/maae/src/auction/src/auctioneer.cpp:27:72:[m[K [01;35m[Kwarning: [m[Kunused parameter ‘[01m[Kreq[m[K’ [[01;35m[K]8;;https://gcc.gnu.org/onlinedocs/gcc/Warning-Options.html#index-Wunused-parameter-Wunused-parameter]8;;[m[K]
[4.586s]    27 |         [01;35m[Kconst std::shared_ptr<ma_interfaces::srv::AuctionSrv::Request> req[m[K,
[4.586s]       |         [01;35m[K~~~~~~~~~~~~~~~~~~~~~~~~~~~~~~~~~~~~~~~~~~~~~~~~~~~~~~~~~~~~~~~^~~[m[K
[4.586s] [01m[K/home/gkasha/Documents/maae/src/auction/src/auctioneer.cpp:28:67:[m[K [01;35m[Kwarning: [m[Kunused parameter ‘[01m[Krep[m[K’ [[01;35m[K]8;;https://gcc.gnu.org/onlinedocs/gcc/Warning-Options.html#index-Wunused-parameter-Wunused-parameter]8;;[m[K]
[4.587s]    28 |         [01;35m[Kstd::shared_ptr<ma_interfaces::srv::AuctionSrv::Response> rep[m[K)
[4.587s]       |         [01;35m[K~~~~~~~~~~~~~~~~~~~~~~~~~~~~~~~~~~~~~~~~~~~~~~~~~~~~~~~~~~^~~[m[K
[4.994s] In file included from [01m[K/usr/include/c++/11/bits/shared_ptr_base.h:60[m[K,
[4.995s]                  from [01m[K/usr/include/c++/11/bits/shared_ptr.h:53[m[K,
[4.995s]                  from [01m[K/usr/include/c++/11/memory:77[m[K,
[4.995s]                  from [01m[K/home/gkasha/ros2_humble/install/rclcpp/include/rclcpp/rclcpp/rclcpp.hpp:153[m[K,
[4.995s]                  from [01m[K/home/gkasha/Documents/maae/src/auction/src/goal_manager.cpp:1[m[K:
[4.995s] /usr/include/c++/11/ext/aligned_buffer.h: In instantiation of ‘[01m[Kstruct __gnu_cxx::__aligned_buffer<ListenerNode>[m[K’:
[4.995s] [01m[K/usr/include/c++/11/bits/shared_ptr_base.h:506:35:[m[K   required from ‘[01m[Kclass std::_Sp_counted_ptr_inplace<ListenerNode, std::allocator<ListenerNode>, __gnu_cxx::_S_atomic>::_Impl[m[K’
[4.995s] [01m[K/usr/include/c++/11/bits/shared_ptr_base.h:567:13:[m[K   required from ‘[01m[Kclass std::_Sp_counted_ptr_inplace<ListenerNode, std::allocator<ListenerNode>, __gnu_cxx::_S_atomic>[m[K’
[4.995s] [01m[K/usr/include/c++/11/bits/shared_ptr_base.h:647:43:[m[K   required from ‘[01m[Kstd::__shared_count<_Lp>::__shared_count(_Tp*&, std::_Sp_alloc_shared_tag<_Alloc>, _Args&& ...) [with _Tp = ListenerNode; _Alloc = std::allocator<ListenerNode>; _Args = {}; __gnu_cxx::_Lock_policy _Lp = __gnu_cxx::_S_atomic][m[K’
[4.995s] [01m[K/usr/include/c++/11/bits/shared_ptr_base.h:1342:14:[m[K   required from ‘[01m[Kstd::__shared_ptr<_Tp, _Lp>::__shared_ptr(std::_Sp_alloc_shared_tag<_Tp>, _Args&& ...) [with _Alloc = std::allocator<ListenerNode>; _Args = {}; _Tp = ListenerNode; __gnu_cxx::_Lock_policy _Lp = __gnu_cxx::_S_atomic][m[K’
[4.995s] [01m[K/usr/include/c++/11/bits/shared_ptr.h:409:59:[m[K   required from ‘[01m[Kstd::shared_ptr<_Tp>::shared_ptr(std::_Sp_alloc_shared_tag<_Tp>, _Args&& ...) [with _Alloc = std::allocator<ListenerNode>; _Args = {}; _Tp = ListenerNode][m[K’
[4.995s] [01m[K/usr/include/c++/11/bits/shared_ptr.h:862:14:[m[K   required from ‘[01m[Kstd::shared_ptr<_Tp> std::allocate_shared(const _Alloc&, _Args&& ...) [with _Tp = ListenerNode; _Alloc = std::allocator<ListenerNode>; _Args = {}][m[K’
[4.995s] [01m[K/usr/include/c++/11/bits/shared_ptr.h:878:39:[m[K   required from ‘[01m[Kstd::shared_ptr<_Tp> std::make_shared(_Args&& ...) [with _Tp = ListenerNode; _Args = {}][m[K’
[4.995s] [01m[K/home/gkasha/Documents/maae/src/auction/src/goal_manager.cpp:94:45:[m[K   required from here
[4.996s] [01m[K/usr/include/c++/11/ext/aligned_buffer.h:91:28:[m[K [01;31m[Kerror: [m[Kinvalid application of ‘[01m[Ksizeof[m[K’ to incomplete type ‘[01m[KListenerNode[m[K’
[4.996s]    91 |     : std::aligned_storage<[01;31m[Ksizeof(_Tp)[m[K, __alignof__(_Tp)>
[4.996s]       |                            [01;31m[K^~~~~~~~~~~[m[K
[4.996s] [01m[K/usr/include/c++/11/ext/aligned_buffer.h:91:28:[m[K [01;31m[Kerror: [m[Kinvalid application of ‘[01m[Ksizeof[m[K’ to incomplete type ‘[01m[KListenerNode[m[K’
[5.150s] gmake[2]: *** [CMakeFiles/goal_manager.dir/build.make:76: CMakeFiles/goal_manager.dir/src/goal_manager.cpp.o] Error 1
[5.150s] gmake[1]: *** [CMakeFiles/Makefile2:221: CMakeFiles/goal_manager.dir/all] Error 2
[5.150s] gmake[1]: *** Waiting for unfinished jobs....
[5.562s] gmake[2]: *** [CMakeFiles/agent.dir/build.make:76: CMakeFiles/agent.dir/src/agent.cpp.o] Error 1
[5.562s] gmake[1]: *** [CMakeFiles/Makefile2:195: CMakeFiles/agent.dir/all] Error 2
[6.128s] [ 62%] [32m[1mLinking CXX executable server[0m
[7.056s] [ 75%] [32m[1mLinking CXX executable client[0m
[7.217s] [ 75%] Built target server
[7.681s] [ 75%] Built target client
[7.683s] gmake: *** [Makefile:146: all] Error 2
[7.685s] Invoked command in '/home/gkasha/Documents/maae/build/auction' returned '2': AMENT_PREFIX_PATH=/home/gkasha/Documents/maae/install/ma_interfaces:${AMENT_PREFIX_PATH} CMAKE_PREFIX_PATH=/home/gkasha/Documents/maae/install/ma_interfaces:/home/gkasha/ros2_humble/install/rosbag2_storage_mcap:/home/gkasha/ros2_humble/install/rosbag2:/home/gkasha/ros2_humble/install/rosbag2_compression_zstd:/home/gkasha/ros2_humble/install/mcap_vendor:/home/gkasha/ros2_humble/install/zstd_vendor:/home/gkasha/ros2_humble/install/rviz_visual_testing_framework:/home/gkasha/ros2_humble/install/rviz2:/home/gkasha/ros2_humble/install/rviz_default_plugins:/home/gkasha/ros2_humble/install/rviz_common:/home/gkasha/ros2_humble/install/rosbag2_py:/home/gkasha/ros2_humble/install/rosbag2_transport:/home/gkasha/ros2_humble/install/rosbag2_performance_benchmarking:/home/gkasha/ros2_humble/install/rosbag2_compression:/home/gkasha/ros2_humble/install/rosbag2_cpp:/home/gkasha/ros2_humble/install/rosbag2_storage_default_plugins:/home/gkasha/ros2_humble/install/rosbag2_storage:/home/gkasha/ros2_humble/install/image_common:/home/gkasha/ros2_humble/install/camera_info_manager:/home/gkasha/ros2_humble/install/camera_calibration_parsers:/home/gkasha/ros2_humble/install/yaml_cpp_vendor:/home/gkasha/ros2_humble/install/interactive_markers:/home/gkasha/ros2_humble/install/common_interfaces:/home/gkasha/ros2_humble/install/visualization_msgs:/home/gkasha/ros2_humble/install/dummy_robot_bringup:/home/gkasha/ros2_humble/install/robot_state_publisher:/home/gkasha/ros2_humble/install/kdl_parser:/home/gkasha/ros2_humble/install/urdf:/home/gkasha/ros2_humble/install/urdfdom:/home/gkasha/ros2_humble/install/urdf_parser_plugin:/home/gkasha/ros2_humble/install/urdfdom_headers:/home/gkasha/ros2_humble/install/turtlesim:/home/gkasha/ros2_humble/install/geometry2:/home/gkasha/ros2_humble/install/tf2_sensor_msgs:/home/gkasha/ros2_humble/install/test_tf2:/home/gkasha/ros2_humble/install/tf2_kdl:/home/gkasha/ros2_humble/install/tf2_geometry_msgs:/home/gkasha/ros2_humble/install/tf2_eigen:/home/gkasha/ros2_humble/install/tf2_bullet:/home/gkasha/ros2_humble/install/tf2_ros:/home/gkasha/ros2_humble/install/tf2_py:/home/gkasha/ros2_humble/install/tf2_msgs:/home/gkasha/ros2_humble/install/test_msgs:/home/gkasha/ros2_humble/install/sros2_cmake:/home/gkasha/ros2_humble/install/ros2cli_common_extensions:/home/gkasha/ros2_humble/install/rqt_py_common:/home/gkasha/ros2_humble/install/ros_testing:/home/gkasha/ros2_humble/install/ros2cli_test_interfaces:/home/gkasha/ros2_humble/install/quality_of_service_demo_cpp:/home/gkasha/ros2_humble/install/image_transport:/home/gkasha/ros2_humble/install/message_filters:/home/gkasha/ros2_humble/install/demo_nodes_cpp:/home/gkasha/ros2_humble/install/composition:/home/gkasha/ros2_humble/install/laser_geometry:/home/gkasha/ros2_humble/install/rclpy:/home/gkasha/ros2_humble/install/examples_rclcpp_minimal_action_server:/home/gkasha/ros2_humble/install/examples_rclcpp_minimal_action_client:/home/gkasha/ros2_humble/install/action_tutorials_cpp:/home/gkasha/ros2_humble/install/rclcpp_action:/home/gkasha/ros2_humble/install/rcl_action:/home/gkasha/ros2_humble/install/examples_rclcpp_wait_set:/home/gkasha/ros2_humble/install/examples_rclcpp_minimal_service:/home/gkasha/ros2_humble/install/examples_rclcpp_minimal_client:/home/gkasha/ros2_humble/install/examples_rclcpp_async_client:/home/gkasha/ros2_humble/install/example_interfaces:/home/gkasha/ros2_humble/install/action_tutorials_interfaces:/home/gkasha/ros2_humble/install/action_msgs:/home/gkasha/ros2_humble/install/unique_identifier_msgs:/home/gkasha/ros2_humble/install/ament_lint_common:/home/gkasha/ros2_humble/install/ament_cmake_uncrustify:/home/gkasha/ros2_humble/install/uncrustify_vendor:/home/gkasha/ros2_humble/install/trajectory_msgs:/home/gkasha/ros2_humble/install/topic_statistics_demo:/home/gkasha/ros2_humble/install/pendulum_control:/home/gkasha/ros2_humble/install/tlsf_cpp:/home/gkasha/ros2_humble/install/test_tracetools:/home/gkasha/ros2_humble/install/rqt_gui_cpp:/home/gkasha/ros2_humble/install/rosbag2_test_common:/home/gkasha/ros2_humble/install/ros2lifecycle_test_fixtures:/home/gkasha/ros2_humble/install/lifecycle:/home/gkasha/ros2_humble/install/rclcpp_lifecycle:/home/gkasha/ros2_humble/install/logging_demo:/home/gkasha/ros2_humble/install/image_tools:/home/gkasha/ros2_humble/install/examples_rclcpp_minimal_subscriber:/home/gkasha/ros2_humble/install/examples_rclcpp_minimal_composition:/home/gkasha/ros2_humble/install/demo_nodes_cpp_native:/home/gkasha/ros2_humble/install/rclcpp_components:/home/gkasha/ros2_humble/install/intra_process_demo:/home/gkasha/ros2_humble/install/examples_rclcpp_multithreaded_executor:/home/gkasha/ros2_humble/install/examples_rclcpp_minimal_timer:/home/gkasha/ros2_humble/install/examples_rclcpp_minimal_publisher:/home/gkasha/ros2_humble/install/examples_rclcpp_cbg_executor:/home/gkasha/ros2_humble/install/dummy_sensors:/home/gkasha/ros2_humble/install/dummy_map_server:/home/gkasha/ros2_humble/install/rclcpp:/home/gkasha/ros2_humble/install/rcl_lifecycle:/home/gkasha/ros2_humble/install/libstatistics_collector:/home/gkasha/ros2_humble/install/rcl:/home/gkasha/ros2_humble/install/rmw_implementation:/home/gkasha/ros2_humble/install/rmw_fastrtps_dynamic_cpp:/home/gkasha/ros2_humble/install/rmw_fastrtps_cpp:/home/gkasha/ros2_humble/install/rmw_fastrtps_shared_cpp:/home/gkasha/ros2_humble/install/rmw_cyclonedds_cpp:/home/gkasha/ros2_humble/install/tracetools:/home/gkasha/ros2_humble/install/tlsf:/home/gkasha/ros2_humble/install/tinyxml_vendor:/home/gkasha/ros2_humble/install/qt_gui_core:/home/gkasha/ros2_humble/install/qt_gui_cpp:/home/gkasha/ros2_humble/install/pluginlib:/home/gkasha/ros2_humble/install/tinyxml2_vendor:/home/gkasha/ros2_humble/install/tf2_eigen_kdl:/home/gkasha/ros2_humble/install/tf2:/home/gkasha/ros2_humble/install/test_security:/home/gkasha/ros2_humble/install/test_rmw_implementation:/home/gkasha/ros2_humble/install/test_rclcpp:/home/gkasha/ros2_humble/install/test_quality_of_service:/home/gkasha/ros2_humble/install/test_launch_testing:/home/gkasha/ros2_humble/install/test_interface_files:/home/gkasha/ros2_humble/install/test_communication:/home/gkasha/ros2_humble/install/test_cli_remapping:/home/gkasha/ros2_humble/install/test_cli:/home/gkasha/ros2_humble/install/qt_gui_app:/home/gkasha/ros2_humble/install/qt_gui:/home/gkasha/ros2_humble/install/tango_icons_vendor:/home/gkasha/ros2_humble/install/stereo_msgs:/home/gkasha/ros2_humble/install/std_srvs:/home/gkasha/ros2_humble/install/shape_msgs:/home/gkasha/ros2_humble/install/map_msgs:/home/gkasha/ros2_humble/install/sensor_msgs:/home/gkasha/ros2_humble/install/nav_msgs:/home/gkasha/ros2_humble/install/diagnostic_msgs:/home/gkasha/ros2_humble/install/geometry_msgs:/home/gkasha/ros2_humble/install/actionlib_msgs:/home/gkasha/ros2_humble/install/std_msgs:/home/gkasha/ros2_humble/install/statistics_msgs:/home/gkasha/ros2_humble/install/sqlite3_vendor:/home/gkasha/ros2_humble/install/rcl_logging_spdlog:/home/gkasha/ros2_humble/install/spdlog_vendor:/home/gkasha/ros2_humble/install/shared_queues_vendor:/home/gkasha/ros2_humble/install/rviz_rendering_tests:/home/gkasha/ros2_humble/install/rviz_rendering:/home/gkasha/ros2_humble/install/rviz_ogre_vendor:/home/gkasha/ros2_humble/install/rviz_assimp_vendor:/home/gkasha/ros2_humble/install/rttest:/home/gkasha/ros2_humble/install/rmw_connextddsmicro:/home/gkasha/ros2_humble/install/rmw_connextdds:/home/gkasha/ros2_humble/install/rmw_connextdds_common:/home/gkasha/ros2_humble/install/rti_connext_dds_cmake_module:/home/gkasha/ros2_humble/install/rosgraph_msgs:/home/gkasha/ros2_humble/install/rosbag2_interfaces:/home/gkasha/ros2_humble/install/rmw_dds_common:/home/gkasha/ros2_humble/install/composition_interfaces:/home/gkasha/ros2_humble/install/rcl_interfaces:/home/gkasha/ros2_humble/install/pendulum_msgs:/home/gkasha/ros2_humble/install/lifecycle_msgs:/home/gkasha/ros2_humble/install/builtin_interfaces:/home/gkasha/ros2_humble/install/rosidl_default_runtime:/home/gkasha/ros2_humble/install/rosidl_default_generators:/home/gkasha/ros2_humble/install/rosidl_generator_py:/home/gkasha/ros2_humble/install/rosidl_typesupport_introspection_tests:/home/gkasha/ros2_humble/install/rosidl_typesupport_cpp:/home/gkasha/ros2_humble/install/rosidl_typesupport_introspection_cpp:/home/gkasha/ros2_humble/install/rosidl_typesupport_c:/home/gkasha/ros2_humble/install/rosidl_typesupport_introspection_c:/home/gkasha/ros2_humble/install/rosidl_typesupport_fastrtps_c:/home/gkasha/ros2_humble/install/rosidl_typesupport_fastrtps_cpp:/home/gkasha/ros2_humble/install/rosidl_generator_cpp:/home/gkasha/ros2_humble/install/rosidl_runtime_cpp:/home/gkasha/ros2_humble/install/rcl_yaml_param_parser:/home/gkasha/ros2_humble/install/rmw:/home/gkasha/ros2_humble/install/rosidl_runtime_c:/home/gkasha/ros2_humble/install/rosidl_generator_c:/home/gkasha/ros2_humble/install/rosidl_typesupport_interface:/home/gkasha/ros2_humble/install/rosidl_generator_dds_idl:/home/gkasha/ros2_humble/install/rosidl_cmake:/home/gkasha/ros2_humble/install/rosidl_parser:/home/gkasha/ros2_humble/install/rosidl_adapter:/home/gkasha/ros2_humble/install/rosbag2_tests:/home/gkasha/ros2_humble/install/rosbag2_storage_mcap_testdata:/home/gkasha/ros2_humble/install/ros_environment:/home/gkasha/ros2_humble/install/rmw_implementation_cmake:/home/gkasha/ros2_humble/install/resource_retriever:/home/gkasha/ros2_humble/install/class_loader:/home/gkasha/ros2_humble/install/rcpputils:/home/gkasha/ros2_humble/install/rcl_logging_noop:/home/gkasha/ros2_humble/install/rcl_logging_interface:/home/gkasha/ros2_humble/install/rcutils:/home/gkasha/ros2_humble/install/qt_gui_py_common:/home/gkasha/ros2_humble/install/qt_dotgraph:/home/gkasha/ros2_humble/install/python_qt_binding:/home/gkasha/ros2_humble/install/python_orocos_kdl_vendor:/home/gkasha/ros2_humble/install/launch_testing_ament_cmake:/home/gkasha/ros2_humble/install/python_cmake_module:/home/gkasha/ros2_humble/install/pybind11_vendor:/home/gkasha/ros2_humble/install/performance_test_fixture:/home/gkasha/ros2_humble/install/osrf_testing_tools_cpp:/home/gkasha/ros2_humble/install/orocos_kdl_vendor:/home/gkasha/ros2_humble/install/mimick_vendor:/home/gkasha/ros2_humble/install/libyaml_vendor:/home/gkasha/ros2_humble/install/libcurl_vendor:/home/gkasha/ros2_humble/install/keyboard_handler:/home/gkasha/ros2_humble/install/cyclonedds:/home/gkasha/ros2_humble/install/iceoryx_posh:/home/gkasha/ros2_humble/install/iceoryx_hoofs:/home/gkasha/ros2_humble/install/iceoryx_binding_c:/home/gkasha/ros2_humble/install/ament_cmake_ros:/home/gkasha/ros2_humble/install/ament_cmake_gmock:/home/gkasha/ros2_humble/install/gmock_vendor:/home/gkasha/ros2_humble/install/ament_cmake_auto:/home/gkasha/ros2_humble/install/ament_cmake_gtest:/home/gkasha/ros2_humble/install/gtest_vendor:/home/gkasha/ros2_humble/install/ament_cmake_google_benchmark:/home/gkasha/ros2_humble/install/google_benchmark_vendor:/home/gkasha/ros2_humble/install/fastrtps:/home/gkasha/ros2_humble/install/foonathan_memory_vendor:/home/gkasha/ros2_humble/install/fastrtps_cmake_module:/home/gkasha/ros2_humble/install/fastcdr:/home/gkasha/ros2_humble/install/eigen3_cmake_module:/home/gkasha/ros2_humble/install/console_bridge_vendor:/home/gkasha/ros2_humble/install/ament_cmake_xmllint:/home/gkasha/ros2_humble/install/ament_cmake_pyflakes:/home/gkasha/ros2_humble/install/ament_cmake_pycodestyle:/home/gkasha/ros2_humble/install/ament_cmake_pep257:/home/gkasha/ros2_humble/install/ament_cmake_pclint:/home/gkasha/ros2_humble/install/ament_lint_auto:/home/gkasha/ros2_humble/install/ament_cmake:/home/gkasha/ros2_humble/install/ament_cmake_version:/home/gkasha/ros2_humble/install/ament_cmake_pytest:/home/gkasha/ros2_humble/install/ament_cmake_nose:/home/gkasha/ros2_humble/install/ament_cmake_mypy:/home/gkasha/ros2_humble/install/ament_cmake_lint_cmake:/home/gkasha/ros2_humble/install/ament_cmake_flake8:/home/gkasha/ros2_humble/install/ament_cmake_cpplint:/home/gkasha/ros2_humble/install/ament_cmake_cppcheck:/home/gkasha/ros2_humble/install/ament_cmake_copyright:/home/gkasha/ros2_humble/install/ament_cmake_clang_tidy:/home/gkasha/ros2_humble/install/ament_cmake_clang_format:/home/gkasha/ros2_humble/install/ament_cmake_test:/home/gkasha/ros2_humble/install/ament_cmake_target_dependencies:/home/gkasha/ros2_humble/install/ament_cmake_python:/home/gkasha/ros2_humble/install/ament_cmake_export_dependencies:/home/gkasha/ros2_humble/install/ament_cmake_libraries:/home/gkasha/ros2_humble/install/ament_cmake_include_directories:/home/gkasha/ros2_humble/install/ament_cmake_gen_version_h:/home/gkasha/ros2_humble/install/ament_cmake_export_targets:/home/gkasha/ros2_humble/install/ament_cmake_export_link_flags:/home/gkasha/ros2_humble/install/ament_cmake_export_interfaces:/home/gkasha/ros2_humble/install/ament_cmake_export_libraries:/home/gkasha/ros2_humble/install/ament_cmake_export_include_directories:/home/gkasha/ros2_humble/install/ament_cmake_export_definitions:/home/gkasha/ros2_humble/install/ament_cmake_core:/home/gkasha/ros2_humble/install/ament_index_cpp:/home/gkasha/ros2_humble/install/rqt_bag_plugins:/home/gkasha/ros2_humble/install/rqt_bag:/home/gkasha/ros2_humble/install/ros2bag:/home/gkasha/ros2_humble/install/tracetools_test:/home/gkasha/ros2_humble/install/tracetools_launch:/home/gkasha/ros2_humble/install/topic_monitor:/home/gkasha/ros2_humble/install/tf2_tools:/home/gkasha/ros2_humble/install/examples_tf2_py:/home/gkasha/ros2_humble/install/tf2_ros_py:/home/gkasha/ros2_humble/install/sros2:/home/gkasha/ros2_humble/install/rqt_topic:/home/gkasha/ros2_humble/install/rqt_srv:/home/gkasha/ros2_humble/install/rqt_shell:/home/gkasha/ros2_humble/install/rqt_service_caller:/home/gkasha/ros2_humble/install/rqt_reconfigure:/home/gkasha/ros2_humble/install/rqt_py_console:/home/gkasha/ros2_humble/install/rqt_publisher:/home/gkasha/ros2_humble/install/rqt_plot:/home/gkasha/ros2_humble/install/rqt_action:/home/gkasha/ros2_humble/install/rqt_msg:/home/gkasha/ros2_humble/install/rqt_console:/home/gkasha/ros2_humble/install/rqt:/home/gkasha/ros2_humble/install/rqt_graph:/home/gkasha/ros2_humble/install/rqt_gui_py:/home/gkasha/ros2_humble/install/rqt_gui:/home/gkasha/ros2_humble/install/ros2trace:/home/gkasha/ros2_humble/install/ros2topic:/home/gkasha/ros2_humble/install/ros2test:/home/gkasha/ros2_humble/install/ros2component:/home/gkasha/ros2_humble/install/ros2param:/home/gkasha/ros2_humble/install/ros2lifecycle:/home/gkasha/ros2_humble/install/ros2service:/home/gkasha/ros2_humble/install/ros2run:/home/gkasha/ros2_humble/install/ros2launch:/home/gkasha/ros2_humble/install/ros2pkg:/home/gkasha/ros2_humble/install/ros2node:/home/gkasha/ros2_humble/install/ros2multicast:/home/gkasha/ros2_humble/install/ros2interface:/home/gkasha/ros2_humble/install/ros2doctor:/home/gkasha/ros2_humble/install/ros2action:/home/gkasha/ros2_humble/install/ros2cli:/home/gkasha/ros2_humble/install/quality_of_service_demo_py:/home/gkasha/ros2_humble/install/lifecycle_py:/home/gkasha/ros2_humble/install/launch_testing_ros:/home/gkasha/ros2_humble/install/launch_ros:/home/gkasha/ros2_humble/install/examples_rclpy_pointcloud_publisher:/home/gkasha/ros2_humble/install/examples_rclpy_minimal_subscriber:/home/gkasha/ros2_humble/install/examples_rclpy_minimal_service:/home/gkasha/ros2_humble/install/examples_rclpy_minimal_publisher:/home/gkasha/ros2_humble/install/examples_rclpy_minimal_client:/home/gkasha/ros2_humble/install/examples_rclpy_minimal_action_server:/home/gkasha/ros2_humble/install/examples_rclpy_minimal_action_client:/home/gkasha/ros2_humble/install/examples_rclpy_guard_conditions:/home/gkasha/ros2_humble/install/examples_rclpy_executors:/home/gkasha/ros2_humble/install/demo_nodes_py:/home/gkasha/ros2_humble/install/action_tutorials_py:/home/gkasha/ros2_humble/install/ament_uncrustify:/home/gkasha/ros2_humble/install/tracetools_trace:/home/gkasha/ros2_humble/install/tracetools_read:/home/gkasha/ros2_humble/install/test_tracetools_launch:/home/gkasha/ros2_humble/install/test_launch_ros:/home/gkasha/ros2_humble/install/sensor_msgs_py:/home/gkasha/ros2_humble/install/rpyutils:/home/gkasha/ros2_humble/install/rosidl_runtime_py:/home/gkasha/ros2_humble/install/rosidl_cli:/home/gkasha/ros2_humble/install/launch_pytest:/home/gkasha/ros2_humble/install/launch_testing:/home/gkasha/ros2_humble/install/launch_yaml:/home/gkasha/ros2_humble/install/launch_xml:/home/gkasha/ros2_humble/install/launch:/home/gkasha/ros2_humble/install/osrf_pycommon:/home/gkasha/ros2_humble/install/launch_testing_examples:/home/gkasha/ros2_humble/install/domain_coordinator:/home/gkasha/ros2_humble/install/ament_xmllint:/home/gkasha/ros2_humble/install/ament_pyflakes:/home/gkasha/ros2_humble/install/ament_pycodestyle:/home/gkasha/ros2_humble/install/ament_pep257:/home/gkasha/ros2_humble/install/ament_pclint:/home/gkasha/ros2_humble/install/ament_package:/home/gkasha/ros2_humble/install/ament_mypy:/home/gkasha/ros2_humble/install/ament_lint_cmake:/home/gkasha/ros2_humble/install/ament_flake8:/home/gkasha/ros2_humble/install/ament_copyright:/home/gkasha/ros2_humble/install/ament_lint:/home/gkasha/ros2_humble/install/ament_index_python:/home/gkasha/ros2_humble/install/ament_cpplint:/home/gkasha/ros2_humble/install/ament_cppcheck:/home/gkasha/ros2_humble/install/ament_clang_tidy:/home/gkasha/ros2_humble/install/ament_clang_format LD_LIBRARY_PATH=/home/gkasha/Documents/maae/install/ma_interfaces/lib:${LD_LIBRARY_PATH} PYTHONPATH=/home/gkasha/Documents/maae/install/ma_interfaces/local/lib/python3.10/dist-packages:${PYTHONPATH} /usr/bin/cmake --build /home/gkasha/Documents/maae/build/auction -- -j4 -l4
