[35m[1mConsolidate compiler generated dependencies of target server[0m
[35m[1mConsolidate compiler generated dependencies of target client[0m
[ 25%] [32mBuilding CXX object CMakeFiles/client.dir/src/client.cpp.o[0m
[ 50%] [32mBuilding CXX object CMakeFiles/server.dir/src/auctioneer.cpp.o[0m
In file included from [01m[K/home/gkasha/ros2_humble/build/rclcpp/include/rclcpp/logging.hpp:24[m[K,
                 from [01m[K/home/gkasha/ros2_humble/install/rclcpp/include/rclcpp/rclcpp/client.hpp:40[m[K,
                 from [01m[K/home/gkasha/ros2_humble/install/rclcpp/include/rclcpp/rclcpp/callback_group.hpp:24[m[K,
                 from [01m[K/home/gkasha/ros2_humble/install/rclcpp/include/rclcpp/rclcpp/any_executable.hpp:20[m[K,
                 from [01m[K/home/gkasha/ros2_humble/install/rclcpp/include/rclcpp/rclcpp/memory_strategy.hpp:25[m[K,
                 from [01m[K/home/gkasha/ros2_humble/install/rclcpp/include/rclcpp/rclcpp/memory_strategies.hpp:18[m[K,
                 from [01m[K/home/gkasha/ros2_humble/install/rclcpp/include/rclcpp/rclcpp/executor_options.hpp:20[m[K,
                 from [01m[K/home/gkasha/ros2_humble/install/rclcpp/include/rclcpp/rclcpp/executor.hpp:37[m[K,
                 from [01m[K/home/gkasha/ros2_humble/install/rclcpp/include/rclcpp/rclcpp/executors/multi_threaded_executor.hpp:25[m[K,
                 from [01m[K/home/gkasha/ros2_humble/install/rclcpp/include/rclcpp/rclcpp/executors.hpp:21[m[K,
                 from [01m[K/home/gkasha/ros2_humble/install/rclcpp/include/rclcpp/rclcpp/rclcpp.hpp:155[m[K,
                 from [01m[K/home/gkasha/Documents/maae/src/auction/src/auctioneer.cpp:1[m[K:
[01m[K/home/gkasha/Documents/maae/src/auction/src/auctioneer.cpp:[m[K In function ‘[01m[Kvoid start_auction(std::shared_ptr<ma_interfaces::srv::AuctionSrv_Request_<std::allocator<void> > >, std::shared_ptr<ma_interfaces::srv::AuctionSrv_Response_<std::allocator<void> > >)[m[K’:
[01m[K/home/gkasha/Documents/maae/src/auction/src/auctioneer.cpp:32:47:[m[K [01;35m[Kwarning: [m[Kformat ‘[01m[K%s[m[K’ expects argument of type ‘[01m[Kchar*[m[K’, but argument 5 has type ‘[01m[Kma_interfaces::srv::AuctionSrv_Request_<std::allocator<void> >::_req_type[m[K’ {aka ‘[01m[Kstd::__cxx11::basic_string<char>[m[K’} [[01;35m[K]8;;https://gcc.gnu.org/onlinedocs/gcc/Warning-Options.html#index-Wformat=-Wformat=]8;;[m[K]
   32 |     RCLCPP_INFO(rclcpp::get_logger("rclcpp"), [01;35m[K"Starting auction for  %s"[m[K, req->req);
      |                                               [01;35m[K^~~~~~~~~~~~~~~~~~~~~~~~~~[m[K
[01m[K/home/gkasha/Documents/maae/src/auction/src/auctioneer.cpp:32:71:[m[K [01;36m[Knote: [m[Kformat string is defined here
   32 |     RCLCPP_INFO(rclcpp::get_logger("rclcpp"), "Starting auction for  [01;36m[K%s[m[K", req->req);
      |                                                                      [01;36m[K~^[m[K
      |                                                                       [01;36m[K|[m[K
      |                                                                       [01;36m[Kchar*[m[K
[01m[K/home/gkasha/Documents/maae/src/auction/src/client.cpp:[m[K In function ‘[01m[Kint main(int, char**)[m[K’:
[01m[K/home/gkasha/Documents/maae/src/auction/src/client.cpp:24:60:[m[K [01;31m[Kerror: [m[Kexpected unqualified-id before numeric constant
   24 |     while (!client->wait_for_service(std::chrono_literals::[01;31m[K1s[m[K)){
      |                                                            [01;31m[K^~[m[K
[01m[K/home/gkasha/Documents/maae/src/auction/src/client.cpp:34:17:[m[K [01;31m[Kerror: [m[K‘[01m[Kspin_until_future_compelte[m[K’ is not a member of ‘[01m[Krclcpp[m[K’; did you mean ‘[01m[Kspin_until_future_complete[m[K’?
   34 |     if (rclcpp::[01;31m[Kspin_until_future_compelte[m[K(node, result) ==
      |                 [01;31m[K^~~~~~~~~~~~~~~~~~~~~~~~~~[m[K
      |                 [32m[Kspin_until_future_complete[m[K
[01m[K/home/gkasha/Documents/maae/src/auction/src/client.cpp:34:50:[m[K [01;31m[Kerror: [m[K‘[01m[Kresult[m[K’ was not declared in this scope
   34 |     if (rclcpp::spin_until_future_compelte(node, [01;31m[Kresult[m[K) ==
      |                                                  [01;31m[K^~~~~~[m[K
gmake[2]: *** [CMakeFiles/client.dir/build.make:76: CMakeFiles/client.dir/src/client.cpp.o] Error 1
gmake[1]: *** [CMakeFiles/Makefile2:165: CMakeFiles/client.dir/all] Error 2
gmake[1]: *** Waiting for unfinished jobs....
[ 75%] [32m[1mLinking CXX executable server[0m
[ 75%] Built target server
gmake: *** [Makefile:146: all] Error 2
