[01m[K/home/gkasha/Documents/maae/src/auction/src/agent.cpp:637:6:[m[K [01;31m[Kerror: [m[Kno declaration matches ‘[01m[Kvoid Agent::single_agent_replan(TNode*)[m[K’
  637 | void [01;31m[KAgent[m[K::single_agent_replan(TNode* curr) {
      |      [01;31m[K^~~~~[m[K
[01m[K/home/gkasha/Documents/maae/src/auction/src/agent.cpp:637:6:[m[K [01;36m[Knote: [m[Kno functions named ‘[01m[Kvoid Agent::single_agent_replan(TNode*)[m[K’
In file included from [01m[K/home/gkasha/Documents/maae/src/auction/src/agent.cpp:1[m[K:
[01m[K/home/gkasha/Documents/maae/src/auction/include/auction/agent.hpp:52:7:[m[K [01;36m[Knote: [m[K‘[01m[Kclass Agent[m[K’ defined here
   52 | class [01;36m[KAgent[m[K : public rclcpp::Node
      |       [01;36m[K^~~~~[m[K
[01m[K/home/gkasha/Documents/maae/src/auction/src/agent.cpp:684:6:[m[K [01;31m[Kerror: [m[Kno declaration matches ‘[01m[Kvoid Agent::multi_agent_replan(TNode*)[m[K’
  684 | void [01;31m[KAgent[m[K::multi_agent_replan(TNode* curr) {
      |      [01;31m[K^~~~~[m[K
[01m[K/home/gkasha/Documents/maae/src/auction/src/agent.cpp:684:6:[m[K [01;36m[Knote: [m[Kno functions named ‘[01m[Kvoid Agent::multi_agent_replan(TNode*)[m[K’
In file included from [01m[K/home/gkasha/Documents/maae/src/auction/src/agent.cpp:1[m[K:
[01m[K/home/gkasha/Documents/maae/src/auction/include/auction/agent.hpp:52:7:[m[K [01;36m[Knote: [m[K‘[01m[Kclass Agent[m[K’ defined here
   52 | class [01;36m[KAgent[m[K : public rclcpp::Node
      |       [01;36m[K^~~~~[m[K
[01m[K/home/gkasha/Documents/maae/src/auction/src/agent.cpp:[m[K In member function ‘[01m[Kvoid Agent::check_dispatch()[m[K’:
[01m[K/home/gkasha/Documents/maae/src/auction/src/agent.cpp:778:13:[m[K [01;31m[Kerror: [m[K‘[01m[Kmulti_agent_replan[m[K’ was not declared in this scope
  778 |             [01;31m[Kmulti_agent_replan[m[K(curr);
      |             [01;31m[K^~~~~~~~~~~~~~~~~~[m[K
gmake[2]: *** [CMakeFiles/agent.dir/build.make:76: CMakeFiles/agent.dir/src/agent.cpp.o] Error 1
gmake[2]: *** Waiting for unfinished jobs....
gmake[1]: *** [CMakeFiles/Makefile2:197: CMakeFiles/agent.dir/all] Error 2
gmake[1]: *** Waiting for unfinished jobs....
gmake: *** [Makefile:146: all] Error 2
