[35m[1mConsolidate compiler generated dependencies of target agent[0m
[  9%] [32mBuilding CXX object CMakeFiles/goal_manager.dir/src/goal_manager.cpp.o[0m
[ 18%] [32mBuilding CXX object CMakeFiles/execution_interface.dir/src/execution_interface.cpp.o[0m
[ 27%] [32mBuilding CXX object CMakeFiles/agent.dir/src/agent.cpp.o[0m
[ 36%] [32mBuilding CXX object CMakeFiles/client.dir/src/client.cpp.o[0m
[01m[K/home/gkasha/Documents/maae/src/auction/src/agent.cpp:637:6:[m[K [01;31m[Kerror: [m[Kno declaration matches ‘[01m[Kvoid Agent::single_agent_replan(TNode*)[m[K’
  637 | void [01;31m[KAgent[m[K::single_agent_replan(TNode* curr) {
      |      [01;31m[K^~~~~[m[K
[01m[K/home/gkasha/Documents/maae/src/auction/src/agent.cpp:637:6:[m[K [01;36m[Knote: [m[Kno functions named ‘[01m[Kvoid Agent::single_agent_replan(TNode*)[m[K’
In file included from [01m[K/home/gkasha/Documents/maae/src/auction/src/agent.cpp:1[m[K:
[01m[K/home/gkasha/Documents/maae/src/auction/include/auction/agent.hpp:52:7:[m[K [01;36m[Knote: [m[K‘[01m[Kclass Agent[m[K’ defined here
   52 | class [01;36m[KAgent[m[K : public rclcpp::Node
      |       [01;36m[K^~~~~[m[K
[01m[K/home/gkasha/Documents/maae/src/auction/src/agent.cpp:684:6:[m[K [01;31m[Kerror: [m[Kno declaration matches ‘[01m[Kvoid Agent::multi_agent_replan(TNode*)[m[K’
  684 | void [01;31m[KAgent[m[K::multi_agent_replan(TNode* curr) {
      |      [01;31m[K^~~~~[m[K
[01m[K/home/gkasha/Documents/maae/src/auction/src/agent.cpp:684:6:[m[K [01;36m[Knote: [m[Kno functions named ‘[01m[Kvoid Agent::multi_agent_replan(TNode*)[m[K’
In file included from [01m[K/home/gkasha/Documents/maae/src/auction/src/agent.cpp:1[m[K:
[01m[K/home/gkasha/Documents/maae/src/auction/include/auction/agent.hpp:52:7:[m[K [01;36m[Knote: [m[K‘[01m[Kclass Agent[m[K’ defined here
   52 | class [01;36m[KAgent[m[K : public rclcpp::Node
      |       [01;36m[K^~~~~[m[K
[01m[K/home/gkasha/Documents/maae/src/auction/src/agent.cpp:[m[K In member function ‘[01m[Kvoid Agent::check_dispatch()[m[K’:
[01m[K/home/gkasha/Documents/maae/src/auction/src/agent.cpp:778:13:[m[K [01;31m[Kerror: [m[K‘[01m[Kmulti_agent_replan[m[K’ was not declared in this scope
  778 |             [01;31m[Kmulti_agent_replan[m[K(curr);
      |             [01;31m[K^~~~~~~~~~~~~~~~~~[m[K
[ 45%] [32m[1mLinking CXX executable client[0m
[ 45%] Built target client
[ 54%] [32mBuilding CXX object CMakeFiles/clock.dir/src/clock.cpp.o[0m
[ 63%] [32m[1mLinking CXX executable clock[0m
[ 63%] Built target clock
[ 72%] [32mBuilding CXX object CMakeFiles/agent.dir/src/stn.cpp.o[0m
gmake[2]: *** [CMakeFiles/agent.dir/build.make:76: CMakeFiles/agent.dir/src/agent.cpp.o] Error 1
gmake[2]: *** Waiting for unfinished jobs....
[ 81%] [32m[1mLinking CXX executable goal_manager[0m
gmake[1]: *** [CMakeFiles/Makefile2:197: CMakeFiles/agent.dir/all] Error 2
gmake[1]: *** Waiting for unfinished jobs....
[ 81%] Built target goal_manager
[ 90%] [32m[1mLinking CXX executable execution_interface[0m
[ 90%] Built target execution_interface
gmake: *** [Makefile:146: all] Error 2
