-- Found ament_cmake: 1.3.3 (/home/gkasha/ros2_humble/install/ament_cmake/share/ament_cmake/cmake)
-- Found rclcpp: 16.0.3 (/home/gkasha/ros2_humble/install/rclcpp/share/rclcpp/cmake)
-- Found rosidl_generator_c: 3.1.4 (/home/gkasha/ros2_humble/install/rosidl_generator_c/share/rosidl_generator_c/cmake)
-- Found rosidl_adapter: 3.1.4 (/home/gkasha/ros2_humble/install/rosidl_adapter/share/rosidl_adapter/cmake)
-- Found rosidl_generator_cpp: 3.1.4 (/home/gkasha/ros2_humble/install/rosidl_generator_cpp/share/rosidl_generator_cpp/cmake)
-- Using all available rosidl_typesupport_c: rosidl_typesupport_introspection_c;rosidl_typesupport_fastrtps_c
-- Using all available rosidl_typesupport_cpp: rosidl_typesupport_introspection_cpp;rosidl_typesupport_fastrtps_cpp
-- Found rmw_implementation_cmake: 6.1.1 (/home/gkasha/ros2_humble/install/rmw_implementation_cmake/share/rmw_implementation_cmake/cmake)
-- Found rmw_fastrtps_cpp: 6.2.2 (/home/gkasha/ros2_humble/install/rmw_fastrtps_cpp/share/rmw_fastrtps_cpp/cmake)
-- Using RMW implementation 'rmw_fastrtps_cpp' as default
-- Found ma_interfaces: 0.0.0 (/home/gkasha/Documents/maae/install/ma_interfaces/share/ma_interfaces/cmake)
-- Found ament_lint_auto: 0.12.5 (/home/gkasha/ros2_humble/install/ament_lint_auto/share/ament_lint_auto/cmake)
-- Added test 'cppcheck' to perform static code analysis on C / C++ code
-- Configured cppcheck include dirs: 
-- Configured cppcheck exclude dirs and/or files: 
-- Added test 'lint_cmake' to check CMake code style
-- Added test 'uncrustify' to check C / C++ code style
-- Configured uncrustify additional arguments: 
-- Added test 'xmllint' to check XML markup files
-- Configuring done
-- Generating done
-- Build files have been written to: /home/gkasha/Documents/maae/build/auction
[35m[1mConsolidate compiler generated dependencies of target server[0m
[35m[1mConsolidate compiler generated dependencies of target client[0m
[ 25%] [32mBuilding CXX object CMakeFiles/client.dir/src/client.cpp.o[0m
[ 50%] [32mBuilding CXX object CMakeFiles/server.dir/src/auctioneer.cpp.o[0m
In file included from [01m[K/home/gkasha/ros2_humble/install/rclcpp/include/rclcpp/rclcpp/client.hpp:40[m[K,
                 from [01m[K/home/gkasha/ros2_humble/install/rclcpp/include/rclcpp/rclcpp/callback_group.hpp:24[m[K,
                 from [01m[K/home/gkasha/ros2_humble/install/rclcpp/include/rclcpp/rclcpp/any_executable.hpp:20[m[K,
                 from [01m[K/home/gkasha/ros2_humble/install/rclcpp/include/rclcpp/rclcpp/memory_strategy.hpp:25[m[K,
                 from [01m[K/home/gkasha/ros2_humble/install/rclcpp/include/rclcpp/rclcpp/memory_strategies.hpp:18[m[K,
                 from [01m[K/home/gkasha/ros2_humble/install/rclcpp/include/rclcpp/rclcpp/executor_options.hpp:20[m[K,
                 from [01m[K/home/gkasha/ros2_humble/install/rclcpp/include/rclcpp/rclcpp/executor.hpp:37[m[K,
                 from [01m[K/home/gkasha/ros2_humble/install/rclcpp/include/rclcpp/rclcpp/executors/multi_threaded_executor.hpp:25[m[K,
                 from [01m[K/home/gkasha/ros2_humble/install/rclcpp/include/rclcpp/rclcpp/executors.hpp:21[m[K,
                 from [01m[K/home/gkasha/ros2_humble/install/rclcpp/include/rclcpp/rclcpp/rclcpp.hpp:155[m[K,
                 from [01m[K/home/gkasha/Documents/maae/src/auction/src/auctioneer.cpp:1[m[K:
[01m[K/home/gkasha/Documents/maae/src/auction/src/auctioneer.cpp:[m[K In function ‘[01m[Kvoid start_auction(std::shared_ptr<ma_interfaces::srv::AuctionSrv_Request_<std::allocator<void> > >, std::shared_ptr<ma_interfaces::srv::AuctionSrv_Response_<std::allocator<void> > >)[m[K’:
[01m[K/home/gkasha/Documents/maae/src/auction/src/auctioneer.cpp:34:9:[m[K [01;31m[Kerror: [m[Kstatic assertion failed: First argument to logging macros must be an rclcpp::Logger
   34 |         [01;31m[KRCLCPP_INFO[m[K("Graph has node: %s", v->name.c_str());
      |         [01;31m[K^~~~~~~~~~~[m[K
In file included from [01m[K/home/gkasha/ros2_humble/build/rclcpp/include/rclcpp/logging.hpp:24[m[K,
                 from [01m[K/home/gkasha/ros2_humble/install/rclcpp/include/rclcpp/rclcpp/client.hpp:40[m[K,
                 from [01m[K/home/gkasha/ros2_humble/install/rclcpp/include/rclcpp/rclcpp/callback_group.hpp:24[m[K,
                 from [01m[K/home/gkasha/ros2_humble/install/rclcpp/include/rclcpp/rclcpp/any_executable.hpp:20[m[K,
                 from [01m[K/home/gkasha/ros2_humble/install/rclcpp/include/rclcpp/rclcpp/memory_strategy.hpp:25[m[K,
                 from [01m[K/home/gkasha/ros2_humble/install/rclcpp/include/rclcpp/rclcpp/memory_strategies.hpp:18[m[K,
                 from [01m[K/home/gkasha/ros2_humble/install/rclcpp/include/rclcpp/rclcpp/executor_options.hpp:20[m[K,
                 from [01m[K/home/gkasha/ros2_humble/install/rclcpp/include/rclcpp/rclcpp/executor.hpp:37[m[K,
                 from [01m[K/home/gkasha/ros2_humble/install/rclcpp/include/rclcpp/rclcpp/executors/multi_threaded_executor.hpp:25[m[K,
                 from [01m[K/home/gkasha/ros2_humble/install/rclcpp/include/rclcpp/rclcpp/executors.hpp:21[m[K,
                 from [01m[K/home/gkasha/ros2_humble/install/rclcpp/include/rclcpp/rclcpp/rclcpp.hpp:155[m[K,
                 from [01m[K/home/gkasha/Documents/maae/src/auction/src/auctioneer.cpp:1[m[K:
[01m[K/home/gkasha/Documents/maae/src/auction/src/auctioneer.cpp:34:9:[m[K [01;31m[Kerror: [m[Krequest for member ‘[01m[Kget_name[m[K’ in ‘[01m[K("Graph has node: %s")[m[K’, which is of non-class type ‘[01m[Kconst char [19][m[K’
   34 |         [01;31m[KRCLCPP_INFO[m[K("Graph has node: %s", v->name.c_str());
      |         [01;31m[K^~~~~~~~~~~[m[K
[01m[K/home/gkasha/Documents/maae/src/auction/src/auctioneer.cpp:34:9:[m[K [01;31m[Kerror: [m[Krequest for member ‘[01m[Kget_name[m[K’ in ‘[01m[K("Graph has node: %s")[m[K’, which is of non-class type ‘[01m[Kconst char [19][m[K’
   34 |         [01;31m[KRCLCPP_INFO[m[K("Graph has node: %s", v->name.c_str());
      |         [01;31m[K^~~~~~~~~~~[m[K
[01m[K/home/gkasha/Documents/maae/src/auction/src/auctioneer.cpp:34:44:[m[K [01;31m[Kerror: [m[Kbase operand of ‘[01m[K->[m[K’ has non-pointer type ‘[01m[Kma_interfaces::msg::Node[m[K’ {aka ‘[01m[Kma_interfaces::msg::Node_<std::allocator<void> >[m[K’}
   34 |         RCLCPP_INFO("Graph has node: %s", v[01;31m[K->[m[Kname.c_str());
      |                                            [01;31m[K^~[m[K
[01m[K/home/gkasha/Documents/maae/src/auction/src/auctioneer.cpp:38:10:[m[K [01;31m[Kerror: [m[K‘[01m[Kusing element_type = struct ma_interfaces::srv::AuctionSrv_Response_<std::allocator<void> >[m[K’ {aka ‘[01m[Kstruct ma_interfaces::srv::AuctionSrv_Response_<std::allocator<void> >[m[K’} has no member named ‘[01m[Krep[m[K’
   38 |     rep->[01;31m[Krep[m[K = "Auction started";
      |          [01;31m[K^~~[m[K
[01m[K/home/gkasha/Documents/maae/src/auction/src/client.cpp:[m[K In function ‘[01m[Kint main(int, char**)[m[K’:
[01m[K/home/gkasha/Documents/maae/src/auction/src/client.cpp:26:19:[m[K [01;31m[Kerror: [m[Kinvalid conversion from ‘[01m[Kchar*[m[K’ to ‘[01m[Kint[m[K’ [[01;31m[K]8;;https://gcc.gnu.org/onlinedocs/gcc/Warning-Options.html#index-fpermissive-fpermissive]8;;[m[K]
   26 |     int n = [01;31m[Kargv[2][m[K;
      |             [01;31m[K~~~~~~^[m[K
      |                   [01;31m[K|[m[K
      |                   [01;31m[Kchar*[m[K
gmake[2]: *** [CMakeFiles/client.dir/build.make:76: CMakeFiles/client.dir/src/client.cpp.o] Error 1
gmake[1]: *** [CMakeFiles/Makefile2:165: CMakeFiles/client.dir/all] Error 2
gmake[1]: *** Waiting for unfinished jobs....
gmake[2]: *** [CMakeFiles/server.dir/build.make:76: CMakeFiles/server.dir/src/auctioneer.cpp.o] Error 1
gmake[1]: *** [CMakeFiles/Makefile2:139: CMakeFiles/server.dir/all] Error 2
gmake: *** [Makefile:146: all] Error 2
