[0.067s] Invoking command in '/home/gkasha/Documents/maae/build/ma_interfaces': CMAKE_PREFIX_PATH=${CMAKE_PREFIX_PATH}:/home/gkasha/ros2_humble/install/rqt_bag_plugins:/home/gkasha/ros2_humble/install/rqt_bag:/home/gkasha/ros2_humble/install/ros2bag:/home/gkasha/ros2_humble/install/tracetools_test:/home/gkasha/ros2_humble/install/tracetools_launch:/home/gkasha/ros2_humble/install/topic_monitor:/home/gkasha/ros2_humble/install/tf2_tools:/home/gkasha/ros2_humble/install/examples_tf2_py:/home/gkasha/ros2_humble/install/tf2_ros_py:/home/gkasha/ros2_humble/install/sros2:/home/gkasha/ros2_humble/install/rqt_topic:/home/gkasha/ros2_humble/install/rqt_srv:/home/gkasha/ros2_humble/install/rqt_shell:/home/gkasha/ros2_humble/install/rqt_service_caller:/home/gkasha/ros2_humble/install/rqt_reconfigure:/home/gkasha/ros2_humble/install/rqt_py_console:/home/gkasha/ros2_humble/install/rqt_publisher:/home/gkasha/ros2_humble/install/rqt_plot:/home/gkasha/ros2_humble/install/rqt_action:/home/gkasha/ros2_humble/install/rqt_msg:/home/gkasha/ros2_humble/install/rqt_console:/home/gkasha/ros2_humble/install/rqt:/home/gkasha/ros2_humble/install/rqt_graph:/home/gkasha/ros2_humble/install/rqt_gui_py:/home/gkasha/ros2_humble/install/rqt_gui:/home/gkasha/ros2_humble/install/ros2trace:/home/gkasha/ros2_humble/install/ros2topic:/home/gkasha/ros2_humble/install/ros2test:/home/gkasha/ros2_humble/install/ros2component:/home/gkasha/ros2_humble/install/ros2param:/home/gkasha/ros2_humble/install/ros2lifecycle:/home/gkasha/ros2_humble/install/ros2service:/home/gkasha/ros2_humble/install/ros2run:/home/gkasha/ros2_humble/install/ros2launch:/home/gkasha/ros2_humble/install/ros2pkg:/home/gkasha/ros2_humble/install/ros2node:/home/gkasha/ros2_humble/install/ros2multicast:/home/gkasha/ros2_humble/install/ros2interface:/home/gkasha/ros2_humble/install/ros2doctor:/home/gkasha/ros2_humble/install/ros2action:/home/gkasha/ros2_humble/install/ros2cli:/home/gkasha/ros2_humble/install/quality_of_service_demo_py:/home/gkasha/ros2_humble/install/lifecycle_py:/home/gkasha/ros2_humble/install/launch_testing_ros:/home/gkasha/ros2_humble/install/launch_ros:/home/gkasha/ros2_humble/install/examples_rclpy_pointcloud_publisher:/home/gkasha/ros2_humble/install/examples_rclpy_minimal_subscriber:/home/gkasha/ros2_humble/install/examples_rclpy_minimal_service:/home/gkasha/ros2_humble/install/examples_rclpy_minimal_publisher:/home/gkasha/ros2_humble/install/examples_rclpy_minimal_client:/home/gkasha/ros2_humble/install/examples_rclpy_minimal_action_server:/home/gkasha/ros2_humble/install/examples_rclpy_minimal_action_client:/home/gkasha/ros2_humble/install/examples_rclpy_guard_conditions:/home/gkasha/ros2_humble/install/examples_rclpy_executors:/home/gkasha/ros2_humble/install/demo_nodes_py:/home/gkasha/ros2_humble/install/action_tutorials_py:/home/gkasha/ros2_humble/install/ament_uncrustify:/home/gkasha/ros2_humble/install/tracetools_trace:/home/gkasha/ros2_humble/install/tracetools_read:/home/gkasha/ros2_humble/install/test_tracetools_launch:/home/gkasha/ros2_humble/install/test_launch_ros:/home/gkasha/ros2_humble/install/sensor_msgs_py:/home/gkasha/ros2_humble/install/rpyutils:/home/gkasha/ros2_humble/install/rosidl_runtime_py:/home/gkasha/ros2_humble/install/rosidl_cli:/home/gkasha/ros2_humble/install/launch_pytest:/home/gkasha/ros2_humble/install/launch_testing:/home/gkasha/ros2_humble/install/launch_yaml:/home/gkasha/ros2_humble/install/launch_xml:/home/gkasha/ros2_humble/install/launch:/home/gkasha/ros2_humble/install/osrf_pycommon:/home/gkasha/ros2_humble/install/launch_testing_examples:/home/gkasha/ros2_humble/install/domain_coordinator:/home/gkasha/ros2_humble/install/ament_xmllint:/home/gkasha/ros2_humble/install/ament_pyflakes:/home/gkasha/ros2_humble/install/ament_pycodestyle:/home/gkasha/ros2_humble/install/ament_pep257:/home/gkasha/ros2_humble/install/ament_pclint:/home/gkasha/ros2_humble/install/ament_package:/home/gkasha/ros2_humble/install/ament_mypy:/home/gkasha/ros2_humble/install/ament_lint_cmake:/home/gkasha/ros2_humble/install/ament_flake8:/home/gkasha/ros2_humble/install/ament_copyright:/home/gkasha/ros2_humble/install/ament_lint:/home/gkasha/ros2_humble/install/ament_index_python:/home/gkasha/ros2_humble/install/ament_cpplint:/home/gkasha/ros2_humble/install/ament_cppcheck:/home/gkasha/ros2_humble/install/ament_clang_tidy:/home/gkasha/ros2_humble/install/ament_clang_format /usr/bin/cmake --build /home/gkasha/Documents/maae/build/ma_interfaces -- -j4 -l4
[0.277s] [35m[1mConsolidate compiler generated dependencies of target ma_interfaces__rosidl_generator_c[0m
[0.296s] [  1%] Built target ma_interfaces__cpp
[0.326s] [ 12%] Built target ma_interfaces__rosidl_generator_c
[0.390s] [35m[1mConsolidate compiler generated dependencies of target ma_interfaces__rosidl_typesupport_introspection_cpp[0m
[0.394s] [35m[1mConsolidate compiler generated dependencies of target ma_interfaces__rosidl_typesupport_cpp[0m
[0.411s] [ 12%] Built target ament_cmake_python_copy_ma_interfaces
[0.423s] [35m[1mConsolidate compiler generated dependencies of target ma_interfaces__rosidl_typesupport_fastrtps_cpp[0m
[0.464s] [ 24%] Built target ma_interfaces__rosidl_typesupport_cpp
[0.469s] [35m[1mConsolidate compiler generated dependencies of target ma_interfaces__rosidl_typesupport_introspection_c[0m
[0.469s] [ 35%] Built target ma_interfaces__rosidl_typesupport_introspection_cpp
[0.508s] [ 47%] Built target ma_interfaces__rosidl_typesupport_fastrtps_cpp
[0.519s] [ 58%] Built target ma_interfaces__rosidl_typesupport_introspection_c
[0.532s] [35m[1mConsolidate compiler generated dependencies of target ma_interfaces__rosidl_typesupport_fastrtps_c[0m
[0.546s] [35m[1mConsolidate compiler generated dependencies of target ma_interfaces__rosidl_typesupport_c[0m
[0.591s] [ 70%] Built target ma_interfaces__rosidl_typesupport_c
[0.594s] [ 82%] Built target ma_interfaces__rosidl_typesupport_fastrtps_c
[0.684s] [ 82%] Built target ma_interfaces
[0.771s] [ 83%] Built target ma_interfaces__py
[0.839s] [35m[1mConsolidate compiler generated dependencies of target ma_interfaces__rosidl_generator_py[0m
[0.899s] [ 93%] Built target ma_interfaces__rosidl_generator_py
[0.942s] [35m[1mConsolidate compiler generated dependencies of target ma_interfaces__rosidl_typesupport_fastrtps_c__pyext[0m
[0.943s] [35m[1mConsolidate compiler generated dependencies of target ma_interfaces__rosidl_typesupport_introspection_c__pyext[0m
[0.999s] [35m[1mConsolidate compiler generated dependencies of target ma_interfaces__rosidl_typesupport_c__pyext[0m
[1.003s] [ 95%] Built target ma_interfaces__rosidl_typesupport_fastrtps_c__pyext
[1.013s] [ 97%] Built target ma_interfaces__rosidl_typesupport_introspection_c__pyext
[1.052s] [100%] Built target ma_interfaces__rosidl_typesupport_c__pyext
[1.235s] running egg_info
[1.236s] writing ma_interfaces.egg-info/PKG-INFO
[1.236s] writing dependency_links to ma_interfaces.egg-info/dependency_links.txt
[1.238s] writing top-level names to ma_interfaces.egg-info/top_level.txt
[1.242s] reading manifest file 'ma_interfaces.egg-info/SOURCES.txt'
[1.245s] writing manifest file 'ma_interfaces.egg-info/SOURCES.txt'
[1.306s] [100%] Built target ament_cmake_python_build_ma_interfaces_egg
[1.339s] Invoked command in '/home/gkasha/Documents/maae/build/ma_interfaces' returned '0': CMAKE_PREFIX_PATH=${CMAKE_PREFIX_PATH}:/home/gkasha/ros2_humble/install/rqt_bag_plugins:/home/gkasha/ros2_humble/install/rqt_bag:/home/gkasha/ros2_humble/install/ros2bag:/home/gkasha/ros2_humble/install/tracetools_test:/home/gkasha/ros2_humble/install/tracetools_launch:/home/gkasha/ros2_humble/install/topic_monitor:/home/gkasha/ros2_humble/install/tf2_tools:/home/gkasha/ros2_humble/install/examples_tf2_py:/home/gkasha/ros2_humble/install/tf2_ros_py:/home/gkasha/ros2_humble/install/sros2:/home/gkasha/ros2_humble/install/rqt_topic:/home/gkasha/ros2_humble/install/rqt_srv:/home/gkasha/ros2_humble/install/rqt_shell:/home/gkasha/ros2_humble/install/rqt_service_caller:/home/gkasha/ros2_humble/install/rqt_reconfigure:/home/gkasha/ros2_humble/install/rqt_py_console:/home/gkasha/ros2_humble/install/rqt_publisher:/home/gkasha/ros2_humble/install/rqt_plot:/home/gkasha/ros2_humble/install/rqt_action:/home/gkasha/ros2_humble/install/rqt_msg:/home/gkasha/ros2_humble/install/rqt_console:/home/gkasha/ros2_humble/install/rqt:/home/gkasha/ros2_humble/install/rqt_graph:/home/gkasha/ros2_humble/install/rqt_gui_py:/home/gkasha/ros2_humble/install/rqt_gui:/home/gkasha/ros2_humble/install/ros2trace:/home/gkasha/ros2_humble/install/ros2topic:/home/gkasha/ros2_humble/install/ros2test:/home/gkasha/ros2_humble/install/ros2component:/home/gkasha/ros2_humble/install/ros2param:/home/gkasha/ros2_humble/install/ros2lifecycle:/home/gkasha/ros2_humble/install/ros2service:/home/gkasha/ros2_humble/install/ros2run:/home/gkasha/ros2_humble/install/ros2launch:/home/gkasha/ros2_humble/install/ros2pkg:/home/gkasha/ros2_humble/install/ros2node:/home/gkasha/ros2_humble/install/ros2multicast:/home/gkasha/ros2_humble/install/ros2interface:/home/gkasha/ros2_humble/install/ros2doctor:/home/gkasha/ros2_humble/install/ros2action:/home/gkasha/ros2_humble/install/ros2cli:/home/gkasha/ros2_humble/install/quality_of_service_demo_py:/home/gkasha/ros2_humble/install/lifecycle_py:/home/gkasha/ros2_humble/install/launch_testing_ros:/home/gkasha/ros2_humble/install/launch_ros:/home/gkasha/ros2_humble/install/examples_rclpy_pointcloud_publisher:/home/gkasha/ros2_humble/install/examples_rclpy_minimal_subscriber:/home/gkasha/ros2_humble/install/examples_rclpy_minimal_service:/home/gkasha/ros2_humble/install/examples_rclpy_minimal_publisher:/home/gkasha/ros2_humble/install/examples_rclpy_minimal_client:/home/gkasha/ros2_humble/install/examples_rclpy_minimal_action_server:/home/gkasha/ros2_humble/install/examples_rclpy_minimal_action_client:/home/gkasha/ros2_humble/install/examples_rclpy_guard_conditions:/home/gkasha/ros2_humble/install/examples_rclpy_executors:/home/gkasha/ros2_humble/install/demo_nodes_py:/home/gkasha/ros2_humble/install/action_tutorials_py:/home/gkasha/ros2_humble/install/ament_uncrustify:/home/gkasha/ros2_humble/install/tracetools_trace:/home/gkasha/ros2_humble/install/tracetools_read:/home/gkasha/ros2_humble/install/test_tracetools_launch:/home/gkasha/ros2_humble/install/test_launch_ros:/home/gkasha/ros2_humble/install/sensor_msgs_py:/home/gkasha/ros2_humble/install/rpyutils:/home/gkasha/ros2_humble/install/rosidl_runtime_py:/home/gkasha/ros2_humble/install/rosidl_cli:/home/gkasha/ros2_humble/install/launch_pytest:/home/gkasha/ros2_humble/install/launch_testing:/home/gkasha/ros2_humble/install/launch_yaml:/home/gkasha/ros2_humble/install/launch_xml:/home/gkasha/ros2_humble/install/launch:/home/gkasha/ros2_humble/install/osrf_pycommon:/home/gkasha/ros2_humble/install/launch_testing_examples:/home/gkasha/ros2_humble/install/domain_coordinator:/home/gkasha/ros2_humble/install/ament_xmllint:/home/gkasha/ros2_humble/install/ament_pyflakes:/home/gkasha/ros2_humble/install/ament_pycodestyle:/home/gkasha/ros2_humble/install/ament_pep257:/home/gkasha/ros2_humble/install/ament_pclint:/home/gkasha/ros2_humble/install/ament_package:/home/gkasha/ros2_humble/install/ament_mypy:/home/gkasha/ros2_humble/install/ament_lint_cmake:/home/gkasha/ros2_humble/install/ament_flake8:/home/gkasha/ros2_humble/install/ament_copyright:/home/gkasha/ros2_humble/install/ament_lint:/home/gkasha/ros2_humble/install/ament_index_python:/home/gkasha/ros2_humble/install/ament_cpplint:/home/gkasha/ros2_humble/install/ament_cppcheck:/home/gkasha/ros2_humble/install/ament_clang_tidy:/home/gkasha/ros2_humble/install/ament_clang_format /usr/bin/cmake --build /home/gkasha/Documents/maae/build/ma_interfaces -- -j4 -l4
[3.295s] Invoking command in '/home/gkasha/Documents/maae/build/ma_interfaces': CMAKE_PREFIX_PATH=${CMAKE_PREFIX_PATH}:/home/gkasha/ros2_humble/install/rqt_bag_plugins:/home/gkasha/ros2_humble/install/rqt_bag:/home/gkasha/ros2_humble/install/ros2bag:/home/gkasha/ros2_humble/install/tracetools_test:/home/gkasha/ros2_humble/install/tracetools_launch:/home/gkasha/ros2_humble/install/topic_monitor:/home/gkasha/ros2_humble/install/tf2_tools:/home/gkasha/ros2_humble/install/examples_tf2_py:/home/gkasha/ros2_humble/install/tf2_ros_py:/home/gkasha/ros2_humble/install/sros2:/home/gkasha/ros2_humble/install/rqt_topic:/home/gkasha/ros2_humble/install/rqt_srv:/home/gkasha/ros2_humble/install/rqt_shell:/home/gkasha/ros2_humble/install/rqt_service_caller:/home/gkasha/ros2_humble/install/rqt_reconfigure:/home/gkasha/ros2_humble/install/rqt_py_console:/home/gkasha/ros2_humble/install/rqt_publisher:/home/gkasha/ros2_humble/install/rqt_plot:/home/gkasha/ros2_humble/install/rqt_action:/home/gkasha/ros2_humble/install/rqt_msg:/home/gkasha/ros2_humble/install/rqt_console:/home/gkasha/ros2_humble/install/rqt:/home/gkasha/ros2_humble/install/rqt_graph:/home/gkasha/ros2_humble/install/rqt_gui_py:/home/gkasha/ros2_humble/install/rqt_gui:/home/gkasha/ros2_humble/install/ros2trace:/home/gkasha/ros2_humble/install/ros2topic:/home/gkasha/ros2_humble/install/ros2test:/home/gkasha/ros2_humble/install/ros2component:/home/gkasha/ros2_humble/install/ros2param:/home/gkasha/ros2_humble/install/ros2lifecycle:/home/gkasha/ros2_humble/install/ros2service:/home/gkasha/ros2_humble/install/ros2run:/home/gkasha/ros2_humble/install/ros2launch:/home/gkasha/ros2_humble/install/ros2pkg:/home/gkasha/ros2_humble/install/ros2node:/home/gkasha/ros2_humble/install/ros2multicast:/home/gkasha/ros2_humble/install/ros2interface:/home/gkasha/ros2_humble/install/ros2doctor:/home/gkasha/ros2_humble/install/ros2action:/home/gkasha/ros2_humble/install/ros2cli:/home/gkasha/ros2_humble/install/quality_of_service_demo_py:/home/gkasha/ros2_humble/install/lifecycle_py:/home/gkasha/ros2_humble/install/launch_testing_ros:/home/gkasha/ros2_humble/install/launch_ros:/home/gkasha/ros2_humble/install/examples_rclpy_pointcloud_publisher:/home/gkasha/ros2_humble/install/examples_rclpy_minimal_subscriber:/home/gkasha/ros2_humble/install/examples_rclpy_minimal_service:/home/gkasha/ros2_humble/install/examples_rclpy_minimal_publisher:/home/gkasha/ros2_humble/install/examples_rclpy_minimal_client:/home/gkasha/ros2_humble/install/examples_rclpy_minimal_action_server:/home/gkasha/ros2_humble/install/examples_rclpy_minimal_action_client:/home/gkasha/ros2_humble/install/examples_rclpy_guard_conditions:/home/gkasha/ros2_humble/install/examples_rclpy_executors:/home/gkasha/ros2_humble/install/demo_nodes_py:/home/gkasha/ros2_humble/install/action_tutorials_py:/home/gkasha/ros2_humble/install/ament_uncrustify:/home/gkasha/ros2_humble/install/tracetools_trace:/home/gkasha/ros2_humble/install/tracetools_read:/home/gkasha/ros2_humble/install/test_tracetools_launch:/home/gkasha/ros2_humble/install/test_launch_ros:/home/gkasha/ros2_humble/install/sensor_msgs_py:/home/gkasha/ros2_humble/install/rpyutils:/home/gkasha/ros2_humble/install/rosidl_runtime_py:/home/gkasha/ros2_humble/install/rosidl_cli:/home/gkasha/ros2_humble/install/launch_pytest:/home/gkasha/ros2_humble/install/launch_testing:/home/gkasha/ros2_humble/install/launch_yaml:/home/gkasha/ros2_humble/install/launch_xml:/home/gkasha/ros2_humble/install/launch:/home/gkasha/ros2_humble/install/osrf_pycommon:/home/gkasha/ros2_humble/install/launch_testing_examples:/home/gkasha/ros2_humble/install/domain_coordinator:/home/gkasha/ros2_humble/install/ament_xmllint:/home/gkasha/ros2_humble/install/ament_pyflakes:/home/gkasha/ros2_humble/install/ament_pycodestyle:/home/gkasha/ros2_humble/install/ament_pep257:/home/gkasha/ros2_humble/install/ament_pclint:/home/gkasha/ros2_humble/install/ament_package:/home/gkasha/ros2_humble/install/ament_mypy:/home/gkasha/ros2_humble/install/ament_lint_cmake:/home/gkasha/ros2_humble/install/ament_flake8:/home/gkasha/ros2_humble/install/ament_copyright:/home/gkasha/ros2_humble/install/ament_lint:/home/gkasha/ros2_humble/install/ament_index_python:/home/gkasha/ros2_humble/install/ament_cpplint:/home/gkasha/ros2_humble/install/ament_cppcheck:/home/gkasha/ros2_humble/install/ament_clang_tidy:/home/gkasha/ros2_humble/install/ament_clang_format /usr/bin/cmake --install /home/gkasha/Documents/maae/build/ma_interfaces
[3.332s] -- Install configuration: ""
[3.337s] -- Up-to-date: /home/gkasha/Documents/maae/install/ma_interfaces/share/ament_index/resource_index/rosidl_interfaces/ma_interfaces
[3.338s] -- Up-to-date: /home/gkasha/Documents/maae/install/ma_interfaces/include/ma_interfaces/ma_interfaces
[3.338s] -- Up-to-date: /home/gkasha/Documents/maae/install/ma_interfaces/include/ma_interfaces/ma_interfaces/srv
[3.338s] -- Up-to-date: /home/gkasha/Documents/maae/install/ma_interfaces/include/ma_interfaces/ma_interfaces/srv/detail
[3.338s] -- Up-to-date: /home/gkasha/Documents/maae/install/ma_interfaces/include/ma_interfaces/ma_interfaces/srv/detail/add_goal__functions.c
[3.338s] -- Up-to-date: /home/gkasha/Documents/maae/install/ma_interfaces/include/ma_interfaces/ma_interfaces/srv/detail/auction_srv__type_support.h
[3.339s] -- Up-to-date: /home/gkasha/Documents/maae/install/ma_interfaces/include/ma_interfaces/ma_interfaces/srv/detail/get_goal__functions.c
[3.339s] -- Up-to-date: /home/gkasha/Documents/maae/install/ma_interfaces/include/ma_interfaces/ma_interfaces/srv/detail/add_goal__struct.h
[3.339s] -- Up-to-date: /home/gkasha/Documents/maae/install/ma_interfaces/include/ma_interfaces/ma_interfaces/srv/detail/add_goal__type_support.h
[3.339s] -- Up-to-date: /home/gkasha/Documents/maae/install/ma_interfaces/include/ma_interfaces/ma_interfaces/srv/detail/get_bid__functions.h
[3.339s] -- Up-to-date: /home/gkasha/Documents/maae/install/ma_interfaces/include/ma_interfaces/ma_interfaces/srv/detail/auction_srv__struct.h
[3.339s] -- Up-to-date: /home/gkasha/Documents/maae/install/ma_interfaces/include/ma_interfaces/ma_interfaces/srv/detail/get_bid__struct.h
[3.339s] -- Up-to-date: /home/gkasha/Documents/maae/install/ma_interfaces/include/ma_interfaces/ma_interfaces/srv/detail/get_goal__struct.h
[3.340s] -- Up-to-date: /home/gkasha/Documents/maae/install/ma_interfaces/include/ma_interfaces/ma_interfaces/srv/detail/get_bid__type_support.h
[3.340s] -- Up-to-date: /home/gkasha/Documents/maae/install/ma_interfaces/include/ma_interfaces/ma_interfaces/srv/detail/auction_srv__functions.c
[3.340s] -- Up-to-date: /home/gkasha/Documents/maae/install/ma_interfaces/include/ma_interfaces/ma_interfaces/srv/detail/add_goal__functions.h
[3.340s] -- Up-to-date: /home/gkasha/Documents/maae/install/ma_interfaces/include/ma_interfaces/ma_interfaces/srv/detail/get_goal__functions.h
[3.340s] -- Up-to-date: /home/gkasha/Documents/maae/install/ma_interfaces/include/ma_interfaces/ma_interfaces/srv/detail/get_goal__type_support.h
[3.342s] -- Up-to-date: /home/gkasha/Documents/maae/install/ma_interfaces/include/ma_interfaces/ma_interfaces/srv/detail/get_bid__functions.c
[3.344s] -- Up-to-date: /home/gkasha/Documents/maae/install/ma_interfaces/include/ma_interfaces/ma_interfaces/srv/detail/auction_srv__functions.h
[3.344s] -- Up-to-date: /home/gkasha/Documents/maae/install/ma_interfaces/include/ma_interfaces/ma_interfaces/srv/add_goal.h
[3.344s] -- Up-to-date: /home/gkasha/Documents/maae/install/ma_interfaces/include/ma_interfaces/ma_interfaces/srv/auction_srv.h
[3.344s] -- Up-to-date: /home/gkasha/Documents/maae/install/ma_interfaces/include/ma_interfaces/ma_interfaces/srv/get_bid.h
[3.344s] -- Up-to-date: /home/gkasha/Documents/maae/install/ma_interfaces/include/ma_interfaces/ma_interfaces/srv/get_goal.h
[3.344s] -- Up-to-date: /home/gkasha/Documents/maae/install/ma_interfaces/include/ma_interfaces/ma_interfaces/msg
[3.344s] -- Up-to-date: /home/gkasha/Documents/maae/install/ma_interfaces/include/ma_interfaces/ma_interfaces/msg/goal.h
[3.344s] -- Up-to-date: /home/gkasha/Documents/maae/install/ma_interfaces/include/ma_interfaces/ma_interfaces/msg/rosidl_generator_c__visibility_control.h
[3.346s] -- Up-to-date: /home/gkasha/Documents/maae/install/ma_interfaces/include/ma_interfaces/ma_interfaces/msg/detail
[3.346s] -- Up-to-date: /home/gkasha/Documents/maae/install/ma_interfaces/include/ma_interfaces/ma_interfaces/msg/detail/bid__functions.h
[3.346s] -- Up-to-date: /home/gkasha/Documents/maae/install/ma_interfaces/include/ma_interfaces/ma_interfaces/msg/detail/node__type_support.h
[3.346s] -- Up-to-date: /home/gkasha/Documents/maae/install/ma_interfaces/include/ma_interfaces/ma_interfaces/msg/detail/goal__struct.h
[3.346s] -- Up-to-date: /home/gkasha/Documents/maae/install/ma_interfaces/include/ma_interfaces/ma_interfaces/msg/detail/bid__type_support.h
[3.346s] -- Up-to-date: /home/gkasha/Documents/maae/install/ma_interfaces/include/ma_interfaces/ma_interfaces/msg/detail/bid__struct.h
[3.353s] -- Up-to-date: /home/gkasha/Documents/maae/install/ma_interfaces/include/ma_interfaces/ma_interfaces/msg/detail/node__functions.h
[3.353s] -- Up-to-date: /home/gkasha/Documents/maae/install/ma_interfaces/include/ma_interfaces/ma_interfaces/msg/detail/goal__functions.c
[3.353s] -- Up-to-date: /home/gkasha/Documents/maae/install/ma_interfaces/include/ma_interfaces/ma_interfaces/msg/detail/auction_msg__functions.c
[3.353s] -- Up-to-date: /home/gkasha/Documents/maae/install/ma_interfaces/include/ma_interfaces/ma_interfaces/msg/detail/goal__type_support.h
[3.353s] -- Up-to-date: /home/gkasha/Documents/maae/install/ma_interfaces/include/ma_interfaces/ma_interfaces/msg/detail/task__functions.h
[3.353s] -- Up-to-date: /home/gkasha/Documents/maae/install/ma_interfaces/include/ma_interfaces/ma_interfaces/msg/detail/node__functions.c
[3.354s] -- Up-to-date: /home/gkasha/Documents/maae/install/ma_interfaces/include/ma_interfaces/ma_interfaces/msg/detail/bid__functions.c
[3.354s] -- Up-to-date: /home/gkasha/Documents/maae/install/ma_interfaces/include/ma_interfaces/ma_interfaces/msg/detail/goal__functions.h
[3.354s] -- Up-to-date: /home/gkasha/Documents/maae/install/ma_interfaces/include/ma_interfaces/ma_interfaces/msg/detail/task__type_support.h
[3.354s] -- Up-to-date: /home/gkasha/Documents/maae/install/ma_interfaces/include/ma_interfaces/ma_interfaces/msg/detail/task__functions.c
[3.354s] -- Up-to-date: /home/gkasha/Documents/maae/install/ma_interfaces/include/ma_interfaces/ma_interfaces/msg/detail/task__struct.h
[3.354s] -- Up-to-date: /home/gkasha/Documents/maae/install/ma_interfaces/include/ma_interfaces/ma_interfaces/msg/detail/auction_msg__type_support.h
[3.354s] -- Up-to-date: /home/gkasha/Documents/maae/install/ma_interfaces/include/ma_interfaces/ma_interfaces/msg/detail/node__struct.h
[3.354s] -- Up-to-date: /home/gkasha/Documents/maae/install/ma_interfaces/include/ma_interfaces/ma_interfaces/msg/detail/auction_msg__functions.h
[3.354s] -- Up-to-date: /home/gkasha/Documents/maae/install/ma_interfaces/include/ma_interfaces/ma_interfaces/msg/detail/auction_msg__struct.h
[3.354s] -- Up-to-date: /home/gkasha/Documents/maae/install/ma_interfaces/include/ma_interfaces/ma_interfaces/msg/task.h
[3.354s] -- Up-to-date: /home/gkasha/Documents/maae/install/ma_interfaces/include/ma_interfaces/ma_interfaces/msg/bid.h
[3.354s] -- Up-to-date: /home/gkasha/Documents/maae/install/ma_interfaces/include/ma_interfaces/ma_interfaces/msg/auction_msg.h
[3.354s] -- Up-to-date: /home/gkasha/Documents/maae/install/ma_interfaces/include/ma_interfaces/ma_interfaces/msg/node.h
[3.354s] -- Up-to-date: /home/gkasha/Documents/maae/install/ma_interfaces/share/ma_interfaces/environment/library_path.sh
[3.354s] -- Up-to-date: /home/gkasha/Documents/maae/install/ma_interfaces/share/ma_interfaces/environment/library_path.dsv
[3.354s] -- Up-to-date: /home/gkasha/Documents/maae/install/ma_interfaces/lib/libma_interfaces__rosidl_generator_c.so
[3.358s] -- Up-to-date: /home/gkasha/Documents/maae/install/ma_interfaces/include/ma_interfaces/ma_interfaces
[3.359s] -- Up-to-date: /home/gkasha/Documents/maae/install/ma_interfaces/include/ma_interfaces/ma_interfaces/srv
[3.359s] -- Up-to-date: /home/gkasha/Documents/maae/install/ma_interfaces/include/ma_interfaces/ma_interfaces/srv/detail
[3.359s] -- Up-to-date: /home/gkasha/Documents/maae/install/ma_interfaces/include/ma_interfaces/ma_interfaces/srv/detail/get_goal__type_support.c
[3.359s] -- Up-to-date: /home/gkasha/Documents/maae/install/ma_interfaces/include/ma_interfaces/ma_interfaces/srv/detail/auction_srv__type_support.c
[3.359s] -- Up-to-date: /home/gkasha/Documents/maae/install/ma_interfaces/include/ma_interfaces/ma_interfaces/srv/detail/add_goal__rosidl_typesupport_introspection_c.h
[3.359s] -- Up-to-date: /home/gkasha/Documents/maae/install/ma_interfaces/include/ma_interfaces/ma_interfaces/srv/detail/get_goal__rosidl_typesupport_introspection_c.h
[3.359s] -- Up-to-date: /home/gkasha/Documents/maae/install/ma_interfaces/include/ma_interfaces/ma_interfaces/srv/detail/get_bid__type_support.c
[3.359s] -- Up-to-date: /home/gkasha/Documents/maae/install/ma_interfaces/include/ma_interfaces/ma_interfaces/srv/detail/auction_srv__rosidl_typesupport_introspection_c.h
[3.359s] -- Up-to-date: /home/gkasha/Documents/maae/install/ma_interfaces/include/ma_interfaces/ma_interfaces/srv/detail/get_bid__rosidl_typesupport_introspection_c.h
[3.359s] -- Up-to-date: /home/gkasha/Documents/maae/install/ma_interfaces/include/ma_interfaces/ma_interfaces/srv/detail/add_goal__type_support.c
[3.359s] -- Up-to-date: /home/gkasha/Documents/maae/install/ma_interfaces/include/ma_interfaces/ma_interfaces/msg
[3.359s] -- Up-to-date: /home/gkasha/Documents/maae/install/ma_interfaces/include/ma_interfaces/ma_interfaces/msg/detail
[3.359s] -- Up-to-date: /home/gkasha/Documents/maae/install/ma_interfaces/include/ma_interfaces/ma_interfaces/msg/detail/node__rosidl_typesupport_introspection_c.h
[3.359s] -- Up-to-date: /home/gkasha/Documents/maae/install/ma_interfaces/include/ma_interfaces/ma_interfaces/msg/detail/node__type_support.c
[3.360s] -- Up-to-date: /home/gkasha/Documents/maae/install/ma_interfaces/include/ma_interfaces/ma_interfaces/msg/detail/bid__rosidl_typesupport_introspection_c.h
[3.360s] -- Up-to-date: /home/gkasha/Documents/maae/install/ma_interfaces/include/ma_interfaces/ma_interfaces/msg/detail/goal__rosidl_typesupport_introspection_c.h
[3.360s] -- Up-to-date: /home/gkasha/Documents/maae/install/ma_interfaces/include/ma_interfaces/ma_interfaces/msg/detail/bid__type_support.c
[3.360s] -- Up-to-date: /home/gkasha/Documents/maae/install/ma_interfaces/include/ma_interfaces/ma_interfaces/msg/detail/goal__type_support.c
[3.360s] -- Up-to-date: /home/gkasha/Documents/maae/install/ma_interfaces/include/ma_interfaces/ma_interfaces/msg/detail/task__type_support.c
[3.361s] -- Up-to-date: /home/gkasha/Documents/maae/install/ma_interfaces/include/ma_interfaces/ma_interfaces/msg/detail/task__rosidl_typesupport_introspection_c.h
[3.361s] -- Up-to-date: /home/gkasha/Documents/maae/install/ma_interfaces/include/ma_interfaces/ma_interfaces/msg/detail/auction_msg__rosidl_typesupport_introspection_c.h
[3.361s] -- Up-to-date: /home/gkasha/Documents/maae/install/ma_interfaces/include/ma_interfaces/ma_interfaces/msg/detail/auction_msg__type_support.c
[3.361s] -- Up-to-date: /home/gkasha/Documents/maae/install/ma_interfaces/include/ma_interfaces/ma_interfaces/msg/rosidl_typesupport_introspection_c__visibility_control.h
[3.361s] -- Up-to-date: /home/gkasha/Documents/maae/install/ma_interfaces/lib/libma_interfaces__rosidl_typesupport_introspection_c.so
[3.361s] -- Up-to-date: /home/gkasha/Documents/maae/install/ma_interfaces/include/ma_interfaces/ma_interfaces
[3.361s] -- Up-to-date: /home/gkasha/Documents/maae/install/ma_interfaces/include/ma_interfaces/ma_interfaces/srv
[3.361s] -- Up-to-date: /home/gkasha/Documents/maae/install/ma_interfaces/include/ma_interfaces/ma_interfaces/srv/detail
[3.362s] -- Up-to-date: /home/gkasha/Documents/maae/install/ma_interfaces/include/ma_interfaces/ma_interfaces/srv/detail/get_bid__rosidl_typesupport_fastrtps_c.h
[3.362s] -- Up-to-date: /home/gkasha/Documents/maae/install/ma_interfaces/include/ma_interfaces/ma_interfaces/srv/detail/add_goal__rosidl_typesupport_fastrtps_c.h
[3.362s] -- Up-to-date: /home/gkasha/Documents/maae/install/ma_interfaces/include/ma_interfaces/ma_interfaces/srv/detail/get_goal__rosidl_typesupport_fastrtps_c.h
[3.362s] -- Up-to-date: /home/gkasha/Documents/maae/install/ma_interfaces/include/ma_interfaces/ma_interfaces/srv/detail/auction_srv__rosidl_typesupport_fastrtps_c.h
[3.362s] -- Up-to-date: /home/gkasha/Documents/maae/install/ma_interfaces/include/ma_interfaces/ma_interfaces/msg
[3.362s] -- Up-to-date: /home/gkasha/Documents/maae/install/ma_interfaces/include/ma_interfaces/ma_interfaces/msg/detail
[3.362s] -- Up-to-date: /home/gkasha/Documents/maae/install/ma_interfaces/include/ma_interfaces/ma_interfaces/msg/detail/bid__rosidl_typesupport_fastrtps_c.h
[3.362s] -- Up-to-date: /home/gkasha/Documents/maae/install/ma_interfaces/include/ma_interfaces/ma_interfaces/msg/detail/goal__rosidl_typesupport_fastrtps_c.h
[3.362s] -- Up-to-date: /home/gkasha/Documents/maae/install/ma_interfaces/include/ma_interfaces/ma_interfaces/msg/detail/task__rosidl_typesupport_fastrtps_c.h
[3.362s] -- Up-to-date: /home/gkasha/Documents/maae/install/ma_interfaces/include/ma_interfaces/ma_interfaces/msg/detail/node__rosidl_typesupport_fastrtps_c.h
[3.363s] -- Up-to-date: /home/gkasha/Documents/maae/install/ma_interfaces/include/ma_interfaces/ma_interfaces/msg/detail/auction_msg__rosidl_typesupport_fastrtps_c.h
[3.363s] -- Up-to-date: /home/gkasha/Documents/maae/install/ma_interfaces/include/ma_interfaces/ma_interfaces/msg/rosidl_typesupport_fastrtps_c__visibility_control.h
[3.363s] -- Up-to-date: /home/gkasha/Documents/maae/install/ma_interfaces/lib/libma_interfaces__rosidl_typesupport_fastrtps_c.so
[3.363s] -- Up-to-date: /home/gkasha/Documents/maae/install/ma_interfaces/lib/libma_interfaces__rosidl_typesupport_c.so
[3.363s] -- Up-to-date: /home/gkasha/Documents/maae/install/ma_interfaces/include/ma_interfaces/ma_interfaces
[3.363s] -- Up-to-date: /home/gkasha/Documents/maae/install/ma_interfaces/include/ma_interfaces/ma_interfaces/srv
[3.363s] -- Up-to-date: /home/gkasha/Documents/maae/install/ma_interfaces/include/ma_interfaces/ma_interfaces/srv/detail
[3.363s] -- Up-to-date: /home/gkasha/Documents/maae/install/ma_interfaces/include/ma_interfaces/ma_interfaces/srv/detail/add_goal__builder.hpp
[3.363s] -- Up-to-date: /home/gkasha/Documents/maae/install/ma_interfaces/include/ma_interfaces/ma_interfaces/srv/detail/auction_srv__traits.hpp
[3.363s] -- Up-to-date: /home/gkasha/Documents/maae/install/ma_interfaces/include/ma_interfaces/ma_interfaces/srv/detail/get_bid__struct.hpp
[3.363s] -- Up-to-date: /home/gkasha/Documents/maae/install/ma_interfaces/include/ma_interfaces/ma_interfaces/srv/detail/get_goal__traits.hpp
[3.363s] -- Up-to-date: /home/gkasha/Documents/maae/install/ma_interfaces/include/ma_interfaces/ma_interfaces/srv/detail/auction_srv__builder.hpp
[3.363s] -- Up-to-date: /home/gkasha/Documents/maae/install/ma_interfaces/include/ma_interfaces/ma_interfaces/srv/detail/get_goal__builder.hpp
[3.363s] -- Up-to-date: /home/gkasha/Documents/maae/install/ma_interfaces/include/ma_interfaces/ma_interfaces/srv/detail/get_bid__builder.hpp
[3.364s] -- Up-to-date: /home/gkasha/Documents/maae/install/ma_interfaces/include/ma_interfaces/ma_interfaces/srv/detail/get_bid__traits.hpp
[3.364s] -- Up-to-date: /home/gkasha/Documents/maae/install/ma_interfaces/include/ma_interfaces/ma_interfaces/srv/detail/get_goal__struct.hpp
[3.364s] -- Up-to-date: /home/gkasha/Documents/maae/install/ma_interfaces/include/ma_interfaces/ma_interfaces/srv/detail/auction_srv__struct.hpp
[3.364s] -- Up-to-date: /home/gkasha/Documents/maae/install/ma_interfaces/include/ma_interfaces/ma_interfaces/srv/detail/add_goal__traits.hpp
[3.364s] -- Up-to-date: /home/gkasha/Documents/maae/install/ma_interfaces/include/ma_interfaces/ma_interfaces/srv/detail/add_goal__struct.hpp
[3.364s] -- Up-to-date: /home/gkasha/Documents/maae/install/ma_interfaces/include/ma_interfaces/ma_interfaces/srv/get_goal.hpp
[3.364s] -- Up-to-date: /home/gkasha/Documents/maae/install/ma_interfaces/include/ma_interfaces/ma_interfaces/srv/get_bid.hpp
[3.364s] -- Up-to-date: /home/gkasha/Documents/maae/install/ma_interfaces/include/ma_interfaces/ma_interfaces/srv/add_goal.hpp
[3.364s] -- Up-to-date: /home/gkasha/Documents/maae/install/ma_interfaces/include/ma_interfaces/ma_interfaces/srv/auction_srv.hpp
[3.364s] -- Up-to-date: /home/gkasha/Documents/maae/install/ma_interfaces/include/ma_interfaces/ma_interfaces/msg
[3.364s] -- Up-to-date: /home/gkasha/Documents/maae/install/ma_interfaces/include/ma_interfaces/ma_interfaces/msg/auction_msg.hpp
[3.364s] -- Up-to-date: /home/gkasha/Documents/maae/install/ma_interfaces/include/ma_interfaces/ma_interfaces/msg/detail
[3.365s] -- Up-to-date: /home/gkasha/Documents/maae/install/ma_interfaces/include/ma_interfaces/ma_interfaces/msg/detail/node__builder.hpp
[3.365s] -- Up-to-date: /home/gkasha/Documents/maae/install/ma_interfaces/include/ma_interfaces/ma_interfaces/msg/detail/bid__struct.hpp
[3.365s] -- Up-to-date: /home/gkasha/Documents/maae/install/ma_interfaces/include/ma_interfaces/ma_interfaces/msg/detail/goal__traits.hpp
[3.365s] -- Up-to-date: /home/gkasha/Documents/maae/install/ma_interfaces/include/ma_interfaces/ma_interfaces/msg/detail/auction_msg__builder.hpp
[3.365s] -- Up-to-date: /home/gkasha/Documents/maae/install/ma_interfaces/include/ma_interfaces/ma_interfaces/msg/detail/auction_msg__traits.hpp
[3.365s] -- Up-to-date: /home/gkasha/Documents/maae/install/ma_interfaces/include/ma_interfaces/ma_interfaces/msg/detail/auction_msg__struct.hpp
[3.366s] -- Up-to-date: /home/gkasha/Documents/maae/install/ma_interfaces/include/ma_interfaces/ma_interfaces/msg/detail/task__traits.hpp
[3.366s] -- Up-to-date: /home/gkasha/Documents/maae/install/ma_interfaces/include/ma_interfaces/ma_interfaces/msg/detail/task__builder.hpp
[3.367s] -- Up-to-date: /home/gkasha/Documents/maae/install/ma_interfaces/include/ma_interfaces/ma_interfaces/msg/detail/goal__builder.hpp
[3.367s] -- Up-to-date: /home/gkasha/Documents/maae/install/ma_interfaces/include/ma_interfaces/ma_interfaces/msg/detail/bid__traits.hpp
[3.368s] -- Up-to-date: /home/gkasha/Documents/maae/install/ma_interfaces/include/ma_interfaces/ma_interfaces/msg/detail/node__struct.hpp
[3.368s] -- Up-to-date: /home/gkasha/Documents/maae/install/ma_interfaces/include/ma_interfaces/ma_interfaces/msg/detail/bid__builder.hpp
[3.368s] -- Up-to-date: /home/gkasha/Documents/maae/install/ma_interfaces/include/ma_interfaces/ma_interfaces/msg/detail/task__struct.hpp
[3.368s] -- Up-to-date: /home/gkasha/Documents/maae/install/ma_interfaces/include/ma_interfaces/ma_interfaces/msg/detail/goal__struct.hpp
[3.368s] -- Up-to-date: /home/gkasha/Documents/maae/install/ma_interfaces/include/ma_interfaces/ma_interfaces/msg/detail/node__traits.hpp
[3.368s] -- Up-to-date: /home/gkasha/Documents/maae/install/ma_interfaces/include/ma_interfaces/ma_interfaces/msg/bid.hpp
[3.368s] -- Up-to-date: /home/gkasha/Documents/maae/install/ma_interfaces/include/ma_interfaces/ma_interfaces/msg/goal.hpp
[3.369s] -- Up-to-date: /home/gkasha/Documents/maae/install/ma_interfaces/include/ma_interfaces/ma_interfaces/msg/task.hpp
[3.369s] -- Up-to-date: /home/gkasha/Documents/maae/install/ma_interfaces/include/ma_interfaces/ma_interfaces/msg/node.hpp
[3.369s] -- Up-to-date: /home/gkasha/Documents/maae/install/ma_interfaces/include/ma_interfaces/ma_interfaces
[3.369s] -- Up-to-date: /home/gkasha/Documents/maae/install/ma_interfaces/include/ma_interfaces/ma_interfaces/srv
[3.369s] -- Up-to-date: /home/gkasha/Documents/maae/install/ma_interfaces/include/ma_interfaces/ma_interfaces/srv/detail
[3.369s] -- Up-to-date: /home/gkasha/Documents/maae/install/ma_interfaces/include/ma_interfaces/ma_interfaces/srv/detail/get_bid__rosidl_typesupport_introspection_cpp.hpp
[3.369s] -- Up-to-date: /home/gkasha/Documents/maae/install/ma_interfaces/include/ma_interfaces/ma_interfaces/srv/detail/get_goal__rosidl_typesupport_introspection_cpp.hpp
[3.369s] -- Up-to-date: /home/gkasha/Documents/maae/install/ma_interfaces/include/ma_interfaces/ma_interfaces/srv/detail/add_goal__type_support.cpp
[3.369s] -- Up-to-date: /home/gkasha/Documents/maae/install/ma_interfaces/include/ma_interfaces/ma_interfaces/srv/detail/get_goal__type_support.cpp
[3.370s] -- Up-to-date: /home/gkasha/Documents/maae/install/ma_interfaces/include/ma_interfaces/ma_interfaces/srv/detail/auction_srv__rosidl_typesupport_introspection_cpp.hpp
[3.370s] -- Up-to-date: /home/gkasha/Documents/maae/install/ma_interfaces/include/ma_interfaces/ma_interfaces/srv/detail/get_bid__type_support.cpp
[3.370s] -- Up-to-date: /home/gkasha/Documents/maae/install/ma_interfaces/include/ma_interfaces/ma_interfaces/srv/detail/auction_srv__type_support.cpp
[3.370s] -- Up-to-date: /home/gkasha/Documents/maae/install/ma_interfaces/include/ma_interfaces/ma_interfaces/srv/detail/add_goal__rosidl_typesupport_introspection_cpp.hpp
[3.370s] -- Up-to-date: /home/gkasha/Documents/maae/install/ma_interfaces/include/ma_interfaces/ma_interfaces/msg
[3.370s] -- Up-to-date: /home/gkasha/Documents/maae/install/ma_interfaces/include/ma_interfaces/ma_interfaces/msg/detail
[3.370s] -- Up-to-date: /home/gkasha/Documents/maae/install/ma_interfaces/include/ma_interfaces/ma_interfaces/msg/detail/bid__type_support.cpp
[3.370s] -- Up-to-date: /home/gkasha/Documents/maae/install/ma_interfaces/include/ma_interfaces/ma_interfaces/msg/detail/goal__rosidl_typesupport_introspection_cpp.hpp
[3.370s] -- Up-to-date: /home/gkasha/Documents/maae/install/ma_interfaces/include/ma_interfaces/ma_interfaces/msg/detail/task__type_support.cpp
[3.370s] -- Up-to-date: /home/gkasha/Documents/maae/install/ma_interfaces/include/ma_interfaces/ma_interfaces/msg/detail/bid__rosidl_typesupport_introspection_cpp.hpp
[3.370s] -- Up-to-date: /home/gkasha/Documents/maae/install/ma_interfaces/include/ma_interfaces/ma_interfaces/msg/detail/auction_msg__rosidl_typesupport_introspection_cpp.hpp
[3.370s] -- Up-to-date: /home/gkasha/Documents/maae/install/ma_interfaces/include/ma_interfaces/ma_interfaces/msg/detail/node__rosidl_typesupport_introspection_cpp.hpp
[3.370s] -- Up-to-date: /home/gkasha/Documents/maae/install/ma_interfaces/include/ma_interfaces/ma_interfaces/msg/detail/node__type_support.cpp
[3.371s] -- Up-to-date: /home/gkasha/Documents/maae/install/ma_interfaces/include/ma_interfaces/ma_interfaces/msg/detail/goal__type_support.cpp
[3.371s] -- Up-to-date: /home/gkasha/Documents/maae/install/ma_interfaces/include/ma_interfaces/ma_interfaces/msg/detail/task__rosidl_typesupport_introspection_cpp.hpp
[3.371s] -- Up-to-date: /home/gkasha/Documents/maae/install/ma_interfaces/include/ma_interfaces/ma_interfaces/msg/detail/auction_msg__type_support.cpp
[3.371s] -- Up-to-date: /home/gkasha/Documents/maae/install/ma_interfaces/lib/libma_interfaces__rosidl_typesupport_introspection_cpp.so
[3.371s] -- Up-to-date: /home/gkasha/Documents/maae/install/ma_interfaces/include/ma_interfaces/ma_interfaces
[3.371s] -- Up-to-date: /home/gkasha/Documents/maae/install/ma_interfaces/include/ma_interfaces/ma_interfaces/srv
[3.371s] -- Up-to-date: /home/gkasha/Documents/maae/install/ma_interfaces/include/ma_interfaces/ma_interfaces/srv/detail
[3.371s] -- Up-to-date: /home/gkasha/Documents/maae/install/ma_interfaces/include/ma_interfaces/ma_interfaces/srv/detail/dds_fastrtps
[3.371s] -- Up-to-date: /home/gkasha/Documents/maae/install/ma_interfaces/include/ma_interfaces/ma_interfaces/srv/detail/auction_srv__rosidl_typesupport_fastrtps_cpp.hpp
[3.371s] -- Up-to-date: /home/gkasha/Documents/maae/install/ma_interfaces/include/ma_interfaces/ma_interfaces/srv/detail/get_goal__rosidl_typesupport_fastrtps_cpp.hpp
[3.372s] -- Up-to-date: /home/gkasha/Documents/maae/install/ma_interfaces/include/ma_interfaces/ma_interfaces/srv/detail/get_bid__rosidl_typesupport_fastrtps_cpp.hpp
[3.372s] -- Up-to-date: /home/gkasha/Documents/maae/install/ma_interfaces/include/ma_interfaces/ma_interfaces/srv/detail/add_goal__rosidl_typesupport_fastrtps_cpp.hpp
[3.372s] -- Up-to-date: /home/gkasha/Documents/maae/install/ma_interfaces/include/ma_interfaces/ma_interfaces/msg
[3.372s] -- Up-to-date: /home/gkasha/Documents/maae/install/ma_interfaces/include/ma_interfaces/ma_interfaces/msg/detail
[3.372s] -- Up-to-date: /home/gkasha/Documents/maae/install/ma_interfaces/include/ma_interfaces/ma_interfaces/msg/detail/goal__rosidl_typesupport_fastrtps_cpp.hpp
[3.372s] -- Up-to-date: /home/gkasha/Documents/maae/install/ma_interfaces/include/ma_interfaces/ma_interfaces/msg/detail/dds_fastrtps
[3.372s] -- Up-to-date: /home/gkasha/Documents/maae/install/ma_interfaces/include/ma_interfaces/ma_interfaces/msg/detail/bid__rosidl_typesupport_fastrtps_cpp.hpp
[3.372s] -- Up-to-date: /home/gkasha/Documents/maae/install/ma_interfaces/include/ma_interfaces/ma_interfaces/msg/detail/node__rosidl_typesupport_fastrtps_cpp.hpp
[3.372s] -- Up-to-date: /home/gkasha/Documents/maae/install/ma_interfaces/include/ma_interfaces/ma_interfaces/msg/detail/task__rosidl_typesupport_fastrtps_cpp.hpp
[3.372s] -- Up-to-date: /home/gkasha/Documents/maae/install/ma_interfaces/include/ma_interfaces/ma_interfaces/msg/detail/auction_msg__rosidl_typesupport_fastrtps_cpp.hpp
[3.372s] -- Up-to-date: /home/gkasha/Documents/maae/install/ma_interfaces/include/ma_interfaces/ma_interfaces/msg/rosidl_typesupport_fastrtps_cpp__visibility_control.h
[3.372s] -- Up-to-date: /home/gkasha/Documents/maae/install/ma_interfaces/lib/libma_interfaces__rosidl_typesupport_fastrtps_cpp.so
[3.373s] -- Up-to-date: /home/gkasha/Documents/maae/install/ma_interfaces/lib/libma_interfaces__rosidl_typesupport_cpp.so
[3.373s] -- Up-to-date: /home/gkasha/Documents/maae/install/ma_interfaces/share/ma_interfaces/environment/pythonpath.sh
[3.373s] -- Up-to-date: /home/gkasha/Documents/maae/install/ma_interfaces/share/ma_interfaces/environment/pythonpath.dsv
[3.373s] -- Up-to-date: /home/gkasha/Documents/maae/install/ma_interfaces/local/lib/python3.10/dist-packages/ma_interfaces-0.0.0-py3.10.egg-info
[3.373s] -- Installing: /home/gkasha/Documents/maae/install/ma_interfaces/local/lib/python3.10/dist-packages/ma_interfaces-0.0.0-py3.10.egg-info/SOURCES.txt
[3.374s] -- Installing: /home/gkasha/Documents/maae/install/ma_interfaces/local/lib/python3.10/dist-packages/ma_interfaces-0.0.0-py3.10.egg-info/PKG-INFO
[3.374s] -- Installing: /home/gkasha/Documents/maae/install/ma_interfaces/local/lib/python3.10/dist-packages/ma_interfaces-0.0.0-py3.10.egg-info/dependency_links.txt
[3.374s] -- Installing: /home/gkasha/Documents/maae/install/ma_interfaces/local/lib/python3.10/dist-packages/ma_interfaces-0.0.0-py3.10.egg-info/top_level.txt
[3.376s] -- Up-to-date: /home/gkasha/Documents/maae/install/ma_interfaces/local/lib/python3.10/dist-packages/ma_interfaces
[3.376s] -- Up-to-date: /home/gkasha/Documents/maae/install/ma_interfaces/local/lib/python3.10/dist-packages/ma_interfaces/libma_interfaces__rosidl_generator_py.so
[3.376s] -- Up-to-date: /home/gkasha/Documents/maae/install/ma_interfaces/local/lib/python3.10/dist-packages/ma_interfaces/srv
[3.376s] -- Up-to-date: /home/gkasha/Documents/maae/install/ma_interfaces/local/lib/python3.10/dist-packages/ma_interfaces/srv/_auction_srv.py
[3.376s] -- Up-to-date: /home/gkasha/Documents/maae/install/ma_interfaces/local/lib/python3.10/dist-packages/ma_interfaces/srv/_auction_srv_s.c
[3.376s] -- Up-to-date: /home/gkasha/Documents/maae/install/ma_interfaces/local/lib/python3.10/dist-packages/ma_interfaces/srv/_add_goal.py
[3.376s] -- Up-to-date: /home/gkasha/Documents/maae/install/ma_interfaces/local/lib/python3.10/dist-packages/ma_interfaces/srv/_get_goal.py
[3.376s] -- Up-to-date: /home/gkasha/Documents/maae/install/ma_interfaces/local/lib/python3.10/dist-packages/ma_interfaces/srv/_get_bid_s.c
[3.377s] -- Up-to-date: /home/gkasha/Documents/maae/install/ma_interfaces/local/lib/python3.10/dist-packages/ma_interfaces/srv/__init__.py
[3.377s] -- Up-to-date: /home/gkasha/Documents/maae/install/ma_interfaces/local/lib/python3.10/dist-packages/ma_interfaces/srv/_add_goal_s.c
[3.377s] -- Up-to-date: /home/gkasha/Documents/maae/install/ma_interfaces/local/lib/python3.10/dist-packages/ma_interfaces/srv/_get_bid.py
[3.377s] -- Up-to-date: /home/gkasha/Documents/maae/install/ma_interfaces/local/lib/python3.10/dist-packages/ma_interfaces/srv/_get_goal_s.c
[3.377s] -- Up-to-date: /home/gkasha/Documents/maae/install/ma_interfaces/local/lib/python3.10/dist-packages/ma_interfaces/_ma_interfaces_s.ep.rosidl_typesupport_introspection_c.c
[3.377s] -- Up-to-date: /home/gkasha/Documents/maae/install/ma_interfaces/local/lib/python3.10/dist-packages/ma_interfaces/msg
[3.377s] -- Up-to-date: /home/gkasha/Documents/maae/install/ma_interfaces/local/lib/python3.10/dist-packages/ma_interfaces/msg/_task.py
[3.377s] -- Up-to-date: /home/gkasha/Documents/maae/install/ma_interfaces/local/lib/python3.10/dist-packages/ma_interfaces/msg/_bid.py
[3.377s] -- Up-to-date: /home/gkasha/Documents/maae/install/ma_interfaces/local/lib/python3.10/dist-packages/ma_interfaces/msg/_goal_s.c
[3.377s] -- Up-to-date: /home/gkasha/Documents/maae/install/ma_interfaces/local/lib/python3.10/dist-packages/ma_interfaces/msg/_task_s.c
[3.377s] -- Up-to-date: /home/gkasha/Documents/maae/install/ma_interfaces/local/lib/python3.10/dist-packages/ma_interfaces/msg/_bid_s.c
[3.377s] -- Up-to-date: /home/gkasha/Documents/maae/install/ma_interfaces/local/lib/python3.10/dist-packages/ma_interfaces/msg/__init__.py
[3.378s] -- Up-to-date: /home/gkasha/Documents/maae/install/ma_interfaces/local/lib/python3.10/dist-packages/ma_interfaces/msg/_node.py
[3.378s] -- Up-to-date: /home/gkasha/Documents/maae/install/ma_interfaces/local/lib/python3.10/dist-packages/ma_interfaces/msg/_auction_msg.py
[3.378s] -- Up-to-date: /home/gkasha/Documents/maae/install/ma_interfaces/local/lib/python3.10/dist-packages/ma_interfaces/msg/_node_s.c
[3.378s] -- Up-to-date: /home/gkasha/Documents/maae/install/ma_interfaces/local/lib/python3.10/dist-packages/ma_interfaces/msg/_auction_msg_s.c
[3.378s] -- Up-to-date: /home/gkasha/Documents/maae/install/ma_interfaces/local/lib/python3.10/dist-packages/ma_interfaces/msg/_goal.py
[3.378s] -- Up-to-date: /home/gkasha/Documents/maae/install/ma_interfaces/local/lib/python3.10/dist-packages/ma_interfaces/__init__.py
[3.378s] -- Up-to-date: /home/gkasha/Documents/maae/install/ma_interfaces/local/lib/python3.10/dist-packages/ma_interfaces/_ma_interfaces_s.ep.rosidl_typesupport_c.c
[3.378s] -- Up-to-date: /home/gkasha/Documents/maae/install/ma_interfaces/local/lib/python3.10/dist-packages/ma_interfaces/ma_interfaces_s__rosidl_typesupport_c.cpython-310-x86_64-linux-gnu.so
[3.378s] -- Up-to-date: /home/gkasha/Documents/maae/install/ma_interfaces/local/lib/python3.10/dist-packages/ma_interfaces/ma_interfaces_s__rosidl_typesupport_fastrtps_c.cpython-310-x86_64-linux-gnu.so
[3.378s] -- Up-to-date: /home/gkasha/Documents/maae/install/ma_interfaces/local/lib/python3.10/dist-packages/ma_interfaces/ma_interfaces_s__rosidl_typesupport_introspection_c.cpython-310-x86_64-linux-gnu.so
[3.378s] -- Up-to-date: /home/gkasha/Documents/maae/install/ma_interfaces/local/lib/python3.10/dist-packages/ma_interfaces/_ma_interfaces_s.ep.rosidl_typesupport_fastrtps_c.c
[3.571s] Listing '/home/gkasha/Documents/maae/install/ma_interfaces/local/lib/python3.10/dist-packages/ma_interfaces'...
[3.571s] Listing '/home/gkasha/Documents/maae/install/ma_interfaces/local/lib/python3.10/dist-packages/ma_interfaces/msg'...
[3.571s] Listing '/home/gkasha/Documents/maae/install/ma_interfaces/local/lib/python3.10/dist-packages/ma_interfaces/srv'...
[3.579s] -- Up-to-date: /home/gkasha/Documents/maae/install/ma_interfaces/local/lib/python3.10/dist-packages/ma_interfaces/ma_interfaces_s__rosidl_typesupport_introspection_c.cpython-310-x86_64-linux-gnu.so
[3.580s] -- Up-to-date: /home/gkasha/Documents/maae/install/ma_interfaces/local/lib/python3.10/dist-packages/ma_interfaces/ma_interfaces_s__rosidl_typesupport_fastrtps_c.cpython-310-x86_64-linux-gnu.so
[3.581s] -- Up-to-date: /home/gkasha/Documents/maae/install/ma_interfaces/local/lib/python3.10/dist-packages/ma_interfaces/ma_interfaces_s__rosidl_typesupport_c.cpython-310-x86_64-linux-gnu.so
[3.584s] -- Up-to-date: /home/gkasha/Documents/maae/install/ma_interfaces/lib/libma_interfaces__rosidl_generator_py.so
[3.584s] -- Up-to-date: /home/gkasha/Documents/maae/install/ma_interfaces/share/ma_interfaces/msg/AuctionMsg.idl
[3.584s] -- Up-to-date: /home/gkasha/Documents/maae/install/ma_interfaces/share/ma_interfaces/msg/Node.idl
[3.584s] -- Up-to-date: /home/gkasha/Documents/maae/install/ma_interfaces/share/ma_interfaces/msg/Bid.idl
[3.585s] -- Up-to-date: /home/gkasha/Documents/maae/install/ma_interfaces/share/ma_interfaces/msg/Task.idl
[3.585s] -- Up-to-date: /home/gkasha/Documents/maae/install/ma_interfaces/share/ma_interfaces/msg/Goal.idl
[3.585s] -- Up-to-date: /home/gkasha/Documents/maae/install/ma_interfaces/share/ma_interfaces/srv/AuctionSrv.idl
[3.585s] -- Up-to-date: /home/gkasha/Documents/maae/install/ma_interfaces/share/ma_interfaces/srv/GetGoal.idl
[3.585s] -- Up-to-date: /home/gkasha/Documents/maae/install/ma_interfaces/share/ma_interfaces/srv/GetBid.idl
[3.585s] -- Up-to-date: /home/gkasha/Documents/maae/install/ma_interfaces/share/ma_interfaces/srv/AddGoal.idl
[3.585s] -- Up-to-date: /home/gkasha/Documents/maae/install/ma_interfaces/share/ma_interfaces/msg/AuctionMsg.msg
[3.585s] -- Up-to-date: /home/gkasha/Documents/maae/install/ma_interfaces/share/ma_interfaces/msg/Node.msg
[3.585s] -- Up-to-date: /home/gkasha/Documents/maae/install/ma_interfaces/share/ma_interfaces/msg/Bid.msg
[3.586s] -- Up-to-date: /home/gkasha/Documents/maae/install/ma_interfaces/share/ma_interfaces/msg/Task.msg
[3.586s] -- Up-to-date: /home/gkasha/Documents/maae/install/ma_interfaces/share/ma_interfaces/msg/Goal.msg
[3.586s] -- Up-to-date: /home/gkasha/Documents/maae/install/ma_interfaces/share/ma_interfaces/srv/AuctionSrv.srv
[3.586s] -- Up-to-date: /home/gkasha/Documents/maae/install/ma_interfaces/share/ma_interfaces/srv/AuctionSrv_Request.msg
[3.586s] -- Up-to-date: /home/gkasha/Documents/maae/install/ma_interfaces/share/ma_interfaces/srv/AuctionSrv_Response.msg
[3.586s] -- Up-to-date: /home/gkasha/Documents/maae/install/ma_interfaces/share/ma_interfaces/srv/GetGoal.srv
[3.586s] -- Up-to-date: /home/gkasha/Documents/maae/install/ma_interfaces/share/ma_interfaces/srv/GetGoal_Request.msg
[3.587s] -- Up-to-date: /home/gkasha/Documents/maae/install/ma_interfaces/share/ma_interfaces/srv/GetGoal_Response.msg
[3.587s] -- Up-to-date: /home/gkasha/Documents/maae/install/ma_interfaces/share/ma_interfaces/srv/GetBid.srv
[3.587s] -- Up-to-date: /home/gkasha/Documents/maae/install/ma_interfaces/share/ma_interfaces/srv/GetBid_Request.msg
[3.587s] -- Up-to-date: /home/gkasha/Documents/maae/install/ma_interfaces/share/ma_interfaces/srv/GetBid_Response.msg
[3.587s] -- Up-to-date: /home/gkasha/Documents/maae/install/ma_interfaces/share/ma_interfaces/srv/AddGoal.srv
[3.587s] -- Up-to-date: /home/gkasha/Documents/maae/install/ma_interfaces/share/ma_interfaces/srv/AddGoal_Request.msg
[3.587s] -- Up-to-date: /home/gkasha/Documents/maae/install/ma_interfaces/share/ma_interfaces/srv/AddGoal_Response.msg
[3.587s] -- Up-to-date: /home/gkasha/Documents/maae/install/ma_interfaces/share/ament_index/resource_index/package_run_dependencies/ma_interfaces
[3.587s] -- Up-to-date: /home/gkasha/Documents/maae/install/ma_interfaces/share/ament_index/resource_index/parent_prefix_path/ma_interfaces
[3.588s] -- Up-to-date: /home/gkasha/Documents/maae/install/ma_interfaces/share/ma_interfaces/environment/ament_prefix_path.dsv
[3.588s] -- Up-to-date: /home/gkasha/Documents/maae/install/ma_interfaces/share/ma_interfaces/environment/path.dsv
[3.588s] -- Up-to-date: /home/gkasha/Documents/maae/install/ma_interfaces/share/ma_interfaces/local_setup.bash
[3.588s] -- Up-to-date: /home/gkasha/Documents/maae/install/ma_interfaces/share/ma_interfaces/local_setup.sh
[3.588s] -- Up-to-date: /home/gkasha/Documents/maae/install/ma_interfaces/share/ma_interfaces/local_setup.zsh
[3.588s] -- Up-to-date: /home/gkasha/Documents/maae/install/ma_interfaces/share/ma_interfaces/local_setup.dsv
[3.588s] -- Installing: /home/gkasha/Documents/maae/install/ma_interfaces/share/ma_interfaces/package.dsv
[3.588s] -- Up-to-date: /home/gkasha/Documents/maae/install/ma_interfaces/share/ament_index/resource_index/packages/ma_interfaces
[3.589s] -- Up-to-date: /home/gkasha/Documents/maae/install/ma_interfaces/share/ma_interfaces/cmake/export_ma_interfaces__rosidl_generator_cExport.cmake
[3.589s] -- Up-to-date: /home/gkasha/Documents/maae/install/ma_interfaces/share/ma_interfaces/cmake/export_ma_interfaces__rosidl_generator_cExport-noconfig.cmake
[3.590s] -- Up-to-date: /home/gkasha/Documents/maae/install/ma_interfaces/share/ma_interfaces/cmake/ma_interfaces__rosidl_typesupport_introspection_cExport.cmake
[3.590s] -- Up-to-date: /home/gkasha/Documents/maae/install/ma_interfaces/share/ma_interfaces/cmake/ma_interfaces__rosidl_typesupport_introspection_cExport-noconfig.cmake
[3.590s] -- Up-to-date: /home/gkasha/Documents/maae/install/ma_interfaces/share/ma_interfaces/cmake/export_ma_interfaces__rosidl_typesupport_fastrtps_cExport.cmake
[3.590s] -- Up-to-date: /home/gkasha/Documents/maae/install/ma_interfaces/share/ma_interfaces/cmake/export_ma_interfaces__rosidl_typesupport_fastrtps_cExport-noconfig.cmake
[3.592s] -- Up-to-date: /home/gkasha/Documents/maae/install/ma_interfaces/share/ma_interfaces/cmake/ma_interfaces__rosidl_typesupport_cExport.cmake
[3.592s] -- Up-to-date: /home/gkasha/Documents/maae/install/ma_interfaces/share/ma_interfaces/cmake/ma_interfaces__rosidl_typesupport_cExport-noconfig.cmake
[3.592s] -- Up-to-date: /home/gkasha/Documents/maae/install/ma_interfaces/share/ma_interfaces/cmake/export_ma_interfaces__rosidl_generator_cppExport.cmake
[3.594s] -- Up-to-date: /home/gkasha/Documents/maae/install/ma_interfaces/share/ma_interfaces/cmake/ma_interfaces__rosidl_typesupport_introspection_cppExport.cmake
[3.594s] -- Up-to-date: /home/gkasha/Documents/maae/install/ma_interfaces/share/ma_interfaces/cmake/ma_interfaces__rosidl_typesupport_introspection_cppExport-noconfig.cmake
[3.595s] -- Up-to-date: /home/gkasha/Documents/maae/install/ma_interfaces/share/ma_interfaces/cmake/export_ma_interfaces__rosidl_typesupport_fastrtps_cppExport.cmake
[3.595s] -- Up-to-date: /home/gkasha/Documents/maae/install/ma_interfaces/share/ma_interfaces/cmake/export_ma_interfaces__rosidl_typesupport_fastrtps_cppExport-noconfig.cmake
[3.596s] -- Up-to-date: /home/gkasha/Documents/maae/install/ma_interfaces/share/ma_interfaces/cmake/ma_interfaces__rosidl_typesupport_cppExport.cmake
[3.596s] -- Up-to-date: /home/gkasha/Documents/maae/install/ma_interfaces/share/ma_interfaces/cmake/ma_interfaces__rosidl_typesupport_cppExport-noconfig.cmake
[3.596s] -- Up-to-date: /home/gkasha/Documents/maae/install/ma_interfaces/share/ma_interfaces/cmake/export_ma_interfaces__rosidl_generator_pyExport.cmake
[3.598s] -- Up-to-date: /home/gkasha/Documents/maae/install/ma_interfaces/share/ma_interfaces/cmake/export_ma_interfaces__rosidl_generator_pyExport-noconfig.cmake
[3.598s] -- Up-to-date: /home/gkasha/Documents/maae/install/ma_interfaces/share/ma_interfaces/cmake/rosidl_cmake-extras.cmake
[3.598s] -- Up-to-date: /home/gkasha/Documents/maae/install/ma_interfaces/share/ma_interfaces/cmake/ament_cmake_export_include_directories-extras.cmake
[3.599s] -- Up-to-date: /home/gkasha/Documents/maae/install/ma_interfaces/share/ma_interfaces/cmake/ament_cmake_export_libraries-extras.cmake
[3.599s] -- Up-to-date: /home/gkasha/Documents/maae/install/ma_interfaces/share/ma_interfaces/cmake/ament_cmake_export_targets-extras.cmake
[3.599s] -- Up-to-date: /home/gkasha/Documents/maae/install/ma_interfaces/share/ma_interfaces/cmake/rosidl_cmake_export_typesupport_targets-extras.cmake
[3.599s] -- Up-to-date: /home/gkasha/Documents/maae/install/ma_interfaces/share/ma_interfaces/cmake/ament_cmake_export_dependencies-extras.cmake
[3.599s] -- Up-to-date: /home/gkasha/Documents/maae/install/ma_interfaces/share/ma_interfaces/cmake/rosidl_cmake_export_typesupport_libraries-extras.cmake
[3.599s] -- Up-to-date: /home/gkasha/Documents/maae/install/ma_interfaces/share/ma_interfaces/cmake/ma_interfacesConfig.cmake
[3.600s] -- Up-to-date: /home/gkasha/Documents/maae/install/ma_interfaces/share/ma_interfaces/cmake/ma_interfacesConfig-version.cmake
[3.600s] -- Up-to-date: /home/gkasha/Documents/maae/install/ma_interfaces/share/ma_interfaces/package.xml
[3.603s] Invoked command in '/home/gkasha/Documents/maae/build/ma_interfaces' returned '0': CMAKE_PREFIX_PATH=${CMAKE_PREFIX_PATH}:/home/gkasha/ros2_humble/install/rqt_bag_plugins:/home/gkasha/ros2_humble/install/rqt_bag:/home/gkasha/ros2_humble/install/ros2bag:/home/gkasha/ros2_humble/install/tracetools_test:/home/gkasha/ros2_humble/install/tracetools_launch:/home/gkasha/ros2_humble/install/topic_monitor:/home/gkasha/ros2_humble/install/tf2_tools:/home/gkasha/ros2_humble/install/examples_tf2_py:/home/gkasha/ros2_humble/install/tf2_ros_py:/home/gkasha/ros2_humble/install/sros2:/home/gkasha/ros2_humble/install/rqt_topic:/home/gkasha/ros2_humble/install/rqt_srv:/home/gkasha/ros2_humble/install/rqt_shell:/home/gkasha/ros2_humble/install/rqt_service_caller:/home/gkasha/ros2_humble/install/rqt_reconfigure:/home/gkasha/ros2_humble/install/rqt_py_console:/home/gkasha/ros2_humble/install/rqt_publisher:/home/gkasha/ros2_humble/install/rqt_plot:/home/gkasha/ros2_humble/install/rqt_action:/home/gkasha/ros2_humble/install/rqt_msg:/home/gkasha/ros2_humble/install/rqt_console:/home/gkasha/ros2_humble/install/rqt:/home/gkasha/ros2_humble/install/rqt_graph:/home/gkasha/ros2_humble/install/rqt_gui_py:/home/gkasha/ros2_humble/install/rqt_gui:/home/gkasha/ros2_humble/install/ros2trace:/home/gkasha/ros2_humble/install/ros2topic:/home/gkasha/ros2_humble/install/ros2test:/home/gkasha/ros2_humble/install/ros2component:/home/gkasha/ros2_humble/install/ros2param:/home/gkasha/ros2_humble/install/ros2lifecycle:/home/gkasha/ros2_humble/install/ros2service:/home/gkasha/ros2_humble/install/ros2run:/home/gkasha/ros2_humble/install/ros2launch:/home/gkasha/ros2_humble/install/ros2pkg:/home/gkasha/ros2_humble/install/ros2node:/home/gkasha/ros2_humble/install/ros2multicast:/home/gkasha/ros2_humble/install/ros2interface:/home/gkasha/ros2_humble/install/ros2doctor:/home/gkasha/ros2_humble/install/ros2action:/home/gkasha/ros2_humble/install/ros2cli:/home/gkasha/ros2_humble/install/quality_of_service_demo_py:/home/gkasha/ros2_humble/install/lifecycle_py:/home/gkasha/ros2_humble/install/launch_testing_ros:/home/gkasha/ros2_humble/install/launch_ros:/home/gkasha/ros2_humble/install/examples_rclpy_pointcloud_publisher:/home/gkasha/ros2_humble/install/examples_rclpy_minimal_subscriber:/home/gkasha/ros2_humble/install/examples_rclpy_minimal_service:/home/gkasha/ros2_humble/install/examples_rclpy_minimal_publisher:/home/gkasha/ros2_humble/install/examples_rclpy_minimal_client:/home/gkasha/ros2_humble/install/examples_rclpy_minimal_action_server:/home/gkasha/ros2_humble/install/examples_rclpy_minimal_action_client:/home/gkasha/ros2_humble/install/examples_rclpy_guard_conditions:/home/gkasha/ros2_humble/install/examples_rclpy_executors:/home/gkasha/ros2_humble/install/demo_nodes_py:/home/gkasha/ros2_humble/install/action_tutorials_py:/home/gkasha/ros2_humble/install/ament_uncrustify:/home/gkasha/ros2_humble/install/tracetools_trace:/home/gkasha/ros2_humble/install/tracetools_read:/home/gkasha/ros2_humble/install/test_tracetools_launch:/home/gkasha/ros2_humble/install/test_launch_ros:/home/gkasha/ros2_humble/install/sensor_msgs_py:/home/gkasha/ros2_humble/install/rpyutils:/home/gkasha/ros2_humble/install/rosidl_runtime_py:/home/gkasha/ros2_humble/install/rosidl_cli:/home/gkasha/ros2_humble/install/launch_pytest:/home/gkasha/ros2_humble/install/launch_testing:/home/gkasha/ros2_humble/install/launch_yaml:/home/gkasha/ros2_humble/install/launch_xml:/home/gkasha/ros2_humble/install/launch:/home/gkasha/ros2_humble/install/osrf_pycommon:/home/gkasha/ros2_humble/install/launch_testing_examples:/home/gkasha/ros2_humble/install/domain_coordinator:/home/gkasha/ros2_humble/install/ament_xmllint:/home/gkasha/ros2_humble/install/ament_pyflakes:/home/gkasha/ros2_humble/install/ament_pycodestyle:/home/gkasha/ros2_humble/install/ament_pep257:/home/gkasha/ros2_humble/install/ament_pclint:/home/gkasha/ros2_humble/install/ament_package:/home/gkasha/ros2_humble/install/ament_mypy:/home/gkasha/ros2_humble/install/ament_lint_cmake:/home/gkasha/ros2_humble/install/ament_flake8:/home/gkasha/ros2_humble/install/ament_copyright:/home/gkasha/ros2_humble/install/ament_lint:/home/gkasha/ros2_humble/install/ament_index_python:/home/gkasha/ros2_humble/install/ament_cpplint:/home/gkasha/ros2_humble/install/ament_cppcheck:/home/gkasha/ros2_humble/install/ament_clang_tidy:/home/gkasha/ros2_humble/install/ament_clang_format /usr/bin/cmake --install /home/gkasha/Documents/maae/build/ma_interfaces
