[01m[K/home/gkasha/Documents/maae/src/auction/src/agent.cpp:[m[K In member function ‘[01m[Kbool Agent::schedule_task(ma_interfaces::msg::Task&, TNode*)[m[K’:
[01m[K/home/gkasha/Documents/maae/src/auction/src/agent.cpp:435:12:[m[K [01;31m[Kerror: [m[Kdeclaration of ‘[01m[KTNode* slot[m[K’ shadows a parameter
  435 |     TNode* [01;31m[Kslot[m[K = *std::min_element(slots.begin(),slots.end(),cmp);
      |            [01;31m[K^~~~[m[K
[01m[K/home/gkasha/Documents/maae/src/auction/src/agent.cpp:421:66:[m[K [01;36m[Knote: [m[K‘[01m[KTNode* slot[m[K’ previously declared here
  421 | bool Agent::schedule_task(ma_interfaces::msg::Task &task, [01;36m[KTNode* slot=nullptr[m[K) {
      |                                                           [01;36m[K~~~~~~~^~~~~~~~~~~~[m[K
[01m[K/home/gkasha/Documents/maae/src/auction/src/agent.cpp:435:19:[m[K [01;31m[Kerror: [m[Kcannot convert ‘[01m[Kstd::tuple<double, TNode*>[m[K’ to ‘[01m[KTNode*[m[K’ in initialization
  435 |     TNode* slot = [01;31m[K*std::min_element(slots.begin(),slots.end(),cmp)[m[K;
      |                   [01;31m[K^~~~~~~~~~~~~~~~~~~~~~~~~~~~~~~~~~~~~~~~~~~~~~~~[m[K
      |                   [01;31m[K|[m[K
      |                   [01;31m[Kstd::tuple<double, TNode*>[m[K
[01m[K/home/gkasha/Documents/maae/src/auction/src/agent.cpp:421:66:[m[K [01;35m[Kwarning: [m[Kunused parameter ‘[01m[Kslot[m[K’ [[01;35m[K]8;;https://gcc.gnu.org/onlinedocs/gcc/Warning-Options.html#index-Wunused-parameter-Wunused-parameter]8;;[m[K]
  421 | bool Agent::schedule_task(ma_interfaces::msg::Task &task, [01;35m[KTNode* slot=nullptr[m[K) {
      |                                                           [01;35m[K~~~~~~~^~~~~~~~~~~~[m[K
[01m[K/home/gkasha/Documents/maae/src/auction/src/agent.cpp:[m[K In member function ‘[01m[Kvoid Agent::check_dispatch()[m[K’:
[01m[K/home/gkasha/Documents/maae/src/auction/src/agent.cpp:640:40:[m[K [01;31m[Kerror: [m[Kcannot convert ‘[01m[Kstd::tuple<double, TNode*>[m[K’ to ‘[01m[KTNode*[m[K’ in initialization
  640 |                 TNode* slot = [01;31m[Kfind_slot(curr, curr->task)[m[K;
      |                               [01;31m[K~~~~~~~~~^~~~~~~~~~~~~~~~~~[m[K
      |                                        [01;31m[K|[m[K
      |                                        [01;31m[Kstd::tuple<double, TNode*>[m[K
gmake[2]: *** [CMakeFiles/agent.dir/build.make:76: CMakeFiles/agent.dir/src/agent.cpp.o] Error 1
gmake[1]: *** [CMakeFiles/Makefile2:197: CMakeFiles/agent.dir/all] Error 2
gmake: *** [Makefile:146: all] Error 2
