[0.576s] DEBUG:colcon:Command line arguments: ['/usr/bin/colcon', 'build', '--packages-select', 'auction']
[0.576s] DEBUG:colcon:Parsed command line arguments: Namespace(log_base=None, log_level=None, verb_name='build', build_base='build', install_base='install', merge_install=False, symlink_install=False, test_result_base=None, continue_on_error=False, executor='parallel', parallel_workers=4, event_handlers=None, ignore_user_meta=False, metas=['./colcon.meta'], base_paths=['.'], packages_ignore=None, packages_ignore_regex=None, paths=None, packages_up_to=None, packages_up_to_regex=None, packages_above=None, packages_above_and_dependencies=None, packages_above_depth=None, packages_select_by_dep=None, packages_skip_by_dep=None, packages_skip_up_to=None, packages_select_build_failed=False, packages_skip_build_finished=False, packages_select_test_failures=False, packages_skip_test_passed=False, packages_select=['auction'], packages_skip=None, packages_select_regex=None, packages_skip_regex=None, packages_start=None, packages_end=None, allow_overriding=[], cmake_args=None, cmake_target=None, cmake_target_skip_unavailable=False, cmake_clean_cache=False, cmake_clean_first=False, cmake_force_configure=False, ament_cmake_args=None, catkin_cmake_args=None, catkin_skip_building_tests=False, verb_parser=<colcon_defaults.argument_parser.defaults.DefaultArgumentsDecorator object at 0x7f958cea9cc0>, verb_extension=<colcon_core.verb.build.BuildVerb object at 0x7f958ce02e60>, main=<bound method BuildVerb.main of <colcon_core.verb.build.BuildVerb object at 0x7f958ce02e60>>)
[0.629s] Level 1:colcon.colcon_core.package_discovery:discover_packages(colcon_meta) check parameters
[0.630s] Level 1:colcon.colcon_core.package_discovery:discover_packages(recursive) check parameters
[0.630s] Level 1:colcon.colcon_core.package_discovery:discover_packages(ignore) check parameters
[0.630s] Level 1:colcon.colcon_core.package_discovery:discover_packages(path) check parameters
[0.630s] Level 1:colcon.colcon_core.package_discovery:discover_packages(colcon_meta) discover
[0.630s] Level 1:colcon.colcon_core.package_discovery:discover_packages(recursive) discover
[0.630s] INFO:colcon.colcon_core.package_discovery:Crawling recursively for packages in '/home/gkasha/Documents/maae'
[0.630s] Level 1:colcon.colcon_core.package_identification:_identify(.) by extensions ['ignore', 'ignore_ament_install']
[0.630s] Level 1:colcon.colcon_core.package_identification:_identify(.) by extension 'ignore'
[0.630s] Level 1:colcon.colcon_core.package_identification:_identify(.) by extension 'ignore_ament_install'
[0.630s] Level 1:colcon.colcon_core.package_identification:_identify(.) by extensions ['colcon_pkg']
[0.630s] Level 1:colcon.colcon_core.package_identification:_identify(.) by extension 'colcon_pkg'
[0.630s] Level 1:colcon.colcon_core.package_identification:_identify(.) by extensions ['colcon_meta']
[0.630s] Level 1:colcon.colcon_core.package_identification:_identify(.) by extension 'colcon_meta'
[0.630s] Level 1:colcon.colcon_core.package_identification:_identify(.) by extensions ['ros']
[0.630s] Level 1:colcon.colcon_core.package_identification:_identify(.) by extension 'ros'
[0.656s] Level 1:colcon.colcon_core.package_identification:_identify(.) by extensions ['cmake', 'python']
[0.656s] Level 1:colcon.colcon_core.package_identification:_identify(.) by extension 'cmake'
[0.656s] Level 1:colcon.colcon_core.package_identification:_identify(.) by extension 'python'
[0.656s] Level 1:colcon.colcon_core.package_identification:_identify(.) by extensions ['python_setup_py']
[0.656s] Level 1:colcon.colcon_core.package_identification:_identify(.) by extension 'python_setup_py'
[0.657s] Level 1:colcon.colcon_core.package_identification:_identify(build) by extensions ['ignore', 'ignore_ament_install']
[0.657s] Level 1:colcon.colcon_core.package_identification:_identify(build) by extension 'ignore'
[0.657s] Level 1:colcon.colcon_core.package_identification:_identify(build) ignored
[0.657s] Level 1:colcon.colcon_core.package_identification:_identify(data) by extensions ['ignore', 'ignore_ament_install']
[0.657s] Level 1:colcon.colcon_core.package_identification:_identify(data) by extension 'ignore'
[0.657s] Level 1:colcon.colcon_core.package_identification:_identify(data) by extension 'ignore_ament_install'
[0.657s] Level 1:colcon.colcon_core.package_identification:_identify(data) by extensions ['colcon_pkg']
[0.657s] Level 1:colcon.colcon_core.package_identification:_identify(data) by extension 'colcon_pkg'
[0.657s] Level 1:colcon.colcon_core.package_identification:_identify(data) by extensions ['colcon_meta']
[0.657s] Level 1:colcon.colcon_core.package_identification:_identify(data) by extension 'colcon_meta'
[0.658s] Level 1:colcon.colcon_core.package_identification:_identify(data) by extensions ['ros']
[0.658s] Level 1:colcon.colcon_core.package_identification:_identify(data) by extension 'ros'
[0.658s] Level 1:colcon.colcon_core.package_identification:_identify(data) by extensions ['cmake', 'python']
[0.658s] Level 1:colcon.colcon_core.package_identification:_identify(data) by extension 'cmake'
[0.658s] Level 1:colcon.colcon_core.package_identification:_identify(data) by extension 'python'
[0.658s] Level 1:colcon.colcon_core.package_identification:_identify(data) by extensions ['python_setup_py']
[0.658s] Level 1:colcon.colcon_core.package_identification:_identify(data) by extension 'python_setup_py'
[0.658s] Level 1:colcon.colcon_core.package_identification:_identify(data/dot_files) by extensions ['ignore', 'ignore_ament_install']
[0.658s] Level 1:colcon.colcon_core.package_identification:_identify(data/dot_files) by extension 'ignore'
[0.658s] Level 1:colcon.colcon_core.package_identification:_identify(data/dot_files) by extension 'ignore_ament_install'
[0.658s] Level 1:colcon.colcon_core.package_identification:_identify(data/dot_files) by extensions ['colcon_pkg']
[0.658s] Level 1:colcon.colcon_core.package_identification:_identify(data/dot_files) by extension 'colcon_pkg'
[0.658s] Level 1:colcon.colcon_core.package_identification:_identify(data/dot_files) by extensions ['colcon_meta']
[0.658s] Level 1:colcon.colcon_core.package_identification:_identify(data/dot_files) by extension 'colcon_meta'
[0.659s] Level 1:colcon.colcon_core.package_identification:_identify(data/dot_files) by extensions ['ros']
[0.659s] Level 1:colcon.colcon_core.package_identification:_identify(data/dot_files) by extension 'ros'
[0.659s] Level 1:colcon.colcon_core.package_identification:_identify(data/dot_files) by extensions ['cmake', 'python']
[0.659s] Level 1:colcon.colcon_core.package_identification:_identify(data/dot_files) by extension 'cmake'
[0.659s] Level 1:colcon.colcon_core.package_identification:_identify(data/dot_files) by extension 'python'
[0.659s] Level 1:colcon.colcon_core.package_identification:_identify(data/dot_files) by extensions ['python_setup_py']
[0.659s] Level 1:colcon.colcon_core.package_identification:_identify(data/dot_files) by extension 'python_setup_py'
[0.659s] Level 1:colcon.colcon_core.package_identification:_identify(data/pdfs) by extensions ['ignore', 'ignore_ament_install']
[0.659s] Level 1:colcon.colcon_core.package_identification:_identify(data/pdfs) by extension 'ignore'
[0.659s] Level 1:colcon.colcon_core.package_identification:_identify(data/pdfs) by extension 'ignore_ament_install'
[0.659s] Level 1:colcon.colcon_core.package_identification:_identify(data/pdfs) by extensions ['colcon_pkg']
[0.659s] Level 1:colcon.colcon_core.package_identification:_identify(data/pdfs) by extension 'colcon_pkg'
[0.659s] Level 1:colcon.colcon_core.package_identification:_identify(data/pdfs) by extensions ['colcon_meta']
[0.659s] Level 1:colcon.colcon_core.package_identification:_identify(data/pdfs) by extension 'colcon_meta'
[0.659s] Level 1:colcon.colcon_core.package_identification:_identify(data/pdfs) by extensions ['ros']
[0.660s] Level 1:colcon.colcon_core.package_identification:_identify(data/pdfs) by extension 'ros'
[0.660s] Level 1:colcon.colcon_core.package_identification:_identify(data/pdfs) by extensions ['cmake', 'python']
[0.660s] Level 1:colcon.colcon_core.package_identification:_identify(data/pdfs) by extension 'cmake'
[0.660s] Level 1:colcon.colcon_core.package_identification:_identify(data/pdfs) by extension 'python'
[0.660s] Level 1:colcon.colcon_core.package_identification:_identify(data/pdfs) by extensions ['python_setup_py']
[0.660s] Level 1:colcon.colcon_core.package_identification:_identify(data/pdfs) by extension 'python_setup_py'
[0.660s] Level 1:colcon.colcon_core.package_identification:_identify(install) by extensions ['ignore', 'ignore_ament_install']
[0.660s] Level 1:colcon.colcon_core.package_identification:_identify(install) by extension 'ignore'
[0.660s] Level 1:colcon.colcon_core.package_identification:_identify(install) ignored
[0.661s] Level 1:colcon.colcon_core.package_identification:_identify(log) by extensions ['ignore', 'ignore_ament_install']
[0.661s] Level 1:colcon.colcon_core.package_identification:_identify(log) by extension 'ignore'
[0.661s] Level 1:colcon.colcon_core.package_identification:_identify(log) ignored
[0.661s] Level 1:colcon.colcon_core.package_identification:_identify(src) by extensions ['ignore', 'ignore_ament_install']
[0.661s] Level 1:colcon.colcon_core.package_identification:_identify(src) by extension 'ignore'
[0.661s] Level 1:colcon.colcon_core.package_identification:_identify(src) by extension 'ignore_ament_install'
[0.661s] Level 1:colcon.colcon_core.package_identification:_identify(src) by extensions ['colcon_pkg']
[0.661s] Level 1:colcon.colcon_core.package_identification:_identify(src) by extension 'colcon_pkg'
[0.661s] Level 1:colcon.colcon_core.package_identification:_identify(src) by extensions ['colcon_meta']
[0.661s] Level 1:colcon.colcon_core.package_identification:_identify(src) by extension 'colcon_meta'
[0.661s] Level 1:colcon.colcon_core.package_identification:_identify(src) by extensions ['ros']
[0.661s] Level 1:colcon.colcon_core.package_identification:_identify(src) by extension 'ros'
[0.661s] Level 1:colcon.colcon_core.package_identification:_identify(src) by extensions ['cmake', 'python']
[0.662s] Level 1:colcon.colcon_core.package_identification:_identify(src) by extension 'cmake'
[0.662s] Level 1:colcon.colcon_core.package_identification:_identify(src) by extension 'python'
[0.662s] Level 1:colcon.colcon_core.package_identification:_identify(src) by extensions ['python_setup_py']
[0.662s] Level 1:colcon.colcon_core.package_identification:_identify(src) by extension 'python_setup_py'
[0.662s] Level 1:colcon.colcon_core.package_identification:_identify(src/auction) by extensions ['ignore', 'ignore_ament_install']
[0.662s] Level 1:colcon.colcon_core.package_identification:_identify(src/auction) by extension 'ignore'
[0.662s] Level 1:colcon.colcon_core.package_identification:_identify(src/auction) by extension 'ignore_ament_install'
[0.662s] Level 1:colcon.colcon_core.package_identification:_identify(src/auction) by extensions ['colcon_pkg']
[0.662s] Level 1:colcon.colcon_core.package_identification:_identify(src/auction) by extension 'colcon_pkg'
[0.662s] Level 1:colcon.colcon_core.package_identification:_identify(src/auction) by extensions ['colcon_meta']
[0.662s] Level 1:colcon.colcon_core.package_identification:_identify(src/auction) by extension 'colcon_meta'
[0.662s] Level 1:colcon.colcon_core.package_identification:_identify(src/auction) by extensions ['ros']
[0.662s] Level 1:colcon.colcon_core.package_identification:_identify(src/auction) by extension 'ros'
[0.666s] DEBUG:colcon.colcon_core.package_identification:Package 'src/auction' with type 'ros.ament_cmake' and name 'auction'
[0.666s] Level 1:colcon.colcon_core.package_identification:_identify(src/ma_interfaces) by extensions ['ignore', 'ignore_ament_install']
[0.666s] Level 1:colcon.colcon_core.package_identification:_identify(src/ma_interfaces) by extension 'ignore'
[0.666s] Level 1:colcon.colcon_core.package_identification:_identify(src/ma_interfaces) by extension 'ignore_ament_install'
[0.666s] Level 1:colcon.colcon_core.package_identification:_identify(src/ma_interfaces) by extensions ['colcon_pkg']
[0.666s] Level 1:colcon.colcon_core.package_identification:_identify(src/ma_interfaces) by extension 'colcon_pkg'
[0.666s] Level 1:colcon.colcon_core.package_identification:_identify(src/ma_interfaces) by extensions ['colcon_meta']
[0.666s] Level 1:colcon.colcon_core.package_identification:_identify(src/ma_interfaces) by extension 'colcon_meta'
[0.666s] Level 1:colcon.colcon_core.package_identification:_identify(src/ma_interfaces) by extensions ['ros']
[0.666s] Level 1:colcon.colcon_core.package_identification:_identify(src/ma_interfaces) by extension 'ros'
[0.667s] DEBUG:colcon.colcon_core.package_identification:Package 'src/ma_interfaces' with type 'ros.ament_cmake' and name 'ma_interfaces'
[0.667s] Level 1:colcon.colcon_core.package_identification:_identify(test) by extensions ['ignore', 'ignore_ament_install']
[0.667s] Level 1:colcon.colcon_core.package_identification:_identify(test) by extension 'ignore'
[0.668s] Level 1:colcon.colcon_core.package_identification:_identify(test) by extension 'ignore_ament_install'
[0.668s] Level 1:colcon.colcon_core.package_identification:_identify(test) by extensions ['colcon_pkg']
[0.668s] Level 1:colcon.colcon_core.package_identification:_identify(test) by extension 'colcon_pkg'
[0.668s] Level 1:colcon.colcon_core.package_identification:_identify(test) by extensions ['colcon_meta']
[0.668s] Level 1:colcon.colcon_core.package_identification:_identify(test) by extension 'colcon_meta'
[0.668s] Level 1:colcon.colcon_core.package_identification:_identify(test) by extensions ['ros']
[0.668s] Level 1:colcon.colcon_core.package_identification:_identify(test) by extension 'ros'
[0.668s] Level 1:colcon.colcon_core.package_identification:_identify(test) by extensions ['cmake', 'python']
[0.668s] Level 1:colcon.colcon_core.package_identification:_identify(test) by extension 'cmake'
[0.668s] Level 1:colcon.colcon_core.package_identification:_identify(test) by extension 'python'
[0.668s] Level 1:colcon.colcon_core.package_identification:_identify(test) by extensions ['python_setup_py']
[0.668s] Level 1:colcon.colcon_core.package_identification:_identify(test) by extension 'python_setup_py'
[0.668s] Level 1:colcon.colcon_core.package_identification:_identify(test/build) by extensions ['ignore', 'ignore_ament_install']
[0.668s] Level 1:colcon.colcon_core.package_identification:_identify(test/build) by extension 'ignore'
[0.668s] Level 1:colcon.colcon_core.package_identification:_identify(test/build) ignored
[0.669s] Level 1:colcon.colcon_core.package_identification:_identify(test/install) by extensions ['ignore', 'ignore_ament_install']
[0.669s] Level 1:colcon.colcon_core.package_identification:_identify(test/install) by extension 'ignore'
[0.669s] Level 1:colcon.colcon_core.package_identification:_identify(test/install) ignored
[0.669s] Level 1:colcon.colcon_core.package_identification:_identify(test/log) by extensions ['ignore', 'ignore_ament_install']
[0.669s] Level 1:colcon.colcon_core.package_identification:_identify(test/log) by extension 'ignore'
[0.669s] Level 1:colcon.colcon_core.package_identification:_identify(test/log) ignored
[0.669s] Level 1:colcon.colcon_core.package_discovery:discover_packages(recursive) using defaults
[0.669s] Level 1:colcon.colcon_core.package_discovery:discover_packages(ignore) discover
[0.669s] Level 1:colcon.colcon_core.package_discovery:discover_packages(ignore) using defaults
[0.669s] Level 1:colcon.colcon_core.package_discovery:discover_packages(path) discover
[0.669s] Level 1:colcon.colcon_core.package_discovery:discover_packages(path) using defaults
[0.734s] INFO:colcon.colcon_core.package_selection:Skipping not selected package 'ma_interfaces' in 'src/ma_interfaces'
[0.735s] Level 1:colcon.colcon_core.package_discovery:discover_packages(prefix_path) check parameters
[0.735s] Level 1:colcon.colcon_core.package_discovery:discover_packages(prefix_path) discover
[0.764s] DEBUG:colcon.colcon_installed_package_information.package_discovery:Found 343 installed packages in /home/gkasha/ros2_humble/install
[0.766s] Level 1:colcon.colcon_core.package_discovery:discover_packages(prefix_path) using defaults
[0.797s] Level 5:colcon.colcon_core.verb:set package 'auction' build argument 'cmake_args' from command line to 'None'
[0.798s] Level 5:colcon.colcon_core.verb:set package 'auction' build argument 'cmake_target' from command line to 'None'
[0.798s] Level 5:colcon.colcon_core.verb:set package 'auction' build argument 'cmake_target_skip_unavailable' from command line to 'False'
[0.798s] Level 5:colcon.colcon_core.verb:set package 'auction' build argument 'cmake_clean_cache' from command line to 'False'
[0.798s] Level 5:colcon.colcon_core.verb:set package 'auction' build argument 'cmake_clean_first' from command line to 'False'
[0.798s] Level 5:colcon.colcon_core.verb:set package 'auction' build argument 'cmake_force_configure' from command line to 'False'
[0.798s] Level 5:colcon.colcon_core.verb:set package 'auction' build argument 'ament_cmake_args' from command line to 'None'
[0.798s] Level 5:colcon.colcon_core.verb:set package 'auction' build argument 'catkin_cmake_args' from command line to 'None'
[0.798s] Level 5:colcon.colcon_core.verb:set package 'auction' build argument 'catkin_skip_building_tests' from command line to 'False'
[0.798s] DEBUG:colcon.colcon_core.verb:Building package 'auction' with the following arguments: {'ament_cmake_args': None, 'build_base': '/home/gkasha/Documents/maae/build/auction', 'catkin_cmake_args': None, 'catkin_skip_building_tests': False, 'cmake_args': None, 'cmake_clean_cache': False, 'cmake_clean_first': False, 'cmake_force_configure': False, 'cmake_target': None, 'cmake_target_skip_unavailable': False, 'install_base': '/home/gkasha/Documents/maae/install/auction', 'merge_install': False, 'path': '/home/gkasha/Documents/maae/src/auction', 'symlink_install': False, 'test_result_base': None}
[0.799s] INFO:colcon.colcon_core.executor:Executing jobs using 'parallel' executor
[0.806s] DEBUG:colcon.colcon_parallel_executor.executor.parallel:run_until_complete
[0.806s] INFO:colcon.colcon_ros.task.ament_cmake.build:Building ROS package in '/home/gkasha/Documents/maae/src/auction' with build type 'ament_cmake'
[0.807s] INFO:colcon.colcon_cmake.task.cmake.build:Building CMake package in '/home/gkasha/Documents/maae/src/auction'
[0.818s] INFO:colcon.colcon_core.plugin_system:Skipping extension 'colcon_core.shell.bat': Not used on non-Windows systems
[0.819s] INFO:colcon.colcon_core.shell:Skip shell extension 'powershell' for command environment: Not usable outside of PowerShell
[0.819s] DEBUG:colcon.colcon_core.shell:Skip shell extension 'dsv' for command environment
[0.892s] DEBUG:colcon.colcon_core.event_handler.log_command:Invoking command in '/home/gkasha/Documents/maae/build/auction': AMENT_PREFIX_PATH=/home/gkasha/Documents/maae/install/ma_interfaces:${AMENT_PREFIX_PATH} CMAKE_PREFIX_PATH=/home/gkasha/Documents/maae/install/ma_interfaces:/home/gkasha/ros2_humble/install/rosbag2_storage_mcap:/home/gkasha/ros2_humble/install/rosbag2:/home/gkasha/ros2_humble/install/rosbag2_compression_zstd:/home/gkasha/ros2_humble/install/mcap_vendor:/home/gkasha/ros2_humble/install/zstd_vendor:/home/gkasha/ros2_humble/install/rviz_visual_testing_framework:/home/gkasha/ros2_humble/install/rviz2:/home/gkasha/ros2_humble/install/rviz_default_plugins:/home/gkasha/ros2_humble/install/rviz_common:/home/gkasha/ros2_humble/install/rosbag2_py:/home/gkasha/ros2_humble/install/rosbag2_transport:/home/gkasha/ros2_humble/install/rosbag2_performance_benchmarking:/home/gkasha/ros2_humble/install/rosbag2_compression:/home/gkasha/ros2_humble/install/rosbag2_cpp:/home/gkasha/ros2_humble/install/rosbag2_storage_default_plugins:/home/gkasha/ros2_humble/install/rosbag2_storage:/home/gkasha/ros2_humble/install/image_common:/home/gkasha/ros2_humble/install/camera_info_manager:/home/gkasha/ros2_humble/install/camera_calibration_parsers:/home/gkasha/ros2_humble/install/yaml_cpp_vendor:/home/gkasha/ros2_humble/install/interactive_markers:/home/gkasha/ros2_humble/install/common_interfaces:/home/gkasha/ros2_humble/install/visualization_msgs:/home/gkasha/ros2_humble/install/dummy_robot_bringup:/home/gkasha/ros2_humble/install/robot_state_publisher:/home/gkasha/ros2_humble/install/kdl_parser:/home/gkasha/ros2_humble/install/urdf:/home/gkasha/ros2_humble/install/urdfdom:/home/gkasha/ros2_humble/install/urdf_parser_plugin:/home/gkasha/ros2_humble/install/urdfdom_headers:/home/gkasha/ros2_humble/install/turtlesim:/home/gkasha/ros2_humble/install/geometry2:/home/gkasha/ros2_humble/install/tf2_sensor_msgs:/home/gkasha/ros2_humble/install/test_tf2:/home/gkasha/ros2_humble/install/tf2_kdl:/home/gkasha/ros2_humble/install/tf2_geometry_msgs:/home/gkasha/ros2_humble/install/tf2_eigen:/home/gkasha/ros2_humble/install/tf2_bullet:/home/gkasha/ros2_humble/install/tf2_ros:/home/gkasha/ros2_humble/install/tf2_py:/home/gkasha/ros2_humble/install/tf2_msgs:/home/gkasha/ros2_humble/install/test_msgs:/home/gkasha/ros2_humble/install/sros2_cmake:/home/gkasha/ros2_humble/install/ros2cli_common_extensions:/home/gkasha/ros2_humble/install/rqt_py_common:/home/gkasha/ros2_humble/install/ros_testing:/home/gkasha/ros2_humble/install/ros2cli_test_interfaces:/home/gkasha/ros2_humble/install/quality_of_service_demo_cpp:/home/gkasha/ros2_humble/install/image_transport:/home/gkasha/ros2_humble/install/message_filters:/home/gkasha/ros2_humble/install/demo_nodes_cpp:/home/gkasha/ros2_humble/install/composition:/home/gkasha/ros2_humble/install/laser_geometry:/home/gkasha/ros2_humble/install/rclpy:/home/gkasha/ros2_humble/install/examples_rclcpp_minimal_action_server:/home/gkasha/ros2_humble/install/examples_rclcpp_minimal_action_client:/home/gkasha/ros2_humble/install/action_tutorials_cpp:/home/gkasha/ros2_humble/install/rclcpp_action:/home/gkasha/ros2_humble/install/rcl_action:/home/gkasha/ros2_humble/install/examples_rclcpp_wait_set:/home/gkasha/ros2_humble/install/examples_rclcpp_minimal_service:/home/gkasha/ros2_humble/install/examples_rclcpp_minimal_client:/home/gkasha/ros2_humble/install/examples_rclcpp_async_client:/home/gkasha/ros2_humble/install/example_interfaces:/home/gkasha/ros2_humble/install/action_tutorials_interfaces:/home/gkasha/ros2_humble/install/action_msgs:/home/gkasha/ros2_humble/install/unique_identifier_msgs:/home/gkasha/ros2_humble/install/ament_lint_common:/home/gkasha/ros2_humble/install/ament_cmake_uncrustify:/home/gkasha/ros2_humble/install/uncrustify_vendor:/home/gkasha/ros2_humble/install/trajectory_msgs:/home/gkasha/ros2_humble/install/topic_statistics_demo:/home/gkasha/ros2_humble/install/pendulum_control:/home/gkasha/ros2_humble/install/tlsf_cpp:/home/gkasha/ros2_humble/install/test_tracetools:/home/gkasha/ros2_humble/install/rqt_gui_cpp:/home/gkasha/ros2_humble/install/rosbag2_test_common:/home/gkasha/ros2_humble/install/ros2lifecycle_test_fixtures:/home/gkasha/ros2_humble/install/lifecycle:/home/gkasha/ros2_humble/install/rclcpp_lifecycle:/home/gkasha/ros2_humble/install/logging_demo:/home/gkasha/ros2_humble/install/image_tools:/home/gkasha/ros2_humble/install/examples_rclcpp_minimal_subscriber:/home/gkasha/ros2_humble/install/examples_rclcpp_minimal_composition:/home/gkasha/ros2_humble/install/demo_nodes_cpp_native:/home/gkasha/ros2_humble/install/rclcpp_components:/home/gkasha/ros2_humble/install/intra_process_demo:/home/gkasha/ros2_humble/install/examples_rclcpp_multithreaded_executor:/home/gkasha/ros2_humble/install/examples_rclcpp_minimal_timer:/home/gkasha/ros2_humble/install/examples_rclcpp_minimal_publisher:/home/gkasha/ros2_humble/install/examples_rclcpp_cbg_executor:/home/gkasha/ros2_humble/install/dummy_sensors:/home/gkasha/ros2_humble/install/dummy_map_server:/home/gkasha/ros2_humble/install/rclcpp:/home/gkasha/ros2_humble/install/rcl_lifecycle:/home/gkasha/ros2_humble/install/libstatistics_collector:/home/gkasha/ros2_humble/install/rcl:/home/gkasha/ros2_humble/install/rmw_implementation:/home/gkasha/ros2_humble/install/rmw_fastrtps_dynamic_cpp:/home/gkasha/ros2_humble/install/rmw_fastrtps_cpp:/home/gkasha/ros2_humble/install/rmw_fastrtps_shared_cpp:/home/gkasha/ros2_humble/install/rmw_cyclonedds_cpp:/home/gkasha/ros2_humble/install/tracetools:/home/gkasha/ros2_humble/install/tlsf:/home/gkasha/ros2_humble/install/tinyxml_vendor:/home/gkasha/ros2_humble/install/qt_gui_core:/home/gkasha/ros2_humble/install/qt_gui_cpp:/home/gkasha/ros2_humble/install/pluginlib:/home/gkasha/ros2_humble/install/tinyxml2_vendor:/home/gkasha/ros2_humble/install/tf2_eigen_kdl:/home/gkasha/ros2_humble/install/tf2:/home/gkasha/ros2_humble/install/test_security:/home/gkasha/ros2_humble/install/test_rmw_implementation:/home/gkasha/ros2_humble/install/test_rclcpp:/home/gkasha/ros2_humble/install/test_quality_of_service:/home/gkasha/ros2_humble/install/test_launch_testing:/home/gkasha/ros2_humble/install/test_interface_files:/home/gkasha/ros2_humble/install/test_communication:/home/gkasha/ros2_humble/install/test_cli_remapping:/home/gkasha/ros2_humble/install/test_cli:/home/gkasha/ros2_humble/install/qt_gui_app:/home/gkasha/ros2_humble/install/qt_gui:/home/gkasha/ros2_humble/install/tango_icons_vendor:/home/gkasha/ros2_humble/install/stereo_msgs:/home/gkasha/ros2_humble/install/std_srvs:/home/gkasha/ros2_humble/install/shape_msgs:/home/gkasha/ros2_humble/install/map_msgs:/home/gkasha/ros2_humble/install/sensor_msgs:/home/gkasha/ros2_humble/install/nav_msgs:/home/gkasha/ros2_humble/install/diagnostic_msgs:/home/gkasha/ros2_humble/install/geometry_msgs:/home/gkasha/ros2_humble/install/actionlib_msgs:/home/gkasha/ros2_humble/install/std_msgs:/home/gkasha/ros2_humble/install/statistics_msgs:/home/gkasha/ros2_humble/install/sqlite3_vendor:/home/gkasha/ros2_humble/install/rcl_logging_spdlog:/home/gkasha/ros2_humble/install/spdlog_vendor:/home/gkasha/ros2_humble/install/shared_queues_vendor:/home/gkasha/ros2_humble/install/rviz_rendering_tests:/home/gkasha/ros2_humble/install/rviz_rendering:/home/gkasha/ros2_humble/install/rviz_ogre_vendor:/home/gkasha/ros2_humble/install/rviz_assimp_vendor:/home/gkasha/ros2_humble/install/rttest:/home/gkasha/ros2_humble/install/rmw_connextddsmicro:/home/gkasha/ros2_humble/install/rmw_connextdds:/home/gkasha/ros2_humble/install/rmw_connextdds_common:/home/gkasha/ros2_humble/install/rti_connext_dds_cmake_module:/home/gkasha/ros2_humble/install/rosgraph_msgs:/home/gkasha/ros2_humble/install/rosbag2_interfaces:/home/gkasha/ros2_humble/install/rmw_dds_common:/home/gkasha/ros2_humble/install/composition_interfaces:/home/gkasha/ros2_humble/install/rcl_interfaces:/home/gkasha/ros2_humble/install/pendulum_msgs:/home/gkasha/ros2_humble/install/lifecycle_msgs:/home/gkasha/ros2_humble/install/builtin_interfaces:/home/gkasha/ros2_humble/install/rosidl_default_runtime:/home/gkasha/ros2_humble/install/rosidl_default_generators:/home/gkasha/ros2_humble/install/rosidl_generator_py:/home/gkasha/ros2_humble/install/rosidl_typesupport_introspection_tests:/home/gkasha/ros2_humble/install/rosidl_typesupport_cpp:/home/gkasha/ros2_humble/install/rosidl_typesupport_introspection_cpp:/home/gkasha/ros2_humble/install/rosidl_typesupport_c:/home/gkasha/ros2_humble/install/rosidl_typesupport_introspection_c:/home/gkasha/ros2_humble/install/rosidl_typesupport_fastrtps_c:/home/gkasha/ros2_humble/install/rosidl_typesupport_fastrtps_cpp:/home/gkasha/ros2_humble/install/rosidl_generator_cpp:/home/gkasha/ros2_humble/install/rosidl_runtime_cpp:/home/gkasha/ros2_humble/install/rcl_yaml_param_parser:/home/gkasha/ros2_humble/install/rmw:/home/gkasha/ros2_humble/install/rosidl_runtime_c:/home/gkasha/ros2_humble/install/rosidl_generator_c:/home/gkasha/ros2_humble/install/rosidl_typesupport_interface:/home/gkasha/ros2_humble/install/rosidl_generator_dds_idl:/home/gkasha/ros2_humble/install/rosidl_cmake:/home/gkasha/ros2_humble/install/rosidl_parser:/home/gkasha/ros2_humble/install/rosidl_adapter:/home/gkasha/ros2_humble/install/rosbag2_tests:/home/gkasha/ros2_humble/install/rosbag2_storage_mcap_testdata:/home/gkasha/ros2_humble/install/ros_environment:/home/gkasha/ros2_humble/install/rmw_implementation_cmake:/home/gkasha/ros2_humble/install/resource_retriever:/home/gkasha/ros2_humble/install/class_loader:/home/gkasha/ros2_humble/install/rcpputils:/home/gkasha/ros2_humble/install/rcl_logging_noop:/home/gkasha/ros2_humble/install/rcl_logging_interface:/home/gkasha/ros2_humble/install/rcutils:/home/gkasha/ros2_humble/install/qt_gui_py_common:/home/gkasha/ros2_humble/install/qt_dotgraph:/home/gkasha/ros2_humble/install/python_qt_binding:/home/gkasha/ros2_humble/install/python_orocos_kdl_vendor:/home/gkasha/ros2_humble/install/launch_testing_ament_cmake:/home/gkasha/ros2_humble/install/python_cmake_module:/home/gkasha/ros2_humble/install/pybind11_vendor:/home/gkasha/ros2_humble/install/performance_test_fixture:/home/gkasha/ros2_humble/install/osrf_testing_tools_cpp:/home/gkasha/ros2_humble/install/orocos_kdl_vendor:/home/gkasha/ros2_humble/install/mimick_vendor:/home/gkasha/ros2_humble/install/libyaml_vendor:/home/gkasha/ros2_humble/install/libcurl_vendor:/home/gkasha/ros2_humble/install/keyboard_handler:/home/gkasha/ros2_humble/install/cyclonedds:/home/gkasha/ros2_humble/install/iceoryx_posh:/home/gkasha/ros2_humble/install/iceoryx_hoofs:/home/gkasha/ros2_humble/install/iceoryx_binding_c:/home/gkasha/ros2_humble/install/ament_cmake_ros:/home/gkasha/ros2_humble/install/ament_cmake_gmock:/home/gkasha/ros2_humble/install/gmock_vendor:/home/gkasha/ros2_humble/install/ament_cmake_auto:/home/gkasha/ros2_humble/install/ament_cmake_gtest:/home/gkasha/ros2_humble/install/gtest_vendor:/home/gkasha/ros2_humble/install/ament_cmake_google_benchmark:/home/gkasha/ros2_humble/install/google_benchmark_vendor:/home/gkasha/ros2_humble/install/fastrtps:/home/gkasha/ros2_humble/install/foonathan_memory_vendor:/home/gkasha/ros2_humble/install/fastrtps_cmake_module:/home/gkasha/ros2_humble/install/fastcdr:/home/gkasha/ros2_humble/install/eigen3_cmake_module:/home/gkasha/ros2_humble/install/console_bridge_vendor:/home/gkasha/ros2_humble/install/ament_cmake_xmllint:/home/gkasha/ros2_humble/install/ament_cmake_pyflakes:/home/gkasha/ros2_humble/install/ament_cmake_pycodestyle:/home/gkasha/ros2_humble/install/ament_cmake_pep257:/home/gkasha/ros2_humble/install/ament_cmake_pclint:/home/gkasha/ros2_humble/install/ament_lint_auto:/home/gkasha/ros2_humble/install/ament_cmake:/home/gkasha/ros2_humble/install/ament_cmake_version:/home/gkasha/ros2_humble/install/ament_cmake_pytest:/home/gkasha/ros2_humble/install/ament_cmake_nose:/home/gkasha/ros2_humble/install/ament_cmake_mypy:/home/gkasha/ros2_humble/install/ament_cmake_lint_cmake:/home/gkasha/ros2_humble/install/ament_cmake_flake8:/home/gkasha/ros2_humble/install/ament_cmake_cpplint:/home/gkasha/ros2_humble/install/ament_cmake_cppcheck:/home/gkasha/ros2_humble/install/ament_cmake_copyright:/home/gkasha/ros2_humble/install/ament_cmake_clang_tidy:/home/gkasha/ros2_humble/install/ament_cmake_clang_format:/home/gkasha/ros2_humble/install/ament_cmake_test:/home/gkasha/ros2_humble/install/ament_cmake_target_dependencies:/home/gkasha/ros2_humble/install/ament_cmake_python:/home/gkasha/ros2_humble/install/ament_cmake_export_dependencies:/home/gkasha/ros2_humble/install/ament_cmake_libraries:/home/gkasha/ros2_humble/install/ament_cmake_include_directories:/home/gkasha/ros2_humble/install/ament_cmake_gen_version_h:/home/gkasha/ros2_humble/install/ament_cmake_export_targets:/home/gkasha/ros2_humble/install/ament_cmake_export_link_flags:/home/gkasha/ros2_humble/install/ament_cmake_export_interfaces:/home/gkasha/ros2_humble/install/ament_cmake_export_libraries:/home/gkasha/ros2_humble/install/ament_cmake_export_include_directories:/home/gkasha/ros2_humble/install/ament_cmake_export_definitions:/home/gkasha/ros2_humble/install/ament_cmake_core:/home/gkasha/ros2_humble/install/ament_index_cpp:/home/gkasha/ros2_humble/install/rqt_bag_plugins:/home/gkasha/ros2_humble/install/rqt_bag:/home/gkasha/ros2_humble/install/ros2bag:/home/gkasha/ros2_humble/install/tracetools_test:/home/gkasha/ros2_humble/install/tracetools_launch:/home/gkasha/ros2_humble/install/topic_monitor:/home/gkasha/ros2_humble/install/tf2_tools:/home/gkasha/ros2_humble/install/examples_tf2_py:/home/gkasha/ros2_humble/install/tf2_ros_py:/home/gkasha/ros2_humble/install/sros2:/home/gkasha/ros2_humble/install/rqt_topic:/home/gkasha/ros2_humble/install/rqt_srv:/home/gkasha/ros2_humble/install/rqt_shell:/home/gkasha/ros2_humble/install/rqt_service_caller:/home/gkasha/ros2_humble/install/rqt_reconfigure:/home/gkasha/ros2_humble/install/rqt_py_console:/home/gkasha/ros2_humble/install/rqt_publisher:/home/gkasha/ros2_humble/install/rqt_plot:/home/gkasha/ros2_humble/install/rqt_action:/home/gkasha/ros2_humble/install/rqt_msg:/home/gkasha/ros2_humble/install/rqt_console:/home/gkasha/ros2_humble/install/rqt:/home/gkasha/ros2_humble/install/rqt_graph:/home/gkasha/ros2_humble/install/rqt_gui_py:/home/gkasha/ros2_humble/install/rqt_gui:/home/gkasha/ros2_humble/install/ros2trace:/home/gkasha/ros2_humble/install/ros2topic:/home/gkasha/ros2_humble/install/ros2test:/home/gkasha/ros2_humble/install/ros2component:/home/gkasha/ros2_humble/install/ros2param:/home/gkasha/ros2_humble/install/ros2lifecycle:/home/gkasha/ros2_humble/install/ros2service:/home/gkasha/ros2_humble/install/ros2run:/home/gkasha/ros2_humble/install/ros2launch:/home/gkasha/ros2_humble/install/ros2pkg:/home/gkasha/ros2_humble/install/ros2node:/home/gkasha/ros2_humble/install/ros2multicast:/home/gkasha/ros2_humble/install/ros2interface:/home/gkasha/ros2_humble/install/ros2doctor:/home/gkasha/ros2_humble/install/ros2action:/home/gkasha/ros2_humble/install/ros2cli:/home/gkasha/ros2_humble/install/quality_of_service_demo_py:/home/gkasha/ros2_humble/install/lifecycle_py:/home/gkasha/ros2_humble/install/launch_testing_ros:/home/gkasha/ros2_humble/install/launch_ros:/home/gkasha/ros2_humble/install/examples_rclpy_pointcloud_publisher:/home/gkasha/ros2_humble/install/examples_rclpy_minimal_subscriber:/home/gkasha/ros2_humble/install/examples_rclpy_minimal_service:/home/gkasha/ros2_humble/install/examples_rclpy_minimal_publisher:/home/gkasha/ros2_humble/install/examples_rclpy_minimal_client:/home/gkasha/ros2_humble/install/examples_rclpy_minimal_action_server:/home/gkasha/ros2_humble/install/examples_rclpy_minimal_action_client:/home/gkasha/ros2_humble/install/examples_rclpy_guard_conditions:/home/gkasha/ros2_humble/install/examples_rclpy_executors:/home/gkasha/ros2_humble/install/demo_nodes_py:/home/gkasha/ros2_humble/install/action_tutorials_py:/home/gkasha/ros2_humble/install/ament_uncrustify:/home/gkasha/ros2_humble/install/tracetools_trace:/home/gkasha/ros2_humble/install/tracetools_read:/home/gkasha/ros2_humble/install/test_tracetools_launch:/home/gkasha/ros2_humble/install/test_launch_ros:/home/gkasha/ros2_humble/install/sensor_msgs_py:/home/gkasha/ros2_humble/install/rpyutils:/home/gkasha/ros2_humble/install/rosidl_runtime_py:/home/gkasha/ros2_humble/install/rosidl_cli:/home/gkasha/ros2_humble/install/launch_pytest:/home/gkasha/ros2_humble/install/launch_testing:/home/gkasha/ros2_humble/install/launch_yaml:/home/gkasha/ros2_humble/install/launch_xml:/home/gkasha/ros2_humble/install/launch:/home/gkasha/ros2_humble/install/osrf_pycommon:/home/gkasha/ros2_humble/install/launch_testing_examples:/home/gkasha/ros2_humble/install/domain_coordinator:/home/gkasha/ros2_humble/install/ament_xmllint:/home/gkasha/ros2_humble/install/ament_pyflakes:/home/gkasha/ros2_humble/install/ament_pycodestyle:/home/gkasha/ros2_humble/install/ament_pep257:/home/gkasha/ros2_humble/install/ament_pclint:/home/gkasha/ros2_humble/install/ament_package:/home/gkasha/ros2_humble/install/ament_mypy:/home/gkasha/ros2_humble/install/ament_lint_cmake:/home/gkasha/ros2_humble/install/ament_flake8:/home/gkasha/ros2_humble/install/ament_copyright:/home/gkasha/ros2_humble/install/ament_lint:/home/gkasha/ros2_humble/install/ament_index_python:/home/gkasha/ros2_humble/install/ament_cpplint:/home/gkasha/ros2_humble/install/ament_cppcheck:/home/gkasha/ros2_humble/install/ament_clang_tidy:/home/gkasha/ros2_humble/install/ament_clang_format LD_LIBRARY_PATH=/home/gkasha/Documents/maae/install/ma_interfaces/lib:${LD_LIBRARY_PATH} PYTHONPATH=/home/gkasha/Documents/maae/install/ma_interfaces/local/lib/python3.10/dist-packages:${PYTHONPATH} /usr/bin/cmake --build /home/gkasha/Documents/maae/build/auction -- -j4 -l4
[17.610s] DEBUG:colcon.colcon_core.event_handler.log_command:Invoked command in '/home/gkasha/Documents/maae/build/auction' returned '0': AMENT_PREFIX_PATH=/home/gkasha/Documents/maae/install/ma_interfaces:${AMENT_PREFIX_PATH} CMAKE_PREFIX_PATH=/home/gkasha/Documents/maae/install/ma_interfaces:/home/gkasha/ros2_humble/install/rosbag2_storage_mcap:/home/gkasha/ros2_humble/install/rosbag2:/home/gkasha/ros2_humble/install/rosbag2_compression_zstd:/home/gkasha/ros2_humble/install/mcap_vendor:/home/gkasha/ros2_humble/install/zstd_vendor:/home/gkasha/ros2_humble/install/rviz_visual_testing_framework:/home/gkasha/ros2_humble/install/rviz2:/home/gkasha/ros2_humble/install/rviz_default_plugins:/home/gkasha/ros2_humble/install/rviz_common:/home/gkasha/ros2_humble/install/rosbag2_py:/home/gkasha/ros2_humble/install/rosbag2_transport:/home/gkasha/ros2_humble/install/rosbag2_performance_benchmarking:/home/gkasha/ros2_humble/install/rosbag2_compression:/home/gkasha/ros2_humble/install/rosbag2_cpp:/home/gkasha/ros2_humble/install/rosbag2_storage_default_plugins:/home/gkasha/ros2_humble/install/rosbag2_storage:/home/gkasha/ros2_humble/install/image_common:/home/gkasha/ros2_humble/install/camera_info_manager:/home/gkasha/ros2_humble/install/camera_calibration_parsers:/home/gkasha/ros2_humble/install/yaml_cpp_vendor:/home/gkasha/ros2_humble/install/interactive_markers:/home/gkasha/ros2_humble/install/common_interfaces:/home/gkasha/ros2_humble/install/visualization_msgs:/home/gkasha/ros2_humble/install/dummy_robot_bringup:/home/gkasha/ros2_humble/install/robot_state_publisher:/home/gkasha/ros2_humble/install/kdl_parser:/home/gkasha/ros2_humble/install/urdf:/home/gkasha/ros2_humble/install/urdfdom:/home/gkasha/ros2_humble/install/urdf_parser_plugin:/home/gkasha/ros2_humble/install/urdfdom_headers:/home/gkasha/ros2_humble/install/turtlesim:/home/gkasha/ros2_humble/install/geometry2:/home/gkasha/ros2_humble/install/tf2_sensor_msgs:/home/gkasha/ros2_humble/install/test_tf2:/home/gkasha/ros2_humble/install/tf2_kdl:/home/gkasha/ros2_humble/install/tf2_geometry_msgs:/home/gkasha/ros2_humble/install/tf2_eigen:/home/gkasha/ros2_humble/install/tf2_bullet:/home/gkasha/ros2_humble/install/tf2_ros:/home/gkasha/ros2_humble/install/tf2_py:/home/gkasha/ros2_humble/install/tf2_msgs:/home/gkasha/ros2_humble/install/test_msgs:/home/gkasha/ros2_humble/install/sros2_cmake:/home/gkasha/ros2_humble/install/ros2cli_common_extensions:/home/gkasha/ros2_humble/install/rqt_py_common:/home/gkasha/ros2_humble/install/ros_testing:/home/gkasha/ros2_humble/install/ros2cli_test_interfaces:/home/gkasha/ros2_humble/install/quality_of_service_demo_cpp:/home/gkasha/ros2_humble/install/image_transport:/home/gkasha/ros2_humble/install/message_filters:/home/gkasha/ros2_humble/install/demo_nodes_cpp:/home/gkasha/ros2_humble/install/composition:/home/gkasha/ros2_humble/install/laser_geometry:/home/gkasha/ros2_humble/install/rclpy:/home/gkasha/ros2_humble/install/examples_rclcpp_minimal_action_server:/home/gkasha/ros2_humble/install/examples_rclcpp_minimal_action_client:/home/gkasha/ros2_humble/install/action_tutorials_cpp:/home/gkasha/ros2_humble/install/rclcpp_action:/home/gkasha/ros2_humble/install/rcl_action:/home/gkasha/ros2_humble/install/examples_rclcpp_wait_set:/home/gkasha/ros2_humble/install/examples_rclcpp_minimal_service:/home/gkasha/ros2_humble/install/examples_rclcpp_minimal_client:/home/gkasha/ros2_humble/install/examples_rclcpp_async_client:/home/gkasha/ros2_humble/install/example_interfaces:/home/gkasha/ros2_humble/install/action_tutorials_interfaces:/home/gkasha/ros2_humble/install/action_msgs:/home/gkasha/ros2_humble/install/unique_identifier_msgs:/home/gkasha/ros2_humble/install/ament_lint_common:/home/gkasha/ros2_humble/install/ament_cmake_uncrustify:/home/gkasha/ros2_humble/install/uncrustify_vendor:/home/gkasha/ros2_humble/install/trajectory_msgs:/home/gkasha/ros2_humble/install/topic_statistics_demo:/home/gkasha/ros2_humble/install/pendulum_control:/home/gkasha/ros2_humble/install/tlsf_cpp:/home/gkasha/ros2_humble/install/test_tracetools:/home/gkasha/ros2_humble/install/rqt_gui_cpp:/home/gkasha/ros2_humble/install/rosbag2_test_common:/home/gkasha/ros2_humble/install/ros2lifecycle_test_fixtures:/home/gkasha/ros2_humble/install/lifecycle:/home/gkasha/ros2_humble/install/rclcpp_lifecycle:/home/gkasha/ros2_humble/install/logging_demo:/home/gkasha/ros2_humble/install/image_tools:/home/gkasha/ros2_humble/install/examples_rclcpp_minimal_subscriber:/home/gkasha/ros2_humble/install/examples_rclcpp_minimal_composition:/home/gkasha/ros2_humble/install/demo_nodes_cpp_native:/home/gkasha/ros2_humble/install/rclcpp_components:/home/gkasha/ros2_humble/install/intra_process_demo:/home/gkasha/ros2_humble/install/examples_rclcpp_multithreaded_executor:/home/gkasha/ros2_humble/install/examples_rclcpp_minimal_timer:/home/gkasha/ros2_humble/install/examples_rclcpp_minimal_publisher:/home/gkasha/ros2_humble/install/examples_rclcpp_cbg_executor:/home/gkasha/ros2_humble/install/dummy_sensors:/home/gkasha/ros2_humble/install/dummy_map_server:/home/gkasha/ros2_humble/install/rclcpp:/home/gkasha/ros2_humble/install/rcl_lifecycle:/home/gkasha/ros2_humble/install/libstatistics_collector:/home/gkasha/ros2_humble/install/rcl:/home/gkasha/ros2_humble/install/rmw_implementation:/home/gkasha/ros2_humble/install/rmw_fastrtps_dynamic_cpp:/home/gkasha/ros2_humble/install/rmw_fastrtps_cpp:/home/gkasha/ros2_humble/install/rmw_fastrtps_shared_cpp:/home/gkasha/ros2_humble/install/rmw_cyclonedds_cpp:/home/gkasha/ros2_humble/install/tracetools:/home/gkasha/ros2_humble/install/tlsf:/home/gkasha/ros2_humble/install/tinyxml_vendor:/home/gkasha/ros2_humble/install/qt_gui_core:/home/gkasha/ros2_humble/install/qt_gui_cpp:/home/gkasha/ros2_humble/install/pluginlib:/home/gkasha/ros2_humble/install/tinyxml2_vendor:/home/gkasha/ros2_humble/install/tf2_eigen_kdl:/home/gkasha/ros2_humble/install/tf2:/home/gkasha/ros2_humble/install/test_security:/home/gkasha/ros2_humble/install/test_rmw_implementation:/home/gkasha/ros2_humble/install/test_rclcpp:/home/gkasha/ros2_humble/install/test_quality_of_service:/home/gkasha/ros2_humble/install/test_launch_testing:/home/gkasha/ros2_humble/install/test_interface_files:/home/gkasha/ros2_humble/install/test_communication:/home/gkasha/ros2_humble/install/test_cli_remapping:/home/gkasha/ros2_humble/install/test_cli:/home/gkasha/ros2_humble/install/qt_gui_app:/home/gkasha/ros2_humble/install/qt_gui:/home/gkasha/ros2_humble/install/tango_icons_vendor:/home/gkasha/ros2_humble/install/stereo_msgs:/home/gkasha/ros2_humble/install/std_srvs:/home/gkasha/ros2_humble/install/shape_msgs:/home/gkasha/ros2_humble/install/map_msgs:/home/gkasha/ros2_humble/install/sensor_msgs:/home/gkasha/ros2_humble/install/nav_msgs:/home/gkasha/ros2_humble/install/diagnostic_msgs:/home/gkasha/ros2_humble/install/geometry_msgs:/home/gkasha/ros2_humble/install/actionlib_msgs:/home/gkasha/ros2_humble/install/std_msgs:/home/gkasha/ros2_humble/install/statistics_msgs:/home/gkasha/ros2_humble/install/sqlite3_vendor:/home/gkasha/ros2_humble/install/rcl_logging_spdlog:/home/gkasha/ros2_humble/install/spdlog_vendor:/home/gkasha/ros2_humble/install/shared_queues_vendor:/home/gkasha/ros2_humble/install/rviz_rendering_tests:/home/gkasha/ros2_humble/install/rviz_rendering:/home/gkasha/ros2_humble/install/rviz_ogre_vendor:/home/gkasha/ros2_humble/install/rviz_assimp_vendor:/home/gkasha/ros2_humble/install/rttest:/home/gkasha/ros2_humble/install/rmw_connextddsmicro:/home/gkasha/ros2_humble/install/rmw_connextdds:/home/gkasha/ros2_humble/install/rmw_connextdds_common:/home/gkasha/ros2_humble/install/rti_connext_dds_cmake_module:/home/gkasha/ros2_humble/install/rosgraph_msgs:/home/gkasha/ros2_humble/install/rosbag2_interfaces:/home/gkasha/ros2_humble/install/rmw_dds_common:/home/gkasha/ros2_humble/install/composition_interfaces:/home/gkasha/ros2_humble/install/rcl_interfaces:/home/gkasha/ros2_humble/install/pendulum_msgs:/home/gkasha/ros2_humble/install/lifecycle_msgs:/home/gkasha/ros2_humble/install/builtin_interfaces:/home/gkasha/ros2_humble/install/rosidl_default_runtime:/home/gkasha/ros2_humble/install/rosidl_default_generators:/home/gkasha/ros2_humble/install/rosidl_generator_py:/home/gkasha/ros2_humble/install/rosidl_typesupport_introspection_tests:/home/gkasha/ros2_humble/install/rosidl_typesupport_cpp:/home/gkasha/ros2_humble/install/rosidl_typesupport_introspection_cpp:/home/gkasha/ros2_humble/install/rosidl_typesupport_c:/home/gkasha/ros2_humble/install/rosidl_typesupport_introspection_c:/home/gkasha/ros2_humble/install/rosidl_typesupport_fastrtps_c:/home/gkasha/ros2_humble/install/rosidl_typesupport_fastrtps_cpp:/home/gkasha/ros2_humble/install/rosidl_generator_cpp:/home/gkasha/ros2_humble/install/rosidl_runtime_cpp:/home/gkasha/ros2_humble/install/rcl_yaml_param_parser:/home/gkasha/ros2_humble/install/rmw:/home/gkasha/ros2_humble/install/rosidl_runtime_c:/home/gkasha/ros2_humble/install/rosidl_generator_c:/home/gkasha/ros2_humble/install/rosidl_typesupport_interface:/home/gkasha/ros2_humble/install/rosidl_generator_dds_idl:/home/gkasha/ros2_humble/install/rosidl_cmake:/home/gkasha/ros2_humble/install/rosidl_parser:/home/gkasha/ros2_humble/install/rosidl_adapter:/home/gkasha/ros2_humble/install/rosbag2_tests:/home/gkasha/ros2_humble/install/rosbag2_storage_mcap_testdata:/home/gkasha/ros2_humble/install/ros_environment:/home/gkasha/ros2_humble/install/rmw_implementation_cmake:/home/gkasha/ros2_humble/install/resource_retriever:/home/gkasha/ros2_humble/install/class_loader:/home/gkasha/ros2_humble/install/rcpputils:/home/gkasha/ros2_humble/install/rcl_logging_noop:/home/gkasha/ros2_humble/install/rcl_logging_interface:/home/gkasha/ros2_humble/install/rcutils:/home/gkasha/ros2_humble/install/qt_gui_py_common:/home/gkasha/ros2_humble/install/qt_dotgraph:/home/gkasha/ros2_humble/install/python_qt_binding:/home/gkasha/ros2_humble/install/python_orocos_kdl_vendor:/home/gkasha/ros2_humble/install/launch_testing_ament_cmake:/home/gkasha/ros2_humble/install/python_cmake_module:/home/gkasha/ros2_humble/install/pybind11_vendor:/home/gkasha/ros2_humble/install/performance_test_fixture:/home/gkasha/ros2_humble/install/osrf_testing_tools_cpp:/home/gkasha/ros2_humble/install/orocos_kdl_vendor:/home/gkasha/ros2_humble/install/mimick_vendor:/home/gkasha/ros2_humble/install/libyaml_vendor:/home/gkasha/ros2_humble/install/libcurl_vendor:/home/gkasha/ros2_humble/install/keyboard_handler:/home/gkasha/ros2_humble/install/cyclonedds:/home/gkasha/ros2_humble/install/iceoryx_posh:/home/gkasha/ros2_humble/install/iceoryx_hoofs:/home/gkasha/ros2_humble/install/iceoryx_binding_c:/home/gkasha/ros2_humble/install/ament_cmake_ros:/home/gkasha/ros2_humble/install/ament_cmake_gmock:/home/gkasha/ros2_humble/install/gmock_vendor:/home/gkasha/ros2_humble/install/ament_cmake_auto:/home/gkasha/ros2_humble/install/ament_cmake_gtest:/home/gkasha/ros2_humble/install/gtest_vendor:/home/gkasha/ros2_humble/install/ament_cmake_google_benchmark:/home/gkasha/ros2_humble/install/google_benchmark_vendor:/home/gkasha/ros2_humble/install/fastrtps:/home/gkasha/ros2_humble/install/foonathan_memory_vendor:/home/gkasha/ros2_humble/install/fastrtps_cmake_module:/home/gkasha/ros2_humble/install/fastcdr:/home/gkasha/ros2_humble/install/eigen3_cmake_module:/home/gkasha/ros2_humble/install/console_bridge_vendor:/home/gkasha/ros2_humble/install/ament_cmake_xmllint:/home/gkasha/ros2_humble/install/ament_cmake_pyflakes:/home/gkasha/ros2_humble/install/ament_cmake_pycodestyle:/home/gkasha/ros2_humble/install/ament_cmake_pep257:/home/gkasha/ros2_humble/install/ament_cmake_pclint:/home/gkasha/ros2_humble/install/ament_lint_auto:/home/gkasha/ros2_humble/install/ament_cmake:/home/gkasha/ros2_humble/install/ament_cmake_version:/home/gkasha/ros2_humble/install/ament_cmake_pytest:/home/gkasha/ros2_humble/install/ament_cmake_nose:/home/gkasha/ros2_humble/install/ament_cmake_mypy:/home/gkasha/ros2_humble/install/ament_cmake_lint_cmake:/home/gkasha/ros2_humble/install/ament_cmake_flake8:/home/gkasha/ros2_humble/install/ament_cmake_cpplint:/home/gkasha/ros2_humble/install/ament_cmake_cppcheck:/home/gkasha/ros2_humble/install/ament_cmake_copyright:/home/gkasha/ros2_humble/install/ament_cmake_clang_tidy:/home/gkasha/ros2_humble/install/ament_cmake_clang_format:/home/gkasha/ros2_humble/install/ament_cmake_test:/home/gkasha/ros2_humble/install/ament_cmake_target_dependencies:/home/gkasha/ros2_humble/install/ament_cmake_python:/home/gkasha/ros2_humble/install/ament_cmake_export_dependencies:/home/gkasha/ros2_humble/install/ament_cmake_libraries:/home/gkasha/ros2_humble/install/ament_cmake_include_directories:/home/gkasha/ros2_humble/install/ament_cmake_gen_version_h:/home/gkasha/ros2_humble/install/ament_cmake_export_targets:/home/gkasha/ros2_humble/install/ament_cmake_export_link_flags:/home/gkasha/ros2_humble/install/ament_cmake_export_interfaces:/home/gkasha/ros2_humble/install/ament_cmake_export_libraries:/home/gkasha/ros2_humble/install/ament_cmake_export_include_directories:/home/gkasha/ros2_humble/install/ament_cmake_export_definitions:/home/gkasha/ros2_humble/install/ament_cmake_core:/home/gkasha/ros2_humble/install/ament_index_cpp:/home/gkasha/ros2_humble/install/rqt_bag_plugins:/home/gkasha/ros2_humble/install/rqt_bag:/home/gkasha/ros2_humble/install/ros2bag:/home/gkasha/ros2_humble/install/tracetools_test:/home/gkasha/ros2_humble/install/tracetools_launch:/home/gkasha/ros2_humble/install/topic_monitor:/home/gkasha/ros2_humble/install/tf2_tools:/home/gkasha/ros2_humble/install/examples_tf2_py:/home/gkasha/ros2_humble/install/tf2_ros_py:/home/gkasha/ros2_humble/install/sros2:/home/gkasha/ros2_humble/install/rqt_topic:/home/gkasha/ros2_humble/install/rqt_srv:/home/gkasha/ros2_humble/install/rqt_shell:/home/gkasha/ros2_humble/install/rqt_service_caller:/home/gkasha/ros2_humble/install/rqt_reconfigure:/home/gkasha/ros2_humble/install/rqt_py_console:/home/gkasha/ros2_humble/install/rqt_publisher:/home/gkasha/ros2_humble/install/rqt_plot:/home/gkasha/ros2_humble/install/rqt_action:/home/gkasha/ros2_humble/install/rqt_msg:/home/gkasha/ros2_humble/install/rqt_console:/home/gkasha/ros2_humble/install/rqt:/home/gkasha/ros2_humble/install/rqt_graph:/home/gkasha/ros2_humble/install/rqt_gui_py:/home/gkasha/ros2_humble/install/rqt_gui:/home/gkasha/ros2_humble/install/ros2trace:/home/gkasha/ros2_humble/install/ros2topic:/home/gkasha/ros2_humble/install/ros2test:/home/gkasha/ros2_humble/install/ros2component:/home/gkasha/ros2_humble/install/ros2param:/home/gkasha/ros2_humble/install/ros2lifecycle:/home/gkasha/ros2_humble/install/ros2service:/home/gkasha/ros2_humble/install/ros2run:/home/gkasha/ros2_humble/install/ros2launch:/home/gkasha/ros2_humble/install/ros2pkg:/home/gkasha/ros2_humble/install/ros2node:/home/gkasha/ros2_humble/install/ros2multicast:/home/gkasha/ros2_humble/install/ros2interface:/home/gkasha/ros2_humble/install/ros2doctor:/home/gkasha/ros2_humble/install/ros2action:/home/gkasha/ros2_humble/install/ros2cli:/home/gkasha/ros2_humble/install/quality_of_service_demo_py:/home/gkasha/ros2_humble/install/lifecycle_py:/home/gkasha/ros2_humble/install/launch_testing_ros:/home/gkasha/ros2_humble/install/launch_ros:/home/gkasha/ros2_humble/install/examples_rclpy_pointcloud_publisher:/home/gkasha/ros2_humble/install/examples_rclpy_minimal_subscriber:/home/gkasha/ros2_humble/install/examples_rclpy_minimal_service:/home/gkasha/ros2_humble/install/examples_rclpy_minimal_publisher:/home/gkasha/ros2_humble/install/examples_rclpy_minimal_client:/home/gkasha/ros2_humble/install/examples_rclpy_minimal_action_server:/home/gkasha/ros2_humble/install/examples_rclpy_minimal_action_client:/home/gkasha/ros2_humble/install/examples_rclpy_guard_conditions:/home/gkasha/ros2_humble/install/examples_rclpy_executors:/home/gkasha/ros2_humble/install/demo_nodes_py:/home/gkasha/ros2_humble/install/action_tutorials_py:/home/gkasha/ros2_humble/install/ament_uncrustify:/home/gkasha/ros2_humble/install/tracetools_trace:/home/gkasha/ros2_humble/install/tracetools_read:/home/gkasha/ros2_humble/install/test_tracetools_launch:/home/gkasha/ros2_humble/install/test_launch_ros:/home/gkasha/ros2_humble/install/sensor_msgs_py:/home/gkasha/ros2_humble/install/rpyutils:/home/gkasha/ros2_humble/install/rosidl_runtime_py:/home/gkasha/ros2_humble/install/rosidl_cli:/home/gkasha/ros2_humble/install/launch_pytest:/home/gkasha/ros2_humble/install/launch_testing:/home/gkasha/ros2_humble/install/launch_yaml:/home/gkasha/ros2_humble/install/launch_xml:/home/gkasha/ros2_humble/install/launch:/home/gkasha/ros2_humble/install/osrf_pycommon:/home/gkasha/ros2_humble/install/launch_testing_examples:/home/gkasha/ros2_humble/install/domain_coordinator:/home/gkasha/ros2_humble/install/ament_xmllint:/home/gkasha/ros2_humble/install/ament_pyflakes:/home/gkasha/ros2_humble/install/ament_pycodestyle:/home/gkasha/ros2_humble/install/ament_pep257:/home/gkasha/ros2_humble/install/ament_pclint:/home/gkasha/ros2_humble/install/ament_package:/home/gkasha/ros2_humble/install/ament_mypy:/home/gkasha/ros2_humble/install/ament_lint_cmake:/home/gkasha/ros2_humble/install/ament_flake8:/home/gkasha/ros2_humble/install/ament_copyright:/home/gkasha/ros2_humble/install/ament_lint:/home/gkasha/ros2_humble/install/ament_index_python:/home/gkasha/ros2_humble/install/ament_cpplint:/home/gkasha/ros2_humble/install/ament_cppcheck:/home/gkasha/ros2_humble/install/ament_clang_tidy:/home/gkasha/ros2_humble/install/ament_clang_format LD_LIBRARY_PATH=/home/gkasha/Documents/maae/install/ma_interfaces/lib:${LD_LIBRARY_PATH} PYTHONPATH=/home/gkasha/Documents/maae/install/ma_interfaces/local/lib/python3.10/dist-packages:${PYTHONPATH} /usr/bin/cmake --build /home/gkasha/Documents/maae/build/auction -- -j4 -l4
[18.004s] DEBUG:colcon.colcon_core.event_handler.log_command:Invoking command in '/home/gkasha/Documents/maae/build/auction': AMENT_PREFIX_PATH=/home/gkasha/Documents/maae/install/ma_interfaces:${AMENT_PREFIX_PATH} CMAKE_PREFIX_PATH=/home/gkasha/Documents/maae/install/ma_interfaces:/home/gkasha/ros2_humble/install/rosbag2_storage_mcap:/home/gkasha/ros2_humble/install/rosbag2:/home/gkasha/ros2_humble/install/rosbag2_compression_zstd:/home/gkasha/ros2_humble/install/mcap_vendor:/home/gkasha/ros2_humble/install/zstd_vendor:/home/gkasha/ros2_humble/install/rviz_visual_testing_framework:/home/gkasha/ros2_humble/install/rviz2:/home/gkasha/ros2_humble/install/rviz_default_plugins:/home/gkasha/ros2_humble/install/rviz_common:/home/gkasha/ros2_humble/install/rosbag2_py:/home/gkasha/ros2_humble/install/rosbag2_transport:/home/gkasha/ros2_humble/install/rosbag2_performance_benchmarking:/home/gkasha/ros2_humble/install/rosbag2_compression:/home/gkasha/ros2_humble/install/rosbag2_cpp:/home/gkasha/ros2_humble/install/rosbag2_storage_default_plugins:/home/gkasha/ros2_humble/install/rosbag2_storage:/home/gkasha/ros2_humble/install/image_common:/home/gkasha/ros2_humble/install/camera_info_manager:/home/gkasha/ros2_humble/install/camera_calibration_parsers:/home/gkasha/ros2_humble/install/yaml_cpp_vendor:/home/gkasha/ros2_humble/install/interactive_markers:/home/gkasha/ros2_humble/install/common_interfaces:/home/gkasha/ros2_humble/install/visualization_msgs:/home/gkasha/ros2_humble/install/dummy_robot_bringup:/home/gkasha/ros2_humble/install/robot_state_publisher:/home/gkasha/ros2_humble/install/kdl_parser:/home/gkasha/ros2_humble/install/urdf:/home/gkasha/ros2_humble/install/urdfdom:/home/gkasha/ros2_humble/install/urdf_parser_plugin:/home/gkasha/ros2_humble/install/urdfdom_headers:/home/gkasha/ros2_humble/install/turtlesim:/home/gkasha/ros2_humble/install/geometry2:/home/gkasha/ros2_humble/install/tf2_sensor_msgs:/home/gkasha/ros2_humble/install/test_tf2:/home/gkasha/ros2_humble/install/tf2_kdl:/home/gkasha/ros2_humble/install/tf2_geometry_msgs:/home/gkasha/ros2_humble/install/tf2_eigen:/home/gkasha/ros2_humble/install/tf2_bullet:/home/gkasha/ros2_humble/install/tf2_ros:/home/gkasha/ros2_humble/install/tf2_py:/home/gkasha/ros2_humble/install/tf2_msgs:/home/gkasha/ros2_humble/install/test_msgs:/home/gkasha/ros2_humble/install/sros2_cmake:/home/gkasha/ros2_humble/install/ros2cli_common_extensions:/home/gkasha/ros2_humble/install/rqt_py_common:/home/gkasha/ros2_humble/install/ros_testing:/home/gkasha/ros2_humble/install/ros2cli_test_interfaces:/home/gkasha/ros2_humble/install/quality_of_service_demo_cpp:/home/gkasha/ros2_humble/install/image_transport:/home/gkasha/ros2_humble/install/message_filters:/home/gkasha/ros2_humble/install/demo_nodes_cpp:/home/gkasha/ros2_humble/install/composition:/home/gkasha/ros2_humble/install/laser_geometry:/home/gkasha/ros2_humble/install/rclpy:/home/gkasha/ros2_humble/install/examples_rclcpp_minimal_action_server:/home/gkasha/ros2_humble/install/examples_rclcpp_minimal_action_client:/home/gkasha/ros2_humble/install/action_tutorials_cpp:/home/gkasha/ros2_humble/install/rclcpp_action:/home/gkasha/ros2_humble/install/rcl_action:/home/gkasha/ros2_humble/install/examples_rclcpp_wait_set:/home/gkasha/ros2_humble/install/examples_rclcpp_minimal_service:/home/gkasha/ros2_humble/install/examples_rclcpp_minimal_client:/home/gkasha/ros2_humble/install/examples_rclcpp_async_client:/home/gkasha/ros2_humble/install/example_interfaces:/home/gkasha/ros2_humble/install/action_tutorials_interfaces:/home/gkasha/ros2_humble/install/action_msgs:/home/gkasha/ros2_humble/install/unique_identifier_msgs:/home/gkasha/ros2_humble/install/ament_lint_common:/home/gkasha/ros2_humble/install/ament_cmake_uncrustify:/home/gkasha/ros2_humble/install/uncrustify_vendor:/home/gkasha/ros2_humble/install/trajectory_msgs:/home/gkasha/ros2_humble/install/topic_statistics_demo:/home/gkasha/ros2_humble/install/pendulum_control:/home/gkasha/ros2_humble/install/tlsf_cpp:/home/gkasha/ros2_humble/install/test_tracetools:/home/gkasha/ros2_humble/install/rqt_gui_cpp:/home/gkasha/ros2_humble/install/rosbag2_test_common:/home/gkasha/ros2_humble/install/ros2lifecycle_test_fixtures:/home/gkasha/ros2_humble/install/lifecycle:/home/gkasha/ros2_humble/install/rclcpp_lifecycle:/home/gkasha/ros2_humble/install/logging_demo:/home/gkasha/ros2_humble/install/image_tools:/home/gkasha/ros2_humble/install/examples_rclcpp_minimal_subscriber:/home/gkasha/ros2_humble/install/examples_rclcpp_minimal_composition:/home/gkasha/ros2_humble/install/demo_nodes_cpp_native:/home/gkasha/ros2_humble/install/rclcpp_components:/home/gkasha/ros2_humble/install/intra_process_demo:/home/gkasha/ros2_humble/install/examples_rclcpp_multithreaded_executor:/home/gkasha/ros2_humble/install/examples_rclcpp_minimal_timer:/home/gkasha/ros2_humble/install/examples_rclcpp_minimal_publisher:/home/gkasha/ros2_humble/install/examples_rclcpp_cbg_executor:/home/gkasha/ros2_humble/install/dummy_sensors:/home/gkasha/ros2_humble/install/dummy_map_server:/home/gkasha/ros2_humble/install/rclcpp:/home/gkasha/ros2_humble/install/rcl_lifecycle:/home/gkasha/ros2_humble/install/libstatistics_collector:/home/gkasha/ros2_humble/install/rcl:/home/gkasha/ros2_humble/install/rmw_implementation:/home/gkasha/ros2_humble/install/rmw_fastrtps_dynamic_cpp:/home/gkasha/ros2_humble/install/rmw_fastrtps_cpp:/home/gkasha/ros2_humble/install/rmw_fastrtps_shared_cpp:/home/gkasha/ros2_humble/install/rmw_cyclonedds_cpp:/home/gkasha/ros2_humble/install/tracetools:/home/gkasha/ros2_humble/install/tlsf:/home/gkasha/ros2_humble/install/tinyxml_vendor:/home/gkasha/ros2_humble/install/qt_gui_core:/home/gkasha/ros2_humble/install/qt_gui_cpp:/home/gkasha/ros2_humble/install/pluginlib:/home/gkasha/ros2_humble/install/tinyxml2_vendor:/home/gkasha/ros2_humble/install/tf2_eigen_kdl:/home/gkasha/ros2_humble/install/tf2:/home/gkasha/ros2_humble/install/test_security:/home/gkasha/ros2_humble/install/test_rmw_implementation:/home/gkasha/ros2_humble/install/test_rclcpp:/home/gkasha/ros2_humble/install/test_quality_of_service:/home/gkasha/ros2_humble/install/test_launch_testing:/home/gkasha/ros2_humble/install/test_interface_files:/home/gkasha/ros2_humble/install/test_communication:/home/gkasha/ros2_humble/install/test_cli_remapping:/home/gkasha/ros2_humble/install/test_cli:/home/gkasha/ros2_humble/install/qt_gui_app:/home/gkasha/ros2_humble/install/qt_gui:/home/gkasha/ros2_humble/install/tango_icons_vendor:/home/gkasha/ros2_humble/install/stereo_msgs:/home/gkasha/ros2_humble/install/std_srvs:/home/gkasha/ros2_humble/install/shape_msgs:/home/gkasha/ros2_humble/install/map_msgs:/home/gkasha/ros2_humble/install/sensor_msgs:/home/gkasha/ros2_humble/install/nav_msgs:/home/gkasha/ros2_humble/install/diagnostic_msgs:/home/gkasha/ros2_humble/install/geometry_msgs:/home/gkasha/ros2_humble/install/actionlib_msgs:/home/gkasha/ros2_humble/install/std_msgs:/home/gkasha/ros2_humble/install/statistics_msgs:/home/gkasha/ros2_humble/install/sqlite3_vendor:/home/gkasha/ros2_humble/install/rcl_logging_spdlog:/home/gkasha/ros2_humble/install/spdlog_vendor:/home/gkasha/ros2_humble/install/shared_queues_vendor:/home/gkasha/ros2_humble/install/rviz_rendering_tests:/home/gkasha/ros2_humble/install/rviz_rendering:/home/gkasha/ros2_humble/install/rviz_ogre_vendor:/home/gkasha/ros2_humble/install/rviz_assimp_vendor:/home/gkasha/ros2_humble/install/rttest:/home/gkasha/ros2_humble/install/rmw_connextddsmicro:/home/gkasha/ros2_humble/install/rmw_connextdds:/home/gkasha/ros2_humble/install/rmw_connextdds_common:/home/gkasha/ros2_humble/install/rti_connext_dds_cmake_module:/home/gkasha/ros2_humble/install/rosgraph_msgs:/home/gkasha/ros2_humble/install/rosbag2_interfaces:/home/gkasha/ros2_humble/install/rmw_dds_common:/home/gkasha/ros2_humble/install/composition_interfaces:/home/gkasha/ros2_humble/install/rcl_interfaces:/home/gkasha/ros2_humble/install/pendulum_msgs:/home/gkasha/ros2_humble/install/lifecycle_msgs:/home/gkasha/ros2_humble/install/builtin_interfaces:/home/gkasha/ros2_humble/install/rosidl_default_runtime:/home/gkasha/ros2_humble/install/rosidl_default_generators:/home/gkasha/ros2_humble/install/rosidl_generator_py:/home/gkasha/ros2_humble/install/rosidl_typesupport_introspection_tests:/home/gkasha/ros2_humble/install/rosidl_typesupport_cpp:/home/gkasha/ros2_humble/install/rosidl_typesupport_introspection_cpp:/home/gkasha/ros2_humble/install/rosidl_typesupport_c:/home/gkasha/ros2_humble/install/rosidl_typesupport_introspection_c:/home/gkasha/ros2_humble/install/rosidl_typesupport_fastrtps_c:/home/gkasha/ros2_humble/install/rosidl_typesupport_fastrtps_cpp:/home/gkasha/ros2_humble/install/rosidl_generator_cpp:/home/gkasha/ros2_humble/install/rosidl_runtime_cpp:/home/gkasha/ros2_humble/install/rcl_yaml_param_parser:/home/gkasha/ros2_humble/install/rmw:/home/gkasha/ros2_humble/install/rosidl_runtime_c:/home/gkasha/ros2_humble/install/rosidl_generator_c:/home/gkasha/ros2_humble/install/rosidl_typesupport_interface:/home/gkasha/ros2_humble/install/rosidl_generator_dds_idl:/home/gkasha/ros2_humble/install/rosidl_cmake:/home/gkasha/ros2_humble/install/rosidl_parser:/home/gkasha/ros2_humble/install/rosidl_adapter:/home/gkasha/ros2_humble/install/rosbag2_tests:/home/gkasha/ros2_humble/install/rosbag2_storage_mcap_testdata:/home/gkasha/ros2_humble/install/ros_environment:/home/gkasha/ros2_humble/install/rmw_implementation_cmake:/home/gkasha/ros2_humble/install/resource_retriever:/home/gkasha/ros2_humble/install/class_loader:/home/gkasha/ros2_humble/install/rcpputils:/home/gkasha/ros2_humble/install/rcl_logging_noop:/home/gkasha/ros2_humble/install/rcl_logging_interface:/home/gkasha/ros2_humble/install/rcutils:/home/gkasha/ros2_humble/install/qt_gui_py_common:/home/gkasha/ros2_humble/install/qt_dotgraph:/home/gkasha/ros2_humble/install/python_qt_binding:/home/gkasha/ros2_humble/install/python_orocos_kdl_vendor:/home/gkasha/ros2_humble/install/launch_testing_ament_cmake:/home/gkasha/ros2_humble/install/python_cmake_module:/home/gkasha/ros2_humble/install/pybind11_vendor:/home/gkasha/ros2_humble/install/performance_test_fixture:/home/gkasha/ros2_humble/install/osrf_testing_tools_cpp:/home/gkasha/ros2_humble/install/orocos_kdl_vendor:/home/gkasha/ros2_humble/install/mimick_vendor:/home/gkasha/ros2_humble/install/libyaml_vendor:/home/gkasha/ros2_humble/install/libcurl_vendor:/home/gkasha/ros2_humble/install/keyboard_handler:/home/gkasha/ros2_humble/install/cyclonedds:/home/gkasha/ros2_humble/install/iceoryx_posh:/home/gkasha/ros2_humble/install/iceoryx_hoofs:/home/gkasha/ros2_humble/install/iceoryx_binding_c:/home/gkasha/ros2_humble/install/ament_cmake_ros:/home/gkasha/ros2_humble/install/ament_cmake_gmock:/home/gkasha/ros2_humble/install/gmock_vendor:/home/gkasha/ros2_humble/install/ament_cmake_auto:/home/gkasha/ros2_humble/install/ament_cmake_gtest:/home/gkasha/ros2_humble/install/gtest_vendor:/home/gkasha/ros2_humble/install/ament_cmake_google_benchmark:/home/gkasha/ros2_humble/install/google_benchmark_vendor:/home/gkasha/ros2_humble/install/fastrtps:/home/gkasha/ros2_humble/install/foonathan_memory_vendor:/home/gkasha/ros2_humble/install/fastrtps_cmake_module:/home/gkasha/ros2_humble/install/fastcdr:/home/gkasha/ros2_humble/install/eigen3_cmake_module:/home/gkasha/ros2_humble/install/console_bridge_vendor:/home/gkasha/ros2_humble/install/ament_cmake_xmllint:/home/gkasha/ros2_humble/install/ament_cmake_pyflakes:/home/gkasha/ros2_humble/install/ament_cmake_pycodestyle:/home/gkasha/ros2_humble/install/ament_cmake_pep257:/home/gkasha/ros2_humble/install/ament_cmake_pclint:/home/gkasha/ros2_humble/install/ament_lint_auto:/home/gkasha/ros2_humble/install/ament_cmake:/home/gkasha/ros2_humble/install/ament_cmake_version:/home/gkasha/ros2_humble/install/ament_cmake_pytest:/home/gkasha/ros2_humble/install/ament_cmake_nose:/home/gkasha/ros2_humble/install/ament_cmake_mypy:/home/gkasha/ros2_humble/install/ament_cmake_lint_cmake:/home/gkasha/ros2_humble/install/ament_cmake_flake8:/home/gkasha/ros2_humble/install/ament_cmake_cpplint:/home/gkasha/ros2_humble/install/ament_cmake_cppcheck:/home/gkasha/ros2_humble/install/ament_cmake_copyright:/home/gkasha/ros2_humble/install/ament_cmake_clang_tidy:/home/gkasha/ros2_humble/install/ament_cmake_clang_format:/home/gkasha/ros2_humble/install/ament_cmake_test:/home/gkasha/ros2_humble/install/ament_cmake_target_dependencies:/home/gkasha/ros2_humble/install/ament_cmake_python:/home/gkasha/ros2_humble/install/ament_cmake_export_dependencies:/home/gkasha/ros2_humble/install/ament_cmake_libraries:/home/gkasha/ros2_humble/install/ament_cmake_include_directories:/home/gkasha/ros2_humble/install/ament_cmake_gen_version_h:/home/gkasha/ros2_humble/install/ament_cmake_export_targets:/home/gkasha/ros2_humble/install/ament_cmake_export_link_flags:/home/gkasha/ros2_humble/install/ament_cmake_export_interfaces:/home/gkasha/ros2_humble/install/ament_cmake_export_libraries:/home/gkasha/ros2_humble/install/ament_cmake_export_include_directories:/home/gkasha/ros2_humble/install/ament_cmake_export_definitions:/home/gkasha/ros2_humble/install/ament_cmake_core:/home/gkasha/ros2_humble/install/ament_index_cpp:/home/gkasha/ros2_humble/install/rqt_bag_plugins:/home/gkasha/ros2_humble/install/rqt_bag:/home/gkasha/ros2_humble/install/ros2bag:/home/gkasha/ros2_humble/install/tracetools_test:/home/gkasha/ros2_humble/install/tracetools_launch:/home/gkasha/ros2_humble/install/topic_monitor:/home/gkasha/ros2_humble/install/tf2_tools:/home/gkasha/ros2_humble/install/examples_tf2_py:/home/gkasha/ros2_humble/install/tf2_ros_py:/home/gkasha/ros2_humble/install/sros2:/home/gkasha/ros2_humble/install/rqt_topic:/home/gkasha/ros2_humble/install/rqt_srv:/home/gkasha/ros2_humble/install/rqt_shell:/home/gkasha/ros2_humble/install/rqt_service_caller:/home/gkasha/ros2_humble/install/rqt_reconfigure:/home/gkasha/ros2_humble/install/rqt_py_console:/home/gkasha/ros2_humble/install/rqt_publisher:/home/gkasha/ros2_humble/install/rqt_plot:/home/gkasha/ros2_humble/install/rqt_action:/home/gkasha/ros2_humble/install/rqt_msg:/home/gkasha/ros2_humble/install/rqt_console:/home/gkasha/ros2_humble/install/rqt:/home/gkasha/ros2_humble/install/rqt_graph:/home/gkasha/ros2_humble/install/rqt_gui_py:/home/gkasha/ros2_humble/install/rqt_gui:/home/gkasha/ros2_humble/install/ros2trace:/home/gkasha/ros2_humble/install/ros2topic:/home/gkasha/ros2_humble/install/ros2test:/home/gkasha/ros2_humble/install/ros2component:/home/gkasha/ros2_humble/install/ros2param:/home/gkasha/ros2_humble/install/ros2lifecycle:/home/gkasha/ros2_humble/install/ros2service:/home/gkasha/ros2_humble/install/ros2run:/home/gkasha/ros2_humble/install/ros2launch:/home/gkasha/ros2_humble/install/ros2pkg:/home/gkasha/ros2_humble/install/ros2node:/home/gkasha/ros2_humble/install/ros2multicast:/home/gkasha/ros2_humble/install/ros2interface:/home/gkasha/ros2_humble/install/ros2doctor:/home/gkasha/ros2_humble/install/ros2action:/home/gkasha/ros2_humble/install/ros2cli:/home/gkasha/ros2_humble/install/quality_of_service_demo_py:/home/gkasha/ros2_humble/install/lifecycle_py:/home/gkasha/ros2_humble/install/launch_testing_ros:/home/gkasha/ros2_humble/install/launch_ros:/home/gkasha/ros2_humble/install/examples_rclpy_pointcloud_publisher:/home/gkasha/ros2_humble/install/examples_rclpy_minimal_subscriber:/home/gkasha/ros2_humble/install/examples_rclpy_minimal_service:/home/gkasha/ros2_humble/install/examples_rclpy_minimal_publisher:/home/gkasha/ros2_humble/install/examples_rclpy_minimal_client:/home/gkasha/ros2_humble/install/examples_rclpy_minimal_action_server:/home/gkasha/ros2_humble/install/examples_rclpy_minimal_action_client:/home/gkasha/ros2_humble/install/examples_rclpy_guard_conditions:/home/gkasha/ros2_humble/install/examples_rclpy_executors:/home/gkasha/ros2_humble/install/demo_nodes_py:/home/gkasha/ros2_humble/install/action_tutorials_py:/home/gkasha/ros2_humble/install/ament_uncrustify:/home/gkasha/ros2_humble/install/tracetools_trace:/home/gkasha/ros2_humble/install/tracetools_read:/home/gkasha/ros2_humble/install/test_tracetools_launch:/home/gkasha/ros2_humble/install/test_launch_ros:/home/gkasha/ros2_humble/install/sensor_msgs_py:/home/gkasha/ros2_humble/install/rpyutils:/home/gkasha/ros2_humble/install/rosidl_runtime_py:/home/gkasha/ros2_humble/install/rosidl_cli:/home/gkasha/ros2_humble/install/launch_pytest:/home/gkasha/ros2_humble/install/launch_testing:/home/gkasha/ros2_humble/install/launch_yaml:/home/gkasha/ros2_humble/install/launch_xml:/home/gkasha/ros2_humble/install/launch:/home/gkasha/ros2_humble/install/osrf_pycommon:/home/gkasha/ros2_humble/install/launch_testing_examples:/home/gkasha/ros2_humble/install/domain_coordinator:/home/gkasha/ros2_humble/install/ament_xmllint:/home/gkasha/ros2_humble/install/ament_pyflakes:/home/gkasha/ros2_humble/install/ament_pycodestyle:/home/gkasha/ros2_humble/install/ament_pep257:/home/gkasha/ros2_humble/install/ament_pclint:/home/gkasha/ros2_humble/install/ament_package:/home/gkasha/ros2_humble/install/ament_mypy:/home/gkasha/ros2_humble/install/ament_lint_cmake:/home/gkasha/ros2_humble/install/ament_flake8:/home/gkasha/ros2_humble/install/ament_copyright:/home/gkasha/ros2_humble/install/ament_lint:/home/gkasha/ros2_humble/install/ament_index_python:/home/gkasha/ros2_humble/install/ament_cpplint:/home/gkasha/ros2_humble/install/ament_cppcheck:/home/gkasha/ros2_humble/install/ament_clang_tidy:/home/gkasha/ros2_humble/install/ament_clang_format LD_LIBRARY_PATH=/home/gkasha/Documents/maae/install/ma_interfaces/lib:${LD_LIBRARY_PATH} PYTHONPATH=/home/gkasha/Documents/maae/install/ma_interfaces/local/lib/python3.10/dist-packages:${PYTHONPATH} /usr/bin/cmake --install /home/gkasha/Documents/maae/build/auction
[18.054s] Level 1:colcon.colcon_core.environment:create_environment_scripts_only(auction)
[18.056s] DEBUG:colcon.colcon_core.event_handler.log_command:Invoked command in '/home/gkasha/Documents/maae/build/auction' returned '0': AMENT_PREFIX_PATH=/home/gkasha/Documents/maae/install/ma_interfaces:${AMENT_PREFIX_PATH} CMAKE_PREFIX_PATH=/home/gkasha/Documents/maae/install/ma_interfaces:/home/gkasha/ros2_humble/install/rosbag2_storage_mcap:/home/gkasha/ros2_humble/install/rosbag2:/home/gkasha/ros2_humble/install/rosbag2_compression_zstd:/home/gkasha/ros2_humble/install/mcap_vendor:/home/gkasha/ros2_humble/install/zstd_vendor:/home/gkasha/ros2_humble/install/rviz_visual_testing_framework:/home/gkasha/ros2_humble/install/rviz2:/home/gkasha/ros2_humble/install/rviz_default_plugins:/home/gkasha/ros2_humble/install/rviz_common:/home/gkasha/ros2_humble/install/rosbag2_py:/home/gkasha/ros2_humble/install/rosbag2_transport:/home/gkasha/ros2_humble/install/rosbag2_performance_benchmarking:/home/gkasha/ros2_humble/install/rosbag2_compression:/home/gkasha/ros2_humble/install/rosbag2_cpp:/home/gkasha/ros2_humble/install/rosbag2_storage_default_plugins:/home/gkasha/ros2_humble/install/rosbag2_storage:/home/gkasha/ros2_humble/install/image_common:/home/gkasha/ros2_humble/install/camera_info_manager:/home/gkasha/ros2_humble/install/camera_calibration_parsers:/home/gkasha/ros2_humble/install/yaml_cpp_vendor:/home/gkasha/ros2_humble/install/interactive_markers:/home/gkasha/ros2_humble/install/common_interfaces:/home/gkasha/ros2_humble/install/visualization_msgs:/home/gkasha/ros2_humble/install/dummy_robot_bringup:/home/gkasha/ros2_humble/install/robot_state_publisher:/home/gkasha/ros2_humble/install/kdl_parser:/home/gkasha/ros2_humble/install/urdf:/home/gkasha/ros2_humble/install/urdfdom:/home/gkasha/ros2_humble/install/urdf_parser_plugin:/home/gkasha/ros2_humble/install/urdfdom_headers:/home/gkasha/ros2_humble/install/turtlesim:/home/gkasha/ros2_humble/install/geometry2:/home/gkasha/ros2_humble/install/tf2_sensor_msgs:/home/gkasha/ros2_humble/install/test_tf2:/home/gkasha/ros2_humble/install/tf2_kdl:/home/gkasha/ros2_humble/install/tf2_geometry_msgs:/home/gkasha/ros2_humble/install/tf2_eigen:/home/gkasha/ros2_humble/install/tf2_bullet:/home/gkasha/ros2_humble/install/tf2_ros:/home/gkasha/ros2_humble/install/tf2_py:/home/gkasha/ros2_humble/install/tf2_msgs:/home/gkasha/ros2_humble/install/test_msgs:/home/gkasha/ros2_humble/install/sros2_cmake:/home/gkasha/ros2_humble/install/ros2cli_common_extensions:/home/gkasha/ros2_humble/install/rqt_py_common:/home/gkasha/ros2_humble/install/ros_testing:/home/gkasha/ros2_humble/install/ros2cli_test_interfaces:/home/gkasha/ros2_humble/install/quality_of_service_demo_cpp:/home/gkasha/ros2_humble/install/image_transport:/home/gkasha/ros2_humble/install/message_filters:/home/gkasha/ros2_humble/install/demo_nodes_cpp:/home/gkasha/ros2_humble/install/composition:/home/gkasha/ros2_humble/install/laser_geometry:/home/gkasha/ros2_humble/install/rclpy:/home/gkasha/ros2_humble/install/examples_rclcpp_minimal_action_server:/home/gkasha/ros2_humble/install/examples_rclcpp_minimal_action_client:/home/gkasha/ros2_humble/install/action_tutorials_cpp:/home/gkasha/ros2_humble/install/rclcpp_action:/home/gkasha/ros2_humble/install/rcl_action:/home/gkasha/ros2_humble/install/examples_rclcpp_wait_set:/home/gkasha/ros2_humble/install/examples_rclcpp_minimal_service:/home/gkasha/ros2_humble/install/examples_rclcpp_minimal_client:/home/gkasha/ros2_humble/install/examples_rclcpp_async_client:/home/gkasha/ros2_humble/install/example_interfaces:/home/gkasha/ros2_humble/install/action_tutorials_interfaces:/home/gkasha/ros2_humble/install/action_msgs:/home/gkasha/ros2_humble/install/unique_identifier_msgs:/home/gkasha/ros2_humble/install/ament_lint_common:/home/gkasha/ros2_humble/install/ament_cmake_uncrustify:/home/gkasha/ros2_humble/install/uncrustify_vendor:/home/gkasha/ros2_humble/install/trajectory_msgs:/home/gkasha/ros2_humble/install/topic_statistics_demo:/home/gkasha/ros2_humble/install/pendulum_control:/home/gkasha/ros2_humble/install/tlsf_cpp:/home/gkasha/ros2_humble/install/test_tracetools:/home/gkasha/ros2_humble/install/rqt_gui_cpp:/home/gkasha/ros2_humble/install/rosbag2_test_common:/home/gkasha/ros2_humble/install/ros2lifecycle_test_fixtures:/home/gkasha/ros2_humble/install/lifecycle:/home/gkasha/ros2_humble/install/rclcpp_lifecycle:/home/gkasha/ros2_humble/install/logging_demo:/home/gkasha/ros2_humble/install/image_tools:/home/gkasha/ros2_humble/install/examples_rclcpp_minimal_subscriber:/home/gkasha/ros2_humble/install/examples_rclcpp_minimal_composition:/home/gkasha/ros2_humble/install/demo_nodes_cpp_native:/home/gkasha/ros2_humble/install/rclcpp_components:/home/gkasha/ros2_humble/install/intra_process_demo:/home/gkasha/ros2_humble/install/examples_rclcpp_multithreaded_executor:/home/gkasha/ros2_humble/install/examples_rclcpp_minimal_timer:/home/gkasha/ros2_humble/install/examples_rclcpp_minimal_publisher:/home/gkasha/ros2_humble/install/examples_rclcpp_cbg_executor:/home/gkasha/ros2_humble/install/dummy_sensors:/home/gkasha/ros2_humble/install/dummy_map_server:/home/gkasha/ros2_humble/install/rclcpp:/home/gkasha/ros2_humble/install/rcl_lifecycle:/home/gkasha/ros2_humble/install/libstatistics_collector:/home/gkasha/ros2_humble/install/rcl:/home/gkasha/ros2_humble/install/rmw_implementation:/home/gkasha/ros2_humble/install/rmw_fastrtps_dynamic_cpp:/home/gkasha/ros2_humble/install/rmw_fastrtps_cpp:/home/gkasha/ros2_humble/install/rmw_fastrtps_shared_cpp:/home/gkasha/ros2_humble/install/rmw_cyclonedds_cpp:/home/gkasha/ros2_humble/install/tracetools:/home/gkasha/ros2_humble/install/tlsf:/home/gkasha/ros2_humble/install/tinyxml_vendor:/home/gkasha/ros2_humble/install/qt_gui_core:/home/gkasha/ros2_humble/install/qt_gui_cpp:/home/gkasha/ros2_humble/install/pluginlib:/home/gkasha/ros2_humble/install/tinyxml2_vendor:/home/gkasha/ros2_humble/install/tf2_eigen_kdl:/home/gkasha/ros2_humble/install/tf2:/home/gkasha/ros2_humble/install/test_security:/home/gkasha/ros2_humble/install/test_rmw_implementation:/home/gkasha/ros2_humble/install/test_rclcpp:/home/gkasha/ros2_humble/install/test_quality_of_service:/home/gkasha/ros2_humble/install/test_launch_testing:/home/gkasha/ros2_humble/install/test_interface_files:/home/gkasha/ros2_humble/install/test_communication:/home/gkasha/ros2_humble/install/test_cli_remapping:/home/gkasha/ros2_humble/install/test_cli:/home/gkasha/ros2_humble/install/qt_gui_app:/home/gkasha/ros2_humble/install/qt_gui:/home/gkasha/ros2_humble/install/tango_icons_vendor:/home/gkasha/ros2_humble/install/stereo_msgs:/home/gkasha/ros2_humble/install/std_srvs:/home/gkasha/ros2_humble/install/shape_msgs:/home/gkasha/ros2_humble/install/map_msgs:/home/gkasha/ros2_humble/install/sensor_msgs:/home/gkasha/ros2_humble/install/nav_msgs:/home/gkasha/ros2_humble/install/diagnostic_msgs:/home/gkasha/ros2_humble/install/geometry_msgs:/home/gkasha/ros2_humble/install/actionlib_msgs:/home/gkasha/ros2_humble/install/std_msgs:/home/gkasha/ros2_humble/install/statistics_msgs:/home/gkasha/ros2_humble/install/sqlite3_vendor:/home/gkasha/ros2_humble/install/rcl_logging_spdlog:/home/gkasha/ros2_humble/install/spdlog_vendor:/home/gkasha/ros2_humble/install/shared_queues_vendor:/home/gkasha/ros2_humble/install/rviz_rendering_tests:/home/gkasha/ros2_humble/install/rviz_rendering:/home/gkasha/ros2_humble/install/rviz_ogre_vendor:/home/gkasha/ros2_humble/install/rviz_assimp_vendor:/home/gkasha/ros2_humble/install/rttest:/home/gkasha/ros2_humble/install/rmw_connextddsmicro:/home/gkasha/ros2_humble/install/rmw_connextdds:/home/gkasha/ros2_humble/install/rmw_connextdds_common:/home/gkasha/ros2_humble/install/rti_connext_dds_cmake_module:/home/gkasha/ros2_humble/install/rosgraph_msgs:/home/gkasha/ros2_humble/install/rosbag2_interfaces:/home/gkasha/ros2_humble/install/rmw_dds_common:/home/gkasha/ros2_humble/install/composition_interfaces:/home/gkasha/ros2_humble/install/rcl_interfaces:/home/gkasha/ros2_humble/install/pendulum_msgs:/home/gkasha/ros2_humble/install/lifecycle_msgs:/home/gkasha/ros2_humble/install/builtin_interfaces:/home/gkasha/ros2_humble/install/rosidl_default_runtime:/home/gkasha/ros2_humble/install/rosidl_default_generators:/home/gkasha/ros2_humble/install/rosidl_generator_py:/home/gkasha/ros2_humble/install/rosidl_typesupport_introspection_tests:/home/gkasha/ros2_humble/install/rosidl_typesupport_cpp:/home/gkasha/ros2_humble/install/rosidl_typesupport_introspection_cpp:/home/gkasha/ros2_humble/install/rosidl_typesupport_c:/home/gkasha/ros2_humble/install/rosidl_typesupport_introspection_c:/home/gkasha/ros2_humble/install/rosidl_typesupport_fastrtps_c:/home/gkasha/ros2_humble/install/rosidl_typesupport_fastrtps_cpp:/home/gkasha/ros2_humble/install/rosidl_generator_cpp:/home/gkasha/ros2_humble/install/rosidl_runtime_cpp:/home/gkasha/ros2_humble/install/rcl_yaml_param_parser:/home/gkasha/ros2_humble/install/rmw:/home/gkasha/ros2_humble/install/rosidl_runtime_c:/home/gkasha/ros2_humble/install/rosidl_generator_c:/home/gkasha/ros2_humble/install/rosidl_typesupport_interface:/home/gkasha/ros2_humble/install/rosidl_generator_dds_idl:/home/gkasha/ros2_humble/install/rosidl_cmake:/home/gkasha/ros2_humble/install/rosidl_parser:/home/gkasha/ros2_humble/install/rosidl_adapter:/home/gkasha/ros2_humble/install/rosbag2_tests:/home/gkasha/ros2_humble/install/rosbag2_storage_mcap_testdata:/home/gkasha/ros2_humble/install/ros_environment:/home/gkasha/ros2_humble/install/rmw_implementation_cmake:/home/gkasha/ros2_humble/install/resource_retriever:/home/gkasha/ros2_humble/install/class_loader:/home/gkasha/ros2_humble/install/rcpputils:/home/gkasha/ros2_humble/install/rcl_logging_noop:/home/gkasha/ros2_humble/install/rcl_logging_interface:/home/gkasha/ros2_humble/install/rcutils:/home/gkasha/ros2_humble/install/qt_gui_py_common:/home/gkasha/ros2_humble/install/qt_dotgraph:/home/gkasha/ros2_humble/install/python_qt_binding:/home/gkasha/ros2_humble/install/python_orocos_kdl_vendor:/home/gkasha/ros2_humble/install/launch_testing_ament_cmake:/home/gkasha/ros2_humble/install/python_cmake_module:/home/gkasha/ros2_humble/install/pybind11_vendor:/home/gkasha/ros2_humble/install/performance_test_fixture:/home/gkasha/ros2_humble/install/osrf_testing_tools_cpp:/home/gkasha/ros2_humble/install/orocos_kdl_vendor:/home/gkasha/ros2_humble/install/mimick_vendor:/home/gkasha/ros2_humble/install/libyaml_vendor:/home/gkasha/ros2_humble/install/libcurl_vendor:/home/gkasha/ros2_humble/install/keyboard_handler:/home/gkasha/ros2_humble/install/cyclonedds:/home/gkasha/ros2_humble/install/iceoryx_posh:/home/gkasha/ros2_humble/install/iceoryx_hoofs:/home/gkasha/ros2_humble/install/iceoryx_binding_c:/home/gkasha/ros2_humble/install/ament_cmake_ros:/home/gkasha/ros2_humble/install/ament_cmake_gmock:/home/gkasha/ros2_humble/install/gmock_vendor:/home/gkasha/ros2_humble/install/ament_cmake_auto:/home/gkasha/ros2_humble/install/ament_cmake_gtest:/home/gkasha/ros2_humble/install/gtest_vendor:/home/gkasha/ros2_humble/install/ament_cmake_google_benchmark:/home/gkasha/ros2_humble/install/google_benchmark_vendor:/home/gkasha/ros2_humble/install/fastrtps:/home/gkasha/ros2_humble/install/foonathan_memory_vendor:/home/gkasha/ros2_humble/install/fastrtps_cmake_module:/home/gkasha/ros2_humble/install/fastcdr:/home/gkasha/ros2_humble/install/eigen3_cmake_module:/home/gkasha/ros2_humble/install/console_bridge_vendor:/home/gkasha/ros2_humble/install/ament_cmake_xmllint:/home/gkasha/ros2_humble/install/ament_cmake_pyflakes:/home/gkasha/ros2_humble/install/ament_cmake_pycodestyle:/home/gkasha/ros2_humble/install/ament_cmake_pep257:/home/gkasha/ros2_humble/install/ament_cmake_pclint:/home/gkasha/ros2_humble/install/ament_lint_auto:/home/gkasha/ros2_humble/install/ament_cmake:/home/gkasha/ros2_humble/install/ament_cmake_version:/home/gkasha/ros2_humble/install/ament_cmake_pytest:/home/gkasha/ros2_humble/install/ament_cmake_nose:/home/gkasha/ros2_humble/install/ament_cmake_mypy:/home/gkasha/ros2_humble/install/ament_cmake_lint_cmake:/home/gkasha/ros2_humble/install/ament_cmake_flake8:/home/gkasha/ros2_humble/install/ament_cmake_cpplint:/home/gkasha/ros2_humble/install/ament_cmake_cppcheck:/home/gkasha/ros2_humble/install/ament_cmake_copyright:/home/gkasha/ros2_humble/install/ament_cmake_clang_tidy:/home/gkasha/ros2_humble/install/ament_cmake_clang_format:/home/gkasha/ros2_humble/install/ament_cmake_test:/home/gkasha/ros2_humble/install/ament_cmake_target_dependencies:/home/gkasha/ros2_humble/install/ament_cmake_python:/home/gkasha/ros2_humble/install/ament_cmake_export_dependencies:/home/gkasha/ros2_humble/install/ament_cmake_libraries:/home/gkasha/ros2_humble/install/ament_cmake_include_directories:/home/gkasha/ros2_humble/install/ament_cmake_gen_version_h:/home/gkasha/ros2_humble/install/ament_cmake_export_targets:/home/gkasha/ros2_humble/install/ament_cmake_export_link_flags:/home/gkasha/ros2_humble/install/ament_cmake_export_interfaces:/home/gkasha/ros2_humble/install/ament_cmake_export_libraries:/home/gkasha/ros2_humble/install/ament_cmake_export_include_directories:/home/gkasha/ros2_humble/install/ament_cmake_export_definitions:/home/gkasha/ros2_humble/install/ament_cmake_core:/home/gkasha/ros2_humble/install/ament_index_cpp:/home/gkasha/ros2_humble/install/rqt_bag_plugins:/home/gkasha/ros2_humble/install/rqt_bag:/home/gkasha/ros2_humble/install/ros2bag:/home/gkasha/ros2_humble/install/tracetools_test:/home/gkasha/ros2_humble/install/tracetools_launch:/home/gkasha/ros2_humble/install/topic_monitor:/home/gkasha/ros2_humble/install/tf2_tools:/home/gkasha/ros2_humble/install/examples_tf2_py:/home/gkasha/ros2_humble/install/tf2_ros_py:/home/gkasha/ros2_humble/install/sros2:/home/gkasha/ros2_humble/install/rqt_topic:/home/gkasha/ros2_humble/install/rqt_srv:/home/gkasha/ros2_humble/install/rqt_shell:/home/gkasha/ros2_humble/install/rqt_service_caller:/home/gkasha/ros2_humble/install/rqt_reconfigure:/home/gkasha/ros2_humble/install/rqt_py_console:/home/gkasha/ros2_humble/install/rqt_publisher:/home/gkasha/ros2_humble/install/rqt_plot:/home/gkasha/ros2_humble/install/rqt_action:/home/gkasha/ros2_humble/install/rqt_msg:/home/gkasha/ros2_humble/install/rqt_console:/home/gkasha/ros2_humble/install/rqt:/home/gkasha/ros2_humble/install/rqt_graph:/home/gkasha/ros2_humble/install/rqt_gui_py:/home/gkasha/ros2_humble/install/rqt_gui:/home/gkasha/ros2_humble/install/ros2trace:/home/gkasha/ros2_humble/install/ros2topic:/home/gkasha/ros2_humble/install/ros2test:/home/gkasha/ros2_humble/install/ros2component:/home/gkasha/ros2_humble/install/ros2param:/home/gkasha/ros2_humble/install/ros2lifecycle:/home/gkasha/ros2_humble/install/ros2service:/home/gkasha/ros2_humble/install/ros2run:/home/gkasha/ros2_humble/install/ros2launch:/home/gkasha/ros2_humble/install/ros2pkg:/home/gkasha/ros2_humble/install/ros2node:/home/gkasha/ros2_humble/install/ros2multicast:/home/gkasha/ros2_humble/install/ros2interface:/home/gkasha/ros2_humble/install/ros2doctor:/home/gkasha/ros2_humble/install/ros2action:/home/gkasha/ros2_humble/install/ros2cli:/home/gkasha/ros2_humble/install/quality_of_service_demo_py:/home/gkasha/ros2_humble/install/lifecycle_py:/home/gkasha/ros2_humble/install/launch_testing_ros:/home/gkasha/ros2_humble/install/launch_ros:/home/gkasha/ros2_humble/install/examples_rclpy_pointcloud_publisher:/home/gkasha/ros2_humble/install/examples_rclpy_minimal_subscriber:/home/gkasha/ros2_humble/install/examples_rclpy_minimal_service:/home/gkasha/ros2_humble/install/examples_rclpy_minimal_publisher:/home/gkasha/ros2_humble/install/examples_rclpy_minimal_client:/home/gkasha/ros2_humble/install/examples_rclpy_minimal_action_server:/home/gkasha/ros2_humble/install/examples_rclpy_minimal_action_client:/home/gkasha/ros2_humble/install/examples_rclpy_guard_conditions:/home/gkasha/ros2_humble/install/examples_rclpy_executors:/home/gkasha/ros2_humble/install/demo_nodes_py:/home/gkasha/ros2_humble/install/action_tutorials_py:/home/gkasha/ros2_humble/install/ament_uncrustify:/home/gkasha/ros2_humble/install/tracetools_trace:/home/gkasha/ros2_humble/install/tracetools_read:/home/gkasha/ros2_humble/install/test_tracetools_launch:/home/gkasha/ros2_humble/install/test_launch_ros:/home/gkasha/ros2_humble/install/sensor_msgs_py:/home/gkasha/ros2_humble/install/rpyutils:/home/gkasha/ros2_humble/install/rosidl_runtime_py:/home/gkasha/ros2_humble/install/rosidl_cli:/home/gkasha/ros2_humble/install/launch_pytest:/home/gkasha/ros2_humble/install/launch_testing:/home/gkasha/ros2_humble/install/launch_yaml:/home/gkasha/ros2_humble/install/launch_xml:/home/gkasha/ros2_humble/install/launch:/home/gkasha/ros2_humble/install/osrf_pycommon:/home/gkasha/ros2_humble/install/launch_testing_examples:/home/gkasha/ros2_humble/install/domain_coordinator:/home/gkasha/ros2_humble/install/ament_xmllint:/home/gkasha/ros2_humble/install/ament_pyflakes:/home/gkasha/ros2_humble/install/ament_pycodestyle:/home/gkasha/ros2_humble/install/ament_pep257:/home/gkasha/ros2_humble/install/ament_pclint:/home/gkasha/ros2_humble/install/ament_package:/home/gkasha/ros2_humble/install/ament_mypy:/home/gkasha/ros2_humble/install/ament_lint_cmake:/home/gkasha/ros2_humble/install/ament_flake8:/home/gkasha/ros2_humble/install/ament_copyright:/home/gkasha/ros2_humble/install/ament_lint:/home/gkasha/ros2_humble/install/ament_index_python:/home/gkasha/ros2_humble/install/ament_cpplint:/home/gkasha/ros2_humble/install/ament_cppcheck:/home/gkasha/ros2_humble/install/ament_clang_tidy:/home/gkasha/ros2_humble/install/ament_clang_format LD_LIBRARY_PATH=/home/gkasha/Documents/maae/install/ma_interfaces/lib:${LD_LIBRARY_PATH} PYTHONPATH=/home/gkasha/Documents/maae/install/ma_interfaces/local/lib/python3.10/dist-packages:${PYTHONPATH} /usr/bin/cmake --install /home/gkasha/Documents/maae/build/auction
[18.068s] Level 1:colcon.colcon_core.environment:checking '/home/gkasha/Documents/maae/install/auction' for CMake module files
[18.069s] Level 1:colcon.colcon_core.environment:checking '/home/gkasha/Documents/maae/install/auction' for CMake config files
[18.069s] Level 1:colcon.colcon_core.shell:create_environment_hook('auction', 'cmake_prefix_path')
[18.071s] INFO:colcon.colcon_core.shell:Creating environment hook '/home/gkasha/Documents/maae/install/auction/share/auction/hook/cmake_prefix_path.ps1'
[18.072s] INFO:colcon.colcon_core.shell:Creating environment descriptor '/home/gkasha/Documents/maae/install/auction/share/auction/hook/cmake_prefix_path.dsv'
[18.073s] INFO:colcon.colcon_core.shell:Creating environment hook '/home/gkasha/Documents/maae/install/auction/share/auction/hook/cmake_prefix_path.sh'
[18.074s] Level 1:colcon.colcon_core.environment:checking '/home/gkasha/Documents/maae/install/auction/lib'
[18.074s] Level 1:colcon.colcon_core.environment:checking '/home/gkasha/Documents/maae/install/auction/bin'
[18.074s] Level 1:colcon.colcon_core.environment:checking '/home/gkasha/Documents/maae/install/auction/lib/pkgconfig/auction.pc'
[18.079s] Level 1:colcon.colcon_core.environment:checking '/home/gkasha/Documents/maae/install/auction/lib/python3.10/site-packages'
[18.080s] Level 1:colcon.colcon_core.environment:checking '/home/gkasha/Documents/maae/install/auction/bin'
[18.082s] INFO:colcon.colcon_core.shell:Creating package script '/home/gkasha/Documents/maae/install/auction/share/auction/package.ps1'
[18.083s] INFO:colcon.colcon_core.shell:Creating package descriptor '/home/gkasha/Documents/maae/install/auction/share/auction/package.dsv'
[18.084s] INFO:colcon.colcon_core.shell:Creating package script '/home/gkasha/Documents/maae/install/auction/share/auction/package.sh'
[18.085s] INFO:colcon.colcon_core.shell:Creating package script '/home/gkasha/Documents/maae/install/auction/share/auction/package.bash'
[18.086s] INFO:colcon.colcon_core.shell:Creating package script '/home/gkasha/Documents/maae/install/auction/share/auction/package.zsh'
[18.087s] Level 1:colcon.colcon_core.environment:create_file_with_runtime_dependencies(/home/gkasha/Documents/maae/install/auction/share/colcon-core/packages/auction)
[18.455s] Level 1:colcon.colcon_core.environment:create_environment_scripts_only(auction)
[18.461s] Level 1:colcon.colcon_core.environment:checking '/home/gkasha/Documents/maae/install/auction' for CMake module files
[18.461s] Level 1:colcon.colcon_core.environment:checking '/home/gkasha/Documents/maae/install/auction' for CMake config files
[18.462s] Level 1:colcon.colcon_core.shell:create_environment_hook('auction', 'cmake_prefix_path')
[18.464s] INFO:colcon.colcon_core.shell:Creating environment hook '/home/gkasha/Documents/maae/install/auction/share/auction/hook/cmake_prefix_path.ps1'
[18.465s] INFO:colcon.colcon_core.shell:Creating environment descriptor '/home/gkasha/Documents/maae/install/auction/share/auction/hook/cmake_prefix_path.dsv'
[18.465s] INFO:colcon.colcon_core.shell:Creating environment hook '/home/gkasha/Documents/maae/install/auction/share/auction/hook/cmake_prefix_path.sh'
[18.466s] Level 1:colcon.colcon_core.environment:checking '/home/gkasha/Documents/maae/install/auction/lib'
[18.466s] Level 1:colcon.colcon_core.environment:checking '/home/gkasha/Documents/maae/install/auction/bin'
[18.466s] Level 1:colcon.colcon_core.environment:checking '/home/gkasha/Documents/maae/install/auction/lib/pkgconfig/auction.pc'
[18.466s] Level 1:colcon.colcon_core.environment:checking '/home/gkasha/Documents/maae/install/auction/lib/python3.10/site-packages'
[18.467s] Level 1:colcon.colcon_core.environment:checking '/home/gkasha/Documents/maae/install/auction/bin'
[18.469s] INFO:colcon.colcon_core.shell:Creating package script '/home/gkasha/Documents/maae/install/auction/share/auction/package.ps1'
[18.470s] INFO:colcon.colcon_core.shell:Creating package descriptor '/home/gkasha/Documents/maae/install/auction/share/auction/package.dsv'
[18.471s] INFO:colcon.colcon_core.shell:Creating package script '/home/gkasha/Documents/maae/install/auction/share/auction/package.sh'
[18.472s] INFO:colcon.colcon_core.shell:Creating package script '/home/gkasha/Documents/maae/install/auction/share/auction/package.bash'
[18.473s] INFO:colcon.colcon_core.shell:Creating package script '/home/gkasha/Documents/maae/install/auction/share/auction/package.zsh'
[18.473s] Level 1:colcon.colcon_core.environment:create_file_with_runtime_dependencies(/home/gkasha/Documents/maae/install/auction/share/colcon-core/packages/auction)
[18.474s] DEBUG:colcon.colcon_parallel_executor.executor.parallel:closing loop
[18.475s] DEBUG:colcon.colcon_parallel_executor.executor.parallel:loop closed
[18.475s] DEBUG:colcon.colcon_parallel_executor.executor.parallel:run_until_complete finished with '0'
[18.475s] DEBUG:colcon.colcon_core.event_reactor:joining thread
[18.492s] INFO:colcon.colcon_core.plugin_system:Skipping extension 'colcon_notification.desktop_notification.terminal_notifier': Not used on non-Darwin systems
[18.493s] INFO:colcon.colcon_core.plugin_system:Skipping extension 'colcon_notification.desktop_notification.win32': Not used on non-Windows systems
[18.493s] INFO:colcon.colcon_notification.desktop_notification:Sending desktop notification using 'notify2'
[18.510s] DEBUG:colcon.colcon_core.event_reactor:joined thread
[18.514s] INFO:colcon.colcon_core.shell:Creating prefix script '/home/gkasha/Documents/maae/install/local_setup.ps1'
[18.516s] INFO:colcon.colcon_core.shell:Creating prefix util module '/home/gkasha/Documents/maae/install/_local_setup_util_ps1.py'
[18.518s] INFO:colcon.colcon_core.shell:Creating prefix chain script '/home/gkasha/Documents/maae/install/setup.ps1'
[18.539s] INFO:colcon.colcon_core.shell:Creating prefix script '/home/gkasha/Documents/maae/install/local_setup.sh'
[18.540s] INFO:colcon.colcon_core.shell:Creating prefix util module '/home/gkasha/Documents/maae/install/_local_setup_util_sh.py'
[18.541s] INFO:colcon.colcon_core.shell:Creating prefix chain script '/home/gkasha/Documents/maae/install/setup.sh'
[18.562s] INFO:colcon.colcon_core.shell:Creating prefix script '/home/gkasha/Documents/maae/install/local_setup.bash'
[18.563s] INFO:colcon.colcon_core.shell:Creating prefix chain script '/home/gkasha/Documents/maae/install/setup.bash'
[18.583s] INFO:colcon.colcon_core.shell:Creating prefix script '/home/gkasha/Documents/maae/install/local_setup.zsh'
[18.584s] INFO:colcon.colcon_core.shell:Creating prefix chain script '/home/gkasha/Documents/maae/install/setup.zsh'
