[01m[K/home/gkasha/Documents/maae/src/auction/src/agent.cpp:[m[K In member function ‘[01m[Kstd::vector<ma_interfaces::msg::Bid_<std::allocator<void> > > Agent::choose_winners(ma_interfaces::msg::Task)[m[K’:
[01m[K/home/gkasha/Documents/maae/src/auction/src/agent.cpp:95:14:[m[K [01;35m[Kwarning: [m[Kvariable ‘[01m[Kmap_overlaps[m[K’ set but not used [[01;35m[K]8;;https://gcc.gnu.org/onlinedocs/gcc/Warning-Options.html#index-Wunused-but-set-variable-Wunused-but-set-variable]8;;[m[K]
   95 |         auto [01;35m[Kmap_overlaps[m[K = std::transform(bids.begin(),bids.end(),std::back_inserter(overlaps),[](ma_interfaces::msg::Bid b){std::vector<ma_interfaces::msg::Bid> res{b}; return res;});
      |              [01;35m[K^~~~~~~~~~~~[m[K
In file included from [01m[K/home/gkasha/ros2_humble/build/rclcpp/include/rclcpp/logging.hpp:24[m[K,
                 from [01m[K/home/gkasha/ros2_humble/install/rclcpp/include/rclcpp/rclcpp/client.hpp:40[m[K,
                 from [01m[K/home/gkasha/ros2_humble/install/rclcpp/include/rclcpp/rclcpp/callback_group.hpp:24[m[K,
                 from [01m[K/home/gkasha/ros2_humble/install/rclcpp/include/rclcpp/rclcpp/any_executable.hpp:20[m[K,
                 from [01m[K/home/gkasha/ros2_humble/install/rclcpp/include/rclcpp/rclcpp/memory_strategy.hpp:25[m[K,
                 from [01m[K/home/gkasha/ros2_humble/install/rclcpp/include/rclcpp/rclcpp/memory_strategies.hpp:18[m[K,
                 from [01m[K/home/gkasha/ros2_humble/install/rclcpp/include/rclcpp/rclcpp/executor_options.hpp:20[m[K,
                 from [01m[K/home/gkasha/ros2_humble/install/rclcpp/include/rclcpp/rclcpp/executor.hpp:37[m[K,
                 from [01m[K/home/gkasha/ros2_humble/install/rclcpp/include/rclcpp/rclcpp/executors/multi_threaded_executor.hpp:25[m[K,
                 from [01m[K/home/gkasha/ros2_humble/install/rclcpp/include/rclcpp/rclcpp/executors.hpp:21[m[K,
                 from [01m[K/home/gkasha/ros2_humble/install/rclcpp/include/rclcpp/rclcpp/rclcpp.hpp:155[m[K,
                 from [01m[K/home/gkasha/Documents/maae/src/auction/include/auction/agent.hpp:5[m[K,
                 from [01m[K/home/gkasha/Documents/maae/src/auction/src/agent.cpp:1[m[K:
[01m[K/home/gkasha/Documents/maae/src/auction/src/agent.cpp:[m[K In member function ‘[01m[Kvoid Agent::new_goals_cb(ma_interfaces::msg::Goal)[m[K’:
[01m[K/home/gkasha/Documents/maae/src/auction/src/agent.cpp:133:51:[m[K [01;35m[Kwarning: [m[Kformat ‘[01m[K%d[m[K’ expects argument of type ‘[01m[Kint[m[K’, but argument 5 has type ‘[01m[Kma_interfaces::msg::Task_<std::allocator<void> >::_num_agents_type[m[K’ {aka ‘[01m[Klong int[m[K’} [[01;35m[K]8;;https://gcc.gnu.org/onlinedocs/gcc/Warning-Options.html#index-Wformat=-Wformat=]8;;[m[K]
  133 |         RCLCPP_INFO(rclcpp::get_logger("rclcpp"), [01;35m[K"Task requires %d agents"[m[K, [32m[Ktask.num_agents[m[K);
      |                                                   [01;35m[K^~~~~~~~~~~~~~~~~~~~~~~~~[m[K  [32m[K~~~~~~~~~~~~~~~[m[K
      |                                                                                   [32m[K|[m[K
      |                                                                                   [32m[Kma_interfaces::msg::Task_<std::allocator<void> >::_num_agents_type {aka long int}[m[K
[01m[K/home/gkasha/Documents/maae/src/auction/src/agent.cpp:133:67:[m[K [01;36m[Knote: [m[Kformat string is defined here
  133 |         RCLCPP_INFO(rclcpp::get_logger("rclcpp"), "Task requires [01;36m[K%d[m[K agents", task.num_agents);
      |                                                                  [01;36m[K~^[m[K
      |                                                                   [01;36m[K|[m[K
      |                                                                   [01;36m[Kint[m[K
      |                                                                  [32m[K%ld[m[K
